[0.012s] Invoking command in '/home/dan/Projects/Mobile-Robots/project3_path_planning/prj3_ws/build/slam_pkg': CMAKE_PREFIX_PATH=${CMAKE_PREFIX_PATH}:/opt/ros/humble /usr/bin/cmake --build /home/dan/Projects/Mobile-Robots/project3_path_planning/prj3_ws/build/slam_pkg -- -j8 -l8
[0.036s] Invoked command in '/home/dan/Projects/Mobile-Robots/project3_path_planning/prj3_ws/build/slam_pkg' returned '0': CMAKE_PREFIX_PATH=${CMAKE_PREFIX_PATH}:/opt/ros/humble /usr/bin/cmake --build /home/dan/Projects/Mobile-Robots/project3_path_planning/prj3_ws/build/slam_pkg -- -j8 -l8
[0.045s] Invoking command in '/home/dan/Projects/Mobile-Robots/project3_path_planning/prj3_ws/build/slam_pkg': CMAKE_PREFIX_PATH=${CMAKE_PREFIX_PATH}:/opt/ros/humble /usr/bin/cmake --install /home/dan/Projects/Mobile-Robots/project3_path_planning/prj3_ws/build/slam_pkg
[0.049s] -- Install configuration: ""
[0.049s] -- Up-to-date: /home/dan/Projects/Mobile-Robots/project3_path_planning/prj3_ws/install/slam_pkg/share/ament_index/resource_index/package_run_dependencies/slam_pkg
[0.049s] -- Up-to-date: /home/dan/Projects/Mobile-Robots/project3_path_planning/prj3_ws/install/slam_pkg/share/ament_index/resource_index/parent_prefix_path/slam_pkg
[0.049s] -- Up-to-date: /home/dan/Projects/Mobile-Robots/project3_path_planning/prj3_ws/install/slam_pkg/share/slam_pkg/environment/ament_prefix_path.sh
[0.049s] -- Up-to-date: /home/dan/Projects/Mobile-Robots/project3_path_planning/prj3_ws/install/slam_pkg/share/slam_pkg/environment/ament_prefix_path.dsv
[0.049s] -- Up-to-date: /home/dan/Projects/Mobile-Robots/project3_path_planning/prj3_ws/install/slam_pkg/share/slam_pkg/environment/path.sh
[0.049s] -- Up-to-date: /home/dan/Projects/Mobile-Robots/project3_path_planning/prj3_ws/install/slam_pkg/share/slam_pkg/environment/path.dsv
[0.050s] -- Up-to-date: /home/dan/Projects/Mobile-Robots/project3_path_planning/prj3_ws/install/slam_pkg/share/slam_pkg/local_setup.bash
[0.050s] -- Up-to-date: /home/dan/Projects/Mobile-Robots/project3_path_planning/prj3_ws/install/slam_pkg/share/slam_pkg/local_setup.sh
[0.050s] -- Up-to-date: /home/dan/Projects/Mobile-Robots/project3_path_planning/prj3_ws/install/slam_pkg/share/slam_pkg/local_setup.zsh
[0.050s] -- Up-to-date: /home/dan/Projects/Mobile-Robots/project3_path_planning/prj3_ws/install/slam_pkg/share/slam_pkg/local_setup.dsv
[0.050s] -- Up-to-date: /home/dan/Projects/Mobile-Robots/project3_path_planning/prj3_ws/install/slam_pkg/share/slam_pkg/package.dsv
[0.050s] -- Up-to-date: /home/dan/Projects/Mobile-Robots/project3_path_planning/prj3_ws/install/slam_pkg/share/ament_index/resource_index/packages/slam_pkg
[0.050s] -- Up-to-date: /home/dan/Projects/Mobile-Robots/project3_path_planning/prj3_ws/install/slam_pkg/share/slam_pkg/cmake/slam_pkgConfig.cmake
[0.050s] -- Up-to-date: /home/dan/Projects/Mobile-Robots/project3_path_planning/prj3_ws/install/slam_pkg/share/slam_pkg/cmake/slam_pkgConfig-version.cmake
[0.050s] -- Up-to-date: /home/dan/Projects/Mobile-Robots/project3_path_planning/prj3_ws/install/slam_pkg/share/slam_pkg/package.xml
[0.051s] Invoked command in '/home/dan/Projects/Mobile-Robots/project3_path_planning/prj3_ws/build/slam_pkg' returned '0': CMAKE_PREFIX_PATH=${CMAKE_PREFIX_PATH}:/opt/ros/humble /usr/bin/cmake --install /home/dan/Projects/Mobile-Robots/project3_path_planning/prj3_ws/build/slam_pkg
