[0.008s] Invoking command in '/home/dan/Projects/Mobile-Robots/ros2_ws/build/vel_pkg': CMAKE_PREFIX_PATH=/opt/ros/humble /usr/bin/cmake /home/dan/Projects/Mobile-Robots/ros2_ws/src/vel_pkg -DCMAKE_INSTALL_PREFIX=/home/dan/Projects/Mobile-Robots/ros2_ws/install/vel_pkg
[0.055s] -- The C compiler identification is GNU 11.4.0
[0.141s] -- The CXX compiler identification is GNU 11.4.0
[0.154s] -- Detecting C compiler ABI info
[0.258s] -- Detecting C compiler ABI info - done
[0.264s] -- Check for working C compiler: /usr/bin/cc - skipped
[0.264s] -- Detecting C compile features
[0.264s] -- Detecting C compile features - done
[0.266s] -- Detecting CXX compiler ABI info
[0.332s] -- Detecting CXX compiler ABI info - done
[0.337s] -- Check for working CXX compiler: /usr/bin/c++ - skipped
[0.337s] -- Detecting CXX compile features
[0.337s] -- Detecting CXX compile features - done
[0.339s] -- Found ament_cmake: 1.3.11 (/opt/ros/humble/share/ament_cmake/cmake)
[0.448s] -- Found Python3: /usr/bin/python3 (found version "3.10.12") found components: Interpreter 
[0.528s] -- Found rclcpp: 16.0.12 (/opt/ros/humble/share/rclcpp/cmake)
[0.565s] -- Found rosidl_generator_c: 3.1.6 (/opt/ros/humble/share/rosidl_generator_c/cmake)
[0.568s] -- Found rosidl_adapter: 3.1.6 (/opt/ros/humble/share/rosidl_adapter/cmake)
[0.573s] -- Found rosidl_generator_cpp: 3.1.6 (/opt/ros/humble/share/rosidl_generator_cpp/cmake)
[0.581s] -- Using all available rosidl_typesupport_c: rosidl_typesupport_fastrtps_c;rosidl_typesupport_introspection_c
[0.591s] -- Using all available rosidl_typesupport_cpp: rosidl_typesupport_fastrtps_cpp;rosidl_typesupport_introspection_cpp
[0.619s] -- Found rmw_implementation_cmake: 6.1.2 (/opt/ros/humble/share/rmw_implementation_cmake/cmake)
[0.620s] -- Found rmw_fastrtps_cpp: 6.2.7 (/opt/ros/humble/share/rmw_fastrtps_cpp/cmake)
[0.682s] -- Found OpenSSL: /usr/lib/x86_64-linux-gnu/libcrypto.so (found version "3.0.2")  
[0.706s] -- Found FastRTPS: /opt/ros/humble/include  
[0.740s] -- Using RMW implementation 'rmw_fastrtps_cpp' as default
[0.745s] -- Looking for pthread.h
[0.790s] -- Looking for pthread.h - found
[0.791s] -- Performing Test CMAKE_HAVE_LIBC_PTHREAD
[0.840s] -- Performing Test CMAKE_HAVE_LIBC_PTHREAD - Success
[0.841s] -- Found Threads: TRUE  
[0.873s] -- Found geometry_msgs: 4.8.0 (/opt/ros/humble/share/geometry_msgs/cmake)
[0.881s] -- Found ament_lint_auto: 0.12.12 (/opt/ros/humble/share/ament_lint_auto/cmake)
[0.933s] -- Added test 'cppcheck' to perform static code analysis on C / C++ code
[0.933s] -- Configured cppcheck include dirs: 
[0.933s] -- Configured cppcheck exclude dirs and/or files: 
[0.933s] -- Added test 'lint_cmake' to check CMake code style
[0.933s] -- Added test 'uncrustify' to check C / C++ code style
[0.933s] -- Configured uncrustify additional arguments: 
[0.934s] -- Added test 'xmllint' to check XML markup files
[0.934s] -- Configuring done
[0.939s] -- Generating done
[0.942s] -- Build files have been written to: /home/dan/Projects/Mobile-Robots/ros2_ws/build/vel_pkg
[0.949s] Invoked command in '/home/dan/Projects/Mobile-Robots/ros2_ws/build/vel_pkg' returned '0': CMAKE_PREFIX_PATH=/opt/ros/humble /usr/bin/cmake /home/dan/Projects/Mobile-Robots/ros2_ws/src/vel_pkg -DCMAKE_INSTALL_PREFIX=/home/dan/Projects/Mobile-Robots/ros2_ws/install/vel_pkg
[0.950s] Invoking command in '/home/dan/Projects/Mobile-Robots/ros2_ws/build/vel_pkg': CMAKE_PREFIX_PATH=/opt/ros/humble /usr/bin/cmake --build /home/dan/Projects/Mobile-Robots/ros2_ws/build/vel_pkg -- -j8 -l8
[0.982s] [ 50%] [32mBuilding CXX object CMakeFiles/vel_node.dir/src/vel_node.cpp.o[0m
[3.867s] [100%] [32m[1mLinking CXX executable vel_node[0m
[3.990s] [100%] Built target vel_node
[3.997s] Invoked command in '/home/dan/Projects/Mobile-Robots/ros2_ws/build/vel_pkg' returned '0': CMAKE_PREFIX_PATH=/opt/ros/humble /usr/bin/cmake --build /home/dan/Projects/Mobile-Robots/ros2_ws/build/vel_pkg -- -j8 -l8
[3.998s] Invoking command in '/home/dan/Projects/Mobile-Robots/ros2_ws/build/vel_pkg': CMAKE_PREFIX_PATH=/opt/ros/humble /usr/bin/cmake --install /home/dan/Projects/Mobile-Robots/ros2_ws/build/vel_pkg
[4.003s] -- Install configuration: ""
[4.003s] -- Installing: /home/dan/Projects/Mobile-Robots/ros2_ws/install/vel_pkg/lib/vel_pkg/vel_node
[4.004s] -- Set runtime path of "/home/dan/Projects/Mobile-Robots/ros2_ws/install/vel_pkg/lib/vel_pkg/vel_node" to ""
[4.004s] -- Installing: /home/dan/Projects/Mobile-Robots/ros2_ws/install/vel_pkg/share/ament_index/resource_index/package_run_dependencies/vel_pkg
[4.004s] -- Installing: /home/dan/Projects/Mobile-Robots/ros2_ws/install/vel_pkg/share/ament_index/resource_index/parent_prefix_path/vel_pkg
[4.004s] -- Installing: /home/dan/Projects/Mobile-Robots/ros2_ws/install/vel_pkg/share/vel_pkg/environment/ament_prefix_path.sh
[4.004s] -- Installing: /home/dan/Projects/Mobile-Robots/ros2_ws/install/vel_pkg/share/vel_pkg/environment/ament_prefix_path.dsv
[4.004s] -- Installing: /home/dan/Projects/Mobile-Robots/ros2_ws/install/vel_pkg/share/vel_pkg/environment/path.sh
[4.004s] -- Installing: /home/dan/Projects/Mobile-Robots/ros2_ws/install/vel_pkg/share/vel_pkg/environment/path.dsv
[4.004s] -- Installing: /home/dan/Projects/Mobile-Robots/ros2_ws/install/vel_pkg/share/vel_pkg/local_setup.bash
[4.004s] -- Installing: /home/dan/Projects/Mobile-Robots/ros2_ws/install/vel_pkg/share/vel_pkg/local_setup.sh
[4.004s] -- Installing: /home/dan/Projects/Mobile-Robots/ros2_ws/install/vel_pkg/share/vel_pkg/local_setup.zsh
[4.004s] -- Installing: /home/dan/Projects/Mobile-Robots/ros2_ws/install/vel_pkg/share/vel_pkg/local_setup.dsv
[4.004s] -- Installing: /home/dan/Projects/Mobile-Robots/ros2_ws/install/vel_pkg/share/vel_pkg/package.dsv
[4.004s] -- Installing: /home/dan/Projects/Mobile-Robots/ros2_ws/install/vel_pkg/share/ament_index/resource_index/packages/vel_pkg
[4.004s] -- Installing: /home/dan/Projects/Mobile-Robots/ros2_ws/install/vel_pkg/share/vel_pkg/cmake/vel_pkgConfig.cmake
[4.005s] -- Installing: /home/dan/Projects/Mobile-Robots/ros2_ws/install/vel_pkg/share/vel_pkg/cmake/vel_pkgConfig-version.cmake
[4.005s] -- Installing: /home/dan/Projects/Mobile-Robots/ros2_ws/install/vel_pkg/share/vel_pkg/package.xml
[4.006s] Invoked command in '/home/dan/Projects/Mobile-Robots/ros2_ws/build/vel_pkg' returned '0': CMAKE_PREFIX_PATH=/opt/ros/humble /usr/bin/cmake --install /home/dan/Projects/Mobile-Robots/ros2_ws/build/vel_pkg
