[0.014s] Invoking command in '/home/dan/Projects/Mobile-Robots/project3_path_planning/prj3_ws/build/slam_pkg': CMAKE_PREFIX_PATH=${CMAKE_PREFIX_PATH}:/opt/ros/humble /usr/bin/cmake --build /home/dan/Projects/Mobile-Robots/project3_path_planning/prj3_ws/build/slam_pkg -- -j8 -l8
[0.044s] Invoked command in '/home/dan/Projects/Mobile-Robots/project3_path_planning/prj3_ws/build/slam_pkg' returned '0': CMAKE_PREFIX_PATH=${CMAKE_PREFIX_PATH}:/opt/ros/humble /usr/bin/cmake --build /home/dan/Projects/Mobile-Robots/project3_path_planning/prj3_ws/build/slam_pkg -- -j8 -l8
[0.058s] Invoking command in '/home/dan/Projects/Mobile-Robots/project3_path_planning/prj3_ws/build/slam_pkg': CMAKE_PREFIX_PATH=${CMAKE_PREFIX_PATH}:/opt/ros/humble /usr/bin/cmake --install /home/dan/Projects/Mobile-Robots/project3_path_planning/prj3_ws/build/slam_pkg
[0.065s] -- Install configuration: ""
[0.065s] -- Up-to-date: /home/dan/Projects/Mobile-Robots/project3_path_planning/prj3_ws/install/slam_pkg/share/slam_pkg/launch
[0.065s] -- Installing: /home/dan/Projects/Mobile-Robots/project3_path_planning/prj3_ws/install/slam_pkg/share/slam_pkg/launch/slam.launch.py
[0.066s] -- Up-to-date: /home/dan/Projects/Mobile-Robots/project3_path_planning/prj3_ws/install/slam_pkg/share/ament_index/resource_index/package_run_dependencies/slam_pkg
[0.066s] -- Up-to-date: /home/dan/Projects/Mobile-Robots/project3_path_planning/prj3_ws/install/slam_pkg/share/ament_index/resource_index/parent_prefix_path/slam_pkg
[0.066s] -- Up-to-date: /home/dan/Projects/Mobile-Robots/project3_path_planning/prj3_ws/install/slam_pkg/share/slam_pkg/environment/ament_prefix_path.sh
[0.066s] -- Up-to-date: /home/dan/Projects/Mobile-Robots/project3_path_planning/prj3_ws/install/slam_pkg/share/slam_pkg/environment/ament_prefix_path.dsv
[0.066s] -- Up-to-date: /home/dan/Projects/Mobile-Robots/project3_path_planning/prj3_ws/install/slam_pkg/share/slam_pkg/environment/path.sh
[0.066s] -- Up-to-date: /home/dan/Projects/Mobile-Robots/project3_path_planning/prj3_ws/install/slam_pkg/share/slam_pkg/environment/path.dsv
[0.066s] -- Up-to-date: /home/dan/Projects/Mobile-Robots/project3_path_planning/prj3_ws/install/slam_pkg/share/slam_pkg/local_setup.bash
[0.066s] -- Up-to-date: /home/dan/Projects/Mobile-Robots/project3_path_planning/prj3_ws/install/slam_pkg/share/slam_pkg/local_setup.sh
[0.066s] -- Up-to-date: /home/dan/Projects/Mobile-Robots/project3_path_planning/prj3_ws/install/slam_pkg/share/slam_pkg/local_setup.zsh
[0.066s] -- Up-to-date: /home/dan/Projects/Mobile-Robots/project3_path_planning/prj3_ws/install/slam_pkg/share/slam_pkg/local_setup.dsv
[0.066s] -- Installing: /home/dan/Projects/Mobile-Robots/project3_path_planning/prj3_ws/install/slam_pkg/share/slam_pkg/package.dsv
[0.066s] -- Up-to-date: /home/dan/Projects/Mobile-Robots/project3_path_planning/prj3_ws/install/slam_pkg/share/ament_index/resource_index/packages/slam_pkg
[0.066s] -- Up-to-date: /home/dan/Projects/Mobile-Robots/project3_path_planning/prj3_ws/install/slam_pkg/share/slam_pkg/cmake/slam_pkgConfig.cmake
[0.067s] -- Up-to-date: /home/dan/Projects/Mobile-Robots/project3_path_planning/prj3_ws/install/slam_pkg/share/slam_pkg/cmake/slam_pkgConfig-version.cmake
[0.067s] -- Up-to-date: /home/dan/Projects/Mobile-Robots/project3_path_planning/prj3_ws/install/slam_pkg/share/slam_pkg/package.xml
[0.067s] Invoked command in '/home/dan/Projects/Mobile-Robots/project3_path_planning/prj3_ws/build/slam_pkg' returned '0': CMAKE_PREFIX_PATH=${CMAKE_PREFIX_PATH}:/opt/ros/humble /usr/bin/cmake --install /home/dan/Projects/Mobile-Robots/project3_path_planning/prj3_ws/build/slam_pkg
