[0.063s] DEBUG:colcon:Command line arguments: ['/usr/bin/colcon', 'build']
[0.063s] DEBUG:colcon:Parsed command line arguments: Namespace(log_base=None, log_level=None, verb_name='build', build_base='build', install_base='install', merge_install=False, symlink_install=False, test_result_base=None, continue_on_error=False, executor='parallel', parallel_workers=8, event_handlers=None, ignore_user_meta=False, metas=['./colcon.meta'], base_paths=['.'], packages_ignore=None, packages_ignore_regex=None, paths=None, packages_up_to=None, packages_up_to_regex=None, packages_above=None, packages_above_and_dependencies=None, packages_above_depth=None, packages_select_by_dep=None, packages_skip_by_dep=None, packages_skip_up_to=None, packages_select_build_failed=False, packages_skip_build_finished=False, packages_select_test_failures=False, packages_skip_test_passed=False, packages_select=None, packages_skip=None, packages_select_regex=None, packages_skip_regex=None, packages_start=None, packages_end=None, allow_overriding=[], cmake_args=None, cmake_target=None, cmake_target_skip_unavailable=False, cmake_clean_cache=False, cmake_clean_first=False, cmake_force_configure=False, ament_cmake_args=None, catkin_cmake_args=None, catkin_skip_building_tests=False, mixin_files=None, mixin=None, verb_parser=<colcon_mixin.mixin.mixin_argument.MixinArgumentDecorator object at 0x775d6f16a3e0>, verb_extension=<colcon_core.verb.build.BuildVerb object at 0x775d6f169de0>, main=<bound method BuildVerb.main of <colcon_core.verb.build.BuildVerb object at 0x775d6f169de0>>, mixin_verb=('build',))
[0.160s] Level 1:colcon.colcon_core.package_discovery:discover_packages(colcon_meta) check parameters
[0.160s] Level 1:colcon.colcon_core.package_discovery:discover_packages(recursive) check parameters
[0.160s] Level 1:colcon.colcon_core.package_discovery:discover_packages(ignore) check parameters
[0.160s] Level 1:colcon.colcon_core.package_discovery:discover_packages(path) check parameters
[0.160s] Level 1:colcon.colcon_core.package_discovery:discover_packages(colcon_meta) discover
[0.160s] Level 1:colcon.colcon_core.package_discovery:discover_packages(recursive) discover
[0.160s] INFO:colcon.colcon_core.package_discovery:Crawling recursively for packages in '/home/dan/Projects/Mobile-Robots/ros2_ws'
[0.160s] Level 1:colcon.colcon_core.package_identification:_identify(.) by extensions ['ignore', 'ignore_ament_install']
[0.161s] Level 1:colcon.colcon_core.package_identification:_identify(.) by extension 'ignore'
[0.161s] Level 1:colcon.colcon_core.package_identification:_identify(.) by extension 'ignore_ament_install'
[0.161s] Level 1:colcon.colcon_core.package_identification:_identify(.) by extensions ['colcon_pkg']
[0.161s] Level 1:colcon.colcon_core.package_identification:_identify(.) by extension 'colcon_pkg'
[0.161s] Level 1:colcon.colcon_core.package_identification:_identify(.) by extensions ['colcon_meta']
[0.161s] Level 1:colcon.colcon_core.package_identification:_identify(.) by extension 'colcon_meta'
[0.161s] Level 1:colcon.colcon_core.package_identification:_identify(.) by extensions ['ros']
[0.161s] Level 1:colcon.colcon_core.package_identification:_identify(.) by extension 'ros'
[0.174s] Level 1:colcon.colcon_core.package_identification:_identify(.) by extensions ['cmake', 'python']
[0.174s] Level 1:colcon.colcon_core.package_identification:_identify(.) by extension 'cmake'
[0.174s] Level 1:colcon.colcon_core.package_identification:_identify(.) by extension 'python'
[0.174s] Level 1:colcon.colcon_core.package_identification:_identify(.) by extensions ['python_setup_py']
[0.174s] Level 1:colcon.colcon_core.package_identification:_identify(.) by extension 'python_setup_py'
[0.174s] Level 1:colcon.colcon_core.package_identification:_identify(build) by extensions ['ignore', 'ignore_ament_install']
[0.174s] Level 1:colcon.colcon_core.package_identification:_identify(build) by extension 'ignore'
[0.174s] Level 1:colcon.colcon_core.package_identification:_identify(build) ignored
[0.174s] Level 1:colcon.colcon_core.package_identification:_identify(install) by extensions ['ignore', 'ignore_ament_install']
[0.174s] Level 1:colcon.colcon_core.package_identification:_identify(install) by extension 'ignore'
[0.174s] Level 1:colcon.colcon_core.package_identification:_identify(install) ignored
[0.174s] Level 1:colcon.colcon_core.package_identification:_identify(log) by extensions ['ignore', 'ignore_ament_install']
[0.174s] Level 1:colcon.colcon_core.package_identification:_identify(log) by extension 'ignore'
[0.174s] Level 1:colcon.colcon_core.package_identification:_identify(log) ignored
[0.174s] Level 1:colcon.colcon_core.package_identification:_identify(src) by extensions ['ignore', 'ignore_ament_install']
[0.174s] Level 1:colcon.colcon_core.package_identification:_identify(src) by extension 'ignore'
[0.174s] Level 1:colcon.colcon_core.package_identification:_identify(src) by extension 'ignore_ament_install'
[0.174s] Level 1:colcon.colcon_core.package_identification:_identify(src) by extensions ['colcon_pkg']
[0.174s] Level 1:colcon.colcon_core.package_identification:_identify(src) by extension 'colcon_pkg'
[0.174s] Level 1:colcon.colcon_core.package_identification:_identify(src) by extensions ['colcon_meta']
[0.174s] Level 1:colcon.colcon_core.package_identification:_identify(src) by extension 'colcon_meta'
[0.174s] Level 1:colcon.colcon_core.package_identification:_identify(src) by extensions ['ros']
[0.174s] Level 1:colcon.colcon_core.package_identification:_identify(src) by extension 'ros'
[0.174s] Level 1:colcon.colcon_core.package_identification:_identify(src) by extensions ['cmake', 'python']
[0.174s] Level 1:colcon.colcon_core.package_identification:_identify(src) by extension 'cmake'
[0.174s] Level 1:colcon.colcon_core.package_identification:_identify(src) by extension 'python'
[0.175s] Level 1:colcon.colcon_core.package_identification:_identify(src) by extensions ['python_setup_py']
[0.175s] Level 1:colcon.colcon_core.package_identification:_identify(src) by extension 'python_setup_py'
[0.175s] Level 1:colcon.colcon_core.package_identification:_identify(src/wpr_simulation2) by extensions ['ignore', 'ignore_ament_install']
[0.175s] Level 1:colcon.colcon_core.package_identification:_identify(src/wpr_simulation2) by extension 'ignore'
[0.175s] Level 1:colcon.colcon_core.package_identification:_identify(src/wpr_simulation2) by extension 'ignore_ament_install'
[0.175s] Level 1:colcon.colcon_core.package_identification:_identify(src/wpr_simulation2) by extensions ['colcon_pkg']
[0.175s] Level 1:colcon.colcon_core.package_identification:_identify(src/wpr_simulation2) by extension 'colcon_pkg'
[0.175s] Level 1:colcon.colcon_core.package_identification:_identify(src/wpr_simulation2) by extensions ['colcon_meta']
[0.175s] Level 1:colcon.colcon_core.package_identification:_identify(src/wpr_simulation2) by extension 'colcon_meta'
[0.175s] Level 1:colcon.colcon_core.package_identification:_identify(src/wpr_simulation2) by extensions ['ros']
[0.175s] Level 1:colcon.colcon_core.package_identification:_identify(src/wpr_simulation2) by extension 'ros'
[0.177s] DEBUG:colcon.colcon_core.package_identification:Package 'src/wpr_simulation2' with type 'ros.ament_cmake' and name 'wpr_simulation2'
[0.177s] Level 1:colcon.colcon_core.package_discovery:discover_packages(recursive) using defaults
[0.177s] Level 1:colcon.colcon_core.package_discovery:discover_packages(ignore) discover
[0.177s] Level 1:colcon.colcon_core.package_discovery:discover_packages(ignore) using defaults
[0.177s] Level 1:colcon.colcon_core.package_discovery:discover_packages(path) discover
[0.177s] Level 1:colcon.colcon_core.package_discovery:discover_packages(path) using defaults
[0.190s] Level 1:colcon.colcon_core.package_discovery:discover_packages(prefix_path) check parameters
[0.190s] Level 1:colcon.colcon_core.package_discovery:discover_packages(prefix_path) discover
[0.190s] DEBUG:colcon.colcon_installed_package_information.package_discovery:Found 0 installed packages in /home/dan/Projects/Mobile-Robots/ros2_ws/install
[0.191s] DEBUG:colcon.colcon_installed_package_information.package_discovery:Found 368 installed packages in /opt/ros/humble
[0.192s] Level 1:colcon.colcon_core.package_discovery:discover_packages(prefix_path) using defaults
[0.216s] Level 5:colcon.colcon_core.verb:set package 'wpr_simulation2' build argument 'cmake_args' from command line to 'None'
[0.216s] Level 5:colcon.colcon_core.verb:set package 'wpr_simulation2' build argument 'cmake_target' from command line to 'None'
[0.216s] Level 5:colcon.colcon_core.verb:set package 'wpr_simulation2' build argument 'cmake_target_skip_unavailable' from command line to 'False'
[0.216s] Level 5:colcon.colcon_core.verb:set package 'wpr_simulation2' build argument 'cmake_clean_cache' from command line to 'False'
[0.216s] Level 5:colcon.colcon_core.verb:set package 'wpr_simulation2' build argument 'cmake_clean_first' from command line to 'False'
[0.216s] Level 5:colcon.colcon_core.verb:set package 'wpr_simulation2' build argument 'cmake_force_configure' from command line to 'False'
[0.216s] Level 5:colcon.colcon_core.verb:set package 'wpr_simulation2' build argument 'ament_cmake_args' from command line to 'None'
[0.216s] Level 5:colcon.colcon_core.verb:set package 'wpr_simulation2' build argument 'catkin_cmake_args' from command line to 'None'
[0.216s] Level 5:colcon.colcon_core.verb:set package 'wpr_simulation2' build argument 'catkin_skip_building_tests' from command line to 'False'
[0.216s] DEBUG:colcon.colcon_core.verb:Building package 'wpr_simulation2' with the following arguments: {'ament_cmake_args': None, 'build_base': '/home/dan/Projects/Mobile-Robots/ros2_ws/build/wpr_simulation2', 'catkin_cmake_args': None, 'catkin_skip_building_tests': False, 'cmake_args': None, 'cmake_clean_cache': False, 'cmake_clean_first': False, 'cmake_force_configure': False, 'cmake_target': None, 'cmake_target_skip_unavailable': False, 'install_base': '/home/dan/Projects/Mobile-Robots/ros2_ws/install/wpr_simulation2', 'merge_install': False, 'path': '/home/dan/Projects/Mobile-Robots/ros2_ws/src/wpr_simulation2', 'symlink_install': False, 'test_result_base': None}
[0.216s] INFO:colcon.colcon_core.executor:Executing jobs using 'parallel' executor
[0.217s] DEBUG:colcon.colcon_parallel_executor.executor.parallel:run_until_complete
[0.217s] INFO:colcon.colcon_ros.task.ament_cmake.build:Building ROS package in '/home/dan/Projects/Mobile-Robots/ros2_ws/src/wpr_simulation2' with build type 'ament_cmake'
[0.217s] INFO:colcon.colcon_cmake.task.cmake.build:Building CMake package in '/home/dan/Projects/Mobile-Robots/ros2_ws/src/wpr_simulation2'
[0.218s] INFO:colcon.colcon_core.plugin_system:Skipping extension 'colcon_core.shell.bat': Not used on non-Windows systems
[0.218s] INFO:colcon.colcon_core.shell:Skip shell extension 'powershell' for command environment: Not usable outside of PowerShell
[0.218s] DEBUG:colcon.colcon_core.shell:Skip shell extension 'dsv' for command environment
[0.223s] DEBUG:colcon.colcon_core.event_handler.log_command:Invoking command in '/home/dan/Projects/Mobile-Robots/ros2_ws/build/wpr_simulation2': CMAKE_PREFIX_PATH=/opt/ros/humble /usr/bin/cmake /home/dan/Projects/Mobile-Robots/ros2_ws/src/wpr_simulation2 -DCMAKE_INSTALL_PREFIX=/home/dan/Projects/Mobile-Robots/ros2_ws/install/wpr_simulation2
[3.239s] DEBUG:colcon.colcon_core.event_handler.log_command:Invoked command in '/home/dan/Projects/Mobile-Robots/ros2_ws/build/wpr_simulation2' returned '0': CMAKE_PREFIX_PATH=/opt/ros/humble /usr/bin/cmake /home/dan/Projects/Mobile-Robots/ros2_ws/src/wpr_simulation2 -DCMAKE_INSTALL_PREFIX=/home/dan/Projects/Mobile-Robots/ros2_ws/install/wpr_simulation2
[3.240s] DEBUG:colcon.colcon_core.event_handler.log_command:Invoking command in '/home/dan/Projects/Mobile-Robots/ros2_ws/build/wpr_simulation2': CMAKE_PREFIX_PATH=/opt/ros/humble /usr/bin/cmake --build /home/dan/Projects/Mobile-Robots/ros2_ws/build/wpr_simulation2 -- -j8 -l8
[42.746s] DEBUG:colcon.colcon_core.event_handler.log_command:Invoked command in '/home/dan/Projects/Mobile-Robots/ros2_ws/build/wpr_simulation2' returned '0': CMAKE_PREFIX_PATH=/opt/ros/humble /usr/bin/cmake --build /home/dan/Projects/Mobile-Robots/ros2_ws/build/wpr_simulation2 -- -j8 -l8
[42.753s] DEBUG:colcon.colcon_core.event_handler.log_command:Invoking command in '/home/dan/Projects/Mobile-Robots/ros2_ws/build/wpr_simulation2': CMAKE_PREFIX_PATH=/opt/ros/humble /usr/bin/cmake --install /home/dan/Projects/Mobile-Robots/ros2_ws/build/wpr_simulation2
[42.854s] Level 1:colcon.colcon_core.environment:create_environment_scripts_only(wpr_simulation2)
[42.854s] DEBUG:colcon.colcon_core.event_handler.log_command:Invoked command in '/home/dan/Projects/Mobile-Robots/ros2_ws/build/wpr_simulation2' returned '0': CMAKE_PREFIX_PATH=/opt/ros/humble /usr/bin/cmake --install /home/dan/Projects/Mobile-Robots/ros2_ws/build/wpr_simulation2
[42.855s] Level 1:colcon.colcon_core.environment:checking '/home/dan/Projects/Mobile-Robots/ros2_ws/install/wpr_simulation2' for CMake module files
[42.856s] Level 1:colcon.colcon_core.environment:checking '/home/dan/Projects/Mobile-Robots/ros2_ws/install/wpr_simulation2' for CMake config files
[42.856s] Level 1:colcon.colcon_core.shell:create_environment_hook('wpr_simulation2', 'cmake_prefix_path')
[42.856s] INFO:colcon.colcon_core.shell:Creating environment hook '/home/dan/Projects/Mobile-Robots/ros2_ws/install/wpr_simulation2/share/wpr_simulation2/hook/cmake_prefix_path.ps1'
[42.857s] INFO:colcon.colcon_core.shell:Creating environment descriptor '/home/dan/Projects/Mobile-Robots/ros2_ws/install/wpr_simulation2/share/wpr_simulation2/hook/cmake_prefix_path.dsv'
[42.857s] INFO:colcon.colcon_core.shell:Creating environment hook '/home/dan/Projects/Mobile-Robots/ros2_ws/install/wpr_simulation2/share/wpr_simulation2/hook/cmake_prefix_path.sh'
[42.857s] Level 1:colcon.colcon_core.environment:checking '/home/dan/Projects/Mobile-Robots/ros2_ws/install/wpr_simulation2/lib'
[42.857s] Level 1:colcon.colcon_core.shell:create_environment_hook('wpr_simulation2', 'ld_library_path_lib')
[42.858s] INFO:colcon.colcon_core.shell:Creating environment hook '/home/dan/Projects/Mobile-Robots/ros2_ws/install/wpr_simulation2/share/wpr_simulation2/hook/ld_library_path_lib.ps1'
[42.858s] INFO:colcon.colcon_core.shell:Creating environment descriptor '/home/dan/Projects/Mobile-Robots/ros2_ws/install/wpr_simulation2/share/wpr_simulation2/hook/ld_library_path_lib.dsv'
[42.858s] INFO:colcon.colcon_core.shell:Creating environment hook '/home/dan/Projects/Mobile-Robots/ros2_ws/install/wpr_simulation2/share/wpr_simulation2/hook/ld_library_path_lib.sh'
[42.858s] Level 1:colcon.colcon_core.environment:checking '/home/dan/Projects/Mobile-Robots/ros2_ws/install/wpr_simulation2/bin'
[42.858s] Level 1:colcon.colcon_core.environment:checking '/home/dan/Projects/Mobile-Robots/ros2_ws/install/wpr_simulation2/lib/pkgconfig/wpr_simulation2.pc'
[42.858s] Level 1:colcon.colcon_core.environment:checking '/home/dan/Projects/Mobile-Robots/ros2_ws/install/wpr_simulation2/lib/python3.10/site-packages'
[42.858s] Level 1:colcon.colcon_core.environment:checking '/home/dan/Projects/Mobile-Robots/ros2_ws/install/wpr_simulation2/bin'
[42.859s] INFO:colcon.colcon_core.shell:Creating package script '/home/dan/Projects/Mobile-Robots/ros2_ws/install/wpr_simulation2/share/wpr_simulation2/package.ps1'
[42.859s] INFO:colcon.colcon_core.shell:Creating package descriptor '/home/dan/Projects/Mobile-Robots/ros2_ws/install/wpr_simulation2/share/wpr_simulation2/package.dsv'
[42.859s] INFO:colcon.colcon_core.shell:Creating package script '/home/dan/Projects/Mobile-Robots/ros2_ws/install/wpr_simulation2/share/wpr_simulation2/package.sh'
[42.860s] INFO:colcon.colcon_core.shell:Creating package script '/home/dan/Projects/Mobile-Robots/ros2_ws/install/wpr_simulation2/share/wpr_simulation2/package.bash'
[42.860s] INFO:colcon.colcon_core.shell:Creating package script '/home/dan/Projects/Mobile-Robots/ros2_ws/install/wpr_simulation2/share/wpr_simulation2/package.zsh'
[42.860s] Level 1:colcon.colcon_core.environment:create_file_with_runtime_dependencies(/home/dan/Projects/Mobile-Robots/ros2_ws/install/wpr_simulation2/share/colcon-core/packages/wpr_simulation2)
[42.861s] Level 1:colcon.colcon_core.environment:create_environment_scripts_only(wpr_simulation2)
[42.861s] Level 1:colcon.colcon_core.environment:checking '/home/dan/Projects/Mobile-Robots/ros2_ws/install/wpr_simulation2' for CMake module files
[42.861s] Level 1:colcon.colcon_core.environment:checking '/home/dan/Projects/Mobile-Robots/ros2_ws/install/wpr_simulation2' for CMake config files
[42.862s] Level 1:colcon.colcon_core.shell:create_environment_hook('wpr_simulation2', 'cmake_prefix_path')
[42.862s] INFO:colcon.colcon_core.shell:Creating environment hook '/home/dan/Projects/Mobile-Robots/ros2_ws/install/wpr_simulation2/share/wpr_simulation2/hook/cmake_prefix_path.ps1'
[42.862s] INFO:colcon.colcon_core.shell:Creating environment descriptor '/home/dan/Projects/Mobile-Robots/ros2_ws/install/wpr_simulation2/share/wpr_simulation2/hook/cmake_prefix_path.dsv'
[42.862s] INFO:colcon.colcon_core.shell:Creating environment hook '/home/dan/Projects/Mobile-Robots/ros2_ws/install/wpr_simulation2/share/wpr_simulation2/hook/cmake_prefix_path.sh'
[42.862s] Level 1:colcon.colcon_core.environment:checking '/home/dan/Projects/Mobile-Robots/ros2_ws/install/wpr_simulation2/lib'
[42.862s] Level 1:colcon.colcon_core.shell:create_environment_hook('wpr_simulation2', 'ld_library_path_lib')
[42.863s] INFO:colcon.colcon_core.shell:Creating environment hook '/home/dan/Projects/Mobile-Robots/ros2_ws/install/wpr_simulation2/share/wpr_simulation2/hook/ld_library_path_lib.ps1'
[42.863s] INFO:colcon.colcon_core.shell:Creating environment descriptor '/home/dan/Projects/Mobile-Robots/ros2_ws/install/wpr_simulation2/share/wpr_simulation2/hook/ld_library_path_lib.dsv'
[42.863s] INFO:colcon.colcon_core.shell:Creating environment hook '/home/dan/Projects/Mobile-Robots/ros2_ws/install/wpr_simulation2/share/wpr_simulation2/hook/ld_library_path_lib.sh'
[42.863s] Level 1:colcon.colcon_core.environment:checking '/home/dan/Projects/Mobile-Robots/ros2_ws/install/wpr_simulation2/bin'
[42.863s] Level 1:colcon.colcon_core.environment:checking '/home/dan/Projects/Mobile-Robots/ros2_ws/install/wpr_simulation2/lib/pkgconfig/wpr_simulation2.pc'
[42.863s] Level 1:colcon.colcon_core.environment:checking '/home/dan/Projects/Mobile-Robots/ros2_ws/install/wpr_simulation2/lib/python3.10/site-packages'
[42.863s] Level 1:colcon.colcon_core.environment:checking '/home/dan/Projects/Mobile-Robots/ros2_ws/install/wpr_simulation2/bin'
[42.864s] INFO:colcon.colcon_core.shell:Creating package script '/home/dan/Projects/Mobile-Robots/ros2_ws/install/wpr_simulation2/share/wpr_simulation2/package.ps1'
[42.864s] INFO:colcon.colcon_core.shell:Creating package descriptor '/home/dan/Projects/Mobile-Robots/ros2_ws/install/wpr_simulation2/share/wpr_simulation2/package.dsv'
[42.864s] INFO:colcon.colcon_core.shell:Creating package script '/home/dan/Projects/Mobile-Robots/ros2_ws/install/wpr_simulation2/share/wpr_simulation2/package.sh'
[42.864s] INFO:colcon.colcon_core.shell:Creating package script '/home/dan/Projects/Mobile-Robots/ros2_ws/install/wpr_simulation2/share/wpr_simulation2/package.bash'
[42.865s] INFO:colcon.colcon_core.shell:Creating package script '/home/dan/Projects/Mobile-Robots/ros2_ws/install/wpr_simulation2/share/wpr_simulation2/package.zsh'
[42.865s] Level 1:colcon.colcon_core.environment:create_file_with_runtime_dependencies(/home/dan/Projects/Mobile-Robots/ros2_ws/install/wpr_simulation2/share/colcon-core/packages/wpr_simulation2)
[42.865s] DEBUG:colcon.colcon_parallel_executor.executor.parallel:closing loop
[42.865s] DEBUG:colcon.colcon_parallel_executor.executor.parallel:loop closed
[42.865s] DEBUG:colcon.colcon_parallel_executor.executor.parallel:run_until_complete finished with '0'
[42.865s] DEBUG:colcon.colcon_core.event_reactor:joining thread
[42.868s] INFO:colcon.colcon_core.plugin_system:Skipping extension 'colcon_notification.desktop_notification.terminal_notifier': Not used on non-Darwin systems
[42.868s] INFO:colcon.colcon_core.plugin_system:Skipping extension 'colcon_notification.desktop_notification.win32': Not used on non-Windows systems
[42.868s] INFO:colcon.colcon_notification.desktop_notification:Sending desktop notification using 'notify2'
[42.876s] DEBUG:colcon.colcon_core.event_reactor:joined thread
[42.876s] INFO:colcon.colcon_core.shell:Creating prefix script '/home/dan/Projects/Mobile-Robots/ros2_ws/install/local_setup.ps1'
[42.877s] INFO:colcon.colcon_core.shell:Creating prefix util module '/home/dan/Projects/Mobile-Robots/ros2_ws/install/_local_setup_util_ps1.py'
[42.879s] INFO:colcon.colcon_core.shell:Creating prefix chain script '/home/dan/Projects/Mobile-Robots/ros2_ws/install/setup.ps1'
[42.879s] INFO:colcon.colcon_core.shell:Creating prefix script '/home/dan/Projects/Mobile-Robots/ros2_ws/install/local_setup.sh'
[42.880s] INFO:colcon.colcon_core.shell:Creating prefix util module '/home/dan/Projects/Mobile-Robots/ros2_ws/install/_local_setup_util_sh.py'
[42.880s] INFO:colcon.colcon_core.shell:Creating prefix chain script '/home/dan/Projects/Mobile-Robots/ros2_ws/install/setup.sh'
[42.881s] INFO:colcon.colcon_core.shell:Creating prefix script '/home/dan/Projects/Mobile-Robots/ros2_ws/install/local_setup.bash'
[42.881s] INFO:colcon.colcon_core.shell:Creating prefix chain script '/home/dan/Projects/Mobile-Robots/ros2_ws/install/setup.bash'
[42.882s] INFO:colcon.colcon_core.shell:Creating prefix script '/home/dan/Projects/Mobile-Robots/ros2_ws/install/local_setup.zsh'
[42.882s] INFO:colcon.colcon_core.shell:Creating prefix chain script '/home/dan/Projects/Mobile-Robots/ros2_ws/install/setup.zsh'
