[0.065s] DEBUG:colcon:Command line arguments: ['/usr/bin/colcon', 'build']
[0.065s] DEBUG:colcon:Parsed command line arguments: Namespace(log_base=None, log_level=None, verb_name='build', build_base='build', install_base='install', merge_install=False, symlink_install=False, test_result_base=None, continue_on_error=False, executor='parallel', parallel_workers=8, event_handlers=None, ignore_user_meta=False, metas=['./colcon.meta'], base_paths=['.'], packages_ignore=None, packages_ignore_regex=None, paths=None, packages_up_to=None, packages_up_to_regex=None, packages_above=None, packages_above_and_dependencies=None, packages_above_depth=None, packages_select_by_dep=None, packages_skip_by_dep=None, packages_skip_up_to=None, packages_select_build_failed=False, packages_skip_build_finished=False, packages_select_test_failures=False, packages_skip_test_passed=False, packages_select=None, packages_skip=None, packages_select_regex=None, packages_skip_regex=None, packages_start=None, packages_end=None, allow_overriding=[], cmake_args=None, cmake_target=None, cmake_target_skip_unavailable=False, cmake_clean_cache=False, cmake_clean_first=False, cmake_force_configure=False, ament_cmake_args=None, catkin_cmake_args=None, catkin_skip_building_tests=False, mixin_files=None, mixin=None, verb_parser=<colcon_mixin.mixin.mixin_argument.MixinArgumentDecorator object at 0x764e846529e0>, verb_extension=<colcon_core.verb.build.BuildVerb object at 0x764e84652410>, main=<bound method BuildVerb.main of <colcon_core.verb.build.BuildVerb object at 0x764e84652410>>, mixin_verb=('build',))
[0.165s] Level 1:colcon.colcon_core.package_discovery:discover_packages(colcon_meta) check parameters
[0.165s] Level 1:colcon.colcon_core.package_discovery:discover_packages(recursive) check parameters
[0.165s] Level 1:colcon.colcon_core.package_discovery:discover_packages(ignore) check parameters
[0.165s] Level 1:colcon.colcon_core.package_discovery:discover_packages(path) check parameters
[0.165s] Level 1:colcon.colcon_core.package_discovery:discover_packages(colcon_meta) discover
[0.165s] Level 1:colcon.colcon_core.package_discovery:discover_packages(recursive) discover
[0.165s] INFO:colcon.colcon_core.package_discovery:Crawling recursively for packages in '/home/dan/Projects/Mobile-Robots/project3_path_planning/prj3_ws'
[0.165s] Level 1:colcon.colcon_core.package_identification:_identify(.) by extensions ['ignore', 'ignore_ament_install']
[0.165s] Level 1:colcon.colcon_core.package_identification:_identify(.) by extension 'ignore'
[0.165s] Level 1:colcon.colcon_core.package_identification:_identify(.) by extension 'ignore_ament_install'
[0.165s] Level 1:colcon.colcon_core.package_identification:_identify(.) by extensions ['colcon_pkg']
[0.166s] Level 1:colcon.colcon_core.package_identification:_identify(.) by extension 'colcon_pkg'
[0.166s] Level 1:colcon.colcon_core.package_identification:_identify(.) by extensions ['colcon_meta']
[0.166s] Level 1:colcon.colcon_core.package_identification:_identify(.) by extension 'colcon_meta'
[0.166s] Level 1:colcon.colcon_core.package_identification:_identify(.) by extensions ['ros']
[0.166s] Level 1:colcon.colcon_core.package_identification:_identify(.) by extension 'ros'
[0.179s] Level 1:colcon.colcon_core.package_identification:_identify(.) by extensions ['cmake', 'python']
[0.179s] Level 1:colcon.colcon_core.package_identification:_identify(.) by extension 'cmake'
[0.179s] Level 1:colcon.colcon_core.package_identification:_identify(.) by extension 'python'
[0.179s] Level 1:colcon.colcon_core.package_identification:_identify(.) by extensions ['python_setup_py']
[0.179s] Level 1:colcon.colcon_core.package_identification:_identify(.) by extension 'python_setup_py'
[0.179s] Level 1:colcon.colcon_core.package_identification:_identify(build) by extensions ['ignore', 'ignore_ament_install']
[0.179s] Level 1:colcon.colcon_core.package_identification:_identify(build) by extension 'ignore'
[0.179s] Level 1:colcon.colcon_core.package_identification:_identify(build) ignored
[0.179s] Level 1:colcon.colcon_core.package_identification:_identify(install) by extensions ['ignore', 'ignore_ament_install']
[0.179s] Level 1:colcon.colcon_core.package_identification:_identify(install) by extension 'ignore'
[0.179s] Level 1:colcon.colcon_core.package_identification:_identify(install) ignored
[0.179s] Level 1:colcon.colcon_core.package_identification:_identify(log) by extensions ['ignore', 'ignore_ament_install']
[0.179s] Level 1:colcon.colcon_core.package_identification:_identify(log) by extension 'ignore'
[0.179s] Level 1:colcon.colcon_core.package_identification:_identify(log) ignored
[0.179s] Level 1:colcon.colcon_core.package_identification:_identify(src) by extensions ['ignore', 'ignore_ament_install']
[0.180s] Level 1:colcon.colcon_core.package_identification:_identify(src) by extension 'ignore'
[0.180s] Level 1:colcon.colcon_core.package_identification:_identify(src) by extension 'ignore_ament_install'
[0.180s] Level 1:colcon.colcon_core.package_identification:_identify(src) by extensions ['colcon_pkg']
[0.180s] Level 1:colcon.colcon_core.package_identification:_identify(src) by extension 'colcon_pkg'
[0.180s] Level 1:colcon.colcon_core.package_identification:_identify(src) by extensions ['colcon_meta']
[0.180s] Level 1:colcon.colcon_core.package_identification:_identify(src) by extension 'colcon_meta'
[0.180s] Level 1:colcon.colcon_core.package_identification:_identify(src) by extensions ['ros']
[0.180s] Level 1:colcon.colcon_core.package_identification:_identify(src) by extension 'ros'
[0.180s] Level 1:colcon.colcon_core.package_identification:_identify(src) by extensions ['cmake', 'python']
[0.180s] Level 1:colcon.colcon_core.package_identification:_identify(src) by extension 'cmake'
[0.180s] Level 1:colcon.colcon_core.package_identification:_identify(src) by extension 'python'
[0.180s] Level 1:colcon.colcon_core.package_identification:_identify(src) by extensions ['python_setup_py']
[0.180s] Level 1:colcon.colcon_core.package_identification:_identify(src) by extension 'python_setup_py'
[0.180s] Level 1:colcon.colcon_core.package_identification:_identify(src/imu_pkg) by extensions ['ignore', 'ignore_ament_install']
[0.180s] Level 1:colcon.colcon_core.package_identification:_identify(src/imu_pkg) by extension 'ignore'
[0.180s] Level 1:colcon.colcon_core.package_identification:_identify(src/imu_pkg) by extension 'ignore_ament_install'
[0.180s] Level 1:colcon.colcon_core.package_identification:_identify(src/imu_pkg) by extensions ['colcon_pkg']
[0.180s] Level 1:colcon.colcon_core.package_identification:_identify(src/imu_pkg) by extension 'colcon_pkg'
[0.180s] Level 1:colcon.colcon_core.package_identification:_identify(src/imu_pkg) by extensions ['colcon_meta']
[0.180s] Level 1:colcon.colcon_core.package_identification:_identify(src/imu_pkg) by extension 'colcon_meta'
[0.180s] Level 1:colcon.colcon_core.package_identification:_identify(src/imu_pkg) by extensions ['ros']
[0.180s] Level 1:colcon.colcon_core.package_identification:_identify(src/imu_pkg) by extension 'ros'
[0.182s] DEBUG:colcon.colcon_core.package_identification:Package 'src/imu_pkg' with type 'ros.ament_cmake' and name 'imu_pkg'
[0.182s] Level 1:colcon.colcon_core.package_identification:_identify(src/lidar_pkg) by extensions ['ignore', 'ignore_ament_install']
[0.182s] Level 1:colcon.colcon_core.package_identification:_identify(src/lidar_pkg) by extension 'ignore'
[0.182s] Level 1:colcon.colcon_core.package_identification:_identify(src/lidar_pkg) by extension 'ignore_ament_install'
[0.182s] Level 1:colcon.colcon_core.package_identification:_identify(src/lidar_pkg) by extensions ['colcon_pkg']
[0.182s] Level 1:colcon.colcon_core.package_identification:_identify(src/lidar_pkg) by extension 'colcon_pkg'
[0.182s] Level 1:colcon.colcon_core.package_identification:_identify(src/lidar_pkg) by extensions ['colcon_meta']
[0.182s] Level 1:colcon.colcon_core.package_identification:_identify(src/lidar_pkg) by extension 'colcon_meta'
[0.182s] Level 1:colcon.colcon_core.package_identification:_identify(src/lidar_pkg) by extensions ['ros']
[0.182s] Level 1:colcon.colcon_core.package_identification:_identify(src/lidar_pkg) by extension 'ros'
[0.183s] DEBUG:colcon.colcon_core.package_identification:Package 'src/lidar_pkg' with type 'ros.ament_cmake' and name 'lidar_pkg'
[0.183s] Level 1:colcon.colcon_core.package_identification:_identify(src/slam_pkg) by extensions ['ignore', 'ignore_ament_install']
[0.183s] Level 1:colcon.colcon_core.package_identification:_identify(src/slam_pkg) by extension 'ignore'
[0.183s] Level 1:colcon.colcon_core.package_identification:_identify(src/slam_pkg) by extension 'ignore_ament_install'
[0.183s] Level 1:colcon.colcon_core.package_identification:_identify(src/slam_pkg) by extensions ['colcon_pkg']
[0.183s] Level 1:colcon.colcon_core.package_identification:_identify(src/slam_pkg) by extension 'colcon_pkg'
[0.183s] Level 1:colcon.colcon_core.package_identification:_identify(src/slam_pkg) by extensions ['colcon_meta']
[0.183s] Level 1:colcon.colcon_core.package_identification:_identify(src/slam_pkg) by extension 'colcon_meta'
[0.183s] Level 1:colcon.colcon_core.package_identification:_identify(src/slam_pkg) by extensions ['ros']
[0.183s] Level 1:colcon.colcon_core.package_identification:_identify(src/slam_pkg) by extension 'ros'
[0.183s] DEBUG:colcon.colcon_core.package_identification:Package 'src/slam_pkg' with type 'ros.ament_cmake' and name 'slam_pkg'
[0.183s] Level 1:colcon.colcon_core.package_identification:_identify(src/wpr_simulation2) by extensions ['ignore', 'ignore_ament_install']
[0.183s] Level 1:colcon.colcon_core.package_identification:_identify(src/wpr_simulation2) by extension 'ignore'
[0.183s] Level 1:colcon.colcon_core.package_identification:_identify(src/wpr_simulation2) by extension 'ignore_ament_install'
[0.183s] Level 1:colcon.colcon_core.package_identification:_identify(src/wpr_simulation2) by extensions ['colcon_pkg']
[0.183s] Level 1:colcon.colcon_core.package_identification:_identify(src/wpr_simulation2) by extension 'colcon_pkg'
[0.183s] Level 1:colcon.colcon_core.package_identification:_identify(src/wpr_simulation2) by extensions ['colcon_meta']
[0.183s] Level 1:colcon.colcon_core.package_identification:_identify(src/wpr_simulation2) by extension 'colcon_meta'
[0.184s] Level 1:colcon.colcon_core.package_identification:_identify(src/wpr_simulation2) by extensions ['ros']
[0.184s] Level 1:colcon.colcon_core.package_identification:_identify(src/wpr_simulation2) by extension 'ros'
[0.184s] DEBUG:colcon.colcon_core.package_identification:Package 'src/wpr_simulation2' with type 'ros.ament_cmake' and name 'wpr_simulation2'
[0.184s] Level 1:colcon.colcon_core.package_discovery:discover_packages(recursive) using defaults
[0.184s] Level 1:colcon.colcon_core.package_discovery:discover_packages(ignore) discover
[0.184s] Level 1:colcon.colcon_core.package_discovery:discover_packages(ignore) using defaults
[0.184s] Level 1:colcon.colcon_core.package_discovery:discover_packages(path) discover
[0.184s] Level 1:colcon.colcon_core.package_discovery:discover_packages(path) using defaults
[0.198s] Level 1:colcon.colcon_core.package_discovery:discover_packages(prefix_path) check parameters
[0.198s] Level 1:colcon.colcon_core.package_discovery:discover_packages(prefix_path) discover
[0.199s] DEBUG:colcon.colcon_installed_package_information.package_discovery:Found 4 installed packages in /home/dan/Projects/Mobile-Robots/project3_path_planning/prj3_ws/install
[0.199s] DEBUG:colcon.colcon_installed_package_information.package_discovery:Found 3 installed packages in /home/dan/Projects/Mobile-Robots/project2_lidar_mapping/prj2_ws/install
[0.200s] DEBUG:colcon.colcon_installed_package_information.package_discovery:Found 369 installed packages in /opt/ros/humble
[0.201s] Level 1:colcon.colcon_core.package_discovery:discover_packages(prefix_path) using defaults
[0.225s] Level 5:colcon.colcon_core.verb:set package 'imu_pkg' build argument 'cmake_args' from command line to 'None'
[0.225s] Level 5:colcon.colcon_core.verb:set package 'imu_pkg' build argument 'cmake_target' from command line to 'None'
[0.225s] Level 5:colcon.colcon_core.verb:set package 'imu_pkg' build argument 'cmake_target_skip_unavailable' from command line to 'False'
[0.225s] Level 5:colcon.colcon_core.verb:set package 'imu_pkg' build argument 'cmake_clean_cache' from command line to 'False'
[0.225s] Level 5:colcon.colcon_core.verb:set package 'imu_pkg' build argument 'cmake_clean_first' from command line to 'False'
[0.225s] Level 5:colcon.colcon_core.verb:set package 'imu_pkg' build argument 'cmake_force_configure' from command line to 'False'
[0.225s] Level 5:colcon.colcon_core.verb:set package 'imu_pkg' build argument 'ament_cmake_args' from command line to 'None'
[0.225s] Level 5:colcon.colcon_core.verb:set package 'imu_pkg' build argument 'catkin_cmake_args' from command line to 'None'
[0.225s] Level 5:colcon.colcon_core.verb:set package 'imu_pkg' build argument 'catkin_skip_building_tests' from command line to 'False'
[0.225s] DEBUG:colcon.colcon_core.verb:Building package 'imu_pkg' with the following arguments: {'ament_cmake_args': None, 'build_base': '/home/dan/Projects/Mobile-Robots/project3_path_planning/prj3_ws/build/imu_pkg', 'catkin_cmake_args': None, 'catkin_skip_building_tests': False, 'cmake_args': None, 'cmake_clean_cache': False, 'cmake_clean_first': False, 'cmake_force_configure': False, 'cmake_target': None, 'cmake_target_skip_unavailable': False, 'install_base': '/home/dan/Projects/Mobile-Robots/project3_path_planning/prj3_ws/install/imu_pkg', 'merge_install': False, 'path': '/home/dan/Projects/Mobile-Robots/project3_path_planning/prj3_ws/src/imu_pkg', 'symlink_install': False, 'test_result_base': None}
[0.226s] Level 5:colcon.colcon_core.verb:set package 'lidar_pkg' build argument 'cmake_args' from command line to 'None'
[0.226s] Level 5:colcon.colcon_core.verb:set package 'lidar_pkg' build argument 'cmake_target' from command line to 'None'
[0.226s] Level 5:colcon.colcon_core.verb:set package 'lidar_pkg' build argument 'cmake_target_skip_unavailable' from command line to 'False'
[0.226s] Level 5:colcon.colcon_core.verb:set package 'lidar_pkg' build argument 'cmake_clean_cache' from command line to 'False'
[0.226s] Level 5:colcon.colcon_core.verb:set package 'lidar_pkg' build argument 'cmake_clean_first' from command line to 'False'
[0.226s] Level 5:colcon.colcon_core.verb:set package 'lidar_pkg' build argument 'cmake_force_configure' from command line to 'False'
[0.226s] Level 5:colcon.colcon_core.verb:set package 'lidar_pkg' build argument 'ament_cmake_args' from command line to 'None'
[0.226s] Level 5:colcon.colcon_core.verb:set package 'lidar_pkg' build argument 'catkin_cmake_args' from command line to 'None'
[0.226s] Level 5:colcon.colcon_core.verb:set package 'lidar_pkg' build argument 'catkin_skip_building_tests' from command line to 'False'
[0.226s] DEBUG:colcon.colcon_core.verb:Building package 'lidar_pkg' with the following arguments: {'ament_cmake_args': None, 'build_base': '/home/dan/Projects/Mobile-Robots/project3_path_planning/prj3_ws/build/lidar_pkg', 'catkin_cmake_args': None, 'catkin_skip_building_tests': False, 'cmake_args': None, 'cmake_clean_cache': False, 'cmake_clean_first': False, 'cmake_force_configure': False, 'cmake_target': None, 'cmake_target_skip_unavailable': False, 'install_base': '/home/dan/Projects/Mobile-Robots/project3_path_planning/prj3_ws/install/lidar_pkg', 'merge_install': False, 'path': '/home/dan/Projects/Mobile-Robots/project3_path_planning/prj3_ws/src/lidar_pkg', 'symlink_install': False, 'test_result_base': None}
[0.226s] Level 5:colcon.colcon_core.verb:set package 'slam_pkg' build argument 'cmake_args' from command line to 'None'
[0.226s] Level 5:colcon.colcon_core.verb:set package 'slam_pkg' build argument 'cmake_target' from command line to 'None'
[0.226s] Level 5:colcon.colcon_core.verb:set package 'slam_pkg' build argument 'cmake_target_skip_unavailable' from command line to 'False'
[0.226s] Level 5:colcon.colcon_core.verb:set package 'slam_pkg' build argument 'cmake_clean_cache' from command line to 'False'
[0.226s] Level 5:colcon.colcon_core.verb:set package 'slam_pkg' build argument 'cmake_clean_first' from command line to 'False'
[0.226s] Level 5:colcon.colcon_core.verb:set package 'slam_pkg' build argument 'cmake_force_configure' from command line to 'False'
[0.226s] Level 5:colcon.colcon_core.verb:set package 'slam_pkg' build argument 'ament_cmake_args' from command line to 'None'
[0.226s] Level 5:colcon.colcon_core.verb:set package 'slam_pkg' build argument 'catkin_cmake_args' from command line to 'None'
[0.226s] Level 5:colcon.colcon_core.verb:set package 'slam_pkg' build argument 'catkin_skip_building_tests' from command line to 'False'
[0.226s] DEBUG:colcon.colcon_core.verb:Building package 'slam_pkg' with the following arguments: {'ament_cmake_args': None, 'build_base': '/home/dan/Projects/Mobile-Robots/project3_path_planning/prj3_ws/build/slam_pkg', 'catkin_cmake_args': None, 'catkin_skip_building_tests': False, 'cmake_args': None, 'cmake_clean_cache': False, 'cmake_clean_first': False, 'cmake_force_configure': False, 'cmake_target': None, 'cmake_target_skip_unavailable': False, 'install_base': '/home/dan/Projects/Mobile-Robots/project3_path_planning/prj3_ws/install/slam_pkg', 'merge_install': False, 'path': '/home/dan/Projects/Mobile-Robots/project3_path_planning/prj3_ws/src/slam_pkg', 'symlink_install': False, 'test_result_base': None}
[0.226s] Level 5:colcon.colcon_core.verb:set package 'wpr_simulation2' build argument 'cmake_args' from command line to 'None'
[0.226s] Level 5:colcon.colcon_core.verb:set package 'wpr_simulation2' build argument 'cmake_target' from command line to 'None'
[0.226s] Level 5:colcon.colcon_core.verb:set package 'wpr_simulation2' build argument 'cmake_target_skip_unavailable' from command line to 'False'
[0.226s] Level 5:colcon.colcon_core.verb:set package 'wpr_simulation2' build argument 'cmake_clean_cache' from command line to 'False'
[0.226s] Level 5:colcon.colcon_core.verb:set package 'wpr_simulation2' build argument 'cmake_clean_first' from command line to 'False'
[0.226s] Level 5:colcon.colcon_core.verb:set package 'wpr_simulation2' build argument 'cmake_force_configure' from command line to 'False'
[0.226s] Level 5:colcon.colcon_core.verb:set package 'wpr_simulation2' build argument 'ament_cmake_args' from command line to 'None'
[0.226s] Level 5:colcon.colcon_core.verb:set package 'wpr_simulation2' build argument 'catkin_cmake_args' from command line to 'None'
[0.226s] Level 5:colcon.colcon_core.verb:set package 'wpr_simulation2' build argument 'catkin_skip_building_tests' from command line to 'False'
[0.226s] DEBUG:colcon.colcon_core.verb:Building package 'wpr_simulation2' with the following arguments: {'ament_cmake_args': None, 'build_base': '/home/dan/Projects/Mobile-Robots/project3_path_planning/prj3_ws/build/wpr_simulation2', 'catkin_cmake_args': None, 'catkin_skip_building_tests': False, 'cmake_args': None, 'cmake_clean_cache': False, 'cmake_clean_first': False, 'cmake_force_configure': False, 'cmake_target': None, 'cmake_target_skip_unavailable': False, 'install_base': '/home/dan/Projects/Mobile-Robots/project3_path_planning/prj3_ws/install/wpr_simulation2', 'merge_install': False, 'path': '/home/dan/Projects/Mobile-Robots/project3_path_planning/prj3_ws/src/wpr_simulation2', 'symlink_install': False, 'test_result_base': None}
[0.226s] INFO:colcon.colcon_core.executor:Executing jobs using 'parallel' executor
[0.227s] DEBUG:colcon.colcon_parallel_executor.executor.parallel:run_until_complete
[0.227s] INFO:colcon.colcon_ros.task.ament_cmake.build:Building ROS package in '/home/dan/Projects/Mobile-Robots/project3_path_planning/prj3_ws/src/imu_pkg' with build type 'ament_cmake'
[0.227s] INFO:colcon.colcon_cmake.task.cmake.build:Building CMake package in '/home/dan/Projects/Mobile-Robots/project3_path_planning/prj3_ws/src/imu_pkg'
[0.229s] INFO:colcon.colcon_core.plugin_system:Skipping extension 'colcon_core.shell.bat': Not used on non-Windows systems
[0.229s] INFO:colcon.colcon_core.shell:Skip shell extension 'powershell' for command environment: Not usable outside of PowerShell
[0.229s] DEBUG:colcon.colcon_core.shell:Skip shell extension 'dsv' for command environment
[0.231s] INFO:colcon.colcon_ros.task.ament_cmake.build:Building ROS package in '/home/dan/Projects/Mobile-Robots/project3_path_planning/prj3_ws/src/lidar_pkg' with build type 'ament_cmake'
[0.231s] INFO:colcon.colcon_cmake.task.cmake.build:Building CMake package in '/home/dan/Projects/Mobile-Robots/project3_path_planning/prj3_ws/src/lidar_pkg'
[0.231s] INFO:colcon.colcon_core.shell:Skip shell extension 'powershell' for command environment: Not usable outside of PowerShell
[0.231s] DEBUG:colcon.colcon_core.shell:Skip shell extension 'dsv' for command environment
[0.234s] INFO:colcon.colcon_ros.task.ament_cmake.build:Building ROS package in '/home/dan/Projects/Mobile-Robots/project3_path_planning/prj3_ws/src/slam_pkg' with build type 'ament_cmake'
[0.234s] INFO:colcon.colcon_cmake.task.cmake.build:Building CMake package in '/home/dan/Projects/Mobile-Robots/project3_path_planning/prj3_ws/src/slam_pkg'
[0.234s] INFO:colcon.colcon_core.shell:Skip shell extension 'powershell' for command environment: Not usable outside of PowerShell
[0.234s] DEBUG:colcon.colcon_core.shell:Skip shell extension 'dsv' for command environment
[0.237s] INFO:colcon.colcon_ros.task.ament_cmake.build:Building ROS package in '/home/dan/Projects/Mobile-Robots/project3_path_planning/prj3_ws/src/wpr_simulation2' with build type 'ament_cmake'
[0.237s] INFO:colcon.colcon_cmake.task.cmake.build:Building CMake package in '/home/dan/Projects/Mobile-Robots/project3_path_planning/prj3_ws/src/wpr_simulation2'
[0.238s] INFO:colcon.colcon_core.shell:Skip shell extension 'powershell' for command environment: Not usable outside of PowerShell
[0.238s] DEBUG:colcon.colcon_core.shell:Skip shell extension 'dsv' for command environment
[0.244s] DEBUG:colcon.colcon_core.event_handler.log_command:Invoking command in '/home/dan/Projects/Mobile-Robots/project3_path_planning/prj3_ws/build/imu_pkg': CMAKE_PREFIX_PATH=${CMAKE_PREFIX_PATH}:/opt/ros/humble /usr/bin/cmake --build /home/dan/Projects/Mobile-Robots/project3_path_planning/prj3_ws/build/imu_pkg -- -j8 -l8
[0.246s] DEBUG:colcon.colcon_core.event_handler.log_command:Invoking command in '/home/dan/Projects/Mobile-Robots/project3_path_planning/prj3_ws/build/lidar_pkg': CMAKE_PREFIX_PATH=${CMAKE_PREFIX_PATH}:/opt/ros/humble /usr/bin/cmake --build /home/dan/Projects/Mobile-Robots/project3_path_planning/prj3_ws/build/lidar_pkg -- -j8 -l8
[0.249s] DEBUG:colcon.colcon_core.event_handler.log_command:Invoking command in '/home/dan/Projects/Mobile-Robots/project3_path_planning/prj3_ws/build/slam_pkg': CMAKE_PREFIX_PATH=${CMAKE_PREFIX_PATH}:/opt/ros/humble /usr/bin/cmake --build /home/dan/Projects/Mobile-Robots/project3_path_planning/prj3_ws/build/slam_pkg -- -j8 -l8
[0.253s] DEBUG:colcon.colcon_core.event_handler.log_command:Invoking command in '/home/dan/Projects/Mobile-Robots/project3_path_planning/prj3_ws/build/wpr_simulation2': CMAKE_PREFIX_PATH=${CMAKE_PREFIX_PATH}:/opt/ros/humble /usr/bin/cmake --build /home/dan/Projects/Mobile-Robots/project3_path_planning/prj3_ws/build/wpr_simulation2 -- -j8 -l8
[0.279s] DEBUG:colcon.colcon_core.event_handler.log_command:Invoked command in '/home/dan/Projects/Mobile-Robots/project3_path_planning/prj3_ws/build/slam_pkg' returned '0': CMAKE_PREFIX_PATH=${CMAKE_PREFIX_PATH}:/opt/ros/humble /usr/bin/cmake --build /home/dan/Projects/Mobile-Robots/project3_path_planning/prj3_ws/build/slam_pkg -- -j8 -l8
[0.289s] DEBUG:colcon.colcon_core.event_handler.log_command:Invoking command in '/home/dan/Projects/Mobile-Robots/project3_path_planning/prj3_ws/build/slam_pkg': CMAKE_PREFIX_PATH=${CMAKE_PREFIX_PATH}:/opt/ros/humble /usr/bin/cmake --install /home/dan/Projects/Mobile-Robots/project3_path_planning/prj3_ws/build/slam_pkg
[0.299s] Level 1:colcon.colcon_core.environment:create_environment_scripts_only(slam_pkg)
[0.301s] Level 1:colcon.colcon_core.environment:checking '/home/dan/Projects/Mobile-Robots/project3_path_planning/prj3_ws/install/slam_pkg' for CMake module files
[0.303s] DEBUG:colcon.colcon_core.event_handler.log_command:Invoked command in '/home/dan/Projects/Mobile-Robots/project3_path_planning/prj3_ws/build/slam_pkg' returned '0': CMAKE_PREFIX_PATH=${CMAKE_PREFIX_PATH}:/opt/ros/humble /usr/bin/cmake --install /home/dan/Projects/Mobile-Robots/project3_path_planning/prj3_ws/build/slam_pkg
[0.303s] Level 1:colcon.colcon_core.environment:checking '/home/dan/Projects/Mobile-Robots/project3_path_planning/prj3_ws/install/slam_pkg' for CMake config files
[0.304s] Level 1:colcon.colcon_core.shell:create_environment_hook('slam_pkg', 'cmake_prefix_path')
[0.304s] INFO:colcon.colcon_core.shell:Creating environment hook '/home/dan/Projects/Mobile-Robots/project3_path_planning/prj3_ws/install/slam_pkg/share/slam_pkg/hook/cmake_prefix_path.ps1'
[0.305s] INFO:colcon.colcon_core.shell:Creating environment descriptor '/home/dan/Projects/Mobile-Robots/project3_path_planning/prj3_ws/install/slam_pkg/share/slam_pkg/hook/cmake_prefix_path.dsv'
[0.305s] INFO:colcon.colcon_core.shell:Creating environment hook '/home/dan/Projects/Mobile-Robots/project3_path_planning/prj3_ws/install/slam_pkg/share/slam_pkg/hook/cmake_prefix_path.sh'
[0.306s] Level 1:colcon.colcon_core.environment:checking '/home/dan/Projects/Mobile-Robots/project3_path_planning/prj3_ws/install/slam_pkg/bin'
[0.306s] Level 1:colcon.colcon_core.environment:checking '/home/dan/Projects/Mobile-Robots/project3_path_planning/prj3_ws/install/slam_pkg/lib/pkgconfig/slam_pkg.pc'
[0.306s] Level 1:colcon.colcon_core.environment:checking '/home/dan/Projects/Mobile-Robots/project3_path_planning/prj3_ws/install/slam_pkg/lib/python3.10/site-packages'
[0.306s] Level 1:colcon.colcon_core.environment:checking '/home/dan/Projects/Mobile-Robots/project3_path_planning/prj3_ws/install/slam_pkg/bin'
[0.307s] INFO:colcon.colcon_core.shell:Creating package script '/home/dan/Projects/Mobile-Robots/project3_path_planning/prj3_ws/install/slam_pkg/share/slam_pkg/package.ps1'
[0.308s] INFO:colcon.colcon_core.shell:Creating package descriptor '/home/dan/Projects/Mobile-Robots/project3_path_planning/prj3_ws/install/slam_pkg/share/slam_pkg/package.dsv'
[0.308s] INFO:colcon.colcon_core.shell:Creating package script '/home/dan/Projects/Mobile-Robots/project3_path_planning/prj3_ws/install/slam_pkg/share/slam_pkg/package.sh'
[0.310s] INFO:colcon.colcon_core.shell:Creating package script '/home/dan/Projects/Mobile-Robots/project3_path_planning/prj3_ws/install/slam_pkg/share/slam_pkg/package.bash'
[0.314s] INFO:colcon.colcon_core.shell:Creating package script '/home/dan/Projects/Mobile-Robots/project3_path_planning/prj3_ws/install/slam_pkg/share/slam_pkg/package.zsh'
[0.315s] Level 1:colcon.colcon_core.environment:create_file_with_runtime_dependencies(/home/dan/Projects/Mobile-Robots/project3_path_planning/prj3_ws/install/slam_pkg/share/colcon-core/packages/slam_pkg)
[0.316s] Level 1:colcon.colcon_core.environment:create_environment_scripts_only(slam_pkg)
[0.316s] Level 1:colcon.colcon_core.environment:checking '/home/dan/Projects/Mobile-Robots/project3_path_planning/prj3_ws/install/slam_pkg' for CMake module files
[0.316s] Level 1:colcon.colcon_core.environment:checking '/home/dan/Projects/Mobile-Robots/project3_path_planning/prj3_ws/install/slam_pkg' for CMake config files
[0.317s] Level 1:colcon.colcon_core.shell:create_environment_hook('slam_pkg', 'cmake_prefix_path')
[0.317s] INFO:colcon.colcon_core.shell:Creating environment hook '/home/dan/Projects/Mobile-Robots/project3_path_planning/prj3_ws/install/slam_pkg/share/slam_pkg/hook/cmake_prefix_path.ps1'
[0.317s] INFO:colcon.colcon_core.shell:Creating environment descriptor '/home/dan/Projects/Mobile-Robots/project3_path_planning/prj3_ws/install/slam_pkg/share/slam_pkg/hook/cmake_prefix_path.dsv'
[0.318s] INFO:colcon.colcon_core.shell:Creating environment hook '/home/dan/Projects/Mobile-Robots/project3_path_planning/prj3_ws/install/slam_pkg/share/slam_pkg/hook/cmake_prefix_path.sh'
[0.320s] Level 1:colcon.colcon_core.environment:checking '/home/dan/Projects/Mobile-Robots/project3_path_planning/prj3_ws/install/slam_pkg/bin'
[0.320s] Level 1:colcon.colcon_core.environment:checking '/home/dan/Projects/Mobile-Robots/project3_path_planning/prj3_ws/install/slam_pkg/lib/pkgconfig/slam_pkg.pc'
[0.320s] Level 1:colcon.colcon_core.environment:checking '/home/dan/Projects/Mobile-Robots/project3_path_planning/prj3_ws/install/slam_pkg/lib/python3.10/site-packages'
[0.321s] Level 1:colcon.colcon_core.environment:checking '/home/dan/Projects/Mobile-Robots/project3_path_planning/prj3_ws/install/slam_pkg/bin'
[0.321s] INFO:colcon.colcon_core.shell:Creating package script '/home/dan/Projects/Mobile-Robots/project3_path_planning/prj3_ws/install/slam_pkg/share/slam_pkg/package.ps1'
[0.322s] INFO:colcon.colcon_core.shell:Creating package descriptor '/home/dan/Projects/Mobile-Robots/project3_path_planning/prj3_ws/install/slam_pkg/share/slam_pkg/package.dsv'
[0.322s] INFO:colcon.colcon_core.shell:Creating package script '/home/dan/Projects/Mobile-Robots/project3_path_planning/prj3_ws/install/slam_pkg/share/slam_pkg/package.sh'
[0.323s] INFO:colcon.colcon_core.shell:Creating package script '/home/dan/Projects/Mobile-Robots/project3_path_planning/prj3_ws/install/slam_pkg/share/slam_pkg/package.bash'
[0.323s] INFO:colcon.colcon_core.shell:Creating package script '/home/dan/Projects/Mobile-Robots/project3_path_planning/prj3_ws/install/slam_pkg/share/slam_pkg/package.zsh'
[0.324s] Level 1:colcon.colcon_core.environment:create_file_with_runtime_dependencies(/home/dan/Projects/Mobile-Robots/project3_path_planning/prj3_ws/install/slam_pkg/share/colcon-core/packages/slam_pkg)
[0.325s] DEBUG:colcon.colcon_core.event_handler.log_command:Invoked command in '/home/dan/Projects/Mobile-Robots/project3_path_planning/prj3_ws/build/lidar_pkg' returned '0': CMAKE_PREFIX_PATH=${CMAKE_PREFIX_PATH}:/opt/ros/humble /usr/bin/cmake --build /home/dan/Projects/Mobile-Robots/project3_path_planning/prj3_ws/build/lidar_pkg -- -j8 -l8
[0.326s] DEBUG:colcon.colcon_core.event_handler.log_command:Invoking command in '/home/dan/Projects/Mobile-Robots/project3_path_planning/prj3_ws/build/lidar_pkg': CMAKE_PREFIX_PATH=${CMAKE_PREFIX_PATH}:/opt/ros/humble /usr/bin/cmake --install /home/dan/Projects/Mobile-Robots/project3_path_planning/prj3_ws/build/lidar_pkg
[0.327s] DEBUG:colcon.colcon_core.event_handler.log_command:Invoked command in '/home/dan/Projects/Mobile-Robots/project3_path_planning/prj3_ws/build/imu_pkg' returned '0': CMAKE_PREFIX_PATH=${CMAKE_PREFIX_PATH}:/opt/ros/humble /usr/bin/cmake --build /home/dan/Projects/Mobile-Robots/project3_path_planning/prj3_ws/build/imu_pkg -- -j8 -l8
[0.329s] DEBUG:colcon.colcon_core.event_handler.log_command:Invoking command in '/home/dan/Projects/Mobile-Robots/project3_path_planning/prj3_ws/build/imu_pkg': CMAKE_PREFIX_PATH=${CMAKE_PREFIX_PATH}:/opt/ros/humble /usr/bin/cmake --install /home/dan/Projects/Mobile-Robots/project3_path_planning/prj3_ws/build/imu_pkg
[0.339s] Level 1:colcon.colcon_core.environment:create_environment_scripts_only(lidar_pkg)
[0.340s] Level 1:colcon.colcon_core.environment:checking '/home/dan/Projects/Mobile-Robots/project3_path_planning/prj3_ws/install/lidar_pkg' for CMake module files
[0.340s] Level 1:colcon.colcon_core.environment:checking '/home/dan/Projects/Mobile-Robots/project3_path_planning/prj3_ws/install/lidar_pkg' for CMake config files
[0.340s] Level 1:colcon.colcon_core.shell:create_environment_hook('lidar_pkg', 'cmake_prefix_path')
[0.340s] INFO:colcon.colcon_core.shell:Creating environment hook '/home/dan/Projects/Mobile-Robots/project3_path_planning/prj3_ws/install/lidar_pkg/share/lidar_pkg/hook/cmake_prefix_path.ps1'
[0.341s] INFO:colcon.colcon_core.shell:Creating environment descriptor '/home/dan/Projects/Mobile-Robots/project3_path_planning/prj3_ws/install/lidar_pkg/share/lidar_pkg/hook/cmake_prefix_path.dsv'
[0.342s] DEBUG:colcon.colcon_core.event_handler.log_command:Invoked command in '/home/dan/Projects/Mobile-Robots/project3_path_planning/prj3_ws/build/lidar_pkg' returned '0': CMAKE_PREFIX_PATH=${CMAKE_PREFIX_PATH}:/opt/ros/humble /usr/bin/cmake --install /home/dan/Projects/Mobile-Robots/project3_path_planning/prj3_ws/build/lidar_pkg
[0.342s] INFO:colcon.colcon_core.shell:Creating environment hook '/home/dan/Projects/Mobile-Robots/project3_path_planning/prj3_ws/install/lidar_pkg/share/lidar_pkg/hook/cmake_prefix_path.sh'
[0.344s] Level 1:colcon.colcon_core.environment:checking '/home/dan/Projects/Mobile-Robots/project3_path_planning/prj3_ws/install/lidar_pkg/lib'
[0.345s] Level 1:colcon.colcon_core.environment:checking '/home/dan/Projects/Mobile-Robots/project3_path_planning/prj3_ws/install/lidar_pkg/bin'
[0.345s] Level 1:colcon.colcon_core.environment:checking '/home/dan/Projects/Mobile-Robots/project3_path_planning/prj3_ws/install/lidar_pkg/lib/pkgconfig/lidar_pkg.pc'
[0.346s] Level 1:colcon.colcon_core.environment:checking '/home/dan/Projects/Mobile-Robots/project3_path_planning/prj3_ws/install/lidar_pkg/lib/python3.10/site-packages'
[0.346s] Level 1:colcon.colcon_core.environment:checking '/home/dan/Projects/Mobile-Robots/project3_path_planning/prj3_ws/install/lidar_pkg/bin'
[0.346s] INFO:colcon.colcon_core.shell:Creating package script '/home/dan/Projects/Mobile-Robots/project3_path_planning/prj3_ws/install/lidar_pkg/share/lidar_pkg/package.ps1'
[0.347s] INFO:colcon.colcon_core.shell:Creating package descriptor '/home/dan/Projects/Mobile-Robots/project3_path_planning/prj3_ws/install/lidar_pkg/share/lidar_pkg/package.dsv'
[0.347s] INFO:colcon.colcon_core.shell:Creating package script '/home/dan/Projects/Mobile-Robots/project3_path_planning/prj3_ws/install/lidar_pkg/share/lidar_pkg/package.sh'
[0.348s] INFO:colcon.colcon_core.shell:Creating package script '/home/dan/Projects/Mobile-Robots/project3_path_planning/prj3_ws/install/lidar_pkg/share/lidar_pkg/package.bash'
[0.348s] INFO:colcon.colcon_core.shell:Creating package script '/home/dan/Projects/Mobile-Robots/project3_path_planning/prj3_ws/install/lidar_pkg/share/lidar_pkg/package.zsh'
[0.348s] Level 1:colcon.colcon_core.environment:create_file_with_runtime_dependencies(/home/dan/Projects/Mobile-Robots/project3_path_planning/prj3_ws/install/lidar_pkg/share/colcon-core/packages/lidar_pkg)
[0.349s] Level 1:colcon.colcon_core.environment:create_environment_scripts_only(lidar_pkg)
[0.349s] Level 1:colcon.colcon_core.environment:checking '/home/dan/Projects/Mobile-Robots/project3_path_planning/prj3_ws/install/lidar_pkg' for CMake module files
[0.350s] Level 1:colcon.colcon_core.environment:checking '/home/dan/Projects/Mobile-Robots/project3_path_planning/prj3_ws/install/lidar_pkg' for CMake config files
[0.350s] Level 1:colcon.colcon_core.shell:create_environment_hook('lidar_pkg', 'cmake_prefix_path')
[0.350s] INFO:colcon.colcon_core.shell:Creating environment hook '/home/dan/Projects/Mobile-Robots/project3_path_planning/prj3_ws/install/lidar_pkg/share/lidar_pkg/hook/cmake_prefix_path.ps1'
[0.350s] INFO:colcon.colcon_core.shell:Creating environment descriptor '/home/dan/Projects/Mobile-Robots/project3_path_planning/prj3_ws/install/lidar_pkg/share/lidar_pkg/hook/cmake_prefix_path.dsv'
[0.351s] INFO:colcon.colcon_core.shell:Creating environment hook '/home/dan/Projects/Mobile-Robots/project3_path_planning/prj3_ws/install/lidar_pkg/share/lidar_pkg/hook/cmake_prefix_path.sh'
[0.351s] Level 1:colcon.colcon_core.environment:checking '/home/dan/Projects/Mobile-Robots/project3_path_planning/prj3_ws/install/lidar_pkg/lib'
[0.351s] Level 1:colcon.colcon_core.environment:checking '/home/dan/Projects/Mobile-Robots/project3_path_planning/prj3_ws/install/lidar_pkg/bin'
[0.351s] Level 1:colcon.colcon_core.environment:checking '/home/dan/Projects/Mobile-Robots/project3_path_planning/prj3_ws/install/lidar_pkg/lib/pkgconfig/lidar_pkg.pc'
[0.352s] Level 1:colcon.colcon_core.environment:checking '/home/dan/Projects/Mobile-Robots/project3_path_planning/prj3_ws/install/lidar_pkg/lib/python3.10/site-packages'
[0.352s] Level 1:colcon.colcon_core.environment:checking '/home/dan/Projects/Mobile-Robots/project3_path_planning/prj3_ws/install/lidar_pkg/bin'
[0.352s] INFO:colcon.colcon_core.shell:Creating package script '/home/dan/Projects/Mobile-Robots/project3_path_planning/prj3_ws/install/lidar_pkg/share/lidar_pkg/package.ps1'
[0.353s] INFO:colcon.colcon_core.shell:Creating package descriptor '/home/dan/Projects/Mobile-Robots/project3_path_planning/prj3_ws/install/lidar_pkg/share/lidar_pkg/package.dsv'
[0.353s] INFO:colcon.colcon_core.shell:Creating package script '/home/dan/Projects/Mobile-Robots/project3_path_planning/prj3_ws/install/lidar_pkg/share/lidar_pkg/package.sh'
[0.354s] INFO:colcon.colcon_core.shell:Creating package script '/home/dan/Projects/Mobile-Robots/project3_path_planning/prj3_ws/install/lidar_pkg/share/lidar_pkg/package.bash'
[0.354s] INFO:colcon.colcon_core.shell:Creating package script '/home/dan/Projects/Mobile-Robots/project3_path_planning/prj3_ws/install/lidar_pkg/share/lidar_pkg/package.zsh'
[0.354s] Level 1:colcon.colcon_core.environment:create_file_with_runtime_dependencies(/home/dan/Projects/Mobile-Robots/project3_path_planning/prj3_ws/install/lidar_pkg/share/colcon-core/packages/lidar_pkg)
[0.356s] Level 1:colcon.colcon_core.environment:create_environment_scripts_only(imu_pkg)
[0.356s] Level 1:colcon.colcon_core.environment:checking '/home/dan/Projects/Mobile-Robots/project3_path_planning/prj3_ws/install/imu_pkg' for CMake module files
[0.357s] DEBUG:colcon.colcon_core.event_handler.log_command:Invoked command in '/home/dan/Projects/Mobile-Robots/project3_path_planning/prj3_ws/build/imu_pkg' returned '0': CMAKE_PREFIX_PATH=${CMAKE_PREFIX_PATH}:/opt/ros/humble /usr/bin/cmake --install /home/dan/Projects/Mobile-Robots/project3_path_planning/prj3_ws/build/imu_pkg
[0.357s] Level 1:colcon.colcon_core.environment:checking '/home/dan/Projects/Mobile-Robots/project3_path_planning/prj3_ws/install/imu_pkg' for CMake config files
[0.360s] Level 1:colcon.colcon_core.shell:create_environment_hook('imu_pkg', 'cmake_prefix_path')
[0.361s] INFO:colcon.colcon_core.shell:Creating environment hook '/home/dan/Projects/Mobile-Robots/project3_path_planning/prj3_ws/install/imu_pkg/share/imu_pkg/hook/cmake_prefix_path.ps1'
[0.361s] INFO:colcon.colcon_core.shell:Creating environment descriptor '/home/dan/Projects/Mobile-Robots/project3_path_planning/prj3_ws/install/imu_pkg/share/imu_pkg/hook/cmake_prefix_path.dsv'
[0.362s] INFO:colcon.colcon_core.shell:Creating environment hook '/home/dan/Projects/Mobile-Robots/project3_path_planning/prj3_ws/install/imu_pkg/share/imu_pkg/hook/cmake_prefix_path.sh'
[0.362s] Level 1:colcon.colcon_core.environment:checking '/home/dan/Projects/Mobile-Robots/project3_path_planning/prj3_ws/install/imu_pkg/lib'
[0.363s] Level 1:colcon.colcon_core.environment:checking '/home/dan/Projects/Mobile-Robots/project3_path_planning/prj3_ws/install/imu_pkg/bin'
[0.363s] Level 1:colcon.colcon_core.environment:checking '/home/dan/Projects/Mobile-Robots/project3_path_planning/prj3_ws/install/imu_pkg/lib/pkgconfig/imu_pkg.pc'
[0.363s] Level 1:colcon.colcon_core.environment:checking '/home/dan/Projects/Mobile-Robots/project3_path_planning/prj3_ws/install/imu_pkg/lib/python3.10/site-packages'
[0.363s] Level 1:colcon.colcon_core.environment:checking '/home/dan/Projects/Mobile-Robots/project3_path_planning/prj3_ws/install/imu_pkg/bin'
[0.363s] INFO:colcon.colcon_core.shell:Creating package script '/home/dan/Projects/Mobile-Robots/project3_path_planning/prj3_ws/install/imu_pkg/share/imu_pkg/package.ps1'
[0.364s] INFO:colcon.colcon_core.shell:Creating package descriptor '/home/dan/Projects/Mobile-Robots/project3_path_planning/prj3_ws/install/imu_pkg/share/imu_pkg/package.dsv'
[0.364s] INFO:colcon.colcon_core.shell:Creating package script '/home/dan/Projects/Mobile-Robots/project3_path_planning/prj3_ws/install/imu_pkg/share/imu_pkg/package.sh'
[0.364s] INFO:colcon.colcon_core.shell:Creating package script '/home/dan/Projects/Mobile-Robots/project3_path_planning/prj3_ws/install/imu_pkg/share/imu_pkg/package.bash'
[0.365s] INFO:colcon.colcon_core.shell:Creating package script '/home/dan/Projects/Mobile-Robots/project3_path_planning/prj3_ws/install/imu_pkg/share/imu_pkg/package.zsh'
[0.365s] Level 1:colcon.colcon_core.environment:create_file_with_runtime_dependencies(/home/dan/Projects/Mobile-Robots/project3_path_planning/prj3_ws/install/imu_pkg/share/colcon-core/packages/imu_pkg)
[0.366s] Level 1:colcon.colcon_core.environment:create_environment_scripts_only(imu_pkg)
[0.366s] Level 1:colcon.colcon_core.environment:checking '/home/dan/Projects/Mobile-Robots/project3_path_planning/prj3_ws/install/imu_pkg' for CMake module files
[0.367s] Level 1:colcon.colcon_core.environment:checking '/home/dan/Projects/Mobile-Robots/project3_path_planning/prj3_ws/install/imu_pkg' for CMake config files
[0.367s] Level 1:colcon.colcon_core.shell:create_environment_hook('imu_pkg', 'cmake_prefix_path')
[0.367s] INFO:colcon.colcon_core.shell:Creating environment hook '/home/dan/Projects/Mobile-Robots/project3_path_planning/prj3_ws/install/imu_pkg/share/imu_pkg/hook/cmake_prefix_path.ps1'
[0.367s] INFO:colcon.colcon_core.shell:Creating environment descriptor '/home/dan/Projects/Mobile-Robots/project3_path_planning/prj3_ws/install/imu_pkg/share/imu_pkg/hook/cmake_prefix_path.dsv'
[0.368s] INFO:colcon.colcon_core.shell:Creating environment hook '/home/dan/Projects/Mobile-Robots/project3_path_planning/prj3_ws/install/imu_pkg/share/imu_pkg/hook/cmake_prefix_path.sh'
[0.368s] Level 1:colcon.colcon_core.environment:checking '/home/dan/Projects/Mobile-Robots/project3_path_planning/prj3_ws/install/imu_pkg/lib'
[0.368s] Level 1:colcon.colcon_core.environment:checking '/home/dan/Projects/Mobile-Robots/project3_path_planning/prj3_ws/install/imu_pkg/bin'
[0.368s] Level 1:colcon.colcon_core.environment:checking '/home/dan/Projects/Mobile-Robots/project3_path_planning/prj3_ws/install/imu_pkg/lib/pkgconfig/imu_pkg.pc'
[0.369s] Level 1:colcon.colcon_core.environment:checking '/home/dan/Projects/Mobile-Robots/project3_path_planning/prj3_ws/install/imu_pkg/lib/python3.10/site-packages'
[0.369s] Level 1:colcon.colcon_core.environment:checking '/home/dan/Projects/Mobile-Robots/project3_path_planning/prj3_ws/install/imu_pkg/bin'
[0.369s] INFO:colcon.colcon_core.shell:Creating package script '/home/dan/Projects/Mobile-Robots/project3_path_planning/prj3_ws/install/imu_pkg/share/imu_pkg/package.ps1'
[0.370s] INFO:colcon.colcon_core.shell:Creating package descriptor '/home/dan/Projects/Mobile-Robots/project3_path_planning/prj3_ws/install/imu_pkg/share/imu_pkg/package.dsv'
[0.370s] INFO:colcon.colcon_core.shell:Creating package script '/home/dan/Projects/Mobile-Robots/project3_path_planning/prj3_ws/install/imu_pkg/share/imu_pkg/package.sh'
[0.371s] INFO:colcon.colcon_core.shell:Creating package script '/home/dan/Projects/Mobile-Robots/project3_path_planning/prj3_ws/install/imu_pkg/share/imu_pkg/package.bash'
[0.371s] INFO:colcon.colcon_core.shell:Creating package script '/home/dan/Projects/Mobile-Robots/project3_path_planning/prj3_ws/install/imu_pkg/share/imu_pkg/package.zsh'
[0.372s] Level 1:colcon.colcon_core.environment:create_file_with_runtime_dependencies(/home/dan/Projects/Mobile-Robots/project3_path_planning/prj3_ws/install/imu_pkg/share/colcon-core/packages/imu_pkg)
[0.582s] DEBUG:colcon.colcon_core.event_handler.log_command:Invoked command in '/home/dan/Projects/Mobile-Robots/project3_path_planning/prj3_ws/build/wpr_simulation2' returned '0': CMAKE_PREFIX_PATH=${CMAKE_PREFIX_PATH}:/opt/ros/humble /usr/bin/cmake --build /home/dan/Projects/Mobile-Robots/project3_path_planning/prj3_ws/build/wpr_simulation2 -- -j8 -l8
[0.583s] DEBUG:colcon.colcon_core.event_handler.log_command:Invoking command in '/home/dan/Projects/Mobile-Robots/project3_path_planning/prj3_ws/build/wpr_simulation2': CMAKE_PREFIX_PATH=${CMAKE_PREFIX_PATH}:/opt/ros/humble /usr/bin/cmake --install /home/dan/Projects/Mobile-Robots/project3_path_planning/prj3_ws/build/wpr_simulation2
[0.637s] Level 1:colcon.colcon_core.environment:create_environment_scripts_only(wpr_simulation2)
[0.637s] Level 1:colcon.colcon_core.environment:checking '/home/dan/Projects/Mobile-Robots/project3_path_planning/prj3_ws/install/wpr_simulation2' for CMake module files
[0.638s] DEBUG:colcon.colcon_core.event_handler.log_command:Invoked command in '/home/dan/Projects/Mobile-Robots/project3_path_planning/prj3_ws/build/wpr_simulation2' returned '0': CMAKE_PREFIX_PATH=${CMAKE_PREFIX_PATH}:/opt/ros/humble /usr/bin/cmake --install /home/dan/Projects/Mobile-Robots/project3_path_planning/prj3_ws/build/wpr_simulation2
[0.638s] Level 1:colcon.colcon_core.environment:checking '/home/dan/Projects/Mobile-Robots/project3_path_planning/prj3_ws/install/wpr_simulation2' for CMake config files
[0.638s] Level 1:colcon.colcon_core.shell:create_environment_hook('wpr_simulation2', 'cmake_prefix_path')
[0.639s] INFO:colcon.colcon_core.shell:Creating environment hook '/home/dan/Projects/Mobile-Robots/project3_path_planning/prj3_ws/install/wpr_simulation2/share/wpr_simulation2/hook/cmake_prefix_path.ps1'
[0.639s] INFO:colcon.colcon_core.shell:Creating environment descriptor '/home/dan/Projects/Mobile-Robots/project3_path_planning/prj3_ws/install/wpr_simulation2/share/wpr_simulation2/hook/cmake_prefix_path.dsv'
[0.639s] INFO:colcon.colcon_core.shell:Creating environment hook '/home/dan/Projects/Mobile-Robots/project3_path_planning/prj3_ws/install/wpr_simulation2/share/wpr_simulation2/hook/cmake_prefix_path.sh'
[0.640s] Level 1:colcon.colcon_core.environment:checking '/home/dan/Projects/Mobile-Robots/project3_path_planning/prj3_ws/install/wpr_simulation2/lib'
[0.640s] Level 1:colcon.colcon_core.shell:create_environment_hook('wpr_simulation2', 'ld_library_path_lib')
[0.640s] INFO:colcon.colcon_core.shell:Creating environment hook '/home/dan/Projects/Mobile-Robots/project3_path_planning/prj3_ws/install/wpr_simulation2/share/wpr_simulation2/hook/ld_library_path_lib.ps1'
[0.640s] INFO:colcon.colcon_core.shell:Creating environment descriptor '/home/dan/Projects/Mobile-Robots/project3_path_planning/prj3_ws/install/wpr_simulation2/share/wpr_simulation2/hook/ld_library_path_lib.dsv'
[0.640s] INFO:colcon.colcon_core.shell:Creating environment hook '/home/dan/Projects/Mobile-Robots/project3_path_planning/prj3_ws/install/wpr_simulation2/share/wpr_simulation2/hook/ld_library_path_lib.sh'
[0.641s] Level 1:colcon.colcon_core.environment:checking '/home/dan/Projects/Mobile-Robots/project3_path_planning/prj3_ws/install/wpr_simulation2/bin'
[0.641s] Level 1:colcon.colcon_core.environment:checking '/home/dan/Projects/Mobile-Robots/project3_path_planning/prj3_ws/install/wpr_simulation2/lib/pkgconfig/wpr_simulation2.pc'
[0.641s] Level 1:colcon.colcon_core.environment:checking '/home/dan/Projects/Mobile-Robots/project3_path_planning/prj3_ws/install/wpr_simulation2/lib/python3.10/site-packages'
[0.641s] Level 1:colcon.colcon_core.environment:checking '/home/dan/Projects/Mobile-Robots/project3_path_planning/prj3_ws/install/wpr_simulation2/bin'
[0.641s] INFO:colcon.colcon_core.shell:Creating package script '/home/dan/Projects/Mobile-Robots/project3_path_planning/prj3_ws/install/wpr_simulation2/share/wpr_simulation2/package.ps1'
[0.642s] INFO:colcon.colcon_core.shell:Creating package descriptor '/home/dan/Projects/Mobile-Robots/project3_path_planning/prj3_ws/install/wpr_simulation2/share/wpr_simulation2/package.dsv'
[0.642s] INFO:colcon.colcon_core.shell:Creating package script '/home/dan/Projects/Mobile-Robots/project3_path_planning/prj3_ws/install/wpr_simulation2/share/wpr_simulation2/package.sh'
[0.642s] INFO:colcon.colcon_core.shell:Creating package script '/home/dan/Projects/Mobile-Robots/project3_path_planning/prj3_ws/install/wpr_simulation2/share/wpr_simulation2/package.bash'
[0.643s] INFO:colcon.colcon_core.shell:Creating package script '/home/dan/Projects/Mobile-Robots/project3_path_planning/prj3_ws/install/wpr_simulation2/share/wpr_simulation2/package.zsh'
[0.643s] Level 1:colcon.colcon_core.environment:create_file_with_runtime_dependencies(/home/dan/Projects/Mobile-Robots/project3_path_planning/prj3_ws/install/wpr_simulation2/share/colcon-core/packages/wpr_simulation2)
[0.644s] Level 1:colcon.colcon_core.environment:create_environment_scripts_only(wpr_simulation2)
[0.644s] Level 1:colcon.colcon_core.environment:checking '/home/dan/Projects/Mobile-Robots/project3_path_planning/prj3_ws/install/wpr_simulation2' for CMake module files
[0.644s] Level 1:colcon.colcon_core.environment:checking '/home/dan/Projects/Mobile-Robots/project3_path_planning/prj3_ws/install/wpr_simulation2' for CMake config files
[0.645s] Level 1:colcon.colcon_core.shell:create_environment_hook('wpr_simulation2', 'cmake_prefix_path')
[0.645s] INFO:colcon.colcon_core.shell:Creating environment hook '/home/dan/Projects/Mobile-Robots/project3_path_planning/prj3_ws/install/wpr_simulation2/share/wpr_simulation2/hook/cmake_prefix_path.ps1'
[0.645s] INFO:colcon.colcon_core.shell:Creating environment descriptor '/home/dan/Projects/Mobile-Robots/project3_path_planning/prj3_ws/install/wpr_simulation2/share/wpr_simulation2/hook/cmake_prefix_path.dsv'
[0.646s] INFO:colcon.colcon_core.shell:Creating environment hook '/home/dan/Projects/Mobile-Robots/project3_path_planning/prj3_ws/install/wpr_simulation2/share/wpr_simulation2/hook/cmake_prefix_path.sh'
[0.646s] Level 1:colcon.colcon_core.environment:checking '/home/dan/Projects/Mobile-Robots/project3_path_planning/prj3_ws/install/wpr_simulation2/lib'
[0.646s] Level 1:colcon.colcon_core.shell:create_environment_hook('wpr_simulation2', 'ld_library_path_lib')
[0.646s] INFO:colcon.colcon_core.shell:Creating environment hook '/home/dan/Projects/Mobile-Robots/project3_path_planning/prj3_ws/install/wpr_simulation2/share/wpr_simulation2/hook/ld_library_path_lib.ps1'
[0.647s] INFO:colcon.colcon_core.shell:Creating environment descriptor '/home/dan/Projects/Mobile-Robots/project3_path_planning/prj3_ws/install/wpr_simulation2/share/wpr_simulation2/hook/ld_library_path_lib.dsv'
[0.647s] INFO:colcon.colcon_core.shell:Creating environment hook '/home/dan/Projects/Mobile-Robots/project3_path_planning/prj3_ws/install/wpr_simulation2/share/wpr_simulation2/hook/ld_library_path_lib.sh'
[0.647s] Level 1:colcon.colcon_core.environment:checking '/home/dan/Projects/Mobile-Robots/project3_path_planning/prj3_ws/install/wpr_simulation2/bin'
[0.647s] Level 1:colcon.colcon_core.environment:checking '/home/dan/Projects/Mobile-Robots/project3_path_planning/prj3_ws/install/wpr_simulation2/lib/pkgconfig/wpr_simulation2.pc'
[0.647s] Level 1:colcon.colcon_core.environment:checking '/home/dan/Projects/Mobile-Robots/project3_path_planning/prj3_ws/install/wpr_simulation2/lib/python3.10/site-packages'
[0.647s] Level 1:colcon.colcon_core.environment:checking '/home/dan/Projects/Mobile-Robots/project3_path_planning/prj3_ws/install/wpr_simulation2/bin'
[0.648s] INFO:colcon.colcon_core.shell:Creating package script '/home/dan/Projects/Mobile-Robots/project3_path_planning/prj3_ws/install/wpr_simulation2/share/wpr_simulation2/package.ps1'
[0.648s] INFO:colcon.colcon_core.shell:Creating package descriptor '/home/dan/Projects/Mobile-Robots/project3_path_planning/prj3_ws/install/wpr_simulation2/share/wpr_simulation2/package.dsv'
[0.648s] INFO:colcon.colcon_core.shell:Creating package script '/home/dan/Projects/Mobile-Robots/project3_path_planning/prj3_ws/install/wpr_simulation2/share/wpr_simulation2/package.sh'
[0.649s] INFO:colcon.colcon_core.shell:Creating package script '/home/dan/Projects/Mobile-Robots/project3_path_planning/prj3_ws/install/wpr_simulation2/share/wpr_simulation2/package.bash'
[0.649s] INFO:colcon.colcon_core.shell:Creating package script '/home/dan/Projects/Mobile-Robots/project3_path_planning/prj3_ws/install/wpr_simulation2/share/wpr_simulation2/package.zsh'
[0.649s] Level 1:colcon.colcon_core.environment:create_file_with_runtime_dependencies(/home/dan/Projects/Mobile-Robots/project3_path_planning/prj3_ws/install/wpr_simulation2/share/colcon-core/packages/wpr_simulation2)
[0.649s] DEBUG:colcon.colcon_parallel_executor.executor.parallel:closing loop
[0.649s] DEBUG:colcon.colcon_parallel_executor.executor.parallel:loop closed
[0.649s] DEBUG:colcon.colcon_parallel_executor.executor.parallel:run_until_complete finished with '0'
[0.650s] DEBUG:colcon.colcon_core.event_reactor:joining thread
[0.653s] INFO:colcon.colcon_core.plugin_system:Skipping extension 'colcon_notification.desktop_notification.terminal_notifier': Not used on non-Darwin systems
[0.653s] INFO:colcon.colcon_core.plugin_system:Skipping extension 'colcon_notification.desktop_notification.win32': Not used on non-Windows systems
[0.653s] INFO:colcon.colcon_notification.desktop_notification:Sending desktop notification using 'notify2'
[0.660s] DEBUG:colcon.colcon_core.event_reactor:joined thread
[0.660s] INFO:colcon.colcon_core.shell:Creating prefix script '/home/dan/Projects/Mobile-Robots/project3_path_planning/prj3_ws/install/local_setup.ps1'
[0.661s] INFO:colcon.colcon_core.shell:Creating prefix util module '/home/dan/Projects/Mobile-Robots/project3_path_planning/prj3_ws/install/_local_setup_util_ps1.py'
[0.662s] INFO:colcon.colcon_core.shell:Creating prefix chain script '/home/dan/Projects/Mobile-Robots/project3_path_planning/prj3_ws/install/setup.ps1'
[0.663s] INFO:colcon.colcon_core.shell:Creating prefix script '/home/dan/Projects/Mobile-Robots/project3_path_planning/prj3_ws/install/local_setup.sh'
[0.664s] INFO:colcon.colcon_core.shell:Creating prefix util module '/home/dan/Projects/Mobile-Robots/project3_path_planning/prj3_ws/install/_local_setup_util_sh.py'
[0.664s] INFO:colcon.colcon_core.shell:Creating prefix chain script '/home/dan/Projects/Mobile-Robots/project3_path_planning/prj3_ws/install/setup.sh'
[0.665s] INFO:colcon.colcon_core.shell:Creating prefix script '/home/dan/Projects/Mobile-Robots/project3_path_planning/prj3_ws/install/local_setup.bash'
[0.666s] INFO:colcon.colcon_core.shell:Creating prefix chain script '/home/dan/Projects/Mobile-Robots/project3_path_planning/prj3_ws/install/setup.bash'
[0.667s] INFO:colcon.colcon_core.shell:Creating prefix script '/home/dan/Projects/Mobile-Robots/project3_path_planning/prj3_ws/install/local_setup.zsh'
[0.667s] INFO:colcon.colcon_core.shell:Creating prefix chain script '/home/dan/Projects/Mobile-Robots/project3_path_planning/prj3_ws/install/setup.zsh'
