[0.068s] DEBUG:colcon:Command line arguments: ['/usr/bin/colcon', 'build']
[0.068s] DEBUG:colcon:Parsed command line arguments: Namespace(log_base=None, log_level=None, verb_name='build', build_base='build', install_base='install', merge_install=False, symlink_install=False, test_result_base=None, continue_on_error=False, executor='parallel', parallel_workers=8, event_handlers=None, ignore_user_meta=False, metas=['./colcon.meta'], base_paths=['.'], packages_ignore=None, packages_ignore_regex=None, paths=None, packages_up_to=None, packages_up_to_regex=None, packages_above=None, packages_above_and_dependencies=None, packages_above_depth=None, packages_select_by_dep=None, packages_skip_by_dep=None, packages_skip_up_to=None, packages_select_build_failed=False, packages_skip_build_finished=False, packages_select_test_failures=False, packages_skip_test_passed=False, packages_select=None, packages_skip=None, packages_select_regex=None, packages_skip_regex=None, packages_start=None, packages_end=None, allow_overriding=[], cmake_args=None, cmake_target=None, cmake_target_skip_unavailable=False, cmake_clean_cache=False, cmake_clean_first=False, cmake_force_configure=False, ament_cmake_args=None, catkin_cmake_args=None, catkin_skip_building_tests=False, mixin_files=None, mixin=None, verb_parser=<colcon_mixin.mixin.mixin_argument.MixinArgumentDecorator object at 0x7937f06d6770>, verb_extension=<colcon_core.verb.build.BuildVerb object at 0x7937f06d61a0>, main=<bound method BuildVerb.main of <colcon_core.verb.build.BuildVerb object at 0x7937f06d61a0>>, mixin_verb=('build',))
[0.169s] Level 1:colcon.colcon_core.package_discovery:discover_packages(colcon_meta) check parameters
[0.169s] Level 1:colcon.colcon_core.package_discovery:discover_packages(recursive) check parameters
[0.169s] Level 1:colcon.colcon_core.package_discovery:discover_packages(ignore) check parameters
[0.169s] Level 1:colcon.colcon_core.package_discovery:discover_packages(path) check parameters
[0.169s] Level 1:colcon.colcon_core.package_discovery:discover_packages(colcon_meta) discover
[0.169s] Level 1:colcon.colcon_core.package_discovery:discover_packages(recursive) discover
[0.169s] INFO:colcon.colcon_core.package_discovery:Crawling recursively for packages in '/home/dan/Projects/Mobile-Robots/project3_path_planning/prj3_ws'
[0.169s] Level 1:colcon.colcon_core.package_identification:_identify(.) by extensions ['ignore', 'ignore_ament_install']
[0.169s] Level 1:colcon.colcon_core.package_identification:_identify(.) by extension 'ignore'
[0.169s] Level 1:colcon.colcon_core.package_identification:_identify(.) by extension 'ignore_ament_install'
[0.169s] Level 1:colcon.colcon_core.package_identification:_identify(.) by extensions ['colcon_pkg']
[0.169s] Level 1:colcon.colcon_core.package_identification:_identify(.) by extension 'colcon_pkg'
[0.169s] Level 1:colcon.colcon_core.package_identification:_identify(.) by extensions ['colcon_meta']
[0.169s] Level 1:colcon.colcon_core.package_identification:_identify(.) by extension 'colcon_meta'
[0.169s] Level 1:colcon.colcon_core.package_identification:_identify(.) by extensions ['ros']
[0.169s] Level 1:colcon.colcon_core.package_identification:_identify(.) by extension 'ros'
[0.183s] Level 1:colcon.colcon_core.package_identification:_identify(.) by extensions ['cmake', 'python']
[0.183s] Level 1:colcon.colcon_core.package_identification:_identify(.) by extension 'cmake'
[0.183s] Level 1:colcon.colcon_core.package_identification:_identify(.) by extension 'python'
[0.183s] Level 1:colcon.colcon_core.package_identification:_identify(.) by extensions ['python_setup_py']
[0.183s] Level 1:colcon.colcon_core.package_identification:_identify(.) by extension 'python_setup_py'
[0.183s] Level 1:colcon.colcon_core.package_identification:_identify(build) by extensions ['ignore', 'ignore_ament_install']
[0.183s] Level 1:colcon.colcon_core.package_identification:_identify(build) by extension 'ignore'
[0.183s] Level 1:colcon.colcon_core.package_identification:_identify(build) ignored
[0.183s] Level 1:colcon.colcon_core.package_identification:_identify(install) by extensions ['ignore', 'ignore_ament_install']
[0.183s] Level 1:colcon.colcon_core.package_identification:_identify(install) by extension 'ignore'
[0.183s] Level 1:colcon.colcon_core.package_identification:_identify(install) ignored
[0.183s] Level 1:colcon.colcon_core.package_identification:_identify(log) by extensions ['ignore', 'ignore_ament_install']
[0.183s] Level 1:colcon.colcon_core.package_identification:_identify(log) by extension 'ignore'
[0.183s] Level 1:colcon.colcon_core.package_identification:_identify(log) ignored
[0.183s] Level 1:colcon.colcon_core.package_identification:_identify(src) by extensions ['ignore', 'ignore_ament_install']
[0.184s] Level 1:colcon.colcon_core.package_identification:_identify(src) by extension 'ignore'
[0.184s] Level 1:colcon.colcon_core.package_identification:_identify(src) by extension 'ignore_ament_install'
[0.184s] Level 1:colcon.colcon_core.package_identification:_identify(src) by extensions ['colcon_pkg']
[0.184s] Level 1:colcon.colcon_core.package_identification:_identify(src) by extension 'colcon_pkg'
[0.184s] Level 1:colcon.colcon_core.package_identification:_identify(src) by extensions ['colcon_meta']
[0.184s] Level 1:colcon.colcon_core.package_identification:_identify(src) by extension 'colcon_meta'
[0.184s] Level 1:colcon.colcon_core.package_identification:_identify(src) by extensions ['ros']
[0.184s] Level 1:colcon.colcon_core.package_identification:_identify(src) by extension 'ros'
[0.184s] Level 1:colcon.colcon_core.package_identification:_identify(src) by extensions ['cmake', 'python']
[0.184s] Level 1:colcon.colcon_core.package_identification:_identify(src) by extension 'cmake'
[0.184s] Level 1:colcon.colcon_core.package_identification:_identify(src) by extension 'python'
[0.184s] Level 1:colcon.colcon_core.package_identification:_identify(src) by extensions ['python_setup_py']
[0.184s] Level 1:colcon.colcon_core.package_identification:_identify(src) by extension 'python_setup_py'
[0.184s] Level 1:colcon.colcon_core.package_identification:_identify(src/imu_pkg) by extensions ['ignore', 'ignore_ament_install']
[0.184s] Level 1:colcon.colcon_core.package_identification:_identify(src/imu_pkg) by extension 'ignore'
[0.184s] Level 1:colcon.colcon_core.package_identification:_identify(src/imu_pkg) by extension 'ignore_ament_install'
[0.184s] Level 1:colcon.colcon_core.package_identification:_identify(src/imu_pkg) by extensions ['colcon_pkg']
[0.184s] Level 1:colcon.colcon_core.package_identification:_identify(src/imu_pkg) by extension 'colcon_pkg'
[0.184s] Level 1:colcon.colcon_core.package_identification:_identify(src/imu_pkg) by extensions ['colcon_meta']
[0.184s] Level 1:colcon.colcon_core.package_identification:_identify(src/imu_pkg) by extension 'colcon_meta'
[0.184s] Level 1:colcon.colcon_core.package_identification:_identify(src/imu_pkg) by extensions ['ros']
[0.184s] Level 1:colcon.colcon_core.package_identification:_identify(src/imu_pkg) by extension 'ros'
[0.186s] DEBUG:colcon.colcon_core.package_identification:Package 'src/imu_pkg' with type 'ros.ament_cmake' and name 'imu_pkg'
[0.186s] Level 1:colcon.colcon_core.package_identification:_identify(src/lidar_pkg) by extensions ['ignore', 'ignore_ament_install']
[0.186s] Level 1:colcon.colcon_core.package_identification:_identify(src/lidar_pkg) by extension 'ignore'
[0.186s] Level 1:colcon.colcon_core.package_identification:_identify(src/lidar_pkg) by extension 'ignore_ament_install'
[0.186s] Level 1:colcon.colcon_core.package_identification:_identify(src/lidar_pkg) by extensions ['colcon_pkg']
[0.186s] Level 1:colcon.colcon_core.package_identification:_identify(src/lidar_pkg) by extension 'colcon_pkg'
[0.186s] Level 1:colcon.colcon_core.package_identification:_identify(src/lidar_pkg) by extensions ['colcon_meta']
[0.186s] Level 1:colcon.colcon_core.package_identification:_identify(src/lidar_pkg) by extension 'colcon_meta'
[0.186s] Level 1:colcon.colcon_core.package_identification:_identify(src/lidar_pkg) by extensions ['ros']
[0.186s] Level 1:colcon.colcon_core.package_identification:_identify(src/lidar_pkg) by extension 'ros'
[0.187s] DEBUG:colcon.colcon_core.package_identification:Package 'src/lidar_pkg' with type 'ros.ament_cmake' and name 'lidar_pkg'
[0.187s] Level 1:colcon.colcon_core.package_identification:_identify(src/slam_pkg) by extensions ['ignore', 'ignore_ament_install']
[0.187s] Level 1:colcon.colcon_core.package_identification:_identify(src/slam_pkg) by extension 'ignore'
[0.187s] Level 1:colcon.colcon_core.package_identification:_identify(src/slam_pkg) by extension 'ignore_ament_install'
[0.187s] Level 1:colcon.colcon_core.package_identification:_identify(src/slam_pkg) by extensions ['colcon_pkg']
[0.187s] Level 1:colcon.colcon_core.package_identification:_identify(src/slam_pkg) by extension 'colcon_pkg'
[0.187s] Level 1:colcon.colcon_core.package_identification:_identify(src/slam_pkg) by extensions ['colcon_meta']
[0.187s] Level 1:colcon.colcon_core.package_identification:_identify(src/slam_pkg) by extension 'colcon_meta'
[0.187s] Level 1:colcon.colcon_core.package_identification:_identify(src/slam_pkg) by extensions ['ros']
[0.187s] Level 1:colcon.colcon_core.package_identification:_identify(src/slam_pkg) by extension 'ros'
[0.187s] DEBUG:colcon.colcon_core.package_identification:Package 'src/slam_pkg' with type 'ros.ament_cmake' and name 'slam_pkg'
[0.187s] Level 1:colcon.colcon_core.package_identification:_identify(src/wpr_simulation2) by extensions ['ignore', 'ignore_ament_install']
[0.187s] Level 1:colcon.colcon_core.package_identification:_identify(src/wpr_simulation2) by extension 'ignore'
[0.188s] Level 1:colcon.colcon_core.package_identification:_identify(src/wpr_simulation2) by extension 'ignore_ament_install'
[0.188s] Level 1:colcon.colcon_core.package_identification:_identify(src/wpr_simulation2) by extensions ['colcon_pkg']
[0.188s] Level 1:colcon.colcon_core.package_identification:_identify(src/wpr_simulation2) by extension 'colcon_pkg'
[0.188s] Level 1:colcon.colcon_core.package_identification:_identify(src/wpr_simulation2) by extensions ['colcon_meta']
[0.188s] Level 1:colcon.colcon_core.package_identification:_identify(src/wpr_simulation2) by extension 'colcon_meta'
[0.188s] Level 1:colcon.colcon_core.package_identification:_identify(src/wpr_simulation2) by extensions ['ros']
[0.188s] Level 1:colcon.colcon_core.package_identification:_identify(src/wpr_simulation2) by extension 'ros'
[0.188s] DEBUG:colcon.colcon_core.package_identification:Package 'src/wpr_simulation2' with type 'ros.ament_cmake' and name 'wpr_simulation2'
[0.189s] Level 1:colcon.colcon_core.package_discovery:discover_packages(recursive) using defaults
[0.189s] Level 1:colcon.colcon_core.package_discovery:discover_packages(ignore) discover
[0.189s] Level 1:colcon.colcon_core.package_discovery:discover_packages(ignore) using defaults
[0.189s] Level 1:colcon.colcon_core.package_discovery:discover_packages(path) discover
[0.189s] Level 1:colcon.colcon_core.package_discovery:discover_packages(path) using defaults
[0.202s] Level 1:colcon.colcon_core.package_discovery:discover_packages(prefix_path) check parameters
[0.202s] Level 1:colcon.colcon_core.package_discovery:discover_packages(prefix_path) discover
[0.203s] DEBUG:colcon.colcon_installed_package_information.package_discovery:Found 3 installed packages in /home/dan/Projects/Mobile-Robots/project3_path_planning/prj3_ws/install
[0.203s] DEBUG:colcon.colcon_installed_package_information.package_discovery:Found 3 installed packages in /home/dan/Projects/Mobile-Robots/project2_lidar_mapping/prj2_ws/install
[0.204s] DEBUG:colcon.colcon_installed_package_information.package_discovery:Found 369 installed packages in /opt/ros/humble
[0.205s] Level 1:colcon.colcon_core.package_discovery:discover_packages(prefix_path) using defaults
[0.230s] Level 5:colcon.colcon_core.verb:set package 'imu_pkg' build argument 'cmake_args' from command line to 'None'
[0.230s] Level 5:colcon.colcon_core.verb:set package 'imu_pkg' build argument 'cmake_target' from command line to 'None'
[0.230s] Level 5:colcon.colcon_core.verb:set package 'imu_pkg' build argument 'cmake_target_skip_unavailable' from command line to 'False'
[0.230s] Level 5:colcon.colcon_core.verb:set package 'imu_pkg' build argument 'cmake_clean_cache' from command line to 'False'
[0.230s] Level 5:colcon.colcon_core.verb:set package 'imu_pkg' build argument 'cmake_clean_first' from command line to 'False'
[0.230s] Level 5:colcon.colcon_core.verb:set package 'imu_pkg' build argument 'cmake_force_configure' from command line to 'False'
[0.230s] Level 5:colcon.colcon_core.verb:set package 'imu_pkg' build argument 'ament_cmake_args' from command line to 'None'
[0.230s] Level 5:colcon.colcon_core.verb:set package 'imu_pkg' build argument 'catkin_cmake_args' from command line to 'None'
[0.230s] Level 5:colcon.colcon_core.verb:set package 'imu_pkg' build argument 'catkin_skip_building_tests' from command line to 'False'
[0.230s] DEBUG:colcon.colcon_core.verb:Building package 'imu_pkg' with the following arguments: {'ament_cmake_args': None, 'build_base': '/home/dan/Projects/Mobile-Robots/project3_path_planning/prj3_ws/build/imu_pkg', 'catkin_cmake_args': None, 'catkin_skip_building_tests': False, 'cmake_args': None, 'cmake_clean_cache': False, 'cmake_clean_first': False, 'cmake_force_configure': False, 'cmake_target': None, 'cmake_target_skip_unavailable': False, 'install_base': '/home/dan/Projects/Mobile-Robots/project3_path_planning/prj3_ws/install/imu_pkg', 'merge_install': False, 'path': '/home/dan/Projects/Mobile-Robots/project3_path_planning/prj3_ws/src/imu_pkg', 'symlink_install': False, 'test_result_base': None}
[0.230s] Level 5:colcon.colcon_core.verb:set package 'lidar_pkg' build argument 'cmake_args' from command line to 'None'
[0.230s] Level 5:colcon.colcon_core.verb:set package 'lidar_pkg' build argument 'cmake_target' from command line to 'None'
[0.230s] Level 5:colcon.colcon_core.verb:set package 'lidar_pkg' build argument 'cmake_target_skip_unavailable' from command line to 'False'
[0.230s] Level 5:colcon.colcon_core.verb:set package 'lidar_pkg' build argument 'cmake_clean_cache' from command line to 'False'
[0.230s] Level 5:colcon.colcon_core.verb:set package 'lidar_pkg' build argument 'cmake_clean_first' from command line to 'False'
[0.230s] Level 5:colcon.colcon_core.verb:set package 'lidar_pkg' build argument 'cmake_force_configure' from command line to 'False'
[0.230s] Level 5:colcon.colcon_core.verb:set package 'lidar_pkg' build argument 'ament_cmake_args' from command line to 'None'
[0.230s] Level 5:colcon.colcon_core.verb:set package 'lidar_pkg' build argument 'catkin_cmake_args' from command line to 'None'
[0.230s] Level 5:colcon.colcon_core.verb:set package 'lidar_pkg' build argument 'catkin_skip_building_tests' from command line to 'False'
[0.230s] DEBUG:colcon.colcon_core.verb:Building package 'lidar_pkg' with the following arguments: {'ament_cmake_args': None, 'build_base': '/home/dan/Projects/Mobile-Robots/project3_path_planning/prj3_ws/build/lidar_pkg', 'catkin_cmake_args': None, 'catkin_skip_building_tests': False, 'cmake_args': None, 'cmake_clean_cache': False, 'cmake_clean_first': False, 'cmake_force_configure': False, 'cmake_target': None, 'cmake_target_skip_unavailable': False, 'install_base': '/home/dan/Projects/Mobile-Robots/project3_path_planning/prj3_ws/install/lidar_pkg', 'merge_install': False, 'path': '/home/dan/Projects/Mobile-Robots/project3_path_planning/prj3_ws/src/lidar_pkg', 'symlink_install': False, 'test_result_base': None}
[0.230s] Level 5:colcon.colcon_core.verb:set package 'slam_pkg' build argument 'cmake_args' from command line to 'None'
[0.230s] Level 5:colcon.colcon_core.verb:set package 'slam_pkg' build argument 'cmake_target' from command line to 'None'
[0.230s] Level 5:colcon.colcon_core.verb:set package 'slam_pkg' build argument 'cmake_target_skip_unavailable' from command line to 'False'
[0.231s] Level 5:colcon.colcon_core.verb:set package 'slam_pkg' build argument 'cmake_clean_cache' from command line to 'False'
[0.231s] Level 5:colcon.colcon_core.verb:set package 'slam_pkg' build argument 'cmake_clean_first' from command line to 'False'
[0.231s] Level 5:colcon.colcon_core.verb:set package 'slam_pkg' build argument 'cmake_force_configure' from command line to 'False'
[0.231s] Level 5:colcon.colcon_core.verb:set package 'slam_pkg' build argument 'ament_cmake_args' from command line to 'None'
[0.231s] Level 5:colcon.colcon_core.verb:set package 'slam_pkg' build argument 'catkin_cmake_args' from command line to 'None'
[0.231s] Level 5:colcon.colcon_core.verb:set package 'slam_pkg' build argument 'catkin_skip_building_tests' from command line to 'False'
[0.231s] DEBUG:colcon.colcon_core.verb:Building package 'slam_pkg' with the following arguments: {'ament_cmake_args': None, 'build_base': '/home/dan/Projects/Mobile-Robots/project3_path_planning/prj3_ws/build/slam_pkg', 'catkin_cmake_args': None, 'catkin_skip_building_tests': False, 'cmake_args': None, 'cmake_clean_cache': False, 'cmake_clean_first': False, 'cmake_force_configure': False, 'cmake_target': None, 'cmake_target_skip_unavailable': False, 'install_base': '/home/dan/Projects/Mobile-Robots/project3_path_planning/prj3_ws/install/slam_pkg', 'merge_install': False, 'path': '/home/dan/Projects/Mobile-Robots/project3_path_planning/prj3_ws/src/slam_pkg', 'symlink_install': False, 'test_result_base': None}
[0.231s] Level 5:colcon.colcon_core.verb:set package 'wpr_simulation2' build argument 'cmake_args' from command line to 'None'
[0.231s] Level 5:colcon.colcon_core.verb:set package 'wpr_simulation2' build argument 'cmake_target' from command line to 'None'
[0.231s] Level 5:colcon.colcon_core.verb:set package 'wpr_simulation2' build argument 'cmake_target_skip_unavailable' from command line to 'False'
[0.231s] Level 5:colcon.colcon_core.verb:set package 'wpr_simulation2' build argument 'cmake_clean_cache' from command line to 'False'
[0.231s] Level 5:colcon.colcon_core.verb:set package 'wpr_simulation2' build argument 'cmake_clean_first' from command line to 'False'
[0.231s] Level 5:colcon.colcon_core.verb:set package 'wpr_simulation2' build argument 'cmake_force_configure' from command line to 'False'
[0.231s] Level 5:colcon.colcon_core.verb:set package 'wpr_simulation2' build argument 'ament_cmake_args' from command line to 'None'
[0.231s] Level 5:colcon.colcon_core.verb:set package 'wpr_simulation2' build argument 'catkin_cmake_args' from command line to 'None'
[0.231s] Level 5:colcon.colcon_core.verb:set package 'wpr_simulation2' build argument 'catkin_skip_building_tests' from command line to 'False'
[0.231s] DEBUG:colcon.colcon_core.verb:Building package 'wpr_simulation2' with the following arguments: {'ament_cmake_args': None, 'build_base': '/home/dan/Projects/Mobile-Robots/project3_path_planning/prj3_ws/build/wpr_simulation2', 'catkin_cmake_args': None, 'catkin_skip_building_tests': False, 'cmake_args': None, 'cmake_clean_cache': False, 'cmake_clean_first': False, 'cmake_force_configure': False, 'cmake_target': None, 'cmake_target_skip_unavailable': False, 'install_base': '/home/dan/Projects/Mobile-Robots/project3_path_planning/prj3_ws/install/wpr_simulation2', 'merge_install': False, 'path': '/home/dan/Projects/Mobile-Robots/project3_path_planning/prj3_ws/src/wpr_simulation2', 'symlink_install': False, 'test_result_base': None}
[0.231s] INFO:colcon.colcon_core.executor:Executing jobs using 'parallel' executor
[0.232s] DEBUG:colcon.colcon_parallel_executor.executor.parallel:run_until_complete
[0.232s] INFO:colcon.colcon_ros.task.ament_cmake.build:Building ROS package in '/home/dan/Projects/Mobile-Robots/project3_path_planning/prj3_ws/src/imu_pkg' with build type 'ament_cmake'
[0.232s] INFO:colcon.colcon_cmake.task.cmake.build:Building CMake package in '/home/dan/Projects/Mobile-Robots/project3_path_planning/prj3_ws/src/imu_pkg'
[0.233s] INFO:colcon.colcon_core.plugin_system:Skipping extension 'colcon_core.shell.bat': Not used on non-Windows systems
[0.233s] INFO:colcon.colcon_core.shell:Skip shell extension 'powershell' for command environment: Not usable outside of PowerShell
[0.233s] DEBUG:colcon.colcon_core.shell:Skip shell extension 'dsv' for command environment
[0.236s] INFO:colcon.colcon_ros.task.ament_cmake.build:Building ROS package in '/home/dan/Projects/Mobile-Robots/project3_path_planning/prj3_ws/src/lidar_pkg' with build type 'ament_cmake'
[0.236s] INFO:colcon.colcon_cmake.task.cmake.build:Building CMake package in '/home/dan/Projects/Mobile-Robots/project3_path_planning/prj3_ws/src/lidar_pkg'
[0.236s] INFO:colcon.colcon_core.shell:Skip shell extension 'powershell' for command environment: Not usable outside of PowerShell
[0.236s] DEBUG:colcon.colcon_core.shell:Skip shell extension 'dsv' for command environment
[0.238s] INFO:colcon.colcon_ros.task.ament_cmake.build:Building ROS package in '/home/dan/Projects/Mobile-Robots/project3_path_planning/prj3_ws/src/slam_pkg' with build type 'ament_cmake'
[0.238s] INFO:colcon.colcon_cmake.task.cmake.build:Building CMake package in '/home/dan/Projects/Mobile-Robots/project3_path_planning/prj3_ws/src/slam_pkg'
[0.238s] INFO:colcon.colcon_core.shell:Skip shell extension 'powershell' for command environment: Not usable outside of PowerShell
[0.238s] DEBUG:colcon.colcon_core.shell:Skip shell extension 'dsv' for command environment
[0.241s] INFO:colcon.colcon_ros.task.ament_cmake.build:Building ROS package in '/home/dan/Projects/Mobile-Robots/project3_path_planning/prj3_ws/src/wpr_simulation2' with build type 'ament_cmake'
[0.241s] INFO:colcon.colcon_cmake.task.cmake.build:Building CMake package in '/home/dan/Projects/Mobile-Robots/project3_path_planning/prj3_ws/src/wpr_simulation2'
[0.241s] INFO:colcon.colcon_core.shell:Skip shell extension 'powershell' for command environment: Not usable outside of PowerShell
[0.241s] DEBUG:colcon.colcon_core.shell:Skip shell extension 'dsv' for command environment
[0.248s] DEBUG:colcon.colcon_core.event_handler.log_command:Invoking command in '/home/dan/Projects/Mobile-Robots/project3_path_planning/prj3_ws/build/imu_pkg': CMAKE_PREFIX_PATH=${CMAKE_PREFIX_PATH}:/opt/ros/humble /usr/bin/cmake --build /home/dan/Projects/Mobile-Robots/project3_path_planning/prj3_ws/build/imu_pkg -- -j8 -l8
[0.250s] DEBUG:colcon.colcon_core.event_handler.log_command:Invoking command in '/home/dan/Projects/Mobile-Robots/project3_path_planning/prj3_ws/build/lidar_pkg': CMAKE_PREFIX_PATH=${CMAKE_PREFIX_PATH}:/opt/ros/humble /usr/bin/cmake --build /home/dan/Projects/Mobile-Robots/project3_path_planning/prj3_ws/build/lidar_pkg -- -j8 -l8
[0.252s] DEBUG:colcon.colcon_core.event_handler.log_command:Invoking command in '/home/dan/Projects/Mobile-Robots/project3_path_planning/prj3_ws/build/slam_pkg': CMAKE_PREFIX_PATH=${CMAKE_PREFIX_PATH}:/opt/ros/humble /usr/bin/cmake --build /home/dan/Projects/Mobile-Robots/project3_path_planning/prj3_ws/build/slam_pkg -- -j8 -l8
[0.256s] DEBUG:colcon.colcon_core.event_handler.log_command:Invoking command in '/home/dan/Projects/Mobile-Robots/project3_path_planning/prj3_ws/build/wpr_simulation2': CMAKE_PREFIX_PATH=${CMAKE_PREFIX_PATH}:/opt/ros/humble /usr/bin/cmake /home/dan/Projects/Mobile-Robots/project3_path_planning/prj3_ws/src/wpr_simulation2 -DCMAKE_INSTALL_PREFIX=/home/dan/Projects/Mobile-Robots/project3_path_planning/prj3_ws/install/wpr_simulation2
[0.283s] DEBUG:colcon.colcon_core.event_handler.log_command:Invoked command in '/home/dan/Projects/Mobile-Robots/project3_path_planning/prj3_ws/build/slam_pkg' returned '0': CMAKE_PREFIX_PATH=${CMAKE_PREFIX_PATH}:/opt/ros/humble /usr/bin/cmake --build /home/dan/Projects/Mobile-Robots/project3_path_planning/prj3_ws/build/slam_pkg -- -j8 -l8
[0.291s] DEBUG:colcon.colcon_core.event_handler.log_command:Invoking command in '/home/dan/Projects/Mobile-Robots/project3_path_planning/prj3_ws/build/slam_pkg': CMAKE_PREFIX_PATH=${CMAKE_PREFIX_PATH}:/opt/ros/humble /usr/bin/cmake --install /home/dan/Projects/Mobile-Robots/project3_path_planning/prj3_ws/build/slam_pkg
[0.298s] DEBUG:colcon.colcon_core.event_handler.log_command:Invoked command in '/home/dan/Projects/Mobile-Robots/project3_path_planning/prj3_ws/build/imu_pkg' returned '0': CMAKE_PREFIX_PATH=${CMAKE_PREFIX_PATH}:/opt/ros/humble /usr/bin/cmake --build /home/dan/Projects/Mobile-Robots/project3_path_planning/prj3_ws/build/imu_pkg -- -j8 -l8
[0.299s] DEBUG:colcon.colcon_core.event_handler.log_command:Invoking command in '/home/dan/Projects/Mobile-Robots/project3_path_planning/prj3_ws/build/imu_pkg': CMAKE_PREFIX_PATH=${CMAKE_PREFIX_PATH}:/opt/ros/humble /usr/bin/cmake --install /home/dan/Projects/Mobile-Robots/project3_path_planning/prj3_ws/build/imu_pkg
[0.300s] DEBUG:colcon.colcon_core.event_handler.log_command:Invoked command in '/home/dan/Projects/Mobile-Robots/project3_path_planning/prj3_ws/build/lidar_pkg' returned '0': CMAKE_PREFIX_PATH=${CMAKE_PREFIX_PATH}:/opt/ros/humble /usr/bin/cmake --build /home/dan/Projects/Mobile-Robots/project3_path_planning/prj3_ws/build/lidar_pkg -- -j8 -l8
[0.301s] DEBUG:colcon.colcon_core.event_handler.log_command:Invoking command in '/home/dan/Projects/Mobile-Robots/project3_path_planning/prj3_ws/build/lidar_pkg': CMAKE_PREFIX_PATH=${CMAKE_PREFIX_PATH}:/opt/ros/humble /usr/bin/cmake --install /home/dan/Projects/Mobile-Robots/project3_path_planning/prj3_ws/build/lidar_pkg
[0.301s] Level 1:colcon.colcon_core.environment:create_environment_scripts_only(slam_pkg)
[0.302s] DEBUG:colcon.colcon_core.event_handler.log_command:Invoked command in '/home/dan/Projects/Mobile-Robots/project3_path_planning/prj3_ws/build/slam_pkg' returned '0': CMAKE_PREFIX_PATH=${CMAKE_PREFIX_PATH}:/opt/ros/humble /usr/bin/cmake --install /home/dan/Projects/Mobile-Robots/project3_path_planning/prj3_ws/build/slam_pkg
[0.304s] Level 1:colcon.colcon_core.environment:checking '/home/dan/Projects/Mobile-Robots/project3_path_planning/prj3_ws/install/slam_pkg' for CMake module files
[0.305s] Level 1:colcon.colcon_core.environment:checking '/home/dan/Projects/Mobile-Robots/project3_path_planning/prj3_ws/install/slam_pkg' for CMake config files
[0.307s] Level 1:colcon.colcon_core.shell:create_environment_hook('slam_pkg', 'cmake_prefix_path')
[0.307s] INFO:colcon.colcon_core.shell:Creating environment hook '/home/dan/Projects/Mobile-Robots/project3_path_planning/prj3_ws/install/slam_pkg/share/slam_pkg/hook/cmake_prefix_path.ps1'
[0.307s] INFO:colcon.colcon_core.shell:Creating environment descriptor '/home/dan/Projects/Mobile-Robots/project3_path_planning/prj3_ws/install/slam_pkg/share/slam_pkg/hook/cmake_prefix_path.dsv'
[0.307s] INFO:colcon.colcon_core.shell:Creating environment hook '/home/dan/Projects/Mobile-Robots/project3_path_planning/prj3_ws/install/slam_pkg/share/slam_pkg/hook/cmake_prefix_path.sh'
[0.308s] Level 1:colcon.colcon_core.environment:checking '/home/dan/Projects/Mobile-Robots/project3_path_planning/prj3_ws/install/slam_pkg/bin'
[0.308s] Level 1:colcon.colcon_core.environment:checking '/home/dan/Projects/Mobile-Robots/project3_path_planning/prj3_ws/install/slam_pkg/lib/pkgconfig/slam_pkg.pc'
[0.308s] Level 1:colcon.colcon_core.environment:checking '/home/dan/Projects/Mobile-Robots/project3_path_planning/prj3_ws/install/slam_pkg/lib/python3.10/site-packages'
[0.308s] Level 1:colcon.colcon_core.environment:checking '/home/dan/Projects/Mobile-Robots/project3_path_planning/prj3_ws/install/slam_pkg/bin'
[0.309s] INFO:colcon.colcon_core.shell:Creating package script '/home/dan/Projects/Mobile-Robots/project3_path_planning/prj3_ws/install/slam_pkg/share/slam_pkg/package.ps1'
[0.309s] INFO:colcon.colcon_core.shell:Creating package descriptor '/home/dan/Projects/Mobile-Robots/project3_path_planning/prj3_ws/install/slam_pkg/share/slam_pkg/package.dsv'
[0.309s] INFO:colcon.colcon_core.shell:Creating package script '/home/dan/Projects/Mobile-Robots/project3_path_planning/prj3_ws/install/slam_pkg/share/slam_pkg/package.sh'
[0.310s] INFO:colcon.colcon_core.shell:Creating package script '/home/dan/Projects/Mobile-Robots/project3_path_planning/prj3_ws/install/slam_pkg/share/slam_pkg/package.bash'
[0.310s] INFO:colcon.colcon_core.shell:Creating package script '/home/dan/Projects/Mobile-Robots/project3_path_planning/prj3_ws/install/slam_pkg/share/slam_pkg/package.zsh'
[0.311s] Level 1:colcon.colcon_core.environment:create_file_with_runtime_dependencies(/home/dan/Projects/Mobile-Robots/project3_path_planning/prj3_ws/install/slam_pkg/share/colcon-core/packages/slam_pkg)
[0.311s] Level 1:colcon.colcon_core.environment:create_environment_scripts_only(slam_pkg)
[0.311s] Level 1:colcon.colcon_core.environment:checking '/home/dan/Projects/Mobile-Robots/project3_path_planning/prj3_ws/install/slam_pkg' for CMake module files
[0.311s] Level 1:colcon.colcon_core.environment:checking '/home/dan/Projects/Mobile-Robots/project3_path_planning/prj3_ws/install/slam_pkg' for CMake config files
[0.311s] Level 1:colcon.colcon_core.shell:create_environment_hook('slam_pkg', 'cmake_prefix_path')
[0.312s] INFO:colcon.colcon_core.shell:Creating environment hook '/home/dan/Projects/Mobile-Robots/project3_path_planning/prj3_ws/install/slam_pkg/share/slam_pkg/hook/cmake_prefix_path.ps1'
[0.312s] INFO:colcon.colcon_core.shell:Creating environment descriptor '/home/dan/Projects/Mobile-Robots/project3_path_planning/prj3_ws/install/slam_pkg/share/slam_pkg/hook/cmake_prefix_path.dsv'
[0.312s] INFO:colcon.colcon_core.shell:Creating environment hook '/home/dan/Projects/Mobile-Robots/project3_path_planning/prj3_ws/install/slam_pkg/share/slam_pkg/hook/cmake_prefix_path.sh'
[0.312s] Level 1:colcon.colcon_core.environment:checking '/home/dan/Projects/Mobile-Robots/project3_path_planning/prj3_ws/install/slam_pkg/bin'
[0.312s] Level 1:colcon.colcon_core.environment:checking '/home/dan/Projects/Mobile-Robots/project3_path_planning/prj3_ws/install/slam_pkg/lib/pkgconfig/slam_pkg.pc'
[0.312s] Level 1:colcon.colcon_core.environment:checking '/home/dan/Projects/Mobile-Robots/project3_path_planning/prj3_ws/install/slam_pkg/lib/python3.10/site-packages'
[0.312s] Level 1:colcon.colcon_core.environment:checking '/home/dan/Projects/Mobile-Robots/project3_path_planning/prj3_ws/install/slam_pkg/bin'
[0.313s] INFO:colcon.colcon_core.shell:Creating package script '/home/dan/Projects/Mobile-Robots/project3_path_planning/prj3_ws/install/slam_pkg/share/slam_pkg/package.ps1'
[0.313s] INFO:colcon.colcon_core.shell:Creating package descriptor '/home/dan/Projects/Mobile-Robots/project3_path_planning/prj3_ws/install/slam_pkg/share/slam_pkg/package.dsv'
[0.313s] INFO:colcon.colcon_core.shell:Creating package script '/home/dan/Projects/Mobile-Robots/project3_path_planning/prj3_ws/install/slam_pkg/share/slam_pkg/package.sh'
[0.313s] INFO:colcon.colcon_core.shell:Creating package script '/home/dan/Projects/Mobile-Robots/project3_path_planning/prj3_ws/install/slam_pkg/share/slam_pkg/package.bash'
[0.314s] INFO:colcon.colcon_core.shell:Creating package script '/home/dan/Projects/Mobile-Robots/project3_path_planning/prj3_ws/install/slam_pkg/share/slam_pkg/package.zsh'
[0.314s] Level 1:colcon.colcon_core.environment:create_file_with_runtime_dependencies(/home/dan/Projects/Mobile-Robots/project3_path_planning/prj3_ws/install/slam_pkg/share/colcon-core/packages/slam_pkg)
[0.314s] Level 1:colcon.colcon_core.environment:create_environment_scripts_only(lidar_pkg)
[0.315s] Level 1:colcon.colcon_core.environment:checking '/home/dan/Projects/Mobile-Robots/project3_path_planning/prj3_ws/install/lidar_pkg' for CMake module files
[0.315s] DEBUG:colcon.colcon_core.event_handler.log_command:Invoked command in '/home/dan/Projects/Mobile-Robots/project3_path_planning/prj3_ws/build/lidar_pkg' returned '0': CMAKE_PREFIX_PATH=${CMAKE_PREFIX_PATH}:/opt/ros/humble /usr/bin/cmake --install /home/dan/Projects/Mobile-Robots/project3_path_planning/prj3_ws/build/lidar_pkg
[0.315s] Level 1:colcon.colcon_core.environment:checking '/home/dan/Projects/Mobile-Robots/project3_path_planning/prj3_ws/install/lidar_pkg' for CMake config files
[0.315s] Level 1:colcon.colcon_core.shell:create_environment_hook('lidar_pkg', 'cmake_prefix_path')
[0.316s] INFO:colcon.colcon_core.shell:Creating environment hook '/home/dan/Projects/Mobile-Robots/project3_path_planning/prj3_ws/install/lidar_pkg/share/lidar_pkg/hook/cmake_prefix_path.ps1'
[0.316s] INFO:colcon.colcon_core.shell:Creating environment descriptor '/home/dan/Projects/Mobile-Robots/project3_path_planning/prj3_ws/install/lidar_pkg/share/lidar_pkg/hook/cmake_prefix_path.dsv'
[0.316s] INFO:colcon.colcon_core.shell:Creating environment hook '/home/dan/Projects/Mobile-Robots/project3_path_planning/prj3_ws/install/lidar_pkg/share/lidar_pkg/hook/cmake_prefix_path.sh'
[0.316s] Level 1:colcon.colcon_core.environment:checking '/home/dan/Projects/Mobile-Robots/project3_path_planning/prj3_ws/install/lidar_pkg/lib'
[0.316s] Level 1:colcon.colcon_core.environment:checking '/home/dan/Projects/Mobile-Robots/project3_path_planning/prj3_ws/install/lidar_pkg/bin'
[0.316s] Level 1:colcon.colcon_core.environment:checking '/home/dan/Projects/Mobile-Robots/project3_path_planning/prj3_ws/install/lidar_pkg/lib/pkgconfig/lidar_pkg.pc'
[0.317s] Level 1:colcon.colcon_core.environment:checking '/home/dan/Projects/Mobile-Robots/project3_path_planning/prj3_ws/install/lidar_pkg/lib/python3.10/site-packages'
[0.317s] Level 1:colcon.colcon_core.environment:checking '/home/dan/Projects/Mobile-Robots/project3_path_planning/prj3_ws/install/lidar_pkg/bin'
[0.317s] INFO:colcon.colcon_core.shell:Creating package script '/home/dan/Projects/Mobile-Robots/project3_path_planning/prj3_ws/install/lidar_pkg/share/lidar_pkg/package.ps1'
[0.317s] INFO:colcon.colcon_core.shell:Creating package descriptor '/home/dan/Projects/Mobile-Robots/project3_path_planning/prj3_ws/install/lidar_pkg/share/lidar_pkg/package.dsv'
[0.317s] INFO:colcon.colcon_core.shell:Creating package script '/home/dan/Projects/Mobile-Robots/project3_path_planning/prj3_ws/install/lidar_pkg/share/lidar_pkg/package.sh'
[0.318s] INFO:colcon.colcon_core.shell:Creating package script '/home/dan/Projects/Mobile-Robots/project3_path_planning/prj3_ws/install/lidar_pkg/share/lidar_pkg/package.bash'
[0.318s] INFO:colcon.colcon_core.shell:Creating package script '/home/dan/Projects/Mobile-Robots/project3_path_planning/prj3_ws/install/lidar_pkg/share/lidar_pkg/package.zsh'
[0.318s] Level 1:colcon.colcon_core.environment:create_file_with_runtime_dependencies(/home/dan/Projects/Mobile-Robots/project3_path_planning/prj3_ws/install/lidar_pkg/share/colcon-core/packages/lidar_pkg)
[0.318s] Level 1:colcon.colcon_core.environment:create_environment_scripts_only(lidar_pkg)
[0.318s] Level 1:colcon.colcon_core.environment:checking '/home/dan/Projects/Mobile-Robots/project3_path_planning/prj3_ws/install/lidar_pkg' for CMake module files
[0.319s] Level 1:colcon.colcon_core.environment:checking '/home/dan/Projects/Mobile-Robots/project3_path_planning/prj3_ws/install/lidar_pkg' for CMake config files
[0.319s] Level 1:colcon.colcon_core.shell:create_environment_hook('lidar_pkg', 'cmake_prefix_path')
[0.319s] INFO:colcon.colcon_core.shell:Creating environment hook '/home/dan/Projects/Mobile-Robots/project3_path_planning/prj3_ws/install/lidar_pkg/share/lidar_pkg/hook/cmake_prefix_path.ps1'
[0.319s] INFO:colcon.colcon_core.shell:Creating environment descriptor '/home/dan/Projects/Mobile-Robots/project3_path_planning/prj3_ws/install/lidar_pkg/share/lidar_pkg/hook/cmake_prefix_path.dsv'
[0.319s] INFO:colcon.colcon_core.shell:Creating environment hook '/home/dan/Projects/Mobile-Robots/project3_path_planning/prj3_ws/install/lidar_pkg/share/lidar_pkg/hook/cmake_prefix_path.sh'
[0.319s] Level 1:colcon.colcon_core.environment:checking '/home/dan/Projects/Mobile-Robots/project3_path_planning/prj3_ws/install/lidar_pkg/lib'
[0.319s] Level 1:colcon.colcon_core.environment:checking '/home/dan/Projects/Mobile-Robots/project3_path_planning/prj3_ws/install/lidar_pkg/bin'
[0.320s] Level 1:colcon.colcon_core.environment:checking '/home/dan/Projects/Mobile-Robots/project3_path_planning/prj3_ws/install/lidar_pkg/lib/pkgconfig/lidar_pkg.pc'
[0.320s] Level 1:colcon.colcon_core.environment:checking '/home/dan/Projects/Mobile-Robots/project3_path_planning/prj3_ws/install/lidar_pkg/lib/python3.10/site-packages'
[0.320s] Level 1:colcon.colcon_core.environment:checking '/home/dan/Projects/Mobile-Robots/project3_path_planning/prj3_ws/install/lidar_pkg/bin'
[0.320s] INFO:colcon.colcon_core.shell:Creating package script '/home/dan/Projects/Mobile-Robots/project3_path_planning/prj3_ws/install/lidar_pkg/share/lidar_pkg/package.ps1'
[0.320s] INFO:colcon.colcon_core.shell:Creating package descriptor '/home/dan/Projects/Mobile-Robots/project3_path_planning/prj3_ws/install/lidar_pkg/share/lidar_pkg/package.dsv'
[0.321s] INFO:colcon.colcon_core.shell:Creating package script '/home/dan/Projects/Mobile-Robots/project3_path_planning/prj3_ws/install/lidar_pkg/share/lidar_pkg/package.sh'
[0.321s] INFO:colcon.colcon_core.shell:Creating package script '/home/dan/Projects/Mobile-Robots/project3_path_planning/prj3_ws/install/lidar_pkg/share/lidar_pkg/package.bash'
[0.321s] INFO:colcon.colcon_core.shell:Creating package script '/home/dan/Projects/Mobile-Robots/project3_path_planning/prj3_ws/install/lidar_pkg/share/lidar_pkg/package.zsh'
[0.321s] Level 1:colcon.colcon_core.environment:create_file_with_runtime_dependencies(/home/dan/Projects/Mobile-Robots/project3_path_planning/prj3_ws/install/lidar_pkg/share/colcon-core/packages/lidar_pkg)
[0.322s] Level 1:colcon.colcon_core.environment:create_environment_scripts_only(imu_pkg)
[0.322s] Level 1:colcon.colcon_core.environment:checking '/home/dan/Projects/Mobile-Robots/project3_path_planning/prj3_ws/install/imu_pkg' for CMake module files
[0.323s] Level 1:colcon.colcon_core.environment:checking '/home/dan/Projects/Mobile-Robots/project3_path_planning/prj3_ws/install/imu_pkg' for CMake config files
[0.323s] DEBUG:colcon.colcon_core.event_handler.log_command:Invoked command in '/home/dan/Projects/Mobile-Robots/project3_path_planning/prj3_ws/build/imu_pkg' returned '0': CMAKE_PREFIX_PATH=${CMAKE_PREFIX_PATH}:/opt/ros/humble /usr/bin/cmake --install /home/dan/Projects/Mobile-Robots/project3_path_planning/prj3_ws/build/imu_pkg
[0.323s] Level 1:colcon.colcon_core.shell:create_environment_hook('imu_pkg', 'cmake_prefix_path')
[0.323s] INFO:colcon.colcon_core.shell:Creating environment hook '/home/dan/Projects/Mobile-Robots/project3_path_planning/prj3_ws/install/imu_pkg/share/imu_pkg/hook/cmake_prefix_path.ps1'
[0.323s] INFO:colcon.colcon_core.shell:Creating environment descriptor '/home/dan/Projects/Mobile-Robots/project3_path_planning/prj3_ws/install/imu_pkg/share/imu_pkg/hook/cmake_prefix_path.dsv'
[0.324s] INFO:colcon.colcon_core.shell:Creating environment hook '/home/dan/Projects/Mobile-Robots/project3_path_planning/prj3_ws/install/imu_pkg/share/imu_pkg/hook/cmake_prefix_path.sh'
[0.324s] Level 1:colcon.colcon_core.environment:checking '/home/dan/Projects/Mobile-Robots/project3_path_planning/prj3_ws/install/imu_pkg/lib'
[0.324s] Level 1:colcon.colcon_core.environment:checking '/home/dan/Projects/Mobile-Robots/project3_path_planning/prj3_ws/install/imu_pkg/bin'
[0.324s] Level 1:colcon.colcon_core.environment:checking '/home/dan/Projects/Mobile-Robots/project3_path_planning/prj3_ws/install/imu_pkg/lib/pkgconfig/imu_pkg.pc'
[0.324s] Level 1:colcon.colcon_core.environment:checking '/home/dan/Projects/Mobile-Robots/project3_path_planning/prj3_ws/install/imu_pkg/lib/python3.10/site-packages'
[0.325s] Level 1:colcon.colcon_core.environment:checking '/home/dan/Projects/Mobile-Robots/project3_path_planning/prj3_ws/install/imu_pkg/bin'
[0.325s] INFO:colcon.colcon_core.shell:Creating package script '/home/dan/Projects/Mobile-Robots/project3_path_planning/prj3_ws/install/imu_pkg/share/imu_pkg/package.ps1'
[0.325s] INFO:colcon.colcon_core.shell:Creating package descriptor '/home/dan/Projects/Mobile-Robots/project3_path_planning/prj3_ws/install/imu_pkg/share/imu_pkg/package.dsv'
[0.325s] INFO:colcon.colcon_core.shell:Creating package script '/home/dan/Projects/Mobile-Robots/project3_path_planning/prj3_ws/install/imu_pkg/share/imu_pkg/package.sh'
[0.326s] INFO:colcon.colcon_core.shell:Creating package script '/home/dan/Projects/Mobile-Robots/project3_path_planning/prj3_ws/install/imu_pkg/share/imu_pkg/package.bash'
[0.326s] INFO:colcon.colcon_core.shell:Creating package script '/home/dan/Projects/Mobile-Robots/project3_path_planning/prj3_ws/install/imu_pkg/share/imu_pkg/package.zsh'
[0.326s] Level 1:colcon.colcon_core.environment:create_file_with_runtime_dependencies(/home/dan/Projects/Mobile-Robots/project3_path_planning/prj3_ws/install/imu_pkg/share/colcon-core/packages/imu_pkg)
[0.326s] Level 1:colcon.colcon_core.environment:create_environment_scripts_only(imu_pkg)
[0.326s] Level 1:colcon.colcon_core.environment:checking '/home/dan/Projects/Mobile-Robots/project3_path_planning/prj3_ws/install/imu_pkg' for CMake module files
[0.327s] Level 1:colcon.colcon_core.environment:checking '/home/dan/Projects/Mobile-Robots/project3_path_planning/prj3_ws/install/imu_pkg' for CMake config files
[0.327s] Level 1:colcon.colcon_core.shell:create_environment_hook('imu_pkg', 'cmake_prefix_path')
[0.327s] INFO:colcon.colcon_core.shell:Creating environment hook '/home/dan/Projects/Mobile-Robots/project3_path_planning/prj3_ws/install/imu_pkg/share/imu_pkg/hook/cmake_prefix_path.ps1'
[0.327s] INFO:colcon.colcon_core.shell:Creating environment descriptor '/home/dan/Projects/Mobile-Robots/project3_path_planning/prj3_ws/install/imu_pkg/share/imu_pkg/hook/cmake_prefix_path.dsv'
[0.328s] INFO:colcon.colcon_core.shell:Creating environment hook '/home/dan/Projects/Mobile-Robots/project3_path_planning/prj3_ws/install/imu_pkg/share/imu_pkg/hook/cmake_prefix_path.sh'
[0.328s] Level 1:colcon.colcon_core.environment:checking '/home/dan/Projects/Mobile-Robots/project3_path_planning/prj3_ws/install/imu_pkg/lib'
[0.328s] Level 1:colcon.colcon_core.environment:checking '/home/dan/Projects/Mobile-Robots/project3_path_planning/prj3_ws/install/imu_pkg/bin'
[0.328s] Level 1:colcon.colcon_core.environment:checking '/home/dan/Projects/Mobile-Robots/project3_path_planning/prj3_ws/install/imu_pkg/lib/pkgconfig/imu_pkg.pc'
[0.328s] Level 1:colcon.colcon_core.environment:checking '/home/dan/Projects/Mobile-Robots/project3_path_planning/prj3_ws/install/imu_pkg/lib/python3.10/site-packages'
[0.328s] Level 1:colcon.colcon_core.environment:checking '/home/dan/Projects/Mobile-Robots/project3_path_planning/prj3_ws/install/imu_pkg/bin'
[0.329s] INFO:colcon.colcon_core.shell:Creating package script '/home/dan/Projects/Mobile-Robots/project3_path_planning/prj3_ws/install/imu_pkg/share/imu_pkg/package.ps1'
[0.329s] INFO:colcon.colcon_core.shell:Creating package descriptor '/home/dan/Projects/Mobile-Robots/project3_path_planning/prj3_ws/install/imu_pkg/share/imu_pkg/package.dsv'
[0.330s] INFO:colcon.colcon_core.shell:Creating package script '/home/dan/Projects/Mobile-Robots/project3_path_planning/prj3_ws/install/imu_pkg/share/imu_pkg/package.sh'
[0.330s] INFO:colcon.colcon_core.shell:Creating package script '/home/dan/Projects/Mobile-Robots/project3_path_planning/prj3_ws/install/imu_pkg/share/imu_pkg/package.bash'
[0.330s] INFO:colcon.colcon_core.shell:Creating package script '/home/dan/Projects/Mobile-Robots/project3_path_planning/prj3_ws/install/imu_pkg/share/imu_pkg/package.zsh'
[0.330s] Level 1:colcon.colcon_core.environment:create_file_with_runtime_dependencies(/home/dan/Projects/Mobile-Robots/project3_path_planning/prj3_ws/install/imu_pkg/share/colcon-core/packages/imu_pkg)
[3.256s] DEBUG:colcon.colcon_core.event_handler.log_command:Invoked command in '/home/dan/Projects/Mobile-Robots/project3_path_planning/prj3_ws/build/wpr_simulation2' returned '0': CMAKE_PREFIX_PATH=${CMAKE_PREFIX_PATH}:/opt/ros/humble /usr/bin/cmake /home/dan/Projects/Mobile-Robots/project3_path_planning/prj3_ws/src/wpr_simulation2 -DCMAKE_INSTALL_PREFIX=/home/dan/Projects/Mobile-Robots/project3_path_planning/prj3_ws/install/wpr_simulation2
[3.257s] DEBUG:colcon.colcon_core.event_handler.log_command:Invoking command in '/home/dan/Projects/Mobile-Robots/project3_path_planning/prj3_ws/build/wpr_simulation2': CMAKE_PREFIX_PATH=${CMAKE_PREFIX_PATH}:/opt/ros/humble /usr/bin/cmake --build /home/dan/Projects/Mobile-Robots/project3_path_planning/prj3_ws/build/wpr_simulation2 -- -j8 -l8
[40.266s] DEBUG:colcon.colcon_core.event_handler.log_command:Invoked command in '/home/dan/Projects/Mobile-Robots/project3_path_planning/prj3_ws/build/wpr_simulation2' returned '0': CMAKE_PREFIX_PATH=${CMAKE_PREFIX_PATH}:/opt/ros/humble /usr/bin/cmake --build /home/dan/Projects/Mobile-Robots/project3_path_planning/prj3_ws/build/wpr_simulation2 -- -j8 -l8
[40.268s] DEBUG:colcon.colcon_core.event_handler.log_command:Invoking command in '/home/dan/Projects/Mobile-Robots/project3_path_planning/prj3_ws/build/wpr_simulation2': CMAKE_PREFIX_PATH=${CMAKE_PREFIX_PATH}:/opt/ros/humble /usr/bin/cmake --install /home/dan/Projects/Mobile-Robots/project3_path_planning/prj3_ws/build/wpr_simulation2
[40.370s] Level 1:colcon.colcon_core.environment:create_environment_scripts_only(wpr_simulation2)
[40.370s] Level 1:colcon.colcon_core.environment:checking '/home/dan/Projects/Mobile-Robots/project3_path_planning/prj3_ws/install/wpr_simulation2' for CMake module files
[40.370s] DEBUG:colcon.colcon_core.event_handler.log_command:Invoked command in '/home/dan/Projects/Mobile-Robots/project3_path_planning/prj3_ws/build/wpr_simulation2' returned '0': CMAKE_PREFIX_PATH=${CMAKE_PREFIX_PATH}:/opt/ros/humble /usr/bin/cmake --install /home/dan/Projects/Mobile-Robots/project3_path_planning/prj3_ws/build/wpr_simulation2
[40.371s] Level 1:colcon.colcon_core.environment:checking '/home/dan/Projects/Mobile-Robots/project3_path_planning/prj3_ws/install/wpr_simulation2' for CMake config files
[40.371s] Level 1:colcon.colcon_core.shell:create_environment_hook('wpr_simulation2', 'cmake_prefix_path')
[40.371s] INFO:colcon.colcon_core.shell:Creating environment hook '/home/dan/Projects/Mobile-Robots/project3_path_planning/prj3_ws/install/wpr_simulation2/share/wpr_simulation2/hook/cmake_prefix_path.ps1'
[40.372s] INFO:colcon.colcon_core.shell:Creating environment descriptor '/home/dan/Projects/Mobile-Robots/project3_path_planning/prj3_ws/install/wpr_simulation2/share/wpr_simulation2/hook/cmake_prefix_path.dsv'
[40.372s] INFO:colcon.colcon_core.shell:Creating environment hook '/home/dan/Projects/Mobile-Robots/project3_path_planning/prj3_ws/install/wpr_simulation2/share/wpr_simulation2/hook/cmake_prefix_path.sh'
[40.372s] Level 1:colcon.colcon_core.environment:checking '/home/dan/Projects/Mobile-Robots/project3_path_planning/prj3_ws/install/wpr_simulation2/lib'
[40.372s] Level 1:colcon.colcon_core.shell:create_environment_hook('wpr_simulation2', 'ld_library_path_lib')
[40.372s] INFO:colcon.colcon_core.shell:Creating environment hook '/home/dan/Projects/Mobile-Robots/project3_path_planning/prj3_ws/install/wpr_simulation2/share/wpr_simulation2/hook/ld_library_path_lib.ps1'
[40.373s] INFO:colcon.colcon_core.shell:Creating environment descriptor '/home/dan/Projects/Mobile-Robots/project3_path_planning/prj3_ws/install/wpr_simulation2/share/wpr_simulation2/hook/ld_library_path_lib.dsv'
[40.373s] INFO:colcon.colcon_core.shell:Creating environment hook '/home/dan/Projects/Mobile-Robots/project3_path_planning/prj3_ws/install/wpr_simulation2/share/wpr_simulation2/hook/ld_library_path_lib.sh'
[40.373s] Level 1:colcon.colcon_core.environment:checking '/home/dan/Projects/Mobile-Robots/project3_path_planning/prj3_ws/install/wpr_simulation2/bin'
[40.373s] Level 1:colcon.colcon_core.environment:checking '/home/dan/Projects/Mobile-Robots/project3_path_planning/prj3_ws/install/wpr_simulation2/lib/pkgconfig/wpr_simulation2.pc'
[40.373s] Level 1:colcon.colcon_core.environment:checking '/home/dan/Projects/Mobile-Robots/project3_path_planning/prj3_ws/install/wpr_simulation2/lib/python3.10/site-packages'
[40.373s] Level 1:colcon.colcon_core.environment:checking '/home/dan/Projects/Mobile-Robots/project3_path_planning/prj3_ws/install/wpr_simulation2/bin'
[40.373s] INFO:colcon.colcon_core.shell:Creating package script '/home/dan/Projects/Mobile-Robots/project3_path_planning/prj3_ws/install/wpr_simulation2/share/wpr_simulation2/package.ps1'
[40.374s] INFO:colcon.colcon_core.shell:Creating package descriptor '/home/dan/Projects/Mobile-Robots/project3_path_planning/prj3_ws/install/wpr_simulation2/share/wpr_simulation2/package.dsv'
[40.374s] INFO:colcon.colcon_core.shell:Creating package script '/home/dan/Projects/Mobile-Robots/project3_path_planning/prj3_ws/install/wpr_simulation2/share/wpr_simulation2/package.sh'
[40.374s] INFO:colcon.colcon_core.shell:Creating package script '/home/dan/Projects/Mobile-Robots/project3_path_planning/prj3_ws/install/wpr_simulation2/share/wpr_simulation2/package.bash'
[40.374s] INFO:colcon.colcon_core.shell:Creating package script '/home/dan/Projects/Mobile-Robots/project3_path_planning/prj3_ws/install/wpr_simulation2/share/wpr_simulation2/package.zsh'
[40.374s] Level 1:colcon.colcon_core.environment:create_file_with_runtime_dependencies(/home/dan/Projects/Mobile-Robots/project3_path_planning/prj3_ws/install/wpr_simulation2/share/colcon-core/packages/wpr_simulation2)
[40.375s] Level 1:colcon.colcon_core.environment:create_environment_scripts_only(wpr_simulation2)
[40.375s] Level 1:colcon.colcon_core.environment:checking '/home/dan/Projects/Mobile-Robots/project3_path_planning/prj3_ws/install/wpr_simulation2' for CMake module files
[40.376s] Level 1:colcon.colcon_core.environment:checking '/home/dan/Projects/Mobile-Robots/project3_path_planning/prj3_ws/install/wpr_simulation2' for CMake config files
[40.376s] Level 1:colcon.colcon_core.shell:create_environment_hook('wpr_simulation2', 'cmake_prefix_path')
[40.376s] INFO:colcon.colcon_core.shell:Creating environment hook '/home/dan/Projects/Mobile-Robots/project3_path_planning/prj3_ws/install/wpr_simulation2/share/wpr_simulation2/hook/cmake_prefix_path.ps1'
[40.376s] INFO:colcon.colcon_core.shell:Creating environment descriptor '/home/dan/Projects/Mobile-Robots/project3_path_planning/prj3_ws/install/wpr_simulation2/share/wpr_simulation2/hook/cmake_prefix_path.dsv'
[40.376s] INFO:colcon.colcon_core.shell:Creating environment hook '/home/dan/Projects/Mobile-Robots/project3_path_planning/prj3_ws/install/wpr_simulation2/share/wpr_simulation2/hook/cmake_prefix_path.sh'
[40.377s] Level 1:colcon.colcon_core.environment:checking '/home/dan/Projects/Mobile-Robots/project3_path_planning/prj3_ws/install/wpr_simulation2/lib'
[40.377s] Level 1:colcon.colcon_core.shell:create_environment_hook('wpr_simulation2', 'ld_library_path_lib')
[40.377s] INFO:colcon.colcon_core.shell:Creating environment hook '/home/dan/Projects/Mobile-Robots/project3_path_planning/prj3_ws/install/wpr_simulation2/share/wpr_simulation2/hook/ld_library_path_lib.ps1'
[40.377s] INFO:colcon.colcon_core.shell:Creating environment descriptor '/home/dan/Projects/Mobile-Robots/project3_path_planning/prj3_ws/install/wpr_simulation2/share/wpr_simulation2/hook/ld_library_path_lib.dsv'
[40.377s] INFO:colcon.colcon_core.shell:Creating environment hook '/home/dan/Projects/Mobile-Robots/project3_path_planning/prj3_ws/install/wpr_simulation2/share/wpr_simulation2/hook/ld_library_path_lib.sh'
[40.378s] Level 1:colcon.colcon_core.environment:checking '/home/dan/Projects/Mobile-Robots/project3_path_planning/prj3_ws/install/wpr_simulation2/bin'
[40.378s] Level 1:colcon.colcon_core.environment:checking '/home/dan/Projects/Mobile-Robots/project3_path_planning/prj3_ws/install/wpr_simulation2/lib/pkgconfig/wpr_simulation2.pc'
[40.378s] Level 1:colcon.colcon_core.environment:checking '/home/dan/Projects/Mobile-Robots/project3_path_planning/prj3_ws/install/wpr_simulation2/lib/python3.10/site-packages'
[40.378s] Level 1:colcon.colcon_core.environment:checking '/home/dan/Projects/Mobile-Robots/project3_path_planning/prj3_ws/install/wpr_simulation2/bin'
[40.378s] INFO:colcon.colcon_core.shell:Creating package script '/home/dan/Projects/Mobile-Robots/project3_path_planning/prj3_ws/install/wpr_simulation2/share/wpr_simulation2/package.ps1'
[40.378s] INFO:colcon.colcon_core.shell:Creating package descriptor '/home/dan/Projects/Mobile-Robots/project3_path_planning/prj3_ws/install/wpr_simulation2/share/wpr_simulation2/package.dsv'
[40.379s] INFO:colcon.colcon_core.shell:Creating package script '/home/dan/Projects/Mobile-Robots/project3_path_planning/prj3_ws/install/wpr_simulation2/share/wpr_simulation2/package.sh'
[40.379s] INFO:colcon.colcon_core.shell:Creating package script '/home/dan/Projects/Mobile-Robots/project3_path_planning/prj3_ws/install/wpr_simulation2/share/wpr_simulation2/package.bash'
[40.379s] INFO:colcon.colcon_core.shell:Creating package script '/home/dan/Projects/Mobile-Robots/project3_path_planning/prj3_ws/install/wpr_simulation2/share/wpr_simulation2/package.zsh'
[40.379s] Level 1:colcon.colcon_core.environment:create_file_with_runtime_dependencies(/home/dan/Projects/Mobile-Robots/project3_path_planning/prj3_ws/install/wpr_simulation2/share/colcon-core/packages/wpr_simulation2)
[40.379s] DEBUG:colcon.colcon_parallel_executor.executor.parallel:closing loop
[40.380s] DEBUG:colcon.colcon_parallel_executor.executor.parallel:loop closed
[40.380s] DEBUG:colcon.colcon_parallel_executor.executor.parallel:run_until_complete finished with '0'
[40.380s] DEBUG:colcon.colcon_core.event_reactor:joining thread
[40.383s] INFO:colcon.colcon_core.plugin_system:Skipping extension 'colcon_notification.desktop_notification.terminal_notifier': Not used on non-Darwin systems
[40.383s] INFO:colcon.colcon_core.plugin_system:Skipping extension 'colcon_notification.desktop_notification.win32': Not used on non-Windows systems
[40.383s] INFO:colcon.colcon_notification.desktop_notification:Sending desktop notification using 'notify2'
[40.391s] DEBUG:colcon.colcon_core.event_reactor:joined thread
[40.392s] INFO:colcon.colcon_core.shell:Creating prefix script '/home/dan/Projects/Mobile-Robots/project3_path_planning/prj3_ws/install/local_setup.ps1'
[40.393s] INFO:colcon.colcon_core.shell:Creating prefix util module '/home/dan/Projects/Mobile-Robots/project3_path_planning/prj3_ws/install/_local_setup_util_ps1.py'
[40.394s] INFO:colcon.colcon_core.shell:Creating prefix chain script '/home/dan/Projects/Mobile-Robots/project3_path_planning/prj3_ws/install/setup.ps1'
[40.396s] INFO:colcon.colcon_core.shell:Creating prefix script '/home/dan/Projects/Mobile-Robots/project3_path_planning/prj3_ws/install/local_setup.sh'
[40.397s] INFO:colcon.colcon_core.shell:Creating prefix util module '/home/dan/Projects/Mobile-Robots/project3_path_planning/prj3_ws/install/_local_setup_util_sh.py'
[40.397s] INFO:colcon.colcon_core.shell:Creating prefix chain script '/home/dan/Projects/Mobile-Robots/project3_path_planning/prj3_ws/install/setup.sh'
[40.398s] INFO:colcon.colcon_core.shell:Creating prefix script '/home/dan/Projects/Mobile-Robots/project3_path_planning/prj3_ws/install/local_setup.bash'
[40.399s] INFO:colcon.colcon_core.shell:Creating prefix chain script '/home/dan/Projects/Mobile-Robots/project3_path_planning/prj3_ws/install/setup.bash'
[40.400s] INFO:colcon.colcon_core.shell:Creating prefix script '/home/dan/Projects/Mobile-Robots/project3_path_planning/prj3_ws/install/local_setup.zsh'
[40.400s] INFO:colcon.colcon_core.shell:Creating prefix chain script '/home/dan/Projects/Mobile-Robots/project3_path_planning/prj3_ws/install/setup.zsh'
