[0.009s] Invoking command in '/home/dan/Projects/Mobile-Robots/project2_lidar_mapping/prj2_ws/build/cv_pkg': CMAKE_PREFIX_PATH=${CMAKE_PREFIX_PATH}:/opt/ros/humble /usr/bin/cmake --build /home/dan/Projects/Mobile-Robots/project2_lidar_mapping/prj2_ws/build/cv_pkg -- -j8 -l8
[0.057s] [ 37%] Built target cv_hsv_node
[0.057s] [ 50%] Built target cv_face_detect_node
[0.061s] [100%] Built target cv_image_node
[0.061s] [100%] Built target cv_follow_node
[0.068s] Invoked command in '/home/dan/Projects/Mobile-Robots/project2_lidar_mapping/prj2_ws/build/cv_pkg' returned '0': CMAKE_PREFIX_PATH=${CMAKE_PREFIX_PATH}:/opt/ros/humble /usr/bin/cmake --build /home/dan/Projects/Mobile-Robots/project2_lidar_mapping/prj2_ws/build/cv_pkg -- -j8 -l8
[0.075s] Invoking command in '/home/dan/Projects/Mobile-Robots/project2_lidar_mapping/prj2_ws/build/cv_pkg': CMAKE_PREFIX_PATH=${CMAKE_PREFIX_PATH}:/opt/ros/humble /usr/bin/cmake --install /home/dan/Projects/Mobile-Robots/project2_lidar_mapping/prj2_ws/build/cv_pkg
[0.079s] -- Install configuration: ""
[0.079s] -- Up-to-date: /home/dan/Projects/Mobile-Robots/project2_lidar_mapping/prj2_ws/install/cv_pkg/lib/cv_pkg/cv_image_node
[0.079s] -- Up-to-date: /home/dan/Projects/Mobile-Robots/project2_lidar_mapping/prj2_ws/install/cv_pkg/lib/cv_pkg/cv_hsv_node
[0.080s] -- Up-to-date: /home/dan/Projects/Mobile-Robots/project2_lidar_mapping/prj2_ws/install/cv_pkg/lib/cv_pkg/cv_follow_node
[0.080s] -- Up-to-date: /home/dan/Projects/Mobile-Robots/project2_lidar_mapping/prj2_ws/install/cv_pkg/lib/cv_pkg/cv_face_detect_node
[0.080s] -- Up-to-date: /home/dan/Projects/Mobile-Robots/project2_lidar_mapping/prj2_ws/install/cv_pkg/share/ament_index/resource_index/package_run_dependencies/cv_pkg
[0.080s] -- Up-to-date: /home/dan/Projects/Mobile-Robots/project2_lidar_mapping/prj2_ws/install/cv_pkg/share/ament_index/resource_index/parent_prefix_path/cv_pkg
[0.080s] -- Up-to-date: /home/dan/Projects/Mobile-Robots/project2_lidar_mapping/prj2_ws/install/cv_pkg/share/cv_pkg/environment/ament_prefix_path.sh
[0.080s] -- Up-to-date: /home/dan/Projects/Mobile-Robots/project2_lidar_mapping/prj2_ws/install/cv_pkg/share/cv_pkg/environment/ament_prefix_path.dsv
[0.080s] -- Up-to-date: /home/dan/Projects/Mobile-Robots/project2_lidar_mapping/prj2_ws/install/cv_pkg/share/cv_pkg/environment/path.sh
[0.080s] -- Up-to-date: /home/dan/Projects/Mobile-Robots/project2_lidar_mapping/prj2_ws/install/cv_pkg/share/cv_pkg/environment/path.dsv
[0.080s] -- Up-to-date: /home/dan/Projects/Mobile-Robots/project2_lidar_mapping/prj2_ws/install/cv_pkg/share/cv_pkg/local_setup.bash
[0.080s] -- Up-to-date: /home/dan/Projects/Mobile-Robots/project2_lidar_mapping/prj2_ws/install/cv_pkg/share/cv_pkg/local_setup.sh
[0.080s] -- Up-to-date: /home/dan/Projects/Mobile-Robots/project2_lidar_mapping/prj2_ws/install/cv_pkg/share/cv_pkg/local_setup.zsh
[0.080s] -- Up-to-date: /home/dan/Projects/Mobile-Robots/project2_lidar_mapping/prj2_ws/install/cv_pkg/share/cv_pkg/local_setup.dsv
[0.080s] -- Installing: /home/dan/Projects/Mobile-Robots/project2_lidar_mapping/prj2_ws/install/cv_pkg/share/cv_pkg/package.dsv
[0.080s] -- Up-to-date: /home/dan/Projects/Mobile-Robots/project2_lidar_mapping/prj2_ws/install/cv_pkg/share/ament_index/resource_index/packages/cv_pkg
[0.080s] -- Up-to-date: /home/dan/Projects/Mobile-Robots/project2_lidar_mapping/prj2_ws/install/cv_pkg/share/cv_pkg/cmake/cv_pkgConfig.cmake
[0.080s] -- Up-to-date: /home/dan/Projects/Mobile-Robots/project2_lidar_mapping/prj2_ws/install/cv_pkg/share/cv_pkg/cmake/cv_pkgConfig-version.cmake
[0.080s] -- Up-to-date: /home/dan/Projects/Mobile-Robots/project2_lidar_mapping/prj2_ws/install/cv_pkg/share/cv_pkg/package.xml
[0.081s] Invoked command in '/home/dan/Projects/Mobile-Robots/project2_lidar_mapping/prj2_ws/build/cv_pkg' returned '0': CMAKE_PREFIX_PATH=${CMAKE_PREFIX_PATH}:/opt/ros/humble /usr/bin/cmake --install /home/dan/Projects/Mobile-Robots/project2_lidar_mapping/prj2_ws/build/cv_pkg
