[0.007s] Invoking command in '/home/dan/Projects/Mobile-Robots/project2_lidar_mapping/prj2_ws/build/cv_pkg': CMAKE_PREFIX_PATH=${CMAKE_PREFIX_PATH}:/opt/ros/humble /usr/bin/cmake --build /home/dan/Projects/Mobile-Robots/project2_lidar_mapping/prj2_ws/build/cv_pkg -- -j8 -l8
[0.022s] -- Found ament_cmake: 1.3.11 (/opt/ros/humble/share/ament_cmake/cmake)
[0.101s] -- Found rclcpp: 16.0.12 (/opt/ros/humble/share/rclcpp/cmake)
[0.121s] -- Found rosidl_generator_c: 3.1.6 (/opt/ros/humble/share/rosidl_generator_c/cmake)
[0.122s] -- Found rosidl_adapter: 3.1.6 (/opt/ros/humble/share/rosidl_adapter/cmake)
[0.126s] -- Found rosidl_generator_cpp: 3.1.6 (/opt/ros/humble/share/rosidl_generator_cpp/cmake)
[0.131s] -- Using all available rosidl_typesupport_c: rosidl_typesupport_fastrtps_c;rosidl_typesupport_introspection_c
[0.139s] -- Using all available rosidl_typesupport_cpp: rosidl_typesupport_fastrtps_cpp;rosidl_typesupport_introspection_cpp
[0.158s] -- Found rmw_implementation_cmake: 6.1.2 (/opt/ros/humble/share/rmw_implementation_cmake/cmake)
[0.159s] -- Found rmw_fastrtps_cpp: 6.2.7 (/opt/ros/humble/share/rmw_fastrtps_cpp/cmake)
[0.222s] -- Using RMW implementation 'rmw_fastrtps_cpp' as default
[0.251s] -- Found sensor_msgs: 4.8.0 (/opt/ros/humble/share/sensor_msgs/cmake)
[0.267s] -- Found cv_bridge: 3.2.1 (/opt/ros/humble/share/cv_bridge/cmake)
[0.276s] -- Found pcl_conversions: 2.4.5 (/opt/ros/humble/share/pcl_conversions/cmake)
[0.299s] -- Checking for module 'eigen3'
[0.305s] --   Found eigen3, version 3.4.0
[0.321s] -- Found Eigen: /usr/include/eigen3 (Required is at least version "3.1") 
[0.322s] -- Eigen found (include: /usr/include/eigen3, version: 3.4.0)
[0.343s] -- Checking for module 'flann'
[0.349s] --   Found flann, version 1.9.1
[0.368s] -- Found FLANN: /usr/lib/x86_64-linux-gnu/libflann_cpp.so  
[0.368s] -- FLANN found (include: /usr/include, lib: /usr/lib/x86_64-linux-gnu/libflann_cpp.so)
[1.012s] -- Checking for module 'libusb-1.0'
[1.021s] --   Found libusb-1.0, version 1.0.25
[1.047s] -- Found libusb: /usr/lib/x86_64-linux-gnu/libusb-1.0.so  
[1.048s] -- OpenNI found (version: 1.5.4.0, include: /usr/include/ni, lib: /usr/lib/libOpenNI.so;libusb::libusb)
[1.079s] -- OpenNI2 found (version: 2.2.0.33, include: /usr/include/openni2, lib: /usr/lib/x86_64-linux-gnu/libOpenNI2.so;libusb::libusb)
[1.179s] -- Eigen found (include: /usr/include/eigen3, version: 3.4.0)
[1.183s] -- OpenNI found (version: 1.5.4.0, include: /usr/include/ni, lib: /usr/lib/libOpenNI.so;libusb::libusb)
[1.186s] -- OpenNI2 found (version: 2.2.0.33, include: /usr/include/openni2, lib: /usr/lib/x86_64-linux-gnu/libOpenNI2.so;libusb::libusb)
[1.279s] -- Found Qhull version 8.0.2
[1.375s] -- OpenNI found (version: 1.5.4.0, include: /usr/include/ni, lib: /usr/lib/libOpenNI.so;libusb::libusb)
[1.468s] -- Found PCL_COMMON: /usr/lib/x86_64-linux-gnu/libpcl_common.so  
[1.469s] -- Found PCL_KDTREE: /usr/lib/x86_64-linux-gnu/libpcl_kdtree.so  
[1.469s] -- Found PCL_OCTREE: /usr/lib/x86_64-linux-gnu/libpcl_octree.so  
[1.470s] -- Found PCL_SEARCH: /usr/lib/x86_64-linux-gnu/libpcl_search.so  
[1.470s] -- Found PCL_SAMPLE_CONSENSUS: /usr/lib/x86_64-linux-gnu/libpcl_sample_consensus.so  
[1.471s] -- Found PCL_FILTERS: /usr/lib/x86_64-linux-gnu/libpcl_filters.so  
[1.471s] -- Found PCL_2D: /usr/include/pcl-1.12  
[1.471s] -- Found PCL_GEOMETRY: /usr/include/pcl-1.12  
[1.472s] -- Found PCL_IO: /usr/lib/x86_64-linux-gnu/libpcl_io.so  
[1.472s] -- Found PCL_FEATURES: /usr/lib/x86_64-linux-gnu/libpcl_features.so  
[1.473s] -- Found PCL_ML: /usr/lib/x86_64-linux-gnu/libpcl_ml.so  
[1.473s] -- Found PCL_SEGMENTATION: /usr/lib/x86_64-linux-gnu/libpcl_segmentation.so  
[1.474s] -- Found PCL_VISUALIZATION: /usr/lib/x86_64-linux-gnu/libpcl_visualization.so  
[1.475s] -- Found PCL_SURFACE: /usr/lib/x86_64-linux-gnu/libpcl_surface.so  
[1.475s] -- Found PCL_REGISTRATION: /usr/lib/x86_64-linux-gnu/libpcl_registration.so  
[1.476s] -- Found PCL_KEYPOINTS: /usr/lib/x86_64-linux-gnu/libpcl_keypoints.so  
[1.476s] -- Found PCL_TRACKING: /usr/lib/x86_64-linux-gnu/libpcl_tracking.so  
[1.477s] -- Found PCL_RECOGNITION: /usr/lib/x86_64-linux-gnu/libpcl_recognition.so  
[1.478s] -- Found PCL_STEREO: /usr/lib/x86_64-linux-gnu/libpcl_stereo.so  
[1.478s] -- Found PCL_APPS: /usr/lib/x86_64-linux-gnu/libpcl_apps.so  
[1.479s] -- Found PCL_IN_HAND_SCANNER: /usr/include/pcl-1.12  
[1.479s] -- Found PCL_MODELER: /usr/include/pcl-1.12  
[1.479s] -- Found PCL_POINT_CLOUD_EDITOR: /usr/include/pcl-1.12  
[1.480s] -- Found PCL_OUTOFCORE: /usr/lib/x86_64-linux-gnu/libpcl_outofcore.so  
[1.480s] -- Found PCL_PEOPLE: /usr/lib/x86_64-linux-gnu/libpcl_people.so  
[1.482s] -- Found pcl_ros: 2.4.5 (/opt/ros/humble/share/pcl_ros/cmake)
[1.503s] -- Found eigen3_cmake_module: 0.1.1 (/opt/ros/humble/share/eigen3_cmake_module/cmake)
[1.504s] -- Found Eigen3: TRUE (found version "3.4.0") 
[1.504s] -- Ensuring Eigen3 include directory is part of orocos-kdl CMake target
[1.566s] -- Found ament_lint_auto: 0.12.12 (/opt/ros/humble/share/ament_lint_auto/cmake)
[1.608s] -- Added test 'cppcheck' to perform static code analysis on C / C++ code
[1.609s] -- Configured cppcheck include dirs: 
[1.609s] -- Configured cppcheck exclude dirs and/or files: 
[1.609s] -- Added test 'lint_cmake' to check CMake code style
[1.610s] -- Added test 'uncrustify' to check C / C++ code style
[1.610s] -- Configured uncrustify additional arguments: 
[1.610s] -- Added test 'xmllint' to check XML markup files
[1.611s] -- Configuring done
[1.648s] -- Generating done
[1.657s] -- Build files have been written to: /home/dan/Projects/Mobile-Robots/project2_lidar_mapping/prj2_ws/build/cv_pkg
[1.680s] [35m[1mConsolidate compiler generated dependencies of target cv_image_node[0m
[1.687s] [ 10%] [32mBuilding CXX object CMakeFiles/cv_face_detect_node.dir/src/cv_face_detect.cpp.o[0m
[1.687s] [ 20%] [32mBuilding CXX object CMakeFiles/cv_follow_node.dir/src/cv_follow.cpp.o[0m
[1.687s] [ 30%] [32mBuilding CXX object CMakeFiles/pc_data_node.dir/src/pc_data.cpp.o[0m
[1.688s] [ 40%] [32mBuilding CXX object CMakeFiles/cv_hsv_node.dir/src/cv_hsv.cpp.o[0m
[1.692s] [01m[K/home/dan/Projects/Mobile-Robots/project2_lidar_mapping/prj2_ws/src/cv_pkg/src/cv_face_detect.cpp:1:10:[m[K [01;31m[Kfatal error: [m[Krclcpp/rclcpp.hpp: No such file or directory
[1.692s]     1 | #include [01;31m[K<rclcpp/rclcpp.hpp>[m[K
[1.692s]       |          [01;31m[K^~~~~~~~~~~~~~~~~~~[m[K
[1.692s] compilation terminated.
[1.692s] [ 50%] [32m[1mLinking CXX executable cv_image_node[0m
[1.692s] gmake[2]: *** [CMakeFiles/cv_face_detect_node.dir/build.make:76: CMakeFiles/cv_face_detect_node.dir/src/cv_face_detect.cpp.o] Error 1
[1.692s] gmake[1]: *** [CMakeFiles/Makefile2:249: CMakeFiles/cv_face_detect_node.dir/all] Error 2
[1.692s] gmake[1]: *** Waiting for unfinished jobs....
[2.215s] [ 60%] Built target cv_image_node
[7.257s] [ 70%] [32m[1mLinking CXX executable cv_hsv_node[0m
[7.762s] [ 70%] Built target cv_hsv_node
[7.874s] [ 80%] [32m[1mLinking CXX executable cv_follow_node[0m
[8.351s] [ 80%] Built target cv_follow_node
[10.230s] [ 90%] [32m[1mLinking CXX executable pc_data_node[0m
[11.239s] [ 90%] Built target pc_data_node
[11.239s] gmake: *** [Makefile:146: all] Error 2
[11.241s] Invoked command in '/home/dan/Projects/Mobile-Robots/project2_lidar_mapping/prj2_ws/build/cv_pkg' returned '2': CMAKE_PREFIX_PATH=${CMAKE_PREFIX_PATH}:/opt/ros/humble /usr/bin/cmake --build /home/dan/Projects/Mobile-Robots/project2_lidar_mapping/prj2_ws/build/cv_pkg -- -j8 -l8
