[ 50%] Built target imu_behavior
[100%] Built target imu_data
-- Install configuration: ""
-- Up-to-date: /home/dan/Projects/Mobile-Robots/project3_path_planning/prj3_ws/install/imu_pkg/lib/imu_pkg/imu_data
-- Up-to-date: /home/dan/Projects/Mobile-Robots/project3_path_planning/prj3_ws/install/imu_pkg/lib/imu_pkg/imu_behavior
-- Up-to-date: /home/dan/Projects/Mobile-Robots/project3_path_planning/prj3_ws/install/imu_pkg/share/ament_index/resource_index/package_run_dependencies/imu_pkg
-- Up-to-date: /home/dan/Projects/Mobile-Robots/project3_path_planning/prj3_ws/install/imu_pkg/share/ament_index/resource_index/parent_prefix_path/imu_pkg
-- Up-to-date: /home/dan/Projects/Mobile-Robots/project3_path_planning/prj3_ws/install/imu_pkg/share/imu_pkg/environment/ament_prefix_path.sh
-- Up-to-date: /home/dan/Projects/Mobile-Robots/project3_path_planning/prj3_ws/install/imu_pkg/share/imu_pkg/environment/ament_prefix_path.dsv
-- Up-to-date: /home/dan/Projects/Mobile-Robots/project3_path_planning/prj3_ws/install/imu_pkg/share/imu_pkg/environment/path.sh
-- Up-to-date: /home/dan/Projects/Mobile-Robots/project3_path_planning/prj3_ws/install/imu_pkg/share/imu_pkg/environment/path.dsv
-- Up-to-date: /home/dan/Projects/Mobile-Robots/project3_path_planning/prj3_ws/install/imu_pkg/share/imu_pkg/local_setup.bash
-- Up-to-date: /home/dan/Projects/Mobile-Robots/project3_path_planning/prj3_ws/install/imu_pkg/share/imu_pkg/local_setup.sh
-- Up-to-date: /home/dan/Projects/Mobile-Robots/project3_path_planning/prj3_ws/install/imu_pkg/share/imu_pkg/local_setup.zsh
-- Up-to-date: /home/dan/Projects/Mobile-Robots/project3_path_planning/prj3_ws/install/imu_pkg/share/imu_pkg/local_setup.dsv
-- Installing: /home/dan/Projects/Mobile-Robots/project3_path_planning/prj3_ws/install/imu_pkg/share/imu_pkg/package.dsv
-- Up-to-date: /home/dan/Projects/Mobile-Robots/project3_path_planning/prj3_ws/install/imu_pkg/share/ament_index/resource_index/packages/imu_pkg
-- Up-to-date: /home/dan/Projects/Mobile-Robots/project3_path_planning/prj3_ws/install/imu_pkg/share/imu_pkg/cmake/imu_pkgConfig.cmake
-- Up-to-date: /home/dan/Projects/Mobile-Robots/project3_path_planning/prj3_ws/install/imu_pkg/share/imu_pkg/cmake/imu_pkgConfig-version.cmake
-- Up-to-date: /home/dan/Projects/Mobile-Robots/project3_path_planning/prj3_ws/install/imu_pkg/share/imu_pkg/package.xml
