[0.017s] Invoking command in '/home/dan/Projects/Mobile-Robots/project3_path_planning/prj3_ws/build/imu_pkg': CMAKE_PREFIX_PATH=${CMAKE_PREFIX_PATH}:/opt/ros/humble /usr/bin/cmake --build /home/dan/Projects/Mobile-Robots/project3_path_planning/prj3_ws/build/imu_pkg -- -j8 -l8
[0.063s] [ 50%] Built target imu_behavior
[0.063s] [100%] Built target imu_data
[0.100s] Invoked command in '/home/dan/Projects/Mobile-Robots/project3_path_planning/prj3_ws/build/imu_pkg' returned '0': CMAKE_PREFIX_PATH=${CMAKE_PREFIX_PATH}:/opt/ros/humble /usr/bin/cmake --build /home/dan/Projects/Mobile-Robots/project3_path_planning/prj3_ws/build/imu_pkg -- -j8 -l8
[0.101s] Invoking command in '/home/dan/Projects/Mobile-Robots/project3_path_planning/prj3_ws/build/imu_pkg': CMAKE_PREFIX_PATH=${CMAKE_PREFIX_PATH}:/opt/ros/humble /usr/bin/cmake --install /home/dan/Projects/Mobile-Robots/project3_path_planning/prj3_ws/build/imu_pkg
[0.111s] -- Install configuration: ""
[0.116s] -- Up-to-date: /home/dan/Projects/Mobile-Robots/project3_path_planning/prj3_ws/install/imu_pkg/lib/imu_pkg/imu_data
[0.116s] -- Up-to-date: /home/dan/Projects/Mobile-Robots/project3_path_planning/prj3_ws/install/imu_pkg/lib/imu_pkg/imu_behavior
[0.116s] -- Up-to-date: /home/dan/Projects/Mobile-Robots/project3_path_planning/prj3_ws/install/imu_pkg/share/ament_index/resource_index/package_run_dependencies/imu_pkg
[0.116s] -- Up-to-date: /home/dan/Projects/Mobile-Robots/project3_path_planning/prj3_ws/install/imu_pkg/share/ament_index/resource_index/parent_prefix_path/imu_pkg
[0.116s] -- Up-to-date: /home/dan/Projects/Mobile-Robots/project3_path_planning/prj3_ws/install/imu_pkg/share/imu_pkg/environment/ament_prefix_path.sh
[0.116s] -- Up-to-date: /home/dan/Projects/Mobile-Robots/project3_path_planning/prj3_ws/install/imu_pkg/share/imu_pkg/environment/ament_prefix_path.dsv
[0.116s] -- Up-to-date: /home/dan/Projects/Mobile-Robots/project3_path_planning/prj3_ws/install/imu_pkg/share/imu_pkg/environment/path.sh
[0.116s] -- Up-to-date: /home/dan/Projects/Mobile-Robots/project3_path_planning/prj3_ws/install/imu_pkg/share/imu_pkg/environment/path.dsv
[0.116s] -- Up-to-date: /home/dan/Projects/Mobile-Robots/project3_path_planning/prj3_ws/install/imu_pkg/share/imu_pkg/local_setup.bash
[0.116s] -- Up-to-date: /home/dan/Projects/Mobile-Robots/project3_path_planning/prj3_ws/install/imu_pkg/share/imu_pkg/local_setup.sh
[0.116s] -- Up-to-date: /home/dan/Projects/Mobile-Robots/project3_path_planning/prj3_ws/install/imu_pkg/share/imu_pkg/local_setup.zsh
[0.116s] -- Up-to-date: /home/dan/Projects/Mobile-Robots/project3_path_planning/prj3_ws/install/imu_pkg/share/imu_pkg/local_setup.dsv
[0.117s] -- Installing: /home/dan/Projects/Mobile-Robots/project3_path_planning/prj3_ws/install/imu_pkg/share/imu_pkg/package.dsv
[0.117s] -- Up-to-date: /home/dan/Projects/Mobile-Robots/project3_path_planning/prj3_ws/install/imu_pkg/share/ament_index/resource_index/packages/imu_pkg
[0.117s] -- Up-to-date: /home/dan/Projects/Mobile-Robots/project3_path_planning/prj3_ws/install/imu_pkg/share/imu_pkg/cmake/imu_pkgConfig.cmake
[0.117s] -- Up-to-date: /home/dan/Projects/Mobile-Robots/project3_path_planning/prj3_ws/install/imu_pkg/share/imu_pkg/cmake/imu_pkgConfig-version.cmake
[0.117s] -- Up-to-date: /home/dan/Projects/Mobile-Robots/project3_path_planning/prj3_ws/install/imu_pkg/share/imu_pkg/package.xml
[0.129s] Invoked command in '/home/dan/Projects/Mobile-Robots/project3_path_planning/prj3_ws/build/imu_pkg' returned '0': CMAKE_PREFIX_PATH=${CMAKE_PREFIX_PATH}:/opt/ros/humble /usr/bin/cmake --install /home/dan/Projects/Mobile-Robots/project3_path_planning/prj3_ws/build/imu_pkg
