[35m[1mConsolidate compiler generated dependencies of target pc_data[0m
[ 50%] Built target pc_objects
[100%] Built target pc_data
-- Install configuration: ""
-- Up-to-date: /home/dan/Projects/Mobile-Robots/project2_lidar_mapping/prj2_ws/install/pc_pkg/lib/pc_pkg/pc_data
-- Up-to-date: /home/dan/Projects/Mobile-Robots/project2_lidar_mapping/prj2_ws/install/pc_pkg/lib/pc_pkg/pc_objects
-- Up-to-date: /home/dan/Projects/Mobile-Robots/project2_lidar_mapping/prj2_ws/install/pc_pkg/share/ament_index/resource_index/package_run_dependencies/pc_pkg
-- Up-to-date: /home/dan/Projects/Mobile-Robots/project2_lidar_mapping/prj2_ws/install/pc_pkg/share/ament_index/resource_index/parent_prefix_path/pc_pkg
-- Up-to-date: /home/dan/Projects/Mobile-Robots/project2_lidar_mapping/prj2_ws/install/pc_pkg/share/pc_pkg/environment/ament_prefix_path.sh
-- Up-to-date: /home/dan/Projects/Mobile-Robots/project2_lidar_mapping/prj2_ws/install/pc_pkg/share/pc_pkg/environment/ament_prefix_path.dsv
-- Up-to-date: /home/dan/Projects/Mobile-Robots/project2_lidar_mapping/prj2_ws/install/pc_pkg/share/pc_pkg/environment/path.sh
-- Up-to-date: /home/dan/Projects/Mobile-Robots/project2_lidar_mapping/prj2_ws/install/pc_pkg/share/pc_pkg/environment/path.dsv
-- Up-to-date: /home/dan/Projects/Mobile-Robots/project2_lidar_mapping/prj2_ws/install/pc_pkg/share/pc_pkg/local_setup.bash
-- Up-to-date: /home/dan/Projects/Mobile-Robots/project2_lidar_mapping/prj2_ws/install/pc_pkg/share/pc_pkg/local_setup.sh
-- Up-to-date: /home/dan/Projects/Mobile-Robots/project2_lidar_mapping/prj2_ws/install/pc_pkg/share/pc_pkg/local_setup.zsh
-- Up-to-date: /home/dan/Projects/Mobile-Robots/project2_lidar_mapping/prj2_ws/install/pc_pkg/share/pc_pkg/local_setup.dsv
-- Installing: /home/dan/Projects/Mobile-Robots/project2_lidar_mapping/prj2_ws/install/pc_pkg/share/pc_pkg/package.dsv
-- Up-to-date: /home/dan/Projects/Mobile-Robots/project2_lidar_mapping/prj2_ws/install/pc_pkg/share/ament_index/resource_index/packages/pc_pkg
-- Up-to-date: /home/dan/Projects/Mobile-Robots/project2_lidar_mapping/prj2_ws/install/pc_pkg/share/pc_pkg/cmake/pc_pkgConfig.cmake
-- Up-to-date: /home/dan/Projects/Mobile-Robots/project2_lidar_mapping/prj2_ws/install/pc_pkg/share/pc_pkg/cmake/pc_pkgConfig-version.cmake
-- Up-to-date: /home/dan/Projects/Mobile-Robots/project2_lidar_mapping/prj2_ws/install/pc_pkg/share/pc_pkg/package.xml
