[0.012s] Invoking command in '/home/dan/Projects/Mobile-Robots/project2_lidar_mapping/prj2_ws/build/pc_pkg': CMAKE_PREFIX_PATH=${CMAKE_PREFIX_PATH}:/opt/ros/humble /usr/bin/cmake --build /home/dan/Projects/Mobile-Robots/project2_lidar_mapping/prj2_ws/build/pc_pkg -- -j8 -l8
[0.053s] [35m[1mConsolidate compiler generated dependencies of target pc_data[0m
[0.063s] [ 50%] Built target pc_objects
[0.074s] [100%] Built target pc_data
[0.082s] Invoked command in '/home/dan/Projects/Mobile-Robots/project2_lidar_mapping/prj2_ws/build/pc_pkg' returned '0': CMAKE_PREFIX_PATH=${CMAKE_PREFIX_PATH}:/opt/ros/humble /usr/bin/cmake --build /home/dan/Projects/Mobile-Robots/project2_lidar_mapping/prj2_ws/build/pc_pkg -- -j8 -l8
[0.083s] Invoking command in '/home/dan/Projects/Mobile-Robots/project2_lidar_mapping/prj2_ws/build/pc_pkg': CMAKE_PREFIX_PATH=${CMAKE_PREFIX_PATH}:/opt/ros/humble /usr/bin/cmake --install /home/dan/Projects/Mobile-Robots/project2_lidar_mapping/prj2_ws/build/pc_pkg
[0.090s] -- Install configuration: ""
[0.090s] -- Up-to-date: /home/dan/Projects/Mobile-Robots/project2_lidar_mapping/prj2_ws/install/pc_pkg/lib/pc_pkg/pc_data
[0.090s] -- Up-to-date: /home/dan/Projects/Mobile-Robots/project2_lidar_mapping/prj2_ws/install/pc_pkg/lib/pc_pkg/pc_objects
[0.090s] -- Up-to-date: /home/dan/Projects/Mobile-Robots/project2_lidar_mapping/prj2_ws/install/pc_pkg/share/ament_index/resource_index/package_run_dependencies/pc_pkg
[0.090s] -- Up-to-date: /home/dan/Projects/Mobile-Robots/project2_lidar_mapping/prj2_ws/install/pc_pkg/share/ament_index/resource_index/parent_prefix_path/pc_pkg
[0.090s] -- Up-to-date: /home/dan/Projects/Mobile-Robots/project2_lidar_mapping/prj2_ws/install/pc_pkg/share/pc_pkg/environment/ament_prefix_path.sh
[0.090s] -- Up-to-date: /home/dan/Projects/Mobile-Robots/project2_lidar_mapping/prj2_ws/install/pc_pkg/share/pc_pkg/environment/ament_prefix_path.dsv
[0.090s] -- Up-to-date: /home/dan/Projects/Mobile-Robots/project2_lidar_mapping/prj2_ws/install/pc_pkg/share/pc_pkg/environment/path.sh
[0.090s] -- Up-to-date: /home/dan/Projects/Mobile-Robots/project2_lidar_mapping/prj2_ws/install/pc_pkg/share/pc_pkg/environment/path.dsv
[0.090s] -- Up-to-date: /home/dan/Projects/Mobile-Robots/project2_lidar_mapping/prj2_ws/install/pc_pkg/share/pc_pkg/local_setup.bash
[0.090s] -- Up-to-date: /home/dan/Projects/Mobile-Robots/project2_lidar_mapping/prj2_ws/install/pc_pkg/share/pc_pkg/local_setup.sh
[0.090s] -- Up-to-date: /home/dan/Projects/Mobile-Robots/project2_lidar_mapping/prj2_ws/install/pc_pkg/share/pc_pkg/local_setup.zsh
[0.090s] -- Up-to-date: /home/dan/Projects/Mobile-Robots/project2_lidar_mapping/prj2_ws/install/pc_pkg/share/pc_pkg/local_setup.dsv
[0.090s] -- Installing: /home/dan/Projects/Mobile-Robots/project2_lidar_mapping/prj2_ws/install/pc_pkg/share/pc_pkg/package.dsv
[0.090s] -- Up-to-date: /home/dan/Projects/Mobile-Robots/project2_lidar_mapping/prj2_ws/install/pc_pkg/share/ament_index/resource_index/packages/pc_pkg
[0.090s] -- Up-to-date: /home/dan/Projects/Mobile-Robots/project2_lidar_mapping/prj2_ws/install/pc_pkg/share/pc_pkg/cmake/pc_pkgConfig.cmake
[0.090s] -- Up-to-date: /home/dan/Projects/Mobile-Robots/project2_lidar_mapping/prj2_ws/install/pc_pkg/share/pc_pkg/cmake/pc_pkgConfig-version.cmake
[0.090s] -- Up-to-date: /home/dan/Projects/Mobile-Robots/project2_lidar_mapping/prj2_ws/install/pc_pkg/share/pc_pkg/package.xml
[0.097s] Invoked command in '/home/dan/Projects/Mobile-Robots/project2_lidar_mapping/prj2_ws/build/pc_pkg' returned '0': CMAKE_PREFIX_PATH=${CMAKE_PREFIX_PATH}:/opt/ros/humble /usr/bin/cmake --install /home/dan/Projects/Mobile-Robots/project2_lidar_mapping/prj2_ws/build/pc_pkg
