[0.006s] Invoking command in '/home/dan/Projects/Mobile-Robots/ros2_ws/build/wpr_simulation2': CMAKE_PREFIX_PATH=/opt/ros/humble /usr/bin/cmake /home/dan/Projects/Mobile-Robots/ros2_ws/src/wpr_simulation2 -DCMAKE_INSTALL_PREFIX=/home/dan/Projects/Mobile-Robots/ros2_ws/install/wpr_simulation2
[0.043s] -- The C compiler identification is GNU 11.4.0
[0.077s] -- The CXX compiler identification is GNU 11.4.0
[0.082s] -- Detecting C compiler ABI info
[0.136s] -- Detecting C compiler ABI info - done
[0.142s] -- Check for working C compiler: /usr/bin/cc - skipped
[0.142s] -- Detecting C compile features
[0.143s] -- Detecting C compile features - done
[0.145s] -- Detecting CXX compiler ABI info
[0.192s] -- Detecting CXX compiler ABI info - done
[0.197s] -- Check for working CXX compiler: /usr/bin/c++ - skipped
[0.197s] -- Detecting CXX compile features
[0.198s] -- Detecting CXX compile features - done
[0.199s] -- Found ament_cmake: 1.3.11 (/opt/ros/humble/share/ament_cmake/cmake)
[0.299s] -- Found Python3: /usr/bin/python3 (found version "3.10.12") found components: Interpreter 
[0.374s] -- Found gazebo_ros_pkgs: 3.9.0 (/opt/ros/humble/share/gazebo_ros_pkgs/cmake)
[0.375s] -- Found geometry_msgs: 4.8.0 (/opt/ros/humble/share/geometry_msgs/cmake)
[0.396s] -- Found rosidl_generator_c: 3.1.6 (/opt/ros/humble/share/rosidl_generator_c/cmake)
[0.399s] -- Found rosidl_adapter: 3.1.6 (/opt/ros/humble/share/rosidl_adapter/cmake)
[0.404s] -- Found rosidl_generator_cpp: 3.1.6 (/opt/ros/humble/share/rosidl_generator_cpp/cmake)
[0.412s] -- Using all available rosidl_typesupport_c: rosidl_typesupport_fastrtps_c;rosidl_typesupport_introspection_c
[0.423s] -- Using all available rosidl_typesupport_cpp: rosidl_typesupport_fastrtps_cpp;rosidl_typesupport_introspection_cpp
[0.448s] -- Found nav_msgs: 4.8.0 (/opt/ros/humble/share/nav_msgs/cmake)
[0.458s] -- Found rclcpp: 16.0.12 (/opt/ros/humble/share/rclcpp/cmake)
[0.479s] -- Found rmw_implementation_cmake: 6.1.2 (/opt/ros/humble/share/rmw_implementation_cmake/cmake)
[0.481s] -- Found rmw_fastrtps_cpp: 6.2.7 (/opt/ros/humble/share/rmw_fastrtps_cpp/cmake)
[0.535s] -- Found OpenSSL: /usr/lib/x86_64-linux-gnu/libcrypto.so (found version "3.0.2")  
[0.553s] -- Found FastRTPS: /opt/ros/humble/include  
[0.577s] -- Using RMW implementation 'rmw_fastrtps_cpp' as default
[0.582s] -- Looking for pthread.h
[0.646s] -- Looking for pthread.h - found
[0.646s] -- Performing Test CMAKE_HAVE_LIBC_PTHREAD
[0.693s] -- Performing Test CMAKE_HAVE_LIBC_PTHREAD - Success
[0.694s] -- Found Threads: TRUE  
[0.732s] -- Found rclpy: 3.3.16 (/opt/ros/humble/share/rclpy/cmake)
[0.733s] -- Found rclcpp_action: 16.0.12 (/opt/ros/humble/share/rclcpp_action/cmake)
[0.754s] -- Found sensor_msgs: 4.8.0 (/opt/ros/humble/share/sensor_msgs/cmake)
[0.765s] -- Found tf2_geometry_msgs: 0.25.12 (/opt/ros/humble/share/tf2_geometry_msgs/cmake)
[0.773s] -- Found eigen3_cmake_module: 0.1.1 (/opt/ros/humble/share/eigen3_cmake_module/cmake)
[0.773s] -- Found Eigen3: TRUE (found version "3.4.0") 
[0.773s] -- Ensuring Eigen3 include directory is part of orocos-kdl CMake target
[0.817s] -- Found nav2_msgs: 1.1.18 (/opt/ros/humble/share/nav2_msgs/cmake)
[0.832s] -- Found cv_bridge: 3.2.1 (/opt/ros/humble/share/cv_bridge/cmake)
[0.839s] -- Found image_transport: 3.1.11 (/opt/ros/humble/share/image_transport/cmake)
[0.853s] -- Found OpenCV: /usr (found version "4.5.4") 
[0.854s] -- Found pcl_conversions: 2.4.5 (/opt/ros/humble/share/pcl_conversions/cmake)
[0.875s] -- Checking for module 'eigen3'
[0.881s] --   Found eigen3, version 3.4.0
[0.896s] -- Found Eigen: /usr/include/eigen3 (Required is at least version "3.1") 
[0.896s] -- Eigen found (include: /usr/include/eigen3, version: 3.4.0)
[0.925s] -- Checking for module 'flann'
[0.934s] --   Found flann, version 1.9.1
[0.955s] -- Found FLANN: /usr/lib/x86_64-linux-gnu/libflann_cpp.so  
[0.955s] -- FLANN found (include: /usr/include, lib: /usr/lib/x86_64-linux-gnu/libflann_cpp.so)
[1.618s] -- Checking for module 'libusb-1.0'
[1.632s] --   Found libusb-1.0, version 1.0.25
[1.653s] -- Found libusb: /usr/lib/x86_64-linux-gnu/libusb-1.0.so  
[1.654s] -- OpenNI found (version: 1.5.4.0, include: /usr/include/ni, lib: /usr/lib/libOpenNI.so;libusb::libusb)
[1.683s] -- OpenNI2 found (version: 2.2.0.33, include: /usr/include/openni2, lib: /usr/lib/x86_64-linux-gnu/libOpenNI2.so;libusb::libusb)
[1.785s] -- Eigen found (include: /usr/include/eigen3, version: 3.4.0)
[1.788s] -- OpenNI found (version: 1.5.4.0, include: /usr/include/ni, lib: /usr/lib/libOpenNI.so;libusb::libusb)
[1.792s] -- OpenNI2 found (version: 2.2.0.33, include: /usr/include/openni2, lib: /usr/lib/x86_64-linux-gnu/libOpenNI2.so;libusb::libusb)
[1.890s] -- Found Qhull version 8.0.2
[1.988s] -- OpenNI found (version: 1.5.4.0, include: /usr/include/ni, lib: /usr/lib/libOpenNI.so;libusb::libusb)
[2.085s] -- Found PCL_COMMON: /usr/lib/x86_64-linux-gnu/libpcl_common.so  
[2.085s] -- Found PCL_KDTREE: /usr/lib/x86_64-linux-gnu/libpcl_kdtree.so  
[2.086s] -- Found PCL_OCTREE: /usr/lib/x86_64-linux-gnu/libpcl_octree.so  
[2.087s] -- Found PCL_SEARCH: /usr/lib/x86_64-linux-gnu/libpcl_search.so  
[2.088s] -- Found PCL_SAMPLE_CONSENSUS: /usr/lib/x86_64-linux-gnu/libpcl_sample_consensus.so  
[2.088s] -- Found PCL_FILTERS: /usr/lib/x86_64-linux-gnu/libpcl_filters.so  
[2.088s] -- Found PCL_2D: /usr/include/pcl-1.12  
[2.089s] -- Found PCL_GEOMETRY: /usr/include/pcl-1.12  
[2.089s] -- Found PCL_IO: /usr/lib/x86_64-linux-gnu/libpcl_io.so  
[2.090s] -- Found PCL_FEATURES: /usr/lib/x86_64-linux-gnu/libpcl_features.so  
[2.090s] -- Found PCL_ML: /usr/lib/x86_64-linux-gnu/libpcl_ml.so  
[2.091s] -- Found PCL_SEGMENTATION: /usr/lib/x86_64-linux-gnu/libpcl_segmentation.so  
[2.091s] -- Found PCL_VISUALIZATION: /usr/lib/x86_64-linux-gnu/libpcl_visualization.so  
[2.092s] -- Found PCL_SURFACE: /usr/lib/x86_64-linux-gnu/libpcl_surface.so  
[2.093s] -- Found PCL_REGISTRATION: /usr/lib/x86_64-linux-gnu/libpcl_registration.so  
[2.093s] -- Found PCL_KEYPOINTS: /usr/lib/x86_64-linux-gnu/libpcl_keypoints.so  
[2.094s] -- Found PCL_TRACKING: /usr/lib/x86_64-linux-gnu/libpcl_tracking.so  
[2.094s] -- Found PCL_RECOGNITION: /usr/lib/x86_64-linux-gnu/libpcl_recognition.so  
[2.095s] -- Found PCL_STEREO: /usr/lib/x86_64-linux-gnu/libpcl_stereo.so  
[2.096s] -- Found PCL_APPS: /usr/lib/x86_64-linux-gnu/libpcl_apps.so  
[2.096s] -- Found PCL_IN_HAND_SCANNER: /usr/include/pcl-1.12  
[2.096s] -- Found PCL_MODELER: /usr/include/pcl-1.12  
[2.097s] -- Found PCL_POINT_CLOUD_EDITOR: /usr/include/pcl-1.12  
[2.097s] -- Found PCL_OUTOFCORE: /usr/lib/x86_64-linux-gnu/libpcl_outofcore.so  
[2.098s] -- Found PCL_PEOPLE: /usr/lib/x86_64-linux-gnu/libpcl_people.so  
[2.099s] -- Found pcl_ros: 2.4.5 (/opt/ros/humble/share/pcl_ros/cmake)
[2.107s] -- Found visualization_msgs: 4.8.0 (/opt/ros/humble/share/visualization_msgs/cmake)
[2.124s] -- Found rosidl_default_generators: 1.2.0 (/opt/ros/humble/share/rosidl_default_generators/cmake)
[2.302s] -- Found ament_cmake_ros: 0.10.0 (/opt/ros/humble/share/ament_cmake_ros/cmake)
[2.563s] -- Using all available rosidl_typesupport_c: rosidl_typesupport_fastrtps_c;rosidl_typesupport_introspection_c
[2.655s] -- Using all available rosidl_typesupport_cpp: rosidl_typesupport_fastrtps_cpp;rosidl_typesupport_introspection_cpp
[2.672s] -- Found PythonInterp: /usr/bin/python3 (found suitable version "3.10.12", minimum required is "3.6") 
[2.673s] -- Found python_cmake_module: 0.10.0 (/opt/ros/humble/share/python_cmake_module/cmake)
[2.690s] -- Found PythonLibs: /usr/lib/x86_64-linux-gnu/libpython3.10.so (found suitable version "3.10.12", minimum required is "3.5") 
[2.690s] -- Using PYTHON_EXECUTABLE: /usr/bin/python3
[2.690s] -- Using PYTHON_INCLUDE_DIRS: /usr/include/python3.10
[2.690s] -- Using PYTHON_LIBRARIES: /usr/lib/x86_64-linux-gnu/libpython3.10.so
[2.703s] -- Found PythonExtra: .so  
[2.778s] -- Found ament_lint_auto: 0.12.12 (/opt/ros/humble/share/ament_lint_auto/cmake)
[2.792s] -- Added test 'cppcheck' to perform static code analysis on C / C++ code
[2.794s] -- Configured cppcheck include dirs: /home/dan/Projects/Mobile-Robots/ros2_ws/src/wpr_simulation2/include
[2.794s] -- Configured cppcheck exclude dirs and/or files: 
[2.795s] -- Added test 'flake8' to check Python code syntax and style conventions
[2.796s] -- Added test 'lint_cmake' to check CMake code style
[2.797s] -- Added test 'pep257' to check Python code against some of the docstring style conventions in PEP 257
[2.801s] -- Added test 'uncrustify' to check C / C++ code style
[2.801s] -- Configured uncrustify additional arguments: 
[2.802s] -- Added test 'xmllint' to check XML markup files
[2.803s] -- Configuring done
[2.955s] -- Generating done
[2.999s] -- Build files have been written to: /home/dan/Projects/Mobile-Robots/ros2_ws/build/wpr_simulation2
[3.022s] Invoked command in '/home/dan/Projects/Mobile-Robots/ros2_ws/build/wpr_simulation2' returned '0': CMAKE_PREFIX_PATH=/opt/ros/humble /usr/bin/cmake /home/dan/Projects/Mobile-Robots/ros2_ws/src/wpr_simulation2 -DCMAKE_INSTALL_PREFIX=/home/dan/Projects/Mobile-Robots/ros2_ws/install/wpr_simulation2
[3.023s] Invoking command in '/home/dan/Projects/Mobile-Robots/ros2_ws/build/wpr_simulation2': CMAKE_PREFIX_PATH=/opt/ros/humble /usr/bin/cmake --build /home/dan/Projects/Mobile-Robots/ros2_ws/build/wpr_simulation2 -- -j8 -l8
[3.052s] [  1%] [34m[1mGenerating C code for ROS interfaces[0m
[3.062s] [  3%] [32mBuilding CXX object CMakeFiles/3_my_node.dir/demo_cpp/3_my_node.cpp.o[0m
[3.062s] [  5%] [32mBuilding CXX object CMakeFiles/wpb_home_mani_sim.dir/src/wpb_home_mani_sim.cpp.o[0m
[3.062s] [  5%] [32mBuilding CXX object CMakeFiles/keyboard_vel_cmd.dir/src/keyboard_vel_cmd.cpp.o[0m
[3.062s] [  6%] [32mBuilding CXX object CMakeFiles/ball_random_move.dir/src/ball_random_move.cpp.o[0m
[3.063s] [  7%] [32mBuilding CXX object CMakeFiles/3_publisher_node.dir/demo_cpp/3_publisher_node.cpp.o[0m
[3.063s] [  8%] [34m[1mGenerating C++ code for ROS interfaces[0m
[3.067s] [  8%] Built target ament_cmake_python_copy_wpr_simulation2
[3.086s] [ 10%] [32mBuilding CXX object CMakeFiles/3_subscriber_node.dir/demo_cpp/3_subscriber_node.cpp.o[0m
[3.429s] [ 11%] [32mBuilding C object CMakeFiles/wpr_simulation2__rosidl_generator_c.dir/rosidl_generator_c/wpr_simulation2/msg/detail/object__functions.c.o[0m
[3.454s] [ 11%] Built target wpr_simulation2__cpp
[3.487s] [ 12%] [32m[1mLinking C shared library libwpr_simulation2__rosidl_generator_c.so[0m
[3.492s] [ 13%] [32mBuilding CXX object CMakeFiles/4_velocity_command.dir/demo_cpp/4_velocity_command.cpp.o[0m
[3.568s] [ 13%] Built target wpr_simulation2__rosidl_generator_c
[3.595s] [ 15%] [32mBuilding CXX object CMakeFiles/5_lidar_data.dir/demo_cpp/5_lidar_data.cpp.o[0m
[7.045s] [ 16%] [32m[1mLinking CXX executable 3_my_node[0m
[7.180s] [ 16%] Built target 3_my_node
[7.200s] [ 17%] [32mBuilding CXX object CMakeFiles/5_lidar_behavior.dir/demo_cpp/5_lidar_behavior.cpp.o[0m
[8.777s] [ 18%] [32m[1mLinking CXX executable ball_random_move[0m
[8.892s] [ 20%] [32m[1mLinking CXX executable 3_publisher_node[0m
[9.053s] [ 21%] [32m[1mLinking CXX executable keyboard_vel_cmd[0m
[9.066s] [ 21%] Built target ball_random_move
[9.091s] [ 22%] [32mBuilding CXX object CMakeFiles/6_imu_data.dir/demo_cpp/6_imu_data.cpp.o[0m
[9.185s] [ 22%] Built target 3_publisher_node
[9.187s] [ 24%] [32m[1mLinking CXX executable 4_velocity_command[0m
[9.213s] [ 25%] [32mBuilding CXX object CMakeFiles/6_imu_behavior.dir/demo_cpp/6_imu_behavior.cpp.o[0m
[9.322s] [ 25%] Built target keyboard_vel_cmd
[9.362s] [ 26%] [32mBuilding CXX object CMakeFiles/8_waypoint_navigation.dir/demo_cpp/8_waypoint_navigation.cpp.o[0m
[9.421s] [ 26%] Built target 4_velocity_command
[9.451s] [ 27%] [32mBuilding CXX object CMakeFiles/9_cv_image.dir/demo_cpp/9_cv_image.cpp.o[0m
[14.010s] [ 29%] [32m[1mLinking CXX executable wpb_home_mani_sim[0m
[14.319s] [ 30%] [32m[1mLinking CXX executable 5_lidar_data[0m
[14.411s] [ 31%] [32m[1mLinking CXX executable 3_subscriber_node[0m
[14.722s] [ 31%] Built target wpb_home_mani_sim
[14.747s] [ 32%] [32mBuilding CXX object CMakeFiles/9_cv_hsv.dir/demo_cpp/9_cv_hsv.cpp.o[0m
[14.820s] [ 32%] Built target 5_lidar_data
[14.828s] [ 32%] Built target 3_subscriber_node
[14.859s] [ 34%] [32mBuilding CXX object CMakeFiles/9_cv_follow.dir/demo_cpp/9_cv_follow.cpp.o[0m
[14.866s] [ 35%] [32mBuilding CXX object CMakeFiles/9_cv_face_detect.dir/demo_cpp/9_cv_face_detect.cpp.o[0m
[17.893s] [ 36%] [32m[1mLinking CXX executable 5_lidar_behavior[0m
[18.436s] [ 36%] Built target 5_lidar_behavior
[18.460s] [ 37%] [32mBuilding CXX object CMakeFiles/10_pc_data.dir/demo_cpp/10_pc_data.cpp.o[0m
[19.769s] [ 39%] [32m[1mLinking CXX executable 6_imu_data[0m
[20.076s] [ 40%] [32m[1mLinking CXX executable 6_imu_behavior[0m
[20.409s] [ 41%] [32m[1mLinking CXX executable 8_waypoint_navigation[0m
[20.461s] [ 41%] Built target 6_imu_data
[20.485s] [ 43%] [32mBuilding CXX object CMakeFiles/10_pc_objects.dir/demo_cpp/10_pc_objects.cpp.o[0m
[20.644s] [ 44%] [32m[1mLinking CXX executable 9_cv_image[0m
[20.676s] [ 44%] Built target 6_imu_behavior
[20.704s] [ 45%] [32mBuilding CXX object CMakeFiles/11_mani_ctrl.dir/demo_cpp/11_mani_ctrl.cpp.o[0m
[20.915s] [ 45%] Built target 8_waypoint_navigation
[20.947s] [ 46%] [32mBuilding CXX object CMakeFiles/12_fetch.dir/demo_cpp/12_fetch.cpp.o[0m
[21.642s] [ 46%] Built target 9_cv_image
[21.690s] [ 48%] [32mBuilding CXX object CMakeFiles/demo_nav2_client.dir/demo_cpp/demo_nav2_client.cpp.o[0m
[25.695s] [ 49%] [32m[1mLinking CXX executable 9_cv_follow[0m
[25.713s] [ 50%] [32m[1mLinking CXX executable 11_mani_ctrl[0m
[25.985s] [ 50%] Built target 11_mani_ctrl
[26.002s] [ 51%] [34m[1mGenerating C++ type support dispatch for ROS interfaces[0m
[26.079s] [ 53%] [32m[1mLinking CXX executable 9_cv_hsv[0m
[26.379s] [ 54%] [32mBuilding CXX object CMakeFiles/wpr_simulation2__rosidl_typesupport_cpp.dir/rosidl_typesupport_cpp/wpr_simulation2/msg/object__type_support.cpp.o[0m
[26.693s] [ 55%] [32m[1mLinking CXX shared library libwpr_simulation2__rosidl_typesupport_cpp.so[0m
[26.742s] [ 55%] Built target wpr_simulation2__rosidl_typesupport_cpp
[26.756s] [ 56%] [34m[1mGenerating C type support for eProsima Fast-RTPS[0m
[26.813s] [ 56%] Built target 9_cv_follow
[26.826s] [ 58%] [34m[1mGenerating C++ type support for eProsima Fast-RTPS[0m
[26.837s] [ 59%] [32m[1mLinking CXX executable demo_nav2_client[0m
[27.042s] [ 59%] Built target 9_cv_hsv
[27.053s] [ 60%] [34m[1mGenerating C introspection for ROS interfaces[0m
[27.077s] [ 60%] Built target demo_nav2_client
[27.100s] [ 62%] [34m[1mGenerating C type support dispatch for ROS interfaces[0m
[27.101s] [ 63%] [32mBuilding CXX object CMakeFiles/wpr_simulation2__rosidl_typesupport_fastrtps_cpp.dir/rosidl_typesupport_fastrtps_cpp/wpr_simulation2/msg/detail/dds_fastrtps/object__type_support.cpp.o[0m
[27.133s] [ 64%] [32mBuilding CXX object CMakeFiles/wpr_simulation2__rosidl_typesupport_fastrtps_c.dir/rosidl_typesupport_fastrtps_c/wpr_simulation2/msg/detail/object__type_support_c.cpp.o[0m
[27.361s] [ 65%] [32mBuilding CXX object CMakeFiles/wpr_simulation2__rosidl_typesupport_c.dir/rosidl_typesupport_c/wpr_simulation2/msg/object__type_support.cpp.o[0m
[27.415s] [ 67%] [32m[1mLinking CXX shared library libwpr_simulation2__rosidl_typesupport_c.so[0m
[27.420s] [ 68%] [32mBuilding C object CMakeFiles/wpr_simulation2__rosidl_typesupport_introspection_c.dir/rosidl_typesupport_introspection_c/wpr_simulation2/msg/detail/object__type_support.c.o[0m
[27.463s] [ 68%] Built target wpr_simulation2__rosidl_typesupport_c
[27.463s] [ 69%] [32m[1mLinking C shared library libwpr_simulation2__rosidl_typesupport_introspection_c.so[0m
[27.471s] [ 70%] [32m[1mLinking CXX shared library libwpr_simulation2__rosidl_typesupport_fastrtps_c.so[0m
[27.484s] [ 72%] [34m[1mGenerating C++ introspection for ROS interfaces[0m
[27.519s] [ 72%] Built target wpr_simulation2__rosidl_typesupport_introspection_c
[27.599s] [ 72%] Built target wpr_simulation2__rosidl_typesupport_fastrtps_c
[27.622s] [ 73%] [32mBuilding CXX object CMakeFiles/objects_publisher.dir/src/objects_publisher.cpp.o[0m
[27.635s] [ 74%] [32m[1mLinking CXX shared library libwpr_simulation2__rosidl_typesupport_fastrtps_cpp.so[0m
[27.724s] [ 74%] Built target wpr_simulation2__rosidl_typesupport_fastrtps_cpp
[27.747s] [ 75%] [32mBuilding CXX object CMakeFiles/grab_object_sim.dir/src/grab_object_sim.cpp.o[0m
[27.784s] running egg_info
[27.788s] creating wpr_simulation2.egg-info
[27.789s] writing wpr_simulation2.egg-info/PKG-INFO
[27.789s] writing dependency_links to wpr_simulation2.egg-info/dependency_links.txt
[27.789s] writing top-level names to wpr_simulation2.egg-info/top_level.txt
[27.789s] writing manifest file 'wpr_simulation2.egg-info/SOURCES.txt'
[27.791s] reading manifest file 'wpr_simulation2.egg-info/SOURCES.txt'
[27.792s] writing manifest file 'wpr_simulation2.egg-info/SOURCES.txt'
[27.832s] [ 77%] [32mBuilding CXX object CMakeFiles/wpr_simulation2__rosidl_typesupport_introspection_cpp.dir/rosidl_typesupport_introspection_cpp/wpr_simulation2/msg/detail/object__type_support.cpp.o[0m
[27.832s] [ 77%] Built target ament_cmake_python_build_wpr_simulation2_egg
[27.853s] [ 78%] [32mBuilding CXX object CMakeFiles/11_grab_object.dir/demo_cpp/11_grab_object.cpp.o[0m
[28.410s] [ 79%] [32m[1mLinking CXX shared library libwpr_simulation2__rosidl_typesupport_introspection_cpp.so[0m
[28.511s] [ 79%] Built target wpr_simulation2__rosidl_typesupport_introspection_cpp
[28.533s] [ 79%] Built target wpr_simulation2
[28.557s] [ 81%] [34m[1mGenerating Python code for ROS interfaces[0m
[28.959s] [ 81%] Built target wpr_simulation2__py
[28.998s] [ 82%] [32mBuilding C object CMakeFiles/wpr_simulation2__rosidl_generator_py.dir/rosidl_generator_py/wpr_simulation2/msg/_object_s.c.o[0m
[29.166s] [ 83%] [32m[1mLinking C shared library rosidl_generator_py/wpr_simulation2/libwpr_simulation2__rosidl_generator_py.so[0m
[29.242s] [ 83%] Built target wpr_simulation2__rosidl_generator_py
[29.266s] [ 84%] [32mBuilding C object CMakeFiles/wpr_simulation2__rosidl_typesupport_fastrtps_c__pyext.dir/rosidl_generator_py/wpr_simulation2/_wpr_simulation2_s.ep.rosidl_typesupport_fastrtps_c.c.o[0m
[29.366s] [ 86%] [32m[1mLinking C shared library rosidl_generator_py/wpr_simulation2/wpr_simulation2_s__rosidl_typesupport_fastrtps_c.cpython-310-x86_64-linux-gnu.so[0m
[29.439s] [ 86%] Built target wpr_simulation2__rosidl_typesupport_fastrtps_c__pyext
[29.464s] [ 87%] [32mBuilding C object CMakeFiles/wpr_simulation2__rosidl_typesupport_introspection_c__pyext.dir/rosidl_generator_py/wpr_simulation2/_wpr_simulation2_s.ep.rosidl_typesupport_introspection_c.c.o[0m
[29.514s] [ 88%] [32m[1mLinking CXX executable 9_cv_face_detect[0m
[29.579s] [ 89%] [32m[1mLinking C shared library rosidl_generator_py/wpr_simulation2/wpr_simulation2_s__rosidl_typesupport_introspection_c.cpython-310-x86_64-linux-gnu.so[0m
[29.636s] [ 89%] Built target wpr_simulation2__rosidl_typesupport_introspection_c__pyext
[29.660s] [ 91%] [32mBuilding C object CMakeFiles/wpr_simulation2__rosidl_typesupport_c__pyext.dir/rosidl_generator_py/wpr_simulation2/_wpr_simulation2_s.ep.rosidl_typesupport_c.c.o[0m
[29.812s] [ 92%] [32m[1mLinking C shared library rosidl_generator_py/wpr_simulation2/wpr_simulation2_s__rosidl_typesupport_c.cpython-310-x86_64-linux-gnu.so[0m
[29.858s] [ 92%] Built target wpr_simulation2__rosidl_typesupport_c__pyext
[30.852s] [ 92%] Built target 9_cv_face_detect
[31.403s] [ 93%] [32m[1mLinking CXX executable 12_fetch[0m
[31.746s] [ 93%] Built target 12_fetch
[32.444s] [ 94%] [32m[1mLinking CXX executable 10_pc_data[0m
[33.263s] [ 94%] Built target 10_pc_data
[35.027s] [ 96%] [32m[1mLinking CXX executable 10_pc_objects[0m
[36.318s] [ 96%] Built target 10_pc_objects
[36.514s] [ 97%] [32m[1mLinking CXX executable 11_grab_object[0m
[37.141s] [ 97%] Built target 11_grab_object
[38.186s] [ 98%] [32m[1mLinking CXX executable grab_object_sim[0m
[38.919s] [ 98%] Built target grab_object_sim
[41.231s] [100%] [32m[1mLinking CXX executable objects_publisher[0m
[42.519s] [100%] Built target objects_publisher
[42.529s] Invoked command in '/home/dan/Projects/Mobile-Robots/ros2_ws/build/wpr_simulation2' returned '0': CMAKE_PREFIX_PATH=/opt/ros/humble /usr/bin/cmake --build /home/dan/Projects/Mobile-Robots/ros2_ws/build/wpr_simulation2 -- -j8 -l8
[42.536s] Invoking command in '/home/dan/Projects/Mobile-Robots/ros2_ws/build/wpr_simulation2': CMAKE_PREFIX_PATH=/opt/ros/humble /usr/bin/cmake --install /home/dan/Projects/Mobile-Robots/ros2_ws/build/wpr_simulation2
[42.541s] -- Install configuration: ""
[42.542s] -- Installing: /home/dan/Projects/Mobile-Robots/ros2_ws/install/wpr_simulation2/share/ament_index/resource_index/rosidl_interfaces/wpr_simulation2
[42.542s] -- Installing: /home/dan/Projects/Mobile-Robots/ros2_ws/install/wpr_simulation2/include/wpr_simulation2/wpr_simulation2
[42.542s] -- Installing: /home/dan/Projects/Mobile-Robots/ros2_ws/install/wpr_simulation2/include/wpr_simulation2/wpr_simulation2/msg
[42.542s] -- Installing: /home/dan/Projects/Mobile-Robots/ros2_ws/install/wpr_simulation2/include/wpr_simulation2/wpr_simulation2/msg/detail
[42.542s] -- Installing: /home/dan/Projects/Mobile-Robots/ros2_ws/install/wpr_simulation2/include/wpr_simulation2/wpr_simulation2/msg/detail/object__functions.h
[42.542s] -- Installing: /home/dan/Projects/Mobile-Robots/ros2_ws/install/wpr_simulation2/include/wpr_simulation2/wpr_simulation2/msg/detail/object__struct.h
[42.542s] -- Installing: /home/dan/Projects/Mobile-Robots/ros2_ws/install/wpr_simulation2/include/wpr_simulation2/wpr_simulation2/msg/detail/object__functions.c
[42.542s] -- Installing: /home/dan/Projects/Mobile-Robots/ros2_ws/install/wpr_simulation2/include/wpr_simulation2/wpr_simulation2/msg/detail/object__type_support.h
[42.542s] -- Installing: /home/dan/Projects/Mobile-Robots/ros2_ws/install/wpr_simulation2/include/wpr_simulation2/wpr_simulation2/msg/rosidl_generator_c__visibility_control.h
[42.542s] -- Installing: /home/dan/Projects/Mobile-Robots/ros2_ws/install/wpr_simulation2/include/wpr_simulation2/wpr_simulation2/msg/object.h
[42.542s] -- Installing: /home/dan/Projects/Mobile-Robots/ros2_ws/install/wpr_simulation2/share/wpr_simulation2/environment/library_path.sh
[42.542s] -- Installing: /home/dan/Projects/Mobile-Robots/ros2_ws/install/wpr_simulation2/share/wpr_simulation2/environment/library_path.dsv
[42.542s] -- Installing: /home/dan/Projects/Mobile-Robots/ros2_ws/install/wpr_simulation2/lib/libwpr_simulation2__rosidl_generator_c.so
[42.543s] -- Set runtime path of "/home/dan/Projects/Mobile-Robots/ros2_ws/install/wpr_simulation2/lib/libwpr_simulation2__rosidl_generator_c.so" to ""
[42.543s] -- Up-to-date: /home/dan/Projects/Mobile-Robots/ros2_ws/install/wpr_simulation2/include/wpr_simulation2/wpr_simulation2
[42.543s] -- Up-to-date: /home/dan/Projects/Mobile-Robots/ros2_ws/install/wpr_simulation2/include/wpr_simulation2/wpr_simulation2/msg
[42.543s] -- Installing: /home/dan/Projects/Mobile-Robots/ros2_ws/install/wpr_simulation2/include/wpr_simulation2/wpr_simulation2/msg/rosidl_typesupport_fastrtps_c__visibility_control.h
[42.543s] -- Up-to-date: /home/dan/Projects/Mobile-Robots/ros2_ws/install/wpr_simulation2/include/wpr_simulation2/wpr_simulation2/msg/detail
[42.543s] -- Installing: /home/dan/Projects/Mobile-Robots/ros2_ws/install/wpr_simulation2/include/wpr_simulation2/wpr_simulation2/msg/detail/object__rosidl_typesupport_fastrtps_c.h
[42.543s] -- Installing: /home/dan/Projects/Mobile-Robots/ros2_ws/install/wpr_simulation2/lib/libwpr_simulation2__rosidl_typesupport_fastrtps_c.so
[42.543s] -- Set runtime path of "/home/dan/Projects/Mobile-Robots/ros2_ws/install/wpr_simulation2/lib/libwpr_simulation2__rosidl_typesupport_fastrtps_c.so" to ""
[42.543s] -- Up-to-date: /home/dan/Projects/Mobile-Robots/ros2_ws/install/wpr_simulation2/include/wpr_simulation2/wpr_simulation2
[42.543s] -- Up-to-date: /home/dan/Projects/Mobile-Robots/ros2_ws/install/wpr_simulation2/include/wpr_simulation2/wpr_simulation2/msg
[42.543s] -- Installing: /home/dan/Projects/Mobile-Robots/ros2_ws/install/wpr_simulation2/include/wpr_simulation2/wpr_simulation2/msg/object.hpp
[42.543s] -- Up-to-date: /home/dan/Projects/Mobile-Robots/ros2_ws/install/wpr_simulation2/include/wpr_simulation2/wpr_simulation2/msg/detail
[42.543s] -- Installing: /home/dan/Projects/Mobile-Robots/ros2_ws/install/wpr_simulation2/include/wpr_simulation2/wpr_simulation2/msg/detail/object__struct.hpp
[42.543s] -- Installing: /home/dan/Projects/Mobile-Robots/ros2_ws/install/wpr_simulation2/include/wpr_simulation2/wpr_simulation2/msg/detail/object__builder.hpp
[42.544s] -- Installing: /home/dan/Projects/Mobile-Robots/ros2_ws/install/wpr_simulation2/include/wpr_simulation2/wpr_simulation2/msg/detail/object__type_support.hpp
[42.544s] -- Installing: /home/dan/Projects/Mobile-Robots/ros2_ws/install/wpr_simulation2/include/wpr_simulation2/wpr_simulation2/msg/detail/object__traits.hpp
[42.544s] -- Installing: /home/dan/Projects/Mobile-Robots/ros2_ws/install/wpr_simulation2/include/wpr_simulation2/wpr_simulation2/msg/rosidl_generator_cpp__visibility_control.hpp
[42.544s] -- Up-to-date: /home/dan/Projects/Mobile-Robots/ros2_ws/install/wpr_simulation2/include/wpr_simulation2/wpr_simulation2
[42.544s] -- Up-to-date: /home/dan/Projects/Mobile-Robots/ros2_ws/install/wpr_simulation2/include/wpr_simulation2/wpr_simulation2/msg
[42.544s] -- Installing: /home/dan/Projects/Mobile-Robots/ros2_ws/install/wpr_simulation2/include/wpr_simulation2/wpr_simulation2/msg/rosidl_typesupport_fastrtps_cpp__visibility_control.h
[42.544s] -- Up-to-date: /home/dan/Projects/Mobile-Robots/ros2_ws/install/wpr_simulation2/include/wpr_simulation2/wpr_simulation2/msg/detail
[42.544s] -- Installing: /home/dan/Projects/Mobile-Robots/ros2_ws/install/wpr_simulation2/include/wpr_simulation2/wpr_simulation2/msg/detail/dds_fastrtps
[42.544s] -- Installing: /home/dan/Projects/Mobile-Robots/ros2_ws/install/wpr_simulation2/include/wpr_simulation2/wpr_simulation2/msg/detail/object__rosidl_typesupport_fastrtps_cpp.hpp
[42.544s] -- Installing: /home/dan/Projects/Mobile-Robots/ros2_ws/install/wpr_simulation2/lib/libwpr_simulation2__rosidl_typesupport_fastrtps_cpp.so
[42.544s] -- Set runtime path of "/home/dan/Projects/Mobile-Robots/ros2_ws/install/wpr_simulation2/lib/libwpr_simulation2__rosidl_typesupport_fastrtps_cpp.so" to ""
[42.544s] -- Up-to-date: /home/dan/Projects/Mobile-Robots/ros2_ws/install/wpr_simulation2/include/wpr_simulation2/wpr_simulation2
[42.544s] -- Up-to-date: /home/dan/Projects/Mobile-Robots/ros2_ws/install/wpr_simulation2/include/wpr_simulation2/wpr_simulation2/msg
[42.544s] -- Installing: /home/dan/Projects/Mobile-Robots/ros2_ws/install/wpr_simulation2/include/wpr_simulation2/wpr_simulation2/msg/rosidl_typesupport_introspection_c__visibility_control.h
[42.544s] -- Up-to-date: /home/dan/Projects/Mobile-Robots/ros2_ws/install/wpr_simulation2/include/wpr_simulation2/wpr_simulation2/msg/detail
[42.544s] -- Installing: /home/dan/Projects/Mobile-Robots/ros2_ws/install/wpr_simulation2/include/wpr_simulation2/wpr_simulation2/msg/detail/object__rosidl_typesupport_introspection_c.h
[42.544s] -- Installing: /home/dan/Projects/Mobile-Robots/ros2_ws/install/wpr_simulation2/include/wpr_simulation2/wpr_simulation2/msg/detail/object__type_support.c
[42.544s] -- Installing: /home/dan/Projects/Mobile-Robots/ros2_ws/install/wpr_simulation2/lib/libwpr_simulation2__rosidl_typesupport_introspection_c.so
[42.544s] -- Set runtime path of "/home/dan/Projects/Mobile-Robots/ros2_ws/install/wpr_simulation2/lib/libwpr_simulation2__rosidl_typesupport_introspection_c.so" to ""
[42.544s] -- Installing: /home/dan/Projects/Mobile-Robots/ros2_ws/install/wpr_simulation2/lib/libwpr_simulation2__rosidl_typesupport_c.so
[42.545s] -- Set runtime path of "/home/dan/Projects/Mobile-Robots/ros2_ws/install/wpr_simulation2/lib/libwpr_simulation2__rosidl_typesupport_c.so" to ""
[42.545s] -- Up-to-date: /home/dan/Projects/Mobile-Robots/ros2_ws/install/wpr_simulation2/include/wpr_simulation2/wpr_simulation2
[42.545s] -- Up-to-date: /home/dan/Projects/Mobile-Robots/ros2_ws/install/wpr_simulation2/include/wpr_simulation2/wpr_simulation2/msg
[42.545s] -- Up-to-date: /home/dan/Projects/Mobile-Robots/ros2_ws/install/wpr_simulation2/include/wpr_simulation2/wpr_simulation2/msg/detail
[42.545s] -- Installing: /home/dan/Projects/Mobile-Robots/ros2_ws/install/wpr_simulation2/include/wpr_simulation2/wpr_simulation2/msg/detail/object__type_support.cpp
[42.545s] -- Installing: /home/dan/Projects/Mobile-Robots/ros2_ws/install/wpr_simulation2/include/wpr_simulation2/wpr_simulation2/msg/detail/object__rosidl_typesupport_introspection_cpp.hpp
[42.545s] -- Installing: /home/dan/Projects/Mobile-Robots/ros2_ws/install/wpr_simulation2/lib/libwpr_simulation2__rosidl_typesupport_introspection_cpp.so
[42.545s] -- Set runtime path of "/home/dan/Projects/Mobile-Robots/ros2_ws/install/wpr_simulation2/lib/libwpr_simulation2__rosidl_typesupport_introspection_cpp.so" to ""
[42.545s] -- Installing: /home/dan/Projects/Mobile-Robots/ros2_ws/install/wpr_simulation2/lib/libwpr_simulation2__rosidl_typesupport_cpp.so
[42.545s] -- Set runtime path of "/home/dan/Projects/Mobile-Robots/ros2_ws/install/wpr_simulation2/lib/libwpr_simulation2__rosidl_typesupport_cpp.so" to ""
[42.545s] -- Installing: /home/dan/Projects/Mobile-Robots/ros2_ws/install/wpr_simulation2/share/wpr_simulation2/environment/pythonpath.sh
[42.545s] -- Installing: /home/dan/Projects/Mobile-Robots/ros2_ws/install/wpr_simulation2/share/wpr_simulation2/environment/pythonpath.dsv
[42.545s] -- Installing: /home/dan/Projects/Mobile-Robots/ros2_ws/install/wpr_simulation2/local/lib/python3.10/dist-packages/wpr_simulation2-1.0.0-py3.10.egg-info
[42.545s] -- Installing: /home/dan/Projects/Mobile-Robots/ros2_ws/install/wpr_simulation2/local/lib/python3.10/dist-packages/wpr_simulation2-1.0.0-py3.10.egg-info/PKG-INFO
[42.546s] -- Installing: /home/dan/Projects/Mobile-Robots/ros2_ws/install/wpr_simulation2/local/lib/python3.10/dist-packages/wpr_simulation2-1.0.0-py3.10.egg-info/top_level.txt
[42.546s] -- Installing: /home/dan/Projects/Mobile-Robots/ros2_ws/install/wpr_simulation2/local/lib/python3.10/dist-packages/wpr_simulation2-1.0.0-py3.10.egg-info/SOURCES.txt
[42.546s] -- Installing: /home/dan/Projects/Mobile-Robots/ros2_ws/install/wpr_simulation2/local/lib/python3.10/dist-packages/wpr_simulation2-1.0.0-py3.10.egg-info/dependency_links.txt
[42.546s] -- Installing: /home/dan/Projects/Mobile-Robots/ros2_ws/install/wpr_simulation2/local/lib/python3.10/dist-packages/wpr_simulation2
[42.546s] -- Installing: /home/dan/Projects/Mobile-Robots/ros2_ws/install/wpr_simulation2/local/lib/python3.10/dist-packages/wpr_simulation2/wpr_simulation2_s__rosidl_typesupport_introspection_c.cpython-310-x86_64-linux-gnu.so
[42.546s] -- Installing: /home/dan/Projects/Mobile-Robots/ros2_ws/install/wpr_simulation2/local/lib/python3.10/dist-packages/wpr_simulation2/wpr_simulation2_s__rosidl_typesupport_c.cpython-310-x86_64-linux-gnu.so
[42.546s] -- Installing: /home/dan/Projects/Mobile-Robots/ros2_ws/install/wpr_simulation2/local/lib/python3.10/dist-packages/wpr_simulation2/libwpr_simulation2__rosidl_generator_py.so
[42.546s] -- Installing: /home/dan/Projects/Mobile-Robots/ros2_ws/install/wpr_simulation2/local/lib/python3.10/dist-packages/wpr_simulation2/__init__.py
[42.546s] -- Installing: /home/dan/Projects/Mobile-Robots/ros2_ws/install/wpr_simulation2/local/lib/python3.10/dist-packages/wpr_simulation2/msg
[42.546s] -- Installing: /home/dan/Projects/Mobile-Robots/ros2_ws/install/wpr_simulation2/local/lib/python3.10/dist-packages/wpr_simulation2/msg/__init__.py
[42.546s] -- Installing: /home/dan/Projects/Mobile-Robots/ros2_ws/install/wpr_simulation2/local/lib/python3.10/dist-packages/wpr_simulation2/msg/_object_s.c
[42.546s] -- Installing: /home/dan/Projects/Mobile-Robots/ros2_ws/install/wpr_simulation2/local/lib/python3.10/dist-packages/wpr_simulation2/msg/_object.py
[42.546s] -- Installing: /home/dan/Projects/Mobile-Robots/ros2_ws/install/wpr_simulation2/local/lib/python3.10/dist-packages/wpr_simulation2/_wpr_simulation2_s.ep.rosidl_typesupport_c.c
[42.546s] -- Installing: /home/dan/Projects/Mobile-Robots/ros2_ws/install/wpr_simulation2/local/lib/python3.10/dist-packages/wpr_simulation2/_wpr_simulation2_s.ep.rosidl_typesupport_introspection_c.c
[42.546s] -- Installing: /home/dan/Projects/Mobile-Robots/ros2_ws/install/wpr_simulation2/local/lib/python3.10/dist-packages/wpr_simulation2/wpr_simulation2_s__rosidl_typesupport_fastrtps_c.cpython-310-x86_64-linux-gnu.so
[42.546s] -- Installing: /home/dan/Projects/Mobile-Robots/ros2_ws/install/wpr_simulation2/local/lib/python3.10/dist-packages/wpr_simulation2/_wpr_simulation2_s.ep.rosidl_typesupport_fastrtps_c.c
[42.568s] Listing '/home/dan/Projects/Mobile-Robots/ros2_ws/install/wpr_simulation2/local/lib/python3.10/dist-packages/wpr_simulation2'...
[42.568s] Compiling '/home/dan/Projects/Mobile-Robots/ros2_ws/install/wpr_simulation2/local/lib/python3.10/dist-packages/wpr_simulation2/__init__.py'...
[42.568s] Listing '/home/dan/Projects/Mobile-Robots/ros2_ws/install/wpr_simulation2/local/lib/python3.10/dist-packages/wpr_simulation2/msg'...
[42.568s] Compiling '/home/dan/Projects/Mobile-Robots/ros2_ws/install/wpr_simulation2/local/lib/python3.10/dist-packages/wpr_simulation2/msg/__init__.py'...
[42.568s] Compiling '/home/dan/Projects/Mobile-Robots/ros2_ws/install/wpr_simulation2/local/lib/python3.10/dist-packages/wpr_simulation2/msg/_object.py'...
[42.571s] -- Installing: /home/dan/Projects/Mobile-Robots/ros2_ws/install/wpr_simulation2/local/lib/python3.10/dist-packages/wpr_simulation2/wpr_simulation2_s__rosidl_typesupport_fastrtps_c.cpython-310-x86_64-linux-gnu.so
[42.572s] -- Set runtime path of "/home/dan/Projects/Mobile-Robots/ros2_ws/install/wpr_simulation2/local/lib/python3.10/dist-packages/wpr_simulation2/wpr_simulation2_s__rosidl_typesupport_fastrtps_c.cpython-310-x86_64-linux-gnu.so" to ""
[42.572s] -- Installing: /home/dan/Projects/Mobile-Robots/ros2_ws/install/wpr_simulation2/local/lib/python3.10/dist-packages/wpr_simulation2/wpr_simulation2_s__rosidl_typesupport_introspection_c.cpython-310-x86_64-linux-gnu.so
[42.572s] -- Set runtime path of "/home/dan/Projects/Mobile-Robots/ros2_ws/install/wpr_simulation2/local/lib/python3.10/dist-packages/wpr_simulation2/wpr_simulation2_s__rosidl_typesupport_introspection_c.cpython-310-x86_64-linux-gnu.so" to ""
[42.572s] -- Installing: /home/dan/Projects/Mobile-Robots/ros2_ws/install/wpr_simulation2/local/lib/python3.10/dist-packages/wpr_simulation2/wpr_simulation2_s__rosidl_typesupport_c.cpython-310-x86_64-linux-gnu.so
[42.572s] -- Set runtime path of "/home/dan/Projects/Mobile-Robots/ros2_ws/install/wpr_simulation2/local/lib/python3.10/dist-packages/wpr_simulation2/wpr_simulation2_s__rosidl_typesupport_c.cpython-310-x86_64-linux-gnu.so" to ""
[42.572s] -- Installing: /home/dan/Projects/Mobile-Robots/ros2_ws/install/wpr_simulation2/lib/libwpr_simulation2__rosidl_generator_py.so
[42.572s] -- Set runtime path of "/home/dan/Projects/Mobile-Robots/ros2_ws/install/wpr_simulation2/lib/libwpr_simulation2__rosidl_generator_py.so" to ""
[42.572s] -- Installing: /home/dan/Projects/Mobile-Robots/ros2_ws/install/wpr_simulation2/share/wpr_simulation2/msg/Object.idl
[42.572s] -- Installing: /home/dan/Projects/Mobile-Robots/ros2_ws/install/wpr_simulation2/share/wpr_simulation2/msg/Object.msg
[42.572s] -- Installing: /home/dan/Projects/Mobile-Robots/ros2_ws/install/wpr_simulation2/share/wpr_simulation2/config
[42.572s] -- Installing: /home/dan/Projects/Mobile-Robots/ros2_ws/install/wpr_simulation2/share/wpr_simulation2/config/nav2_params.yaml
[42.572s] -- Installing: /home/dan/Projects/Mobile-Robots/ros2_ws/install/wpr_simulation2/share/wpr_simulation2/config/wpb_home_controller.yaml
[42.572s] -- Installing: /home/dan/Projects/Mobile-Robots/ros2_ws/install/wpr_simulation2/share/wpr_simulation2/launch
[42.572s] -- Installing: /home/dan/Projects/Mobile-Robots/ros2_ws/install/wpr_simulation2/share/wpr_simulation2/launch/spawn_persons.launch.py
[42.573s] -- Installing: /home/dan/Projects/Mobile-Robots/ros2_ws/install/wpr_simulation2/share/wpr_simulation2/launch/spawn_wpb_lidar.launch.py
[42.573s] -- Installing: /home/dan/Projects/Mobile-Robots/ros2_ws/install/wpr_simulation2/share/wpr_simulation2/launch/robocup_home.launch.py
[42.573s] -- Installing: /home/dan/Projects/Mobile-Robots/ros2_ws/install/wpr_simulation2/share/wpr_simulation2/launch/map_tools.launch.py
[42.573s] -- Installing: /home/dan/Projects/Mobile-Robots/ros2_ws/install/wpr_simulation2/share/wpr_simulation2/launch/demo_mani_ctrl.launch.py
[42.573s] -- Installing: /home/dan/Projects/Mobile-Robots/ros2_ws/install/wpr_simulation2/share/wpr_simulation2/launch/wpb_balls.launch.py
[42.573s] -- Installing: /home/dan/Projects/Mobile-Robots/ros2_ws/install/wpr_simulation2/share/wpr_simulation2/launch/spawn_wpb_head_up.launch.py
[42.573s] -- Installing: /home/dan/Projects/Mobile-Robots/ros2_ws/install/wpr_simulation2/share/wpr_simulation2/launch/wpb_mani.launch.py
[42.573s] -- Installing: /home/dan/Projects/Mobile-Robots/ros2_ws/install/wpr_simulation2/share/wpr_simulation2/launch/robocup_home_mani.launch.py
[42.573s] -- Installing: /home/dan/Projects/Mobile-Robots/ros2_ws/install/wpr_simulation2/share/wpr_simulation2/launch/spawn_wpb.launch.py
[42.573s] -- Installing: /home/dan/Projects/Mobile-Robots/ros2_ws/install/wpr_simulation2/share/wpr_simulation2/launch/wpb_face.launch.py
[42.573s] -- Installing: /home/dan/Projects/Mobile-Robots/ros2_ws/install/wpr_simulation2/share/wpr_simulation2/launch/spawn_wpb_mani.launch.py
[42.573s] -- Installing: /home/dan/Projects/Mobile-Robots/ros2_ws/install/wpr_simulation2/share/wpr_simulation2/launch/spawn_objects.launch.py
[42.573s] -- Installing: /home/dan/Projects/Mobile-Robots/ros2_ws/install/wpr_simulation2/share/wpr_simulation2/launch/wpb_table.launch.py
[42.573s] -- Installing: /home/dan/Projects/Mobile-Robots/ros2_ws/install/wpr_simulation2/share/wpr_simulation2/launch/world.launch.py
[42.573s] -- Installing: /home/dan/Projects/Mobile-Robots/ros2_ws/install/wpr_simulation2/share/wpr_simulation2/launch/slam.launch.py
[42.573s] -- Installing: /home/dan/Projects/Mobile-Robots/ros2_ws/install/wpr_simulation2/share/wpr_simulation2/launch/wpb_scene_1.launch.py
[42.573s] -- Installing: /home/dan/Projects/Mobile-Robots/ros2_ws/install/wpr_simulation2/share/wpr_simulation2/launch/wpb_simple.launch.py
[42.573s] -- Installing: /home/dan/Projects/Mobile-Robots/ros2_ws/install/wpr_simulation2/share/wpr_simulation2/launch/wpb_objects.launch.py
[42.573s] -- Installing: /home/dan/Projects/Mobile-Robots/ros2_ws/install/wpr_simulation2/share/wpr_simulation2/launch/navigation.launch.py
[42.573s] -- Installing: /home/dan/Projects/Mobile-Robots/ros2_ws/install/wpr_simulation2/share/wpr_simulation2/demo_launch
[42.573s] -- Installing: /home/dan/Projects/Mobile-Robots/ros2_ws/install/wpr_simulation2/share/wpr_simulation2/demo_launch/8_nav.launch.py
[42.573s] -- Installing: /home/dan/Projects/Mobile-Robots/ros2_ws/install/wpr_simulation2/share/wpr_simulation2/demo_launch/7_slam.launch.py
[42.573s] -- Installing: /home/dan/Projects/Mobile-Robots/ros2_ws/install/wpr_simulation2/share/wpr_simulation2/demo_launch/3_pub_sub.launch.yaml
[42.573s] -- Installing: /home/dan/Projects/Mobile-Robots/ros2_ws/install/wpr_simulation2/share/wpr_simulation2/demo_launch/3_pub_sub.launch.xml
[42.573s] -- Installing: /home/dan/Projects/Mobile-Robots/ros2_ws/install/wpr_simulation2/share/wpr_simulation2/demo_launch/3_pub_sub.launch.py
[42.573s] -- Installing: /home/dan/Projects/Mobile-Robots/ros2_ws/install/wpr_simulation2/share/wpr_simulation2/demo_launch/8_waypoint_nav.launch.py
[42.573s] -- Installing: /home/dan/Projects/Mobile-Robots/ros2_ws/install/wpr_simulation2/share/wpr_simulation2/demo_launch/12_home.launch.py
[42.574s] -- Installing: /home/dan/Projects/Mobile-Robots/ros2_ws/install/wpr_simulation2/share/wpr_simulation2/worlds
[42.574s] -- Installing: /home/dan/Projects/Mobile-Robots/ros2_ws/install/wpr_simulation2/share/wpr_simulation2/worlds/simple.world
[42.574s] -- Installing: /home/dan/Projects/Mobile-Robots/ros2_ws/install/wpr_simulation2/share/wpr_simulation2/worlds/table.world
[42.574s] -- Installing: /home/dan/Projects/Mobile-Robots/ros2_ws/install/wpr_simulation2/share/wpr_simulation2/worlds/robocup_home.world
[42.574s] -- Installing: /home/dan/Projects/Mobile-Robots/ros2_ws/install/wpr_simulation2/share/wpr_simulation2/worlds/wpb_simple.world
[42.574s] -- Installing: /home/dan/Projects/Mobile-Robots/ros2_ws/install/wpr_simulation2/share/wpr_simulation2/worlds/wpb_pose.world
[42.574s] -- Installing: /home/dan/Projects/Mobile-Robots/ros2_ws/install/wpr_simulation2/share/wpr_simulation2/worlds/light.world
[42.574s] -- Installing: /home/dan/Projects/Mobile-Robots/ros2_ws/install/wpr_simulation2/share/wpr_simulation2/models
[42.574s] -- Installing: /home/dan/Projects/Mobile-Robots/ros2_ws/install/wpr_simulation2/share/wpr_simulation2/models/kai_standing.model
[42.574s] -- Installing: /home/dan/Projects/Mobile-Robots/ros2_ws/install/wpr_simulation2/share/wpr_simulation2/models/woman.model
[42.574s] -- Installing: /home/dan/Projects/Mobile-Robots/ros2_ws/install/wpr_simulation2/share/wpr_simulation2/models/wpv3.model
[42.574s] -- Installing: /home/dan/Projects/Mobile-Robots/ros2_ws/install/wpr_simulation2/share/wpr_simulation2/models/bed.model
[42.574s] -- Installing: /home/dan/Projects/Mobile-Robots/ros2_ws/install/wpr_simulation2/share/wpr_simulation2/models/wpb_home_lidar.model
[42.574s] -- Installing: /home/dan/Projects/Mobile-Robots/ros2_ws/install/wpr_simulation2/share/wpr_simulation2/models/cupboard.model
[42.574s] -- Installing: /home/dan/Projects/Mobile-Robots/ros2_ws/install/wpr_simulation2/share/wpr_simulation2/models/bookshelft.model
[42.574s] -- Installing: /home/dan/Projects/Mobile-Robots/ros2_ws/install/wpr_simulation2/share/wpr_simulation2/models/wpb_home.model
[42.574s] -- Installing: /home/dan/Projects/Mobile-Robots/ros2_ws/install/wpr_simulation2/share/wpr_simulation2/models/wpr1.model
[42.574s] -- Installing: /home/dan/Projects/Mobile-Robots/ros2_ws/install/wpr_simulation2/share/wpr_simulation2/models/wpb_home_mani.model
[42.574s] -- Installing: /home/dan/Projects/Mobile-Robots/ros2_ws/install/wpr_simulation2/share/wpr_simulation2/models/man_1.model
[42.574s] -- Installing: /home/dan/Projects/Mobile-Robots/ros2_ws/install/wpr_simulation2/share/wpr_simulation2/models/sofa.model
[42.574s] -- Installing: /home/dan/Projects/Mobile-Robots/ros2_ws/install/wpr_simulation2/share/wpr_simulation2/models/balls
[42.574s] -- Installing: /home/dan/Projects/Mobile-Robots/ros2_ws/install/wpr_simulation2/share/wpr_simulation2/models/balls/red_ball.model
[42.574s] -- Installing: /home/dan/Projects/Mobile-Robots/ros2_ws/install/wpr_simulation2/share/wpr_simulation2/models/balls/orange_ball.model
[42.574s] -- Installing: /home/dan/Projects/Mobile-Robots/ros2_ws/install/wpr_simulation2/share/wpr_simulation2/models/balls/green_ball.model
[42.574s] -- Installing: /home/dan/Projects/Mobile-Robots/ros2_ws/install/wpr_simulation2/share/wpr_simulation2/models/balls/blue_ball.model
[42.574s] -- Installing: /home/dan/Projects/Mobile-Robots/ros2_ws/install/wpr_simulation2/share/wpr_simulation2/models/wpb_home_head_up.model
[42.574s] -- Installing: /home/dan/Projects/Mobile-Robots/ros2_ws/install/wpr_simulation2/share/wpr_simulation2/models/man_2.model
[42.574s] -- Installing: /home/dan/Projects/Mobile-Robots/ros2_ws/install/wpr_simulation2/share/wpr_simulation2/models/tea_table.model
[42.575s] -- Installing: /home/dan/Projects/Mobile-Robots/ros2_ws/install/wpr_simulation2/share/wpr_simulation2/models/table.model
[42.575s] -- Installing: /home/dan/Projects/Mobile-Robots/ros2_ws/install/wpr_simulation2/share/wpr_simulation2/models/chair.model
[42.575s] -- Installing: /home/dan/Projects/Mobile-Robots/ros2_ws/install/wpr_simulation2/share/wpr_simulation2/models/bottles
[42.575s] -- Installing: /home/dan/Projects/Mobile-Robots/ros2_ws/install/wpr_simulation2/share/wpr_simulation2/models/bottles/green_bottle.model
[42.575s] -- Installing: /home/dan/Projects/Mobile-Robots/ros2_ws/install/wpr_simulation2/share/wpr_simulation2/models/bottles/red_bottle.model
[42.575s] -- Installing: /home/dan/Projects/Mobile-Robots/ros2_ws/install/wpr_simulation2/share/wpr_simulation2/meshes
[42.575s] -- Installing: /home/dan/Projects/Mobile-Robots/ros2_ws/install/wpr_simulation2/share/wpr_simulation2/meshes/kai
[42.575s] -- Installing: /home/dan/Projects/Mobile-Robots/ros2_ws/install/wpr_simulation2/share/wpr_simulation2/meshes/kai/kai_standing.dae
[42.575s] -- Installing: /home/dan/Projects/Mobile-Robots/ros2_ws/install/wpr_simulation2/share/wpr_simulation2/meshes/kai/1931_LaFeiEr_D_512.png
[42.576s] -- Installing: /home/dan/Projects/Mobile-Robots/ros2_ws/install/wpr_simulation2/share/wpr_simulation2/meshes/bottle.stl
[42.576s] -- Installing: /home/dan/Projects/Mobile-Robots/ros2_ws/install/wpr_simulation2/share/wpr_simulation2/meshes/bed.dae
[42.576s] -- Installing: /home/dan/Projects/Mobile-Robots/ros2_ws/install/wpr_simulation2/share/wpr_simulation2/meshes/man_2
[42.576s] -- Installing: /home/dan/Projects/Mobile-Robots/ros2_ws/install/wpr_simulation2/share/wpr_simulation2/meshes/man_2/color.png
[42.576s] -- Installing: /home/dan/Projects/Mobile-Robots/ros2_ws/install/wpr_simulation2/share/wpr_simulation2/meshes/man_2/man_2.dae
[42.576s] -- Installing: /home/dan/Projects/Mobile-Robots/ros2_ws/install/wpr_simulation2/share/wpr_simulation2/meshes/chair
[42.576s] -- Installing: /home/dan/Projects/Mobile-Robots/ros2_ws/install/wpr_simulation2/share/wpr_simulation2/meshes/chair/Wood_Cherry_Original.jpg
[42.576s] -- Installing: /home/dan/Projects/Mobile-Robots/ros2_ws/install/wpr_simulation2/share/wpr_simulation2/meshes/table
[42.576s] -- Installing: /home/dan/Projects/Mobile-Robots/ros2_ws/install/wpr_simulation2/share/wpr_simulation2/meshes/table/Wood_Cherry_Original.jpg
[42.576s] -- Installing: /home/dan/Projects/Mobile-Robots/ros2_ws/install/wpr_simulation2/share/wpr_simulation2/meshes/bookshelft
[42.576s] -- Installing: /home/dan/Projects/Mobile-Robots/ros2_ws/install/wpr_simulation2/share/wpr_simulation2/meshes/bookshelft/Wood_Veneer_02.jpg
[42.576s] -- Installing: /home/dan/Projects/Mobile-Robots/ros2_ws/install/wpr_simulation2/share/wpr_simulation2/meshes/chair.dae
[42.576s] -- Installing: /home/dan/Projects/Mobile-Robots/ros2_ws/install/wpr_simulation2/share/wpr_simulation2/meshes/table.dae
[42.576s] -- Installing: /home/dan/Projects/Mobile-Robots/ros2_ws/install/wpr_simulation2/share/wpr_simulation2/meshes/tea_table.dae
[42.576s] -- Installing: /home/dan/Projects/Mobile-Robots/ros2_ws/install/wpr_simulation2/share/wpr_simulation2/meshes/wpr1
[42.576s] -- Installing: /home/dan/Projects/Mobile-Robots/ros2_ws/install/wpr_simulation2/share/wpr_simulation2/meshes/wpr1/fingertip.dae
[42.576s] -- Installing: /home/dan/Projects/Mobile-Robots/ros2_ws/install/wpr_simulation2/share/wpr_simulation2/meshes/wpr1/upperarm.dae
[42.577s] -- Installing: /home/dan/Projects/Mobile-Robots/ros2_ws/install/wpr_simulation2/share/wpr_simulation2/meshes/wpr1/palm.dae
[42.577s] -- Installing: /home/dan/Projects/Mobile-Robots/ros2_ws/install/wpr_simulation2/share/wpr_simulation2/meshes/wpr1/finger.dae
[42.578s] -- Installing: /home/dan/Projects/Mobile-Robots/ros2_ws/install/wpr_simulation2/share/wpr_simulation2/meshes/wpr1/forearm.dae
[42.578s] -- Installing: /home/dan/Projects/Mobile-Robots/ros2_ws/install/wpr_simulation2/share/wpr_simulation2/meshes/wpr1/torso.dae
[42.580s] -- Installing: /home/dan/Projects/Mobile-Robots/ros2_ws/install/wpr_simulation2/share/wpr_simulation2/meshes/wpr1/base.dae
[42.581s] -- Installing: /home/dan/Projects/Mobile-Robots/ros2_ws/install/wpr_simulation2/share/wpr_simulation2/meshes/wpv3
[42.581s] -- Installing: /home/dan/Projects/Mobile-Robots/ros2_ws/install/wpr_simulation2/share/wpr_simulation2/meshes/wpv3/wpv3.dae
[42.581s] -- Installing: /home/dan/Projects/Mobile-Robots/ros2_ws/install/wpr_simulation2/share/wpr_simulation2/meshes/cupboard.dae
[42.581s] -- Installing: /home/dan/Projects/Mobile-Robots/ros2_ws/install/wpr_simulation2/share/wpr_simulation2/meshes/tea_table
[42.582s] -- Installing: /home/dan/Projects/Mobile-Robots/ros2_ws/install/wpr_simulation2/share/wpr_simulation2/meshes/tea_table/Wood_Cherry_Original.jpg
[42.582s] -- Installing: /home/dan/Projects/Mobile-Robots/ros2_ws/install/wpr_simulation2/share/wpr_simulation2/meshes/man_1
[42.582s] -- Installing: /home/dan/Projects/Mobile-Robots/ros2_ws/install/wpr_simulation2/share/wpr_simulation2/meshes/man_1/color.png
[42.582s] -- Installing: /home/dan/Projects/Mobile-Robots/ros2_ws/install/wpr_simulation2/share/wpr_simulation2/meshes/man_1/man_1.dae
[42.582s] -- Installing: /home/dan/Projects/Mobile-Robots/ros2_ws/install/wpr_simulation2/share/wpr_simulation2/meshes/woman
[42.582s] -- Installing: /home/dan/Projects/Mobile-Robots/ros2_ws/install/wpr_simulation2/share/wpr_simulation2/meshes/woman/color.png
[42.582s] -- Installing: /home/dan/Projects/Mobile-Robots/ros2_ws/install/wpr_simulation2/share/wpr_simulation2/meshes/woman/woman.dae
[42.582s] -- Installing: /home/dan/Projects/Mobile-Robots/ros2_ws/install/wpr_simulation2/share/wpr_simulation2/meshes/cupboard
[42.582s] -- Installing: /home/dan/Projects/Mobile-Robots/ros2_ws/install/wpr_simulation2/share/wpr_simulation2/meshes/cupboard/Wood_Veneer_02.jpg
[42.583s] -- Installing: /home/dan/Projects/Mobile-Robots/ros2_ws/install/wpr_simulation2/share/wpr_simulation2/meshes/sofa
[42.583s] -- Installing: /home/dan/Projects/Mobile-Robots/ros2_ws/install/wpr_simulation2/share/wpr_simulation2/meshes/sofa/Carpet_Loop_Pattern.jpg
[42.583s] -- Installing: /home/dan/Projects/Mobile-Robots/ros2_ws/install/wpr_simulation2/share/wpr_simulation2/meshes/sofa.dae
[42.583s] -- Installing: /home/dan/Projects/Mobile-Robots/ros2_ws/install/wpr_simulation2/share/wpr_simulation2/meshes/bed
[42.583s] -- Installing: /home/dan/Projects/Mobile-Robots/ros2_ws/install/wpr_simulation2/share/wpr_simulation2/meshes/bed/Carpet_Pattern_Squares_Multi.jpg
[42.583s] -- Installing: /home/dan/Projects/Mobile-Robots/ros2_ws/install/wpr_simulation2/share/wpr_simulation2/meshes/bed/Wood_Bamboo.jpg
[42.583s] -- Installing: /home/dan/Projects/Mobile-Robots/ros2_ws/install/wpr_simulation2/share/wpr_simulation2/meshes/wpb_home
[42.583s] -- Installing: /home/dan/Projects/Mobile-Robots/ros2_ws/install/wpr_simulation2/share/wpr_simulation2/meshes/wpb_home/wpb_home_std.dae
[42.586s] -- Installing: /home/dan/Projects/Mobile-Robots/ros2_ws/install/wpr_simulation2/share/wpr_simulation2/meshes/wpb_home/wpb_home_mani.dae
[42.588s] -- Installing: /home/dan/Projects/Mobile-Robots/ros2_ws/install/wpr_simulation2/share/wpr_simulation2/meshes/wpb_home/forearm.dae
[42.588s] -- Installing: /home/dan/Projects/Mobile-Robots/ros2_ws/install/wpr_simulation2/share/wpr_simulation2/meshes/bookshelft.dae
[42.588s] -- Installing: /home/dan/Projects/Mobile-Robots/ros2_ws/install/wpr_simulation2/share/wpr_simulation2/rviz
[42.588s] -- Installing: /home/dan/Projects/Mobile-Robots/ros2_ws/install/wpr_simulation2/share/wpr_simulation2/rviz/navi.rviz
[42.588s] -- Installing: /home/dan/Projects/Mobile-Robots/ros2_ws/install/wpr_simulation2/share/wpr_simulation2/rviz/objects.rviz
[42.589s] -- Installing: /home/dan/Projects/Mobile-Robots/ros2_ws/install/wpr_simulation2/share/wpr_simulation2/rviz/slam.rviz
[42.589s] -- Installing: /home/dan/Projects/Mobile-Robots/ros2_ws/install/wpr_simulation2/share/wpr_simulation2/rviz/pointcloud.rviz
[42.589s] -- Installing: /home/dan/Projects/Mobile-Robots/ros2_ws/install/wpr_simulation2/share/wpr_simulation2/rviz/navi_3d.rviz
[42.589s] -- Installing: /home/dan/Projects/Mobile-Robots/ros2_ws/install/wpr_simulation2/share/wpr_simulation2/rviz/sensor.rviz
[42.589s] -- Installing: /home/dan/Projects/Mobile-Robots/ros2_ws/install/wpr_simulation2/share/wpr_simulation2/rviz/fetch.rviz
[42.589s] -- Installing: /home/dan/Projects/Mobile-Robots/ros2_ws/install/wpr_simulation2/share/wpr_simulation2/src
[42.589s] -- Installing: /home/dan/Projects/Mobile-Robots/ros2_ws/install/wpr_simulation2/share/wpr_simulation2/src/wpb_home_mani_sim.cpp
[42.589s] -- Installing: /home/dan/Projects/Mobile-Robots/ros2_ws/install/wpr_simulation2/share/wpr_simulation2/src/objects_publisher.cpp
[42.589s] -- Installing: /home/dan/Projects/Mobile-Robots/ros2_ws/install/wpr_simulation2/share/wpr_simulation2/src/grab_object_sim.cpp
[42.589s] -- Installing: /home/dan/Projects/Mobile-Robots/ros2_ws/install/wpr_simulation2/share/wpr_simulation2/src/keyboard_vel_cmd.cpp
[42.589s] -- Installing: /home/dan/Projects/Mobile-Robots/ros2_ws/install/wpr_simulation2/share/wpr_simulation2/src/face_detector.py
[42.589s] -- Installing: /home/dan/Projects/Mobile-Robots/ros2_ws/install/wpr_simulation2/share/wpr_simulation2/src/ball_random_move.cpp
[42.589s] -- Up-to-date: /home/dan/Projects/Mobile-Robots/ros2_ws/install/wpr_simulation2/share/wpr_simulation2/msg
[42.589s] -- Up-to-date: /home/dan/Projects/Mobile-Robots/ros2_ws/install/wpr_simulation2/share/wpr_simulation2/msg/Object.msg
[42.589s] -- Installing: /home/dan/Projects/Mobile-Robots/ros2_ws/install/wpr_simulation2/share/wpr_simulation2/maps
[42.589s] -- Installing: /home/dan/Projects/Mobile-Robots/ros2_ws/install/wpr_simulation2/share/wpr_simulation2/maps/.gitignore
[42.589s] -- Installing: /home/dan/Projects/Mobile-Robots/ros2_ws/install/wpr_simulation2/lib/wpr_simulation2/face_detector.py
[42.589s] -- Installing: /home/dan/Projects/Mobile-Robots/ros2_ws/install/wpr_simulation2/lib/wpr_simulation2/wpb_home_mani_sim
[42.591s] -- Set runtime path of "/home/dan/Projects/Mobile-Robots/ros2_ws/install/wpr_simulation2/lib/wpr_simulation2/wpb_home_mani_sim" to ""
[42.591s] -- Installing: /home/dan/Projects/Mobile-Robots/ros2_ws/install/wpr_simulation2/lib/wpr_simulation2/keyboard_vel_cmd
[42.592s] -- Set runtime path of "/home/dan/Projects/Mobile-Robots/ros2_ws/install/wpr_simulation2/lib/wpr_simulation2/keyboard_vel_cmd" to ""
[42.592s] -- Installing: /home/dan/Projects/Mobile-Robots/ros2_ws/install/wpr_simulation2/lib/wpr_simulation2/ball_random_move
[42.592s] -- Set runtime path of "/home/dan/Projects/Mobile-Robots/ros2_ws/install/wpr_simulation2/lib/wpr_simulation2/ball_random_move" to ""
[42.592s] -- Installing: /home/dan/Projects/Mobile-Robots/ros2_ws/install/wpr_simulation2/lib/wpr_simulation2/objects_publisher
[42.595s] -- Set runtime path of "/home/dan/Projects/Mobile-Robots/ros2_ws/install/wpr_simulation2/lib/wpr_simulation2/objects_publisher" to ""
[42.595s] -- Installing: /home/dan/Projects/Mobile-Robots/ros2_ws/install/wpr_simulation2/lib/wpr_simulation2/grab_object_sim
[42.598s] -- Set runtime path of "/home/dan/Projects/Mobile-Robots/ros2_ws/install/wpr_simulation2/lib/wpr_simulation2/grab_object_sim" to ""
[42.598s] -- Installing: /home/dan/Projects/Mobile-Robots/ros2_ws/install/wpr_simulation2/lib/wpr_simulation2/3_publisher_node
[42.598s] -- Set runtime path of "/home/dan/Projects/Mobile-Robots/ros2_ws/install/wpr_simulation2/lib/wpr_simulation2/3_publisher_node" to ""
[42.598s] -- Installing: /home/dan/Projects/Mobile-Robots/ros2_ws/install/wpr_simulation2/lib/wpr_simulation2/3_subscriber_node
[42.600s] -- Set runtime path of "/home/dan/Projects/Mobile-Robots/ros2_ws/install/wpr_simulation2/lib/wpr_simulation2/3_subscriber_node" to ""
[42.600s] -- Installing: /home/dan/Projects/Mobile-Robots/ros2_ws/install/wpr_simulation2/lib/wpr_simulation2/4_velocity_command
[42.601s] -- Set runtime path of "/home/dan/Projects/Mobile-Robots/ros2_ws/install/wpr_simulation2/lib/wpr_simulation2/4_velocity_command" to ""
[42.601s] -- Installing: /home/dan/Projects/Mobile-Robots/ros2_ws/install/wpr_simulation2/lib/wpr_simulation2/5_lidar_data
[42.602s] -- Set runtime path of "/home/dan/Projects/Mobile-Robots/ros2_ws/install/wpr_simulation2/lib/wpr_simulation2/5_lidar_data" to ""
[42.603s] -- Installing: /home/dan/Projects/Mobile-Robots/ros2_ws/install/wpr_simulation2/lib/wpr_simulation2/5_lidar_behavior
[42.604s] -- Set runtime path of "/home/dan/Projects/Mobile-Robots/ros2_ws/install/wpr_simulation2/lib/wpr_simulation2/5_lidar_behavior" to ""
[42.604s] -- Installing: /home/dan/Projects/Mobile-Robots/ros2_ws/install/wpr_simulation2/lib/wpr_simulation2/6_imu_data
[42.607s] -- Set runtime path of "/home/dan/Projects/Mobile-Robots/ros2_ws/install/wpr_simulation2/lib/wpr_simulation2/6_imu_data" to ""
[42.607s] -- Installing: /home/dan/Projects/Mobile-Robots/ros2_ws/install/wpr_simulation2/lib/wpr_simulation2/6_imu_behavior
[42.609s] -- Set runtime path of "/home/dan/Projects/Mobile-Robots/ros2_ws/install/wpr_simulation2/lib/wpr_simulation2/6_imu_behavior" to ""
[42.609s] -- Installing: /home/dan/Projects/Mobile-Robots/ros2_ws/install/wpr_simulation2/lib/wpr_simulation2/8_waypoint_navigation
[42.611s] -- Set runtime path of "/home/dan/Projects/Mobile-Robots/ros2_ws/install/wpr_simulation2/lib/wpr_simulation2/8_waypoint_navigation" to ""
[42.612s] -- Installing: /home/dan/Projects/Mobile-Robots/ros2_ws/install/wpr_simulation2/lib/wpr_simulation2/9_cv_image
[42.614s] -- Set runtime path of "/home/dan/Projects/Mobile-Robots/ros2_ws/install/wpr_simulation2/lib/wpr_simulation2/9_cv_image" to ""
[42.614s] -- Installing: /home/dan/Projects/Mobile-Robots/ros2_ws/install/wpr_simulation2/lib/wpr_simulation2/9_cv_hsv
[42.616s] -- Set runtime path of "/home/dan/Projects/Mobile-Robots/ros2_ws/install/wpr_simulation2/lib/wpr_simulation2/9_cv_hsv" to ""
[42.616s] -- Installing: /home/dan/Projects/Mobile-Robots/ros2_ws/install/wpr_simulation2/lib/wpr_simulation2/9_cv_follow
[42.619s] -- Set runtime path of "/home/dan/Projects/Mobile-Robots/ros2_ws/install/wpr_simulation2/lib/wpr_simulation2/9_cv_follow" to ""
[42.619s] -- Installing: /home/dan/Projects/Mobile-Robots/ros2_ws/install/wpr_simulation2/lib/wpr_simulation2/9_cv_face_detect
[42.622s] -- Set runtime path of "/home/dan/Projects/Mobile-Robots/ros2_ws/install/wpr_simulation2/lib/wpr_simulation2/9_cv_face_detect" to ""
[42.622s] -- Installing: /home/dan/Projects/Mobile-Robots/ros2_ws/install/wpr_simulation2/lib/wpr_simulation2/10_pc_data
[42.624s] -- Set runtime path of "/home/dan/Projects/Mobile-Robots/ros2_ws/install/wpr_simulation2/lib/wpr_simulation2/10_pc_data" to ""
[42.624s] -- Installing: /home/dan/Projects/Mobile-Robots/ros2_ws/install/wpr_simulation2/lib/wpr_simulation2/10_pc_objects
[42.626s] -- Set runtime path of "/home/dan/Projects/Mobile-Robots/ros2_ws/install/wpr_simulation2/lib/wpr_simulation2/10_pc_objects" to ""
[42.626s] -- Installing: /home/dan/Projects/Mobile-Robots/ros2_ws/install/wpr_simulation2/lib/wpr_simulation2/11_mani_ctrl
[42.627s] -- Set runtime path of "/home/dan/Projects/Mobile-Robots/ros2_ws/install/wpr_simulation2/lib/wpr_simulation2/11_mani_ctrl" to ""
[42.627s] -- Installing: /home/dan/Projects/Mobile-Robots/ros2_ws/install/wpr_simulation2/lib/wpr_simulation2/11_grab_object
[42.629s] -- Set runtime path of "/home/dan/Projects/Mobile-Robots/ros2_ws/install/wpr_simulation2/lib/wpr_simulation2/11_grab_object" to ""
[42.629s] -- Installing: /home/dan/Projects/Mobile-Robots/ros2_ws/install/wpr_simulation2/lib/wpr_simulation2/12_fetch
[42.631s] -- Set runtime path of "/home/dan/Projects/Mobile-Robots/ros2_ws/install/wpr_simulation2/lib/wpr_simulation2/12_fetch" to ""
[42.631s] -- Installing: /home/dan/Projects/Mobile-Robots/ros2_ws/install/wpr_simulation2/lib/wpr_simulation2/demo_nav2_client
[42.632s] -- Set runtime path of "/home/dan/Projects/Mobile-Robots/ros2_ws/install/wpr_simulation2/lib/wpr_simulation2/demo_nav2_client" to ""
[42.632s] -- Installing: /home/dan/Projects/Mobile-Robots/ros2_ws/install/wpr_simulation2/share/ament_index/resource_index/package_run_dependencies/wpr_simulation2
[42.632s] -- Installing: /home/dan/Projects/Mobile-Robots/ros2_ws/install/wpr_simulation2/share/ament_index/resource_index/parent_prefix_path/wpr_simulation2
[42.632s] -- Installing: /home/dan/Projects/Mobile-Robots/ros2_ws/install/wpr_simulation2/share/wpr_simulation2/environment/ament_prefix_path.sh
[42.632s] -- Installing: /home/dan/Projects/Mobile-Robots/ros2_ws/install/wpr_simulation2/share/wpr_simulation2/environment/ament_prefix_path.dsv
[42.632s] -- Installing: /home/dan/Projects/Mobile-Robots/ros2_ws/install/wpr_simulation2/share/wpr_simulation2/environment/path.sh
[42.632s] -- Installing: /home/dan/Projects/Mobile-Robots/ros2_ws/install/wpr_simulation2/share/wpr_simulation2/environment/path.dsv
[42.632s] -- Installing: /home/dan/Projects/Mobile-Robots/ros2_ws/install/wpr_simulation2/share/wpr_simulation2/local_setup.bash
[42.632s] -- Installing: /home/dan/Projects/Mobile-Robots/ros2_ws/install/wpr_simulation2/share/wpr_simulation2/local_setup.sh
[42.632s] -- Installing: /home/dan/Projects/Mobile-Robots/ros2_ws/install/wpr_simulation2/share/wpr_simulation2/local_setup.zsh
[42.633s] -- Installing: /home/dan/Projects/Mobile-Robots/ros2_ws/install/wpr_simulation2/share/wpr_simulation2/local_setup.dsv
[42.633s] -- Installing: /home/dan/Projects/Mobile-Robots/ros2_ws/install/wpr_simulation2/share/wpr_simulation2/package.dsv
[42.633s] -- Installing: /home/dan/Projects/Mobile-Robots/ros2_ws/install/wpr_simulation2/share/ament_index/resource_index/packages/wpr_simulation2
[42.633s] -- Installing: /home/dan/Projects/Mobile-Robots/ros2_ws/install/wpr_simulation2/share/wpr_simulation2/cmake/export_wpr_simulation2__rosidl_generator_cExport.cmake
[42.633s] -- Installing: /home/dan/Projects/Mobile-Robots/ros2_ws/install/wpr_simulation2/share/wpr_simulation2/cmake/export_wpr_simulation2__rosidl_generator_cExport-noconfig.cmake
[42.633s] -- Installing: /home/dan/Projects/Mobile-Robots/ros2_ws/install/wpr_simulation2/share/wpr_simulation2/cmake/export_wpr_simulation2__rosidl_typesupport_fastrtps_cExport.cmake
[42.633s] -- Installing: /home/dan/Projects/Mobile-Robots/ros2_ws/install/wpr_simulation2/share/wpr_simulation2/cmake/export_wpr_simulation2__rosidl_typesupport_fastrtps_cExport-noconfig.cmake
[42.633s] -- Installing: /home/dan/Projects/Mobile-Robots/ros2_ws/install/wpr_simulation2/share/wpr_simulation2/cmake/export_wpr_simulation2__rosidl_generator_cppExport.cmake
[42.633s] -- Installing: /home/dan/Projects/Mobile-Robots/ros2_ws/install/wpr_simulation2/share/wpr_simulation2/cmake/export_wpr_simulation2__rosidl_typesupport_fastrtps_cppExport.cmake
[42.633s] -- Installing: /home/dan/Projects/Mobile-Robots/ros2_ws/install/wpr_simulation2/share/wpr_simulation2/cmake/export_wpr_simulation2__rosidl_typesupport_fastrtps_cppExport-noconfig.cmake
[42.633s] -- Installing: /home/dan/Projects/Mobile-Robots/ros2_ws/install/wpr_simulation2/share/wpr_simulation2/cmake/wpr_simulation2__rosidl_typesupport_introspection_cExport.cmake
[42.634s] -- Installing: /home/dan/Projects/Mobile-Robots/ros2_ws/install/wpr_simulation2/share/wpr_simulation2/cmake/wpr_simulation2__rosidl_typesupport_introspection_cExport-noconfig.cmake
[42.634s] -- Installing: /home/dan/Projects/Mobile-Robots/ros2_ws/install/wpr_simulation2/share/wpr_simulation2/cmake/wpr_simulation2__rosidl_typesupport_cExport.cmake
[42.634s] -- Installing: /home/dan/Projects/Mobile-Robots/ros2_ws/install/wpr_simulation2/share/wpr_simulation2/cmake/wpr_simulation2__rosidl_typesupport_cExport-noconfig.cmake
[42.634s] -- Installing: /home/dan/Projects/Mobile-Robots/ros2_ws/install/wpr_simulation2/share/wpr_simulation2/cmake/wpr_simulation2__rosidl_typesupport_introspection_cppExport.cmake
[42.634s] -- Installing: /home/dan/Projects/Mobile-Robots/ros2_ws/install/wpr_simulation2/share/wpr_simulation2/cmake/wpr_simulation2__rosidl_typesupport_introspection_cppExport-noconfig.cmake
[42.634s] -- Installing: /home/dan/Projects/Mobile-Robots/ros2_ws/install/wpr_simulation2/share/wpr_simulation2/cmake/wpr_simulation2__rosidl_typesupport_cppExport.cmake
[42.634s] -- Installing: /home/dan/Projects/Mobile-Robots/ros2_ws/install/wpr_simulation2/share/wpr_simulation2/cmake/wpr_simulation2__rosidl_typesupport_cppExport-noconfig.cmake
[42.634s] -- Installing: /home/dan/Projects/Mobile-Robots/ros2_ws/install/wpr_simulation2/share/wpr_simulation2/cmake/export_wpr_simulation2__rosidl_generator_pyExport.cmake
[42.634s] -- Installing: /home/dan/Projects/Mobile-Robots/ros2_ws/install/wpr_simulation2/share/wpr_simulation2/cmake/export_wpr_simulation2__rosidl_generator_pyExport-noconfig.cmake
[42.634s] -- Installing: /home/dan/Projects/Mobile-Robots/ros2_ws/install/wpr_simulation2/share/wpr_simulation2/cmake/rosidl_cmake-extras.cmake
[42.634s] -- Installing: /home/dan/Projects/Mobile-Robots/ros2_ws/install/wpr_simulation2/share/wpr_simulation2/cmake/ament_cmake_export_dependencies-extras.cmake
[42.634s] -- Installing: /home/dan/Projects/Mobile-Robots/ros2_ws/install/wpr_simulation2/share/wpr_simulation2/cmake/ament_cmake_export_include_directories-extras.cmake
[42.635s] -- Installing: /home/dan/Projects/Mobile-Robots/ros2_ws/install/wpr_simulation2/share/wpr_simulation2/cmake/ament_cmake_export_libraries-extras.cmake
[42.635s] -- Installing: /home/dan/Projects/Mobile-Robots/ros2_ws/install/wpr_simulation2/share/wpr_simulation2/cmake/ament_cmake_export_targets-extras.cmake
[42.635s] -- Installing: /home/dan/Projects/Mobile-Robots/ros2_ws/install/wpr_simulation2/share/wpr_simulation2/cmake/rosidl_cmake_export_typesupport_targets-extras.cmake
[42.635s] -- Installing: /home/dan/Projects/Mobile-Robots/ros2_ws/install/wpr_simulation2/share/wpr_simulation2/cmake/rosidl_cmake_export_typesupport_libraries-extras.cmake
[42.635s] -- Installing: /home/dan/Projects/Mobile-Robots/ros2_ws/install/wpr_simulation2/share/wpr_simulation2/cmake/wpr_simulation2Config.cmake
[42.635s] -- Installing: /home/dan/Projects/Mobile-Robots/ros2_ws/install/wpr_simulation2/share/wpr_simulation2/cmake/wpr_simulation2Config-version.cmake
[42.635s] -- Installing: /home/dan/Projects/Mobile-Robots/ros2_ws/install/wpr_simulation2/share/wpr_simulation2/package.xml
[42.637s] Invoked command in '/home/dan/Projects/Mobile-Robots/ros2_ws/build/wpr_simulation2' returned '0': CMAKE_PREFIX_PATH=/opt/ros/humble /usr/bin/cmake --install /home/dan/Projects/Mobile-Robots/ros2_ws/build/wpr_simulation2
