[0.014s] Invoking command in '/home/dan/Projects/Mobile-Robots/project3_path_planning/prj3_ws/build/wpr_simulation2': CMAKE_PREFIX_PATH=${CMAKE_PREFIX_PATH}:/opt/ros/humble /usr/bin/cmake /home/dan/Projects/Mobile-Robots/project3_path_planning/prj3_ws/src/wpr_simulation2 -DCMAKE_INSTALL_PREFIX=/home/dan/Projects/Mobile-Robots/project3_path_planning/prj3_ws/install/wpr_simulation2
[0.057s] -- The C compiler identification is GNU 11.4.0
[0.098s] -- The CXX compiler identification is GNU 11.4.0
[0.103s] -- Detecting C compiler ABI info
[0.148s] -- Detecting C compiler ABI info - done
[0.154s] -- Check for working C compiler: /usr/bin/cc - skipped
[0.154s] -- Detecting C compile features
[0.154s] -- Detecting C compile features - done
[0.156s] -- Detecting CXX compiler ABI info
[0.208s] -- Detecting CXX compiler ABI info - done
[0.216s] -- Check for working CXX compiler: /usr/bin/c++ - skipped
[0.216s] -- Detecting CXX compile features
[0.217s] -- Detecting CXX compile features - done
[0.219s] -- Found ament_cmake: 1.3.11 (/opt/ros/humble/share/ament_cmake/cmake)
[0.317s] -- Found Python3: /usr/bin/python3 (found version "3.10.12") found components: Interpreter 
[0.381s] -- Found gazebo_ros_pkgs: 3.9.0 (/opt/ros/humble/share/gazebo_ros_pkgs/cmake)
[0.382s] -- Found geometry_msgs: 4.8.0 (/opt/ros/humble/share/geometry_msgs/cmake)
[0.408s] -- Found rosidl_generator_c: 3.1.6 (/opt/ros/humble/share/rosidl_generator_c/cmake)
[0.411s] -- Found rosidl_adapter: 3.1.6 (/opt/ros/humble/share/rosidl_adapter/cmake)
[0.417s] -- Found rosidl_generator_cpp: 3.1.6 (/opt/ros/humble/share/rosidl_generator_cpp/cmake)
[0.425s] -- Using all available rosidl_typesupport_c: rosidl_typesupport_fastrtps_c;rosidl_typesupport_introspection_c
[0.436s] -- Using all available rosidl_typesupport_cpp: rosidl_typesupport_fastrtps_cpp;rosidl_typesupport_introspection_cpp
[0.460s] -- Found nav_msgs: 4.8.0 (/opt/ros/humble/share/nav_msgs/cmake)
[0.472s] -- Found rclcpp: 16.0.12 (/opt/ros/humble/share/rclcpp/cmake)
[0.496s] -- Found rmw_implementation_cmake: 6.1.2 (/opt/ros/humble/share/rmw_implementation_cmake/cmake)
[0.498s] -- Found rmw_fastrtps_cpp: 6.2.7 (/opt/ros/humble/share/rmw_fastrtps_cpp/cmake)
[0.548s] -- Found OpenSSL: /usr/lib/x86_64-linux-gnu/libcrypto.so (found version "3.0.2")  
[0.566s] -- Found FastRTPS: /opt/ros/humble/include  
[0.592s] -- Using RMW implementation 'rmw_fastrtps_cpp' as default
[0.598s] -- Looking for pthread.h
[0.645s] -- Looking for pthread.h - found
[0.645s] -- Performing Test CMAKE_HAVE_LIBC_PTHREAD
[0.705s] -- Performing Test CMAKE_HAVE_LIBC_PTHREAD - Success
[0.707s] -- Found Threads: TRUE  
[0.735s] -- Found rclpy: 3.3.16 (/opt/ros/humble/share/rclpy/cmake)
[0.736s] -- Found rclcpp_action: 16.0.12 (/opt/ros/humble/share/rclcpp_action/cmake)
[0.758s] -- Found sensor_msgs: 4.8.0 (/opt/ros/humble/share/sensor_msgs/cmake)
[0.769s] -- Found tf2_geometry_msgs: 0.25.12 (/opt/ros/humble/share/tf2_geometry_msgs/cmake)
[0.778s] -- Found eigen3_cmake_module: 0.1.1 (/opt/ros/humble/share/eigen3_cmake_module/cmake)
[0.778s] -- Found Eigen3: TRUE (found version "3.4.0") 
[0.779s] -- Ensuring Eigen3 include directory is part of orocos-kdl CMake target
[0.822s] -- Found nav2_msgs: 1.1.18 (/opt/ros/humble/share/nav2_msgs/cmake)
[0.838s] -- Found cv_bridge: 3.2.1 (/opt/ros/humble/share/cv_bridge/cmake)
[0.846s] -- Found image_transport: 3.1.11 (/opt/ros/humble/share/image_transport/cmake)
[0.862s] -- Found OpenCV: /usr (found version "4.5.4") 
[0.863s] -- Found pcl_conversions: 2.4.5 (/opt/ros/humble/share/pcl_conversions/cmake)
[0.885s] -- Checking for module 'eigen3'
[0.891s] --   Found eigen3, version 3.4.0
[0.911s] -- Found Eigen: /usr/include/eigen3 (Required is at least version "3.1") 
[0.911s] -- Eigen found (include: /usr/include/eigen3, version: 3.4.0)
[0.935s] -- Checking for module 'flann'
[0.942s] --   Found flann, version 1.9.1
[0.963s] -- Found FLANN: /usr/lib/x86_64-linux-gnu/libflann_cpp.so  
[0.963s] -- FLANN found (include: /usr/include, lib: /usr/lib/x86_64-linux-gnu/libflann_cpp.so)
[1.586s] -- Checking for module 'libusb-1.0'
[1.593s] --   Found libusb-1.0, version 1.0.25
[1.622s] -- Found libusb: /usr/lib/x86_64-linux-gnu/libusb-1.0.so  
[1.625s] -- OpenNI found (version: 1.5.4.0, include: /usr/include/ni, lib: /usr/lib/libOpenNI.so;libusb::libusb)
[1.663s] -- OpenNI2 found (version: 2.2.0.33, include: /usr/include/openni2, lib: /usr/lib/x86_64-linux-gnu/libOpenNI2.so;libusb::libusb)
[1.767s] -- Eigen found (include: /usr/include/eigen3, version: 3.4.0)
[1.771s] -- OpenNI found (version: 1.5.4.0, include: /usr/include/ni, lib: /usr/lib/libOpenNI.so;libusb::libusb)
[1.775s] -- OpenNI2 found (version: 2.2.0.33, include: /usr/include/openni2, lib: /usr/lib/x86_64-linux-gnu/libOpenNI2.so;libusb::libusb)
[1.873s] -- Found Qhull version 8.0.2
[1.974s] -- OpenNI found (version: 1.5.4.0, include: /usr/include/ni, lib: /usr/lib/libOpenNI.so;libusb::libusb)
[2.070s] -- Found PCL_COMMON: /usr/lib/x86_64-linux-gnu/libpcl_common.so  
[2.071s] -- Found PCL_KDTREE: /usr/lib/x86_64-linux-gnu/libpcl_kdtree.so  
[2.071s] -- Found PCL_OCTREE: /usr/lib/x86_64-linux-gnu/libpcl_octree.so  
[2.073s] -- Found PCL_SEARCH: /usr/lib/x86_64-linux-gnu/libpcl_search.so  
[2.073s] -- Found PCL_SAMPLE_CONSENSUS: /usr/lib/x86_64-linux-gnu/libpcl_sample_consensus.so  
[2.074s] -- Found PCL_FILTERS: /usr/lib/x86_64-linux-gnu/libpcl_filters.so  
[2.074s] -- Found PCL_2D: /usr/include/pcl-1.12  
[2.074s] -- Found PCL_GEOMETRY: /usr/include/pcl-1.12  
[2.075s] -- Found PCL_IO: /usr/lib/x86_64-linux-gnu/libpcl_io.so  
[2.075s] -- Found PCL_FEATURES: /usr/lib/x86_64-linux-gnu/libpcl_features.so  
[2.076s] -- Found PCL_ML: /usr/lib/x86_64-linux-gnu/libpcl_ml.so  
[2.076s] -- Found PCL_SEGMENTATION: /usr/lib/x86_64-linux-gnu/libpcl_segmentation.so  
[2.077s] -- Found PCL_VISUALIZATION: /usr/lib/x86_64-linux-gnu/libpcl_visualization.so  
[2.078s] -- Found PCL_SURFACE: /usr/lib/x86_64-linux-gnu/libpcl_surface.so  
[2.078s] -- Found PCL_REGISTRATION: /usr/lib/x86_64-linux-gnu/libpcl_registration.so  
[2.079s] -- Found PCL_KEYPOINTS: /usr/lib/x86_64-linux-gnu/libpcl_keypoints.so  
[2.079s] -- Found PCL_TRACKING: /usr/lib/x86_64-linux-gnu/libpcl_tracking.so  
[2.080s] -- Found PCL_RECOGNITION: /usr/lib/x86_64-linux-gnu/libpcl_recognition.so  
[2.081s] -- Found PCL_STEREO: /usr/lib/x86_64-linux-gnu/libpcl_stereo.so  
[2.081s] -- Found PCL_APPS: /usr/lib/x86_64-linux-gnu/libpcl_apps.so  
[2.082s] -- Found PCL_IN_HAND_SCANNER: /usr/include/pcl-1.12  
[2.082s] -- Found PCL_MODELER: /usr/include/pcl-1.12  
[2.082s] -- Found PCL_POINT_CLOUD_EDITOR: /usr/include/pcl-1.12  
[2.083s] -- Found PCL_OUTOFCORE: /usr/lib/x86_64-linux-gnu/libpcl_outofcore.so  
[2.083s] -- Found PCL_PEOPLE: /usr/lib/x86_64-linux-gnu/libpcl_people.so  
[2.085s] -- Found pcl_ros: 2.4.5 (/opt/ros/humble/share/pcl_ros/cmake)
[2.096s] -- Found visualization_msgs: 4.8.0 (/opt/ros/humble/share/visualization_msgs/cmake)
[2.111s] -- Found rosidl_default_generators: 1.2.0 (/opt/ros/humble/share/rosidl_default_generators/cmake)
[2.292s] -- Found ament_cmake_ros: 0.10.0 (/opt/ros/humble/share/ament_cmake_ros/cmake)
[2.543s] -- Using all available rosidl_typesupport_c: rosidl_typesupport_fastrtps_c;rosidl_typesupport_introspection_c
[2.643s] -- Using all available rosidl_typesupport_cpp: rosidl_typesupport_fastrtps_cpp;rosidl_typesupport_introspection_cpp
[2.658s] -- Found PythonInterp: /usr/bin/python3 (found suitable version "3.10.12", minimum required is "3.6") 
[2.660s] -- Found python_cmake_module: 0.10.0 (/opt/ros/humble/share/python_cmake_module/cmake)
[2.677s] -- Found PythonLibs: /usr/lib/x86_64-linux-gnu/libpython3.10.so (found suitable version "3.10.12", minimum required is "3.5") 
[2.677s] -- Using PYTHON_EXECUTABLE: /usr/bin/python3
[2.677s] -- Using PYTHON_INCLUDE_DIRS: /usr/include/python3.10
[2.677s] -- Using PYTHON_LIBRARIES: /usr/lib/x86_64-linux-gnu/libpython3.10.so
[2.691s] -- Found PythonExtra: .so  
[2.775s] -- Found ament_lint_auto: 0.12.12 (/opt/ros/humble/share/ament_lint_auto/cmake)
[2.792s] -- Added test 'cppcheck' to perform static code analysis on C / C++ code
[2.793s] -- Configured cppcheck include dirs: /home/dan/Projects/Mobile-Robots/project3_path_planning/prj3_ws/src/wpr_simulation2/include
[2.793s] -- Configured cppcheck exclude dirs and/or files: 
[2.794s] -- Added test 'flake8' to check Python code syntax and style conventions
[2.796s] -- Added test 'lint_cmake' to check CMake code style
[2.797s] -- Added test 'pep257' to check Python code against some of the docstring style conventions in PEP 257
[2.801s] -- Added test 'uncrustify' to check C / C++ code style
[2.801s] -- Configured uncrustify additional arguments: 
[2.802s] -- Added test 'xmllint' to check XML markup files
[2.804s] -- Configuring done
[2.948s] -- Generating done
[2.994s] -- Build files have been written to: /home/dan/Projects/Mobile-Robots/project3_path_planning/prj3_ws/build/wpr_simulation2
[3.015s] Invoked command in '/home/dan/Projects/Mobile-Robots/project3_path_planning/prj3_ws/build/wpr_simulation2' returned '0': CMAKE_PREFIX_PATH=${CMAKE_PREFIX_PATH}:/opt/ros/humble /usr/bin/cmake /home/dan/Projects/Mobile-Robots/project3_path_planning/prj3_ws/src/wpr_simulation2 -DCMAKE_INSTALL_PREFIX=/home/dan/Projects/Mobile-Robots/project3_path_planning/prj3_ws/install/wpr_simulation2
[3.016s] Invoking command in '/home/dan/Projects/Mobile-Robots/project3_path_planning/prj3_ws/build/wpr_simulation2': CMAKE_PREFIX_PATH=${CMAKE_PREFIX_PATH}:/opt/ros/humble /usr/bin/cmake --build /home/dan/Projects/Mobile-Robots/project3_path_planning/prj3_ws/build/wpr_simulation2 -- -j8 -l8
[3.051s] [  1%] [34m[1mGenerating C code for ROS interfaces[0m
[3.062s] [  2%] [32mBuilding CXX object CMakeFiles/keyboard_vel_cmd.dir/src/keyboard_vel_cmd.cpp.o[0m
[3.062s] [  3%] [32mBuilding CXX object CMakeFiles/ball_random_move.dir/src/ball_random_move.cpp.o[0m
[3.062s] [  5%] [32mBuilding CXX object CMakeFiles/3_my_node.dir/demo_cpp/3_my_node.cpp.o[0m
[3.062s] [  6%] [32mBuilding CXX object CMakeFiles/wpb_home_mani_sim.dir/src/wpb_home_mani_sim.cpp.o[0m
[3.066s] [  8%] [32mBuilding CXX object CMakeFiles/3_publisher_node.dir/demo_cpp/3_publisher_node.cpp.o[0m
[3.066s] [  8%] [34m[1mGenerating C++ code for ROS interfaces[0m
[3.071s] [  8%] Built target ament_cmake_python_copy_wpr_simulation2
[3.090s] [ 10%] [32mBuilding CXX object CMakeFiles/3_subscriber_node.dir/demo_cpp/3_subscriber_node.cpp.o[0m
[3.445s] [ 10%] Built target wpr_simulation2__cpp
[3.475s] [ 11%] [32mBuilding CXX object CMakeFiles/4_velocity_command.dir/demo_cpp/4_velocity_command.cpp.o[0m
[3.501s] [ 12%] [32mBuilding C object CMakeFiles/wpr_simulation2__rosidl_generator_c.dir/rosidl_generator_c/wpr_simulation2/msg/detail/object__functions.c.o[0m
[3.605s] [ 13%] [32m[1mLinking C shared library libwpr_simulation2__rosidl_generator_c.so[0m
[3.657s] [ 13%] Built target wpr_simulation2__rosidl_generator_c
[3.684s] [ 15%] [32mBuilding CXX object CMakeFiles/5_lidar_data.dir/demo_cpp/5_lidar_data.cpp.o[0m
[6.404s] [ 16%] [32m[1mLinking CXX executable 3_my_node[0m
[6.532s] [ 16%] Built target 3_my_node
[6.556s] [ 17%] [32mBuilding CXX object CMakeFiles/5_lidar_behavior.dir/demo_cpp/5_lidar_behavior.cpp.o[0m
[7.817s] [ 18%] [32m[1mLinking CXX executable keyboard_vel_cmd[0m
[7.894s] [ 20%] [32m[1mLinking CXX executable 3_publisher_node[0m
[7.977s] [ 21%] [32m[1mLinking CXX executable ball_random_move[0m
[8.057s] [ 21%] Built target keyboard_vel_cmd
[8.101s] [ 22%] [32mBuilding CXX object CMakeFiles/6_imu_data.dir/demo_cpp/6_imu_data.cpp.o[0m
[8.173s] [ 24%] [32m[1mLinking CXX executable 4_velocity_command[0m
[8.196s] [ 24%] Built target 3_publisher_node
[8.232s] [ 24%] Built target ball_random_move
[8.237s] [ 25%] [32mBuilding CXX object CMakeFiles/6_imu_behavior.dir/demo_cpp/6_imu_behavior.cpp.o[0m
[8.285s] [ 26%] [32mBuilding CXX object CMakeFiles/8_waypoint_navigation.dir/demo_cpp/8_waypoint_navigation.cpp.o[0m
[8.416s] [ 26%] Built target 4_velocity_command
[8.438s] [ 27%] [32mBuilding CXX object CMakeFiles/9_cv_image.dir/demo_cpp/9_cv_image.cpp.o[0m
[12.587s] [ 29%] [32m[1mLinking CXX executable 3_subscriber_node[0m
[13.050s] [ 29%] Built target 3_subscriber_node
[13.082s] [ 30%] [32mBuilding CXX object CMakeFiles/9_cv_hsv.dir/demo_cpp/9_cv_hsv.cpp.o[0m
[13.562s] [ 31%] [32m[1mLinking CXX executable wpb_home_mani_sim[0m
[13.634s] [ 32%] [32m[1mLinking CXX executable 5_lidar_data[0m
[14.190s] [ 32%] Built target wpb_home_mani_sim
[14.223s] [ 34%] [32mBuilding CXX object CMakeFiles/9_cv_follow.dir/demo_cpp/9_cv_follow.cpp.o[0m
[14.285s] [ 34%] Built target 5_lidar_data
[14.309s] [ 35%] [32mBuilding CXX object CMakeFiles/9_cv_face_detect.dir/demo_cpp/9_cv_face_detect.cpp.o[0m
[16.321s] [ 36%] [32m[1mLinking CXX executable 5_lidar_behavior[0m
[16.804s] [ 36%] Built target 5_lidar_behavior
[16.831s] [ 37%] [32mBuilding CXX object CMakeFiles/10_pc_data.dir/demo_cpp/10_pc_data.cpp.o[0m
[17.342s] [ 39%] [32m[1mLinking CXX executable 6_imu_data[0m
[17.869s] [ 40%] [32m[1mLinking CXX executable 8_waypoint_navigation[0m
[17.879s] [ 40%] Built target 6_imu_data
[17.904s] [ 41%] [32mBuilding CXX object CMakeFiles/10_pc_objects.dir/demo_cpp/10_pc_objects.cpp.o[0m
[18.247s] [ 43%] [32m[1mLinking CXX executable 6_imu_behavior[0m
[18.440s] [ 43%] Built target 8_waypoint_navigation
[18.465s] [ 44%] [32mBuilding CXX object CMakeFiles/11_mani_ctrl.dir/demo_cpp/11_mani_ctrl.cpp.o[0m
[18.609s] [ 45%] [32m[1mLinking CXX executable 9_cv_image[0m
[18.777s] [ 45%] Built target 6_imu_behavior
[18.801s] [ 46%] [32mBuilding CXX object CMakeFiles/12_fetch.dir/demo_cpp/12_fetch.cpp.o[0m
[19.484s] [ 46%] Built target 9_cv_image
[19.506s] [ 48%] [32mBuilding CXX object CMakeFiles/demo_nav2_client.dir/demo_cpp/demo_nav2_client.cpp.o[0m
[23.203s] [ 49%] [32m[1mLinking CXX executable 9_cv_hsv[0m
[23.354s] [ 50%] [32m[1mLinking CXX executable 11_mani_ctrl[0m
[23.596s] [ 50%] Built target 11_mani_ctrl
[23.606s] [ 51%] [34m[1mGenerating C++ type support dispatch for ROS interfaces[0m
[23.861s] [ 53%] [32mBuilding CXX object CMakeFiles/wpr_simulation2__rosidl_typesupport_cpp.dir/rosidl_typesupport_cpp/wpr_simulation2/msg/object__type_support.cpp.o[0m
[24.109s] [ 54%] [32m[1mLinking CXX shared library libwpr_simulation2__rosidl_typesupport_cpp.so[0m
[24.151s] [ 54%] Built target wpr_simulation2__rosidl_typesupport_cpp
[24.162s] [ 55%] [34m[1mGenerating C type support for eProsima Fast-RTPS[0m
[24.174s] [ 55%] Built target 9_cv_hsv
[24.190s] [ 56%] [34m[1mGenerating C++ type support for eProsima Fast-RTPS[0m
[24.402s] [ 58%] [32m[1mLinking CXX executable demo_nav2_client[0m
[24.449s] [ 59%] [32m[1mLinking CXX executable 9_cv_follow[0m
[24.473s] [ 60%] [32mBuilding CXX object CMakeFiles/wpr_simulation2__rosidl_typesupport_fastrtps_c.dir/rosidl_typesupport_fastrtps_c/wpr_simulation2/msg/detail/object__type_support_c.cpp.o[0m
[24.484s] [ 62%] [32mBuilding CXX object CMakeFiles/wpr_simulation2__rosidl_typesupport_fastrtps_cpp.dir/rosidl_typesupport_fastrtps_cpp/wpr_simulation2/msg/detail/dds_fastrtps/object__type_support.cpp.o[0m
[24.647s] [ 62%] Built target demo_nav2_client
[24.660s] [ 63%] [34m[1mGenerating C introspection for ROS interfaces[0m
[24.825s] [ 64%] [32m[1mLinking CXX shared library libwpr_simulation2__rosidl_typesupport_fastrtps_c.so[0m
[24.955s] [ 64%] Built target wpr_simulation2__rosidl_typesupport_fastrtps_c
[24.966s] [ 65%] [34m[1mGenerating C type support dispatch for ROS interfaces[0m
[24.988s] [ 67%] [32mBuilding C object CMakeFiles/wpr_simulation2__rosidl_typesupport_introspection_c.dir/rosidl_typesupport_introspection_c/wpr_simulation2/msg/detail/object__type_support.c.o[0m
[25.035s] [ 68%] [32m[1mLinking CXX shared library libwpr_simulation2__rosidl_typesupport_fastrtps_cpp.so[0m
[25.043s] [ 69%] [32m[1mLinking C shared library libwpr_simulation2__rosidl_typesupport_introspection_c.so[0m
[25.076s] [ 69%] Built target wpr_simulation2__rosidl_typesupport_introspection_c
[25.089s] [ 70%] [34m[1mGenerating C++ introspection for ROS interfaces[0m
[25.139s] [ 70%] Built target wpr_simulation2__rosidl_typesupport_fastrtps_cpp
[25.304s] [ 72%] [32mBuilding CXX object CMakeFiles/wpr_simulation2__rosidl_typesupport_c.dir/rosidl_typesupport_c/wpr_simulation2/msg/object__type_support.cpp.o[0m
[25.342s] [ 73%] [32m[1mLinking CXX shared library libwpr_simulation2__rosidl_typesupport_c.so[0m
[25.378s] running egg_info
[25.379s] creating wpr_simulation2.egg-info
[25.379s] writing wpr_simulation2.egg-info/PKG-INFO
[25.380s] writing dependency_links to wpr_simulation2.egg-info/dependency_links.txt
[25.380s] writing top-level names to wpr_simulation2.egg-info/top_level.txt
[25.381s] writing manifest file 'wpr_simulation2.egg-info/SOURCES.txt'
[25.383s] reading manifest file 'wpr_simulation2.egg-info/SOURCES.txt'
[25.384s] writing manifest file 'wpr_simulation2.egg-info/SOURCES.txt'
[25.386s] [ 74%] [32mBuilding CXX object CMakeFiles/wpr_simulation2__rosidl_typesupport_introspection_cpp.dir/rosidl_typesupport_introspection_cpp/wpr_simulation2/msg/detail/object__type_support.cpp.o[0m
[25.392s] [ 74%] Built target wpr_simulation2__rosidl_typesupport_c
[25.401s] [ 74%] Built target 9_cv_follow
[25.425s] [ 75%] [32mBuilding CXX object CMakeFiles/objects_publisher.dir/src/objects_publisher.cpp.o[0m
[25.425s] [ 75%] Built target ament_cmake_python_build_wpr_simulation2_egg
[25.430s] [ 77%] [32mBuilding CXX object CMakeFiles/grab_object_sim.dir/src/grab_object_sim.cpp.o[0m
[25.453s] [ 78%] [32mBuilding CXX object CMakeFiles/11_grab_object.dir/demo_cpp/11_grab_object.cpp.o[0m
[25.870s] [ 79%] [32m[1mLinking CXX shared library libwpr_simulation2__rosidl_typesupport_introspection_cpp.so[0m
[25.967s] [ 79%] Built target wpr_simulation2__rosidl_typesupport_introspection_cpp
[25.988s] [ 79%] Built target wpr_simulation2
[26.014s] [ 81%] [34m[1mGenerating Python code for ROS interfaces[0m
[26.395s] [ 81%] Built target wpr_simulation2__py
[26.416s] [ 82%] [32mBuilding C object CMakeFiles/wpr_simulation2__rosidl_generator_py.dir/rosidl_generator_py/wpr_simulation2/msg/_object_s.c.o[0m
[26.547s] [ 83%] [32m[1mLinking C shared library rosidl_generator_py/wpr_simulation2/libwpr_simulation2__rosidl_generator_py.so[0m
[26.589s] [ 83%] Built target wpr_simulation2__rosidl_generator_py
[26.609s] [ 84%] [32mBuilding C object CMakeFiles/wpr_simulation2__rosidl_typesupport_fastrtps_c__pyext.dir/rosidl_generator_py/wpr_simulation2/_wpr_simulation2_s.ep.rosidl_typesupport_fastrtps_c.c.o[0m
[26.704s] [ 86%] [32m[1mLinking C shared library rosidl_generator_py/wpr_simulation2/wpr_simulation2_s__rosidl_typesupport_fastrtps_c.cpython-310-x86_64-linux-gnu.so[0m
[26.742s] [ 86%] Built target wpr_simulation2__rosidl_typesupport_fastrtps_c__pyext
[26.765s] [ 87%] [32mBuilding C object CMakeFiles/wpr_simulation2__rosidl_typesupport_introspection_c__pyext.dir/rosidl_generator_py/wpr_simulation2/_wpr_simulation2_s.ep.rosidl_typesupport_introspection_c.c.o[0m
[26.881s] [ 88%] [32m[1mLinking C shared library rosidl_generator_py/wpr_simulation2/wpr_simulation2_s__rosidl_typesupport_introspection_c.cpython-310-x86_64-linux-gnu.so[0m
[26.939s] [ 88%] Built target wpr_simulation2__rosidl_typesupport_introspection_c__pyext
[26.960s] [ 89%] [32mBuilding C object CMakeFiles/wpr_simulation2__rosidl_typesupport_c__pyext.dir/rosidl_generator_py/wpr_simulation2/_wpr_simulation2_s.ep.rosidl_typesupport_c.c.o[0m
[27.108s] [ 91%] [32m[1mLinking C shared library rosidl_generator_py/wpr_simulation2/wpr_simulation2_s__rosidl_typesupport_c.cpython-310-x86_64-linux-gnu.so[0m
[27.161s] [ 91%] Built target wpr_simulation2__rosidl_typesupport_c__pyext
[27.695s] [ 92%] [32m[1mLinking CXX executable 9_cv_face_detect[0m
[28.641s] [ 93%] [32m[1mLinking CXX executable 12_fetch[0m
[28.978s] [ 93%] Built target 9_cv_face_detect
[29.121s] [ 93%] Built target 12_fetch
[30.016s] [ 94%] [32m[1mLinking CXX executable 10_pc_data[0m
[30.679s] [ 94%] Built target 10_pc_data
[32.204s] [ 96%] [32m[1mLinking CXX executable 10_pc_objects[0m
[33.452s] [ 96%] Built target 10_pc_objects
[33.864s] [ 97%] [32m[1mLinking CXX executable 11_grab_object[0m
[34.463s] [ 97%] Built target 11_grab_object
[35.861s] [ 98%] [32m[1mLinking CXX executable grab_object_sim[0m
[36.576s] [ 98%] Built target grab_object_sim
[38.759s] [100%] [32m[1mLinking CXX executable objects_publisher[0m
[40.017s] [100%] Built target objects_publisher
[40.025s] Invoked command in '/home/dan/Projects/Mobile-Robots/project3_path_planning/prj3_ws/build/wpr_simulation2' returned '0': CMAKE_PREFIX_PATH=${CMAKE_PREFIX_PATH}:/opt/ros/humble /usr/bin/cmake --build /home/dan/Projects/Mobile-Robots/project3_path_planning/prj3_ws/build/wpr_simulation2 -- -j8 -l8
[40.026s] Invoking command in '/home/dan/Projects/Mobile-Robots/project3_path_planning/prj3_ws/build/wpr_simulation2': CMAKE_PREFIX_PATH=${CMAKE_PREFIX_PATH}:/opt/ros/humble /usr/bin/cmake --install /home/dan/Projects/Mobile-Robots/project3_path_planning/prj3_ws/build/wpr_simulation2
[40.032s] -- Install configuration: ""
[40.032s] -- Installing: /home/dan/Projects/Mobile-Robots/project3_path_planning/prj3_ws/install/wpr_simulation2/share/ament_index/resource_index/rosidl_interfaces/wpr_simulation2
[40.032s] -- Installing: /home/dan/Projects/Mobile-Robots/project3_path_planning/prj3_ws/install/wpr_simulation2/include/wpr_simulation2/wpr_simulation2
[40.032s] -- Installing: /home/dan/Projects/Mobile-Robots/project3_path_planning/prj3_ws/install/wpr_simulation2/include/wpr_simulation2/wpr_simulation2/msg
[40.032s] -- Installing: /home/dan/Projects/Mobile-Robots/project3_path_planning/prj3_ws/install/wpr_simulation2/include/wpr_simulation2/wpr_simulation2/msg/detail
[40.033s] -- Installing: /home/dan/Projects/Mobile-Robots/project3_path_planning/prj3_ws/install/wpr_simulation2/include/wpr_simulation2/wpr_simulation2/msg/detail/object__functions.h
[40.033s] -- Installing: /home/dan/Projects/Mobile-Robots/project3_path_planning/prj3_ws/install/wpr_simulation2/include/wpr_simulation2/wpr_simulation2/msg/detail/object__struct.h
[40.033s] -- Installing: /home/dan/Projects/Mobile-Robots/project3_path_planning/prj3_ws/install/wpr_simulation2/include/wpr_simulation2/wpr_simulation2/msg/detail/object__functions.c
[40.033s] -- Installing: /home/dan/Projects/Mobile-Robots/project3_path_planning/prj3_ws/install/wpr_simulation2/include/wpr_simulation2/wpr_simulation2/msg/detail/object__type_support.h
[40.033s] -- Installing: /home/dan/Projects/Mobile-Robots/project3_path_planning/prj3_ws/install/wpr_simulation2/include/wpr_simulation2/wpr_simulation2/msg/rosidl_generator_c__visibility_control.h
[40.033s] -- Installing: /home/dan/Projects/Mobile-Robots/project3_path_planning/prj3_ws/install/wpr_simulation2/include/wpr_simulation2/wpr_simulation2/msg/object.h
[40.033s] -- Installing: /home/dan/Projects/Mobile-Robots/project3_path_planning/prj3_ws/install/wpr_simulation2/share/wpr_simulation2/environment/library_path.sh
[40.033s] -- Installing: /home/dan/Projects/Mobile-Robots/project3_path_planning/prj3_ws/install/wpr_simulation2/share/wpr_simulation2/environment/library_path.dsv
[40.033s] -- Installing: /home/dan/Projects/Mobile-Robots/project3_path_planning/prj3_ws/install/wpr_simulation2/lib/libwpr_simulation2__rosidl_generator_c.so
[40.034s] -- Set runtime path of "/home/dan/Projects/Mobile-Robots/project3_path_planning/prj3_ws/install/wpr_simulation2/lib/libwpr_simulation2__rosidl_generator_c.so" to ""
[40.034s] -- Up-to-date: /home/dan/Projects/Mobile-Robots/project3_path_planning/prj3_ws/install/wpr_simulation2/include/wpr_simulation2/wpr_simulation2
[40.034s] -- Up-to-date: /home/dan/Projects/Mobile-Robots/project3_path_planning/prj3_ws/install/wpr_simulation2/include/wpr_simulation2/wpr_simulation2/msg
[40.034s] -- Installing: /home/dan/Projects/Mobile-Robots/project3_path_planning/prj3_ws/install/wpr_simulation2/include/wpr_simulation2/wpr_simulation2/msg/rosidl_typesupport_fastrtps_c__visibility_control.h
[40.034s] -- Up-to-date: /home/dan/Projects/Mobile-Robots/project3_path_planning/prj3_ws/install/wpr_simulation2/include/wpr_simulation2/wpr_simulation2/msg/detail
[40.034s] -- Installing: /home/dan/Projects/Mobile-Robots/project3_path_planning/prj3_ws/install/wpr_simulation2/include/wpr_simulation2/wpr_simulation2/msg/detail/object__rosidl_typesupport_fastrtps_c.h
[40.034s] -- Installing: /home/dan/Projects/Mobile-Robots/project3_path_planning/prj3_ws/install/wpr_simulation2/lib/libwpr_simulation2__rosidl_typesupport_fastrtps_c.so
[40.034s] -- Set runtime path of "/home/dan/Projects/Mobile-Robots/project3_path_planning/prj3_ws/install/wpr_simulation2/lib/libwpr_simulation2__rosidl_typesupport_fastrtps_c.so" to ""
[40.034s] -- Up-to-date: /home/dan/Projects/Mobile-Robots/project3_path_planning/prj3_ws/install/wpr_simulation2/include/wpr_simulation2/wpr_simulation2
[40.034s] -- Up-to-date: /home/dan/Projects/Mobile-Robots/project3_path_planning/prj3_ws/install/wpr_simulation2/include/wpr_simulation2/wpr_simulation2/msg
[40.035s] -- Installing: /home/dan/Projects/Mobile-Robots/project3_path_planning/prj3_ws/install/wpr_simulation2/include/wpr_simulation2/wpr_simulation2/msg/object.hpp
[40.035s] -- Up-to-date: /home/dan/Projects/Mobile-Robots/project3_path_planning/prj3_ws/install/wpr_simulation2/include/wpr_simulation2/wpr_simulation2/msg/detail
[40.035s] -- Installing: /home/dan/Projects/Mobile-Robots/project3_path_planning/prj3_ws/install/wpr_simulation2/include/wpr_simulation2/wpr_simulation2/msg/detail/object__struct.hpp
[40.035s] -- Installing: /home/dan/Projects/Mobile-Robots/project3_path_planning/prj3_ws/install/wpr_simulation2/include/wpr_simulation2/wpr_simulation2/msg/detail/object__builder.hpp
[40.035s] -- Installing: /home/dan/Projects/Mobile-Robots/project3_path_planning/prj3_ws/install/wpr_simulation2/include/wpr_simulation2/wpr_simulation2/msg/detail/object__type_support.hpp
[40.035s] -- Installing: /home/dan/Projects/Mobile-Robots/project3_path_planning/prj3_ws/install/wpr_simulation2/include/wpr_simulation2/wpr_simulation2/msg/detail/object__traits.hpp
[40.035s] -- Installing: /home/dan/Projects/Mobile-Robots/project3_path_planning/prj3_ws/install/wpr_simulation2/include/wpr_simulation2/wpr_simulation2/msg/rosidl_generator_cpp__visibility_control.hpp
[40.035s] -- Up-to-date: /home/dan/Projects/Mobile-Robots/project3_path_planning/prj3_ws/install/wpr_simulation2/include/wpr_simulation2/wpr_simulation2
[40.035s] -- Up-to-date: /home/dan/Projects/Mobile-Robots/project3_path_planning/prj3_ws/install/wpr_simulation2/include/wpr_simulation2/wpr_simulation2/msg
[40.035s] -- Installing: /home/dan/Projects/Mobile-Robots/project3_path_planning/prj3_ws/install/wpr_simulation2/include/wpr_simulation2/wpr_simulation2/msg/rosidl_typesupport_fastrtps_cpp__visibility_control.h
[40.035s] -- Up-to-date: /home/dan/Projects/Mobile-Robots/project3_path_planning/prj3_ws/install/wpr_simulation2/include/wpr_simulation2/wpr_simulation2/msg/detail
[40.035s] -- Installing: /home/dan/Projects/Mobile-Robots/project3_path_planning/prj3_ws/install/wpr_simulation2/include/wpr_simulation2/wpr_simulation2/msg/detail/dds_fastrtps
[40.035s] -- Installing: /home/dan/Projects/Mobile-Robots/project3_path_planning/prj3_ws/install/wpr_simulation2/include/wpr_simulation2/wpr_simulation2/msg/detail/object__rosidl_typesupport_fastrtps_cpp.hpp
[40.035s] -- Installing: /home/dan/Projects/Mobile-Robots/project3_path_planning/prj3_ws/install/wpr_simulation2/lib/libwpr_simulation2__rosidl_typesupport_fastrtps_cpp.so
[40.035s] -- Set runtime path of "/home/dan/Projects/Mobile-Robots/project3_path_planning/prj3_ws/install/wpr_simulation2/lib/libwpr_simulation2__rosidl_typesupport_fastrtps_cpp.so" to ""
[40.036s] -- Up-to-date: /home/dan/Projects/Mobile-Robots/project3_path_planning/prj3_ws/install/wpr_simulation2/include/wpr_simulation2/wpr_simulation2
[40.036s] -- Up-to-date: /home/dan/Projects/Mobile-Robots/project3_path_planning/prj3_ws/install/wpr_simulation2/include/wpr_simulation2/wpr_simulation2/msg
[40.036s] -- Installing: /home/dan/Projects/Mobile-Robots/project3_path_planning/prj3_ws/install/wpr_simulation2/include/wpr_simulation2/wpr_simulation2/msg/rosidl_typesupport_introspection_c__visibility_control.h
[40.036s] -- Up-to-date: /home/dan/Projects/Mobile-Robots/project3_path_planning/prj3_ws/install/wpr_simulation2/include/wpr_simulation2/wpr_simulation2/msg/detail
[40.036s] -- Installing: /home/dan/Projects/Mobile-Robots/project3_path_planning/prj3_ws/install/wpr_simulation2/include/wpr_simulation2/wpr_simulation2/msg/detail/object__rosidl_typesupport_introspection_c.h
[40.036s] -- Installing: /home/dan/Projects/Mobile-Robots/project3_path_planning/prj3_ws/install/wpr_simulation2/include/wpr_simulation2/wpr_simulation2/msg/detail/object__type_support.c
[40.036s] -- Installing: /home/dan/Projects/Mobile-Robots/project3_path_planning/prj3_ws/install/wpr_simulation2/lib/libwpr_simulation2__rosidl_typesupport_introspection_c.so
[40.036s] -- Set runtime path of "/home/dan/Projects/Mobile-Robots/project3_path_planning/prj3_ws/install/wpr_simulation2/lib/libwpr_simulation2__rosidl_typesupport_introspection_c.so" to ""
[40.036s] -- Installing: /home/dan/Projects/Mobile-Robots/project3_path_planning/prj3_ws/install/wpr_simulation2/lib/libwpr_simulation2__rosidl_typesupport_c.so
[40.036s] -- Set runtime path of "/home/dan/Projects/Mobile-Robots/project3_path_planning/prj3_ws/install/wpr_simulation2/lib/libwpr_simulation2__rosidl_typesupport_c.so" to ""
[40.036s] -- Up-to-date: /home/dan/Projects/Mobile-Robots/project3_path_planning/prj3_ws/install/wpr_simulation2/include/wpr_simulation2/wpr_simulation2
[40.036s] -- Up-to-date: /home/dan/Projects/Mobile-Robots/project3_path_planning/prj3_ws/install/wpr_simulation2/include/wpr_simulation2/wpr_simulation2/msg
[40.036s] -- Up-to-date: /home/dan/Projects/Mobile-Robots/project3_path_planning/prj3_ws/install/wpr_simulation2/include/wpr_simulation2/wpr_simulation2/msg/detail
[40.037s] -- Installing: /home/dan/Projects/Mobile-Robots/project3_path_planning/prj3_ws/install/wpr_simulation2/include/wpr_simulation2/wpr_simulation2/msg/detail/object__type_support.cpp
[40.037s] -- Installing: /home/dan/Projects/Mobile-Robots/project3_path_planning/prj3_ws/install/wpr_simulation2/include/wpr_simulation2/wpr_simulation2/msg/detail/object__rosidl_typesupport_introspection_cpp.hpp
[40.037s] -- Installing: /home/dan/Projects/Mobile-Robots/project3_path_planning/prj3_ws/install/wpr_simulation2/lib/libwpr_simulation2__rosidl_typesupport_introspection_cpp.so
[40.037s] -- Set runtime path of "/home/dan/Projects/Mobile-Robots/project3_path_planning/prj3_ws/install/wpr_simulation2/lib/libwpr_simulation2__rosidl_typesupport_introspection_cpp.so" to ""
[40.037s] -- Installing: /home/dan/Projects/Mobile-Robots/project3_path_planning/prj3_ws/install/wpr_simulation2/lib/libwpr_simulation2__rosidl_typesupport_cpp.so
[40.037s] -- Set runtime path of "/home/dan/Projects/Mobile-Robots/project3_path_planning/prj3_ws/install/wpr_simulation2/lib/libwpr_simulation2__rosidl_typesupport_cpp.so" to ""
[40.037s] -- Installing: /home/dan/Projects/Mobile-Robots/project3_path_planning/prj3_ws/install/wpr_simulation2/share/wpr_simulation2/environment/pythonpath.sh
[40.037s] -- Installing: /home/dan/Projects/Mobile-Robots/project3_path_planning/prj3_ws/install/wpr_simulation2/share/wpr_simulation2/environment/pythonpath.dsv
[40.038s] -- Installing: /home/dan/Projects/Mobile-Robots/project3_path_planning/prj3_ws/install/wpr_simulation2/local/lib/python3.10/dist-packages/wpr_simulation2-1.0.0-py3.10.egg-info
[40.038s] -- Installing: /home/dan/Projects/Mobile-Robots/project3_path_planning/prj3_ws/install/wpr_simulation2/local/lib/python3.10/dist-packages/wpr_simulation2-1.0.0-py3.10.egg-info/PKG-INFO
[40.038s] -- Installing: /home/dan/Projects/Mobile-Robots/project3_path_planning/prj3_ws/install/wpr_simulation2/local/lib/python3.10/dist-packages/wpr_simulation2-1.0.0-py3.10.egg-info/top_level.txt
[40.038s] -- Installing: /home/dan/Projects/Mobile-Robots/project3_path_planning/prj3_ws/install/wpr_simulation2/local/lib/python3.10/dist-packages/wpr_simulation2-1.0.0-py3.10.egg-info/SOURCES.txt
[40.038s] -- Installing: /home/dan/Projects/Mobile-Robots/project3_path_planning/prj3_ws/install/wpr_simulation2/local/lib/python3.10/dist-packages/wpr_simulation2-1.0.0-py3.10.egg-info/dependency_links.txt
[40.038s] -- Installing: /home/dan/Projects/Mobile-Robots/project3_path_planning/prj3_ws/install/wpr_simulation2/local/lib/python3.10/dist-packages/wpr_simulation2
[40.038s] -- Installing: /home/dan/Projects/Mobile-Robots/project3_path_planning/prj3_ws/install/wpr_simulation2/local/lib/python3.10/dist-packages/wpr_simulation2/wpr_simulation2_s__rosidl_typesupport_introspection_c.cpython-310-x86_64-linux-gnu.so
[40.038s] -- Installing: /home/dan/Projects/Mobile-Robots/project3_path_planning/prj3_ws/install/wpr_simulation2/local/lib/python3.10/dist-packages/wpr_simulation2/wpr_simulation2_s__rosidl_typesupport_c.cpython-310-x86_64-linux-gnu.so
[40.038s] -- Installing: /home/dan/Projects/Mobile-Robots/project3_path_planning/prj3_ws/install/wpr_simulation2/local/lib/python3.10/dist-packages/wpr_simulation2/libwpr_simulation2__rosidl_generator_py.so
[40.038s] -- Installing: /home/dan/Projects/Mobile-Robots/project3_path_planning/prj3_ws/install/wpr_simulation2/local/lib/python3.10/dist-packages/wpr_simulation2/__init__.py
[40.039s] -- Installing: /home/dan/Projects/Mobile-Robots/project3_path_planning/prj3_ws/install/wpr_simulation2/local/lib/python3.10/dist-packages/wpr_simulation2/msg
[40.039s] -- Installing: /home/dan/Projects/Mobile-Robots/project3_path_planning/prj3_ws/install/wpr_simulation2/local/lib/python3.10/dist-packages/wpr_simulation2/msg/__init__.py
[40.039s] -- Installing: /home/dan/Projects/Mobile-Robots/project3_path_planning/prj3_ws/install/wpr_simulation2/local/lib/python3.10/dist-packages/wpr_simulation2/msg/_object_s.c
[40.039s] -- Installing: /home/dan/Projects/Mobile-Robots/project3_path_planning/prj3_ws/install/wpr_simulation2/local/lib/python3.10/dist-packages/wpr_simulation2/msg/_object.py
[40.039s] -- Installing: /home/dan/Projects/Mobile-Robots/project3_path_planning/prj3_ws/install/wpr_simulation2/local/lib/python3.10/dist-packages/wpr_simulation2/_wpr_simulation2_s.ep.rosidl_typesupport_c.c
[40.039s] -- Installing: /home/dan/Projects/Mobile-Robots/project3_path_planning/prj3_ws/install/wpr_simulation2/local/lib/python3.10/dist-packages/wpr_simulation2/_wpr_simulation2_s.ep.rosidl_typesupport_introspection_c.c
[40.039s] -- Installing: /home/dan/Projects/Mobile-Robots/project3_path_planning/prj3_ws/install/wpr_simulation2/local/lib/python3.10/dist-packages/wpr_simulation2/wpr_simulation2_s__rosidl_typesupport_fastrtps_c.cpython-310-x86_64-linux-gnu.so
[40.039s] -- Installing: /home/dan/Projects/Mobile-Robots/project3_path_planning/prj3_ws/install/wpr_simulation2/local/lib/python3.10/dist-packages/wpr_simulation2/_wpr_simulation2_s.ep.rosidl_typesupport_fastrtps_c.c
[40.062s] Listing '/home/dan/Projects/Mobile-Robots/project3_path_planning/prj3_ws/install/wpr_simulation2/local/lib/python3.10/dist-packages/wpr_simulation2'...
[40.062s] Compiling '/home/dan/Projects/Mobile-Robots/project3_path_planning/prj3_ws/install/wpr_simulation2/local/lib/python3.10/dist-packages/wpr_simulation2/__init__.py'...
[40.062s] Listing '/home/dan/Projects/Mobile-Robots/project3_path_planning/prj3_ws/install/wpr_simulation2/local/lib/python3.10/dist-packages/wpr_simulation2/msg'...
[40.062s] Compiling '/home/dan/Projects/Mobile-Robots/project3_path_planning/prj3_ws/install/wpr_simulation2/local/lib/python3.10/dist-packages/wpr_simulation2/msg/__init__.py'...
[40.062s] Compiling '/home/dan/Projects/Mobile-Robots/project3_path_planning/prj3_ws/install/wpr_simulation2/local/lib/python3.10/dist-packages/wpr_simulation2/msg/_object.py'...
[40.065s] -- Installing: /home/dan/Projects/Mobile-Robots/project3_path_planning/prj3_ws/install/wpr_simulation2/local/lib/python3.10/dist-packages/wpr_simulation2/wpr_simulation2_s__rosidl_typesupport_fastrtps_c.cpython-310-x86_64-linux-gnu.so
[40.065s] -- Set runtime path of "/home/dan/Projects/Mobile-Robots/project3_path_planning/prj3_ws/install/wpr_simulation2/local/lib/python3.10/dist-packages/wpr_simulation2/wpr_simulation2_s__rosidl_typesupport_fastrtps_c.cpython-310-x86_64-linux-gnu.so" to ""
[40.066s] -- Installing: /home/dan/Projects/Mobile-Robots/project3_path_planning/prj3_ws/install/wpr_simulation2/local/lib/python3.10/dist-packages/wpr_simulation2/wpr_simulation2_s__rosidl_typesupport_introspection_c.cpython-310-x86_64-linux-gnu.so
[40.066s] -- Set runtime path of "/home/dan/Projects/Mobile-Robots/project3_path_planning/prj3_ws/install/wpr_simulation2/local/lib/python3.10/dist-packages/wpr_simulation2/wpr_simulation2_s__rosidl_typesupport_introspection_c.cpython-310-x86_64-linux-gnu.so" to ""
[40.066s] -- Installing: /home/dan/Projects/Mobile-Robots/project3_path_planning/prj3_ws/install/wpr_simulation2/local/lib/python3.10/dist-packages/wpr_simulation2/wpr_simulation2_s__rosidl_typesupport_c.cpython-310-x86_64-linux-gnu.so
[40.066s] -- Set runtime path of "/home/dan/Projects/Mobile-Robots/project3_path_planning/prj3_ws/install/wpr_simulation2/local/lib/python3.10/dist-packages/wpr_simulation2/wpr_simulation2_s__rosidl_typesupport_c.cpython-310-x86_64-linux-gnu.so" to ""
[40.066s] -- Installing: /home/dan/Projects/Mobile-Robots/project3_path_planning/prj3_ws/install/wpr_simulation2/lib/libwpr_simulation2__rosidl_generator_py.so
[40.066s] -- Set runtime path of "/home/dan/Projects/Mobile-Robots/project3_path_planning/prj3_ws/install/wpr_simulation2/lib/libwpr_simulation2__rosidl_generator_py.so" to ""
[40.066s] -- Installing: /home/dan/Projects/Mobile-Robots/project3_path_planning/prj3_ws/install/wpr_simulation2/share/wpr_simulation2/msg/Object.idl
[40.066s] -- Installing: /home/dan/Projects/Mobile-Robots/project3_path_planning/prj3_ws/install/wpr_simulation2/share/wpr_simulation2/msg/Object.msg
[40.066s] -- Installing: /home/dan/Projects/Mobile-Robots/project3_path_planning/prj3_ws/install/wpr_simulation2/share/wpr_simulation2/config
[40.066s] -- Installing: /home/dan/Projects/Mobile-Robots/project3_path_planning/prj3_ws/install/wpr_simulation2/share/wpr_simulation2/config/nav2_params.yaml
[40.066s] -- Installing: /home/dan/Projects/Mobile-Robots/project3_path_planning/prj3_ws/install/wpr_simulation2/share/wpr_simulation2/config/wpb_home_controller.yaml
[40.066s] -- Installing: /home/dan/Projects/Mobile-Robots/project3_path_planning/prj3_ws/install/wpr_simulation2/share/wpr_simulation2/launch
[40.066s] -- Installing: /home/dan/Projects/Mobile-Robots/project3_path_planning/prj3_ws/install/wpr_simulation2/share/wpr_simulation2/launch/spawn_persons.launch.py
[40.066s] -- Installing: /home/dan/Projects/Mobile-Robots/project3_path_planning/prj3_ws/install/wpr_simulation2/share/wpr_simulation2/launch/spawn_wpb_lidar.launch.py
[40.066s] -- Installing: /home/dan/Projects/Mobile-Robots/project3_path_planning/prj3_ws/install/wpr_simulation2/share/wpr_simulation2/launch/robocup_home.launch.py
[40.066s] -- Installing: /home/dan/Projects/Mobile-Robots/project3_path_planning/prj3_ws/install/wpr_simulation2/share/wpr_simulation2/launch/map_tools.launch.py
[40.067s] -- Installing: /home/dan/Projects/Mobile-Robots/project3_path_planning/prj3_ws/install/wpr_simulation2/share/wpr_simulation2/launch/demo_mani_ctrl.launch.py
[40.067s] -- Installing: /home/dan/Projects/Mobile-Robots/project3_path_planning/prj3_ws/install/wpr_simulation2/share/wpr_simulation2/launch/wpb_balls.launch.py
[40.067s] -- Installing: /home/dan/Projects/Mobile-Robots/project3_path_planning/prj3_ws/install/wpr_simulation2/share/wpr_simulation2/launch/spawn_wpb_head_up.launch.py
[40.067s] -- Installing: /home/dan/Projects/Mobile-Robots/project3_path_planning/prj3_ws/install/wpr_simulation2/share/wpr_simulation2/launch/wpb_mani.launch.py
[40.067s] -- Installing: /home/dan/Projects/Mobile-Robots/project3_path_planning/prj3_ws/install/wpr_simulation2/share/wpr_simulation2/launch/robocup_home_mani.launch.py
[40.067s] -- Installing: /home/dan/Projects/Mobile-Robots/project3_path_planning/prj3_ws/install/wpr_simulation2/share/wpr_simulation2/launch/spawn_wpb.launch.py
[40.067s] -- Installing: /home/dan/Projects/Mobile-Robots/project3_path_planning/prj3_ws/install/wpr_simulation2/share/wpr_simulation2/launch/wpb_face.launch.py
[40.067s] -- Installing: /home/dan/Projects/Mobile-Robots/project3_path_planning/prj3_ws/install/wpr_simulation2/share/wpr_simulation2/launch/spawn_wpb_mani.launch.py
[40.067s] -- Installing: /home/dan/Projects/Mobile-Robots/project3_path_planning/prj3_ws/install/wpr_simulation2/share/wpr_simulation2/launch/spawn_objects.launch.py
[40.067s] -- Installing: /home/dan/Projects/Mobile-Robots/project3_path_planning/prj3_ws/install/wpr_simulation2/share/wpr_simulation2/launch/wpb_table.launch.py
[40.067s] -- Installing: /home/dan/Projects/Mobile-Robots/project3_path_planning/prj3_ws/install/wpr_simulation2/share/wpr_simulation2/launch/world.launch.py
[40.067s] -- Installing: /home/dan/Projects/Mobile-Robots/project3_path_planning/prj3_ws/install/wpr_simulation2/share/wpr_simulation2/launch/slam.launch.py
[40.067s] -- Installing: /home/dan/Projects/Mobile-Robots/project3_path_planning/prj3_ws/install/wpr_simulation2/share/wpr_simulation2/launch/wpb_scene_1.launch.py
[40.067s] -- Installing: /home/dan/Projects/Mobile-Robots/project3_path_planning/prj3_ws/install/wpr_simulation2/share/wpr_simulation2/launch/wpb_simple.launch.py
[40.067s] -- Installing: /home/dan/Projects/Mobile-Robots/project3_path_planning/prj3_ws/install/wpr_simulation2/share/wpr_simulation2/launch/wpb_objects.launch.py
[40.067s] -- Installing: /home/dan/Projects/Mobile-Robots/project3_path_planning/prj3_ws/install/wpr_simulation2/share/wpr_simulation2/launch/navigation.launch.py
[40.067s] -- Installing: /home/dan/Projects/Mobile-Robots/project3_path_planning/prj3_ws/install/wpr_simulation2/share/wpr_simulation2/demo_launch
[40.067s] -- Installing: /home/dan/Projects/Mobile-Robots/project3_path_planning/prj3_ws/install/wpr_simulation2/share/wpr_simulation2/demo_launch/8_nav.launch.py
[40.067s] -- Installing: /home/dan/Projects/Mobile-Robots/project3_path_planning/prj3_ws/install/wpr_simulation2/share/wpr_simulation2/demo_launch/7_slam.launch.py
[40.067s] -- Installing: /home/dan/Projects/Mobile-Robots/project3_path_planning/prj3_ws/install/wpr_simulation2/share/wpr_simulation2/demo_launch/3_pub_sub.launch.yaml
[40.067s] -- Installing: /home/dan/Projects/Mobile-Robots/project3_path_planning/prj3_ws/install/wpr_simulation2/share/wpr_simulation2/demo_launch/3_pub_sub.launch.xml
[40.067s] -- Installing: /home/dan/Projects/Mobile-Robots/project3_path_planning/prj3_ws/install/wpr_simulation2/share/wpr_simulation2/demo_launch/3_pub_sub.launch.py
[40.067s] -- Installing: /home/dan/Projects/Mobile-Robots/project3_path_planning/prj3_ws/install/wpr_simulation2/share/wpr_simulation2/demo_launch/8_waypoint_nav.launch.py
[40.067s] -- Installing: /home/dan/Projects/Mobile-Robots/project3_path_planning/prj3_ws/install/wpr_simulation2/share/wpr_simulation2/demo_launch/12_home.launch.py
[40.067s] -- Installing: /home/dan/Projects/Mobile-Robots/project3_path_planning/prj3_ws/install/wpr_simulation2/share/wpr_simulation2/worlds
[40.067s] -- Installing: /home/dan/Projects/Mobile-Robots/project3_path_planning/prj3_ws/install/wpr_simulation2/share/wpr_simulation2/worlds/simple.world
[40.067s] -- Installing: /home/dan/Projects/Mobile-Robots/project3_path_planning/prj3_ws/install/wpr_simulation2/share/wpr_simulation2/worlds/table.world
[40.068s] -- Installing: /home/dan/Projects/Mobile-Robots/project3_path_planning/prj3_ws/install/wpr_simulation2/share/wpr_simulation2/worlds/robocup_home.world
[40.068s] -- Installing: /home/dan/Projects/Mobile-Robots/project3_path_planning/prj3_ws/install/wpr_simulation2/share/wpr_simulation2/worlds/wpb_simple.world
[40.068s] -- Installing: /home/dan/Projects/Mobile-Robots/project3_path_planning/prj3_ws/install/wpr_simulation2/share/wpr_simulation2/worlds/wpb_pose.world
[40.068s] -- Installing: /home/dan/Projects/Mobile-Robots/project3_path_planning/prj3_ws/install/wpr_simulation2/share/wpr_simulation2/worlds/light.world
[40.068s] -- Installing: /home/dan/Projects/Mobile-Robots/project3_path_planning/prj3_ws/install/wpr_simulation2/share/wpr_simulation2/models
[40.068s] -- Installing: /home/dan/Projects/Mobile-Robots/project3_path_planning/prj3_ws/install/wpr_simulation2/share/wpr_simulation2/models/kai_standing.model
[40.068s] -- Installing: /home/dan/Projects/Mobile-Robots/project3_path_planning/prj3_ws/install/wpr_simulation2/share/wpr_simulation2/models/woman.model
[40.068s] -- Installing: /home/dan/Projects/Mobile-Robots/project3_path_planning/prj3_ws/install/wpr_simulation2/share/wpr_simulation2/models/wpv3.model
[40.068s] -- Installing: /home/dan/Projects/Mobile-Robots/project3_path_planning/prj3_ws/install/wpr_simulation2/share/wpr_simulation2/models/bed.model
[40.068s] -- Installing: /home/dan/Projects/Mobile-Robots/project3_path_planning/prj3_ws/install/wpr_simulation2/share/wpr_simulation2/models/wpb_home_lidar.model
[40.068s] -- Installing: /home/dan/Projects/Mobile-Robots/project3_path_planning/prj3_ws/install/wpr_simulation2/share/wpr_simulation2/models/cupboard.model
[40.068s] -- Installing: /home/dan/Projects/Mobile-Robots/project3_path_planning/prj3_ws/install/wpr_simulation2/share/wpr_simulation2/models/bookshelft.model
[40.068s] -- Installing: /home/dan/Projects/Mobile-Robots/project3_path_planning/prj3_ws/install/wpr_simulation2/share/wpr_simulation2/models/wpb_home.model
[40.068s] -- Installing: /home/dan/Projects/Mobile-Robots/project3_path_planning/prj3_ws/install/wpr_simulation2/share/wpr_simulation2/models/wpr1.model
[40.068s] -- Installing: /home/dan/Projects/Mobile-Robots/project3_path_planning/prj3_ws/install/wpr_simulation2/share/wpr_simulation2/models/wpb_home_mani.model
[40.068s] -- Installing: /home/dan/Projects/Mobile-Robots/project3_path_planning/prj3_ws/install/wpr_simulation2/share/wpr_simulation2/models/man_1.model
[40.068s] -- Installing: /home/dan/Projects/Mobile-Robots/project3_path_planning/prj3_ws/install/wpr_simulation2/share/wpr_simulation2/models/sofa.model
[40.068s] -- Installing: /home/dan/Projects/Mobile-Robots/project3_path_planning/prj3_ws/install/wpr_simulation2/share/wpr_simulation2/models/balls
[40.068s] -- Installing: /home/dan/Projects/Mobile-Robots/project3_path_planning/prj3_ws/install/wpr_simulation2/share/wpr_simulation2/models/balls/red_ball.model
[40.068s] -- Installing: /home/dan/Projects/Mobile-Robots/project3_path_planning/prj3_ws/install/wpr_simulation2/share/wpr_simulation2/models/balls/orange_ball.model
[40.068s] -- Installing: /home/dan/Projects/Mobile-Robots/project3_path_planning/prj3_ws/install/wpr_simulation2/share/wpr_simulation2/models/balls/green_ball.model
[40.068s] -- Installing: /home/dan/Projects/Mobile-Robots/project3_path_planning/prj3_ws/install/wpr_simulation2/share/wpr_simulation2/models/balls/blue_ball.model
[40.068s] -- Installing: /home/dan/Projects/Mobile-Robots/project3_path_planning/prj3_ws/install/wpr_simulation2/share/wpr_simulation2/models/wpb_home_head_up.model
[40.068s] -- Installing: /home/dan/Projects/Mobile-Robots/project3_path_planning/prj3_ws/install/wpr_simulation2/share/wpr_simulation2/models/man_2.model
[40.068s] -- Installing: /home/dan/Projects/Mobile-Robots/project3_path_planning/prj3_ws/install/wpr_simulation2/share/wpr_simulation2/models/tea_table.model
[40.068s] -- Installing: /home/dan/Projects/Mobile-Robots/project3_path_planning/prj3_ws/install/wpr_simulation2/share/wpr_simulation2/models/table.model
[40.068s] -- Installing: /home/dan/Projects/Mobile-Robots/project3_path_planning/prj3_ws/install/wpr_simulation2/share/wpr_simulation2/models/chair.model
[40.069s] -- Installing: /home/dan/Projects/Mobile-Robots/project3_path_planning/prj3_ws/install/wpr_simulation2/share/wpr_simulation2/models/bottles
[40.069s] -- Installing: /home/dan/Projects/Mobile-Robots/project3_path_planning/prj3_ws/install/wpr_simulation2/share/wpr_simulation2/models/bottles/green_bottle.model
[40.069s] -- Installing: /home/dan/Projects/Mobile-Robots/project3_path_planning/prj3_ws/install/wpr_simulation2/share/wpr_simulation2/models/bottles/red_bottle.model
[40.069s] -- Installing: /home/dan/Projects/Mobile-Robots/project3_path_planning/prj3_ws/install/wpr_simulation2/share/wpr_simulation2/meshes
[40.069s] -- Installing: /home/dan/Projects/Mobile-Robots/project3_path_planning/prj3_ws/install/wpr_simulation2/share/wpr_simulation2/meshes/kai
[40.069s] -- Installing: /home/dan/Projects/Mobile-Robots/project3_path_planning/prj3_ws/install/wpr_simulation2/share/wpr_simulation2/meshes/kai/kai_standing.dae
[40.069s] -- Installing: /home/dan/Projects/Mobile-Robots/project3_path_planning/prj3_ws/install/wpr_simulation2/share/wpr_simulation2/meshes/kai/1931_LaFeiEr_D_512.png
[40.069s] -- Installing: /home/dan/Projects/Mobile-Robots/project3_path_planning/prj3_ws/install/wpr_simulation2/share/wpr_simulation2/meshes/bottle.stl
[40.070s] -- Installing: /home/dan/Projects/Mobile-Robots/project3_path_planning/prj3_ws/install/wpr_simulation2/share/wpr_simulation2/meshes/bed.dae
[40.070s] -- Installing: /home/dan/Projects/Mobile-Robots/project3_path_planning/prj3_ws/install/wpr_simulation2/share/wpr_simulation2/meshes/man_2
[40.070s] -- Installing: /home/dan/Projects/Mobile-Robots/project3_path_planning/prj3_ws/install/wpr_simulation2/share/wpr_simulation2/meshes/man_2/color.png
[40.070s] -- Installing: /home/dan/Projects/Mobile-Robots/project3_path_planning/prj3_ws/install/wpr_simulation2/share/wpr_simulation2/meshes/man_2/man_2.dae
[40.070s] -- Installing: /home/dan/Projects/Mobile-Robots/project3_path_planning/prj3_ws/install/wpr_simulation2/share/wpr_simulation2/meshes/chair
[40.070s] -- Installing: /home/dan/Projects/Mobile-Robots/project3_path_planning/prj3_ws/install/wpr_simulation2/share/wpr_simulation2/meshes/chair/Wood_Cherry_Original.jpg
[40.070s] -- Installing: /home/dan/Projects/Mobile-Robots/project3_path_planning/prj3_ws/install/wpr_simulation2/share/wpr_simulation2/meshes/table
[40.070s] -- Installing: /home/dan/Projects/Mobile-Robots/project3_path_planning/prj3_ws/install/wpr_simulation2/share/wpr_simulation2/meshes/table/Wood_Cherry_Original.jpg
[40.070s] -- Installing: /home/dan/Projects/Mobile-Robots/project3_path_planning/prj3_ws/install/wpr_simulation2/share/wpr_simulation2/meshes/bookshelft
[40.070s] -- Installing: /home/dan/Projects/Mobile-Robots/project3_path_planning/prj3_ws/install/wpr_simulation2/share/wpr_simulation2/meshes/bookshelft/Wood_Veneer_02.jpg
[40.070s] -- Installing: /home/dan/Projects/Mobile-Robots/project3_path_planning/prj3_ws/install/wpr_simulation2/share/wpr_simulation2/meshes/chair.dae
[40.070s] -- Installing: /home/dan/Projects/Mobile-Robots/project3_path_planning/prj3_ws/install/wpr_simulation2/share/wpr_simulation2/meshes/table.dae
[40.070s] -- Installing: /home/dan/Projects/Mobile-Robots/project3_path_planning/prj3_ws/install/wpr_simulation2/share/wpr_simulation2/meshes/tea_table.dae
[40.070s] -- Installing: /home/dan/Projects/Mobile-Robots/project3_path_planning/prj3_ws/install/wpr_simulation2/share/wpr_simulation2/meshes/wpr1
[40.070s] -- Installing: /home/dan/Projects/Mobile-Robots/project3_path_planning/prj3_ws/install/wpr_simulation2/share/wpr_simulation2/meshes/wpr1/fingertip.dae
[40.070s] -- Installing: /home/dan/Projects/Mobile-Robots/project3_path_planning/prj3_ws/install/wpr_simulation2/share/wpr_simulation2/meshes/wpr1/upperarm.dae
[40.071s] -- Installing: /home/dan/Projects/Mobile-Robots/project3_path_planning/prj3_ws/install/wpr_simulation2/share/wpr_simulation2/meshes/wpr1/palm.dae
[40.072s] -- Installing: /home/dan/Projects/Mobile-Robots/project3_path_planning/prj3_ws/install/wpr_simulation2/share/wpr_simulation2/meshes/wpr1/finger.dae
[40.073s] -- Installing: /home/dan/Projects/Mobile-Robots/project3_path_planning/prj3_ws/install/wpr_simulation2/share/wpr_simulation2/meshes/wpr1/forearm.dae
[40.073s] -- Installing: /home/dan/Projects/Mobile-Robots/project3_path_planning/prj3_ws/install/wpr_simulation2/share/wpr_simulation2/meshes/wpr1/torso.dae
[40.075s] -- Installing: /home/dan/Projects/Mobile-Robots/project3_path_planning/prj3_ws/install/wpr_simulation2/share/wpr_simulation2/meshes/wpr1/base.dae
[40.075s] -- Installing: /home/dan/Projects/Mobile-Robots/project3_path_planning/prj3_ws/install/wpr_simulation2/share/wpr_simulation2/meshes/wpv3
[40.075s] -- Installing: /home/dan/Projects/Mobile-Robots/project3_path_planning/prj3_ws/install/wpr_simulation2/share/wpr_simulation2/meshes/wpv3/wpv3.dae
[40.076s] -- Installing: /home/dan/Projects/Mobile-Robots/project3_path_planning/prj3_ws/install/wpr_simulation2/share/wpr_simulation2/meshes/cupboard.dae
[40.076s] -- Installing: /home/dan/Projects/Mobile-Robots/project3_path_planning/prj3_ws/install/wpr_simulation2/share/wpr_simulation2/meshes/tea_table
[40.076s] -- Installing: /home/dan/Projects/Mobile-Robots/project3_path_planning/prj3_ws/install/wpr_simulation2/share/wpr_simulation2/meshes/tea_table/Wood_Cherry_Original.jpg
[40.076s] -- Installing: /home/dan/Projects/Mobile-Robots/project3_path_planning/prj3_ws/install/wpr_simulation2/share/wpr_simulation2/meshes/man_1
[40.076s] -- Installing: /home/dan/Projects/Mobile-Robots/project3_path_planning/prj3_ws/install/wpr_simulation2/share/wpr_simulation2/meshes/man_1/color.png
[40.076s] -- Installing: /home/dan/Projects/Mobile-Robots/project3_path_planning/prj3_ws/install/wpr_simulation2/share/wpr_simulation2/meshes/man_1/man_1.dae
[40.077s] -- Installing: /home/dan/Projects/Mobile-Robots/project3_path_planning/prj3_ws/install/wpr_simulation2/share/wpr_simulation2/meshes/woman
[40.077s] -- Installing: /home/dan/Projects/Mobile-Robots/project3_path_planning/prj3_ws/install/wpr_simulation2/share/wpr_simulation2/meshes/woman/color.png
[40.077s] -- Installing: /home/dan/Projects/Mobile-Robots/project3_path_planning/prj3_ws/install/wpr_simulation2/share/wpr_simulation2/meshes/woman/woman.dae
[40.077s] -- Installing: /home/dan/Projects/Mobile-Robots/project3_path_planning/prj3_ws/install/wpr_simulation2/share/wpr_simulation2/meshes/cupboard
[40.077s] -- Installing: /home/dan/Projects/Mobile-Robots/project3_path_planning/prj3_ws/install/wpr_simulation2/share/wpr_simulation2/meshes/cupboard/Wood_Veneer_02.jpg
[40.077s] -- Installing: /home/dan/Projects/Mobile-Robots/project3_path_planning/prj3_ws/install/wpr_simulation2/share/wpr_simulation2/meshes/sofa
[40.077s] -- Installing: /home/dan/Projects/Mobile-Robots/project3_path_planning/prj3_ws/install/wpr_simulation2/share/wpr_simulation2/meshes/sofa/Carpet_Loop_Pattern.jpg
[40.077s] -- Installing: /home/dan/Projects/Mobile-Robots/project3_path_planning/prj3_ws/install/wpr_simulation2/share/wpr_simulation2/meshes/sofa.dae
[40.077s] -- Installing: /home/dan/Projects/Mobile-Robots/project3_path_planning/prj3_ws/install/wpr_simulation2/share/wpr_simulation2/meshes/bed
[40.077s] -- Installing: /home/dan/Projects/Mobile-Robots/project3_path_planning/prj3_ws/install/wpr_simulation2/share/wpr_simulation2/meshes/bed/Carpet_Pattern_Squares_Multi.jpg
[40.077s] -- Installing: /home/dan/Projects/Mobile-Robots/project3_path_planning/prj3_ws/install/wpr_simulation2/share/wpr_simulation2/meshes/bed/Wood_Bamboo.jpg
[40.077s] -- Installing: /home/dan/Projects/Mobile-Robots/project3_path_planning/prj3_ws/install/wpr_simulation2/share/wpr_simulation2/meshes/wpb_home
[40.078s] -- Installing: /home/dan/Projects/Mobile-Robots/project3_path_planning/prj3_ws/install/wpr_simulation2/share/wpr_simulation2/meshes/wpb_home/wpb_home_std.dae
[40.081s] -- Installing: /home/dan/Projects/Mobile-Robots/project3_path_planning/prj3_ws/install/wpr_simulation2/share/wpr_simulation2/meshes/wpb_home/wpb_home_mani.dae
[40.083s] -- Installing: /home/dan/Projects/Mobile-Robots/project3_path_planning/prj3_ws/install/wpr_simulation2/share/wpr_simulation2/meshes/wpb_home/forearm.dae
[40.084s] -- Installing: /home/dan/Projects/Mobile-Robots/project3_path_planning/prj3_ws/install/wpr_simulation2/share/wpr_simulation2/meshes/bookshelft.dae
[40.084s] -- Installing: /home/dan/Projects/Mobile-Robots/project3_path_planning/prj3_ws/install/wpr_simulation2/share/wpr_simulation2/rviz
[40.084s] -- Installing: /home/dan/Projects/Mobile-Robots/project3_path_planning/prj3_ws/install/wpr_simulation2/share/wpr_simulation2/rviz/navi.rviz
[40.084s] -- Installing: /home/dan/Projects/Mobile-Robots/project3_path_planning/prj3_ws/install/wpr_simulation2/share/wpr_simulation2/rviz/objects.rviz
[40.084s] -- Installing: /home/dan/Projects/Mobile-Robots/project3_path_planning/prj3_ws/install/wpr_simulation2/share/wpr_simulation2/rviz/slam.rviz
[40.084s] -- Installing: /home/dan/Projects/Mobile-Robots/project3_path_planning/prj3_ws/install/wpr_simulation2/share/wpr_simulation2/rviz/pointcloud.rviz
[40.084s] -- Installing: /home/dan/Projects/Mobile-Robots/project3_path_planning/prj3_ws/install/wpr_simulation2/share/wpr_simulation2/rviz/navi_3d.rviz
[40.084s] -- Installing: /home/dan/Projects/Mobile-Robots/project3_path_planning/prj3_ws/install/wpr_simulation2/share/wpr_simulation2/rviz/sensor.rviz
[40.084s] -- Installing: /home/dan/Projects/Mobile-Robots/project3_path_planning/prj3_ws/install/wpr_simulation2/share/wpr_simulation2/rviz/fetch.rviz
[40.084s] -- Installing: /home/dan/Projects/Mobile-Robots/project3_path_planning/prj3_ws/install/wpr_simulation2/share/wpr_simulation2/src
[40.084s] -- Installing: /home/dan/Projects/Mobile-Robots/project3_path_planning/prj3_ws/install/wpr_simulation2/share/wpr_simulation2/src/wpb_home_mani_sim.cpp
[40.084s] -- Installing: /home/dan/Projects/Mobile-Robots/project3_path_planning/prj3_ws/install/wpr_simulation2/share/wpr_simulation2/src/objects_publisher.cpp
[40.084s] -- Installing: /home/dan/Projects/Mobile-Robots/project3_path_planning/prj3_ws/install/wpr_simulation2/share/wpr_simulation2/src/grab_object_sim.cpp
[40.084s] -- Installing: /home/dan/Projects/Mobile-Robots/project3_path_planning/prj3_ws/install/wpr_simulation2/share/wpr_simulation2/src/keyboard_vel_cmd.cpp
[40.084s] -- Installing: /home/dan/Projects/Mobile-Robots/project3_path_planning/prj3_ws/install/wpr_simulation2/share/wpr_simulation2/src/face_detector.py
[40.084s] -- Installing: /home/dan/Projects/Mobile-Robots/project3_path_planning/prj3_ws/install/wpr_simulation2/share/wpr_simulation2/src/ball_random_move.cpp
[40.084s] -- Up-to-date: /home/dan/Projects/Mobile-Robots/project3_path_planning/prj3_ws/install/wpr_simulation2/share/wpr_simulation2/msg
[40.085s] -- Up-to-date: /home/dan/Projects/Mobile-Robots/project3_path_planning/prj3_ws/install/wpr_simulation2/share/wpr_simulation2/msg/Object.msg
[40.085s] -- Installing: /home/dan/Projects/Mobile-Robots/project3_path_planning/prj3_ws/install/wpr_simulation2/share/wpr_simulation2/maps
[40.085s] -- Installing: /home/dan/Projects/Mobile-Robots/project3_path_planning/prj3_ws/install/wpr_simulation2/share/wpr_simulation2/maps/.gitignore
[40.085s] -- Installing: /home/dan/Projects/Mobile-Robots/project3_path_planning/prj3_ws/install/wpr_simulation2/lib/wpr_simulation2/face_detector.py
[40.085s] -- Installing: /home/dan/Projects/Mobile-Robots/project3_path_planning/prj3_ws/install/wpr_simulation2/lib/wpr_simulation2/wpb_home_mani_sim
[40.087s] -- Set runtime path of "/home/dan/Projects/Mobile-Robots/project3_path_planning/prj3_ws/install/wpr_simulation2/lib/wpr_simulation2/wpb_home_mani_sim" to ""
[40.087s] -- Installing: /home/dan/Projects/Mobile-Robots/project3_path_planning/prj3_ws/install/wpr_simulation2/lib/wpr_simulation2/keyboard_vel_cmd
[40.088s] -- Set runtime path of "/home/dan/Projects/Mobile-Robots/project3_path_planning/prj3_ws/install/wpr_simulation2/lib/wpr_simulation2/keyboard_vel_cmd" to ""
[40.088s] -- Installing: /home/dan/Projects/Mobile-Robots/project3_path_planning/prj3_ws/install/wpr_simulation2/lib/wpr_simulation2/ball_random_move
[40.088s] -- Set runtime path of "/home/dan/Projects/Mobile-Robots/project3_path_planning/prj3_ws/install/wpr_simulation2/lib/wpr_simulation2/ball_random_move" to ""
[40.089s] -- Installing: /home/dan/Projects/Mobile-Robots/project3_path_planning/prj3_ws/install/wpr_simulation2/lib/wpr_simulation2/objects_publisher
[40.092s] -- Set runtime path of "/home/dan/Projects/Mobile-Robots/project3_path_planning/prj3_ws/install/wpr_simulation2/lib/wpr_simulation2/objects_publisher" to ""
[40.092s] -- Installing: /home/dan/Projects/Mobile-Robots/project3_path_planning/prj3_ws/install/wpr_simulation2/lib/wpr_simulation2/grab_object_sim
[40.095s] -- Set runtime path of "/home/dan/Projects/Mobile-Robots/project3_path_planning/prj3_ws/install/wpr_simulation2/lib/wpr_simulation2/grab_object_sim" to ""
[40.095s] -- Installing: /home/dan/Projects/Mobile-Robots/project3_path_planning/prj3_ws/install/wpr_simulation2/lib/wpr_simulation2/3_publisher_node
[40.095s] -- Set runtime path of "/home/dan/Projects/Mobile-Robots/project3_path_planning/prj3_ws/install/wpr_simulation2/lib/wpr_simulation2/3_publisher_node" to ""
[40.095s] -- Installing: /home/dan/Projects/Mobile-Robots/project3_path_planning/prj3_ws/install/wpr_simulation2/lib/wpr_simulation2/3_subscriber_node
[40.097s] -- Set runtime path of "/home/dan/Projects/Mobile-Robots/project3_path_planning/prj3_ws/install/wpr_simulation2/lib/wpr_simulation2/3_subscriber_node" to ""
[40.097s] -- Installing: /home/dan/Projects/Mobile-Robots/project3_path_planning/prj3_ws/install/wpr_simulation2/lib/wpr_simulation2/4_velocity_command
[40.097s] -- Set runtime path of "/home/dan/Projects/Mobile-Robots/project3_path_planning/prj3_ws/install/wpr_simulation2/lib/wpr_simulation2/4_velocity_command" to ""
[40.098s] -- Installing: /home/dan/Projects/Mobile-Robots/project3_path_planning/prj3_ws/install/wpr_simulation2/lib/wpr_simulation2/5_lidar_data
[40.099s] -- Set runtime path of "/home/dan/Projects/Mobile-Robots/project3_path_planning/prj3_ws/install/wpr_simulation2/lib/wpr_simulation2/5_lidar_data" to ""
[40.099s] -- Installing: /home/dan/Projects/Mobile-Robots/project3_path_planning/prj3_ws/install/wpr_simulation2/lib/wpr_simulation2/5_lidar_behavior
[40.101s] -- Set runtime path of "/home/dan/Projects/Mobile-Robots/project3_path_planning/prj3_ws/install/wpr_simulation2/lib/wpr_simulation2/5_lidar_behavior" to ""
[40.101s] -- Installing: /home/dan/Projects/Mobile-Robots/project3_path_planning/prj3_ws/install/wpr_simulation2/lib/wpr_simulation2/6_imu_data
[40.103s] -- Set runtime path of "/home/dan/Projects/Mobile-Robots/project3_path_planning/prj3_ws/install/wpr_simulation2/lib/wpr_simulation2/6_imu_data" to ""
[40.103s] -- Installing: /home/dan/Projects/Mobile-Robots/project3_path_planning/prj3_ws/install/wpr_simulation2/lib/wpr_simulation2/6_imu_behavior
[40.105s] -- Set runtime path of "/home/dan/Projects/Mobile-Robots/project3_path_planning/prj3_ws/install/wpr_simulation2/lib/wpr_simulation2/6_imu_behavior" to ""
[40.105s] -- Installing: /home/dan/Projects/Mobile-Robots/project3_path_planning/prj3_ws/install/wpr_simulation2/lib/wpr_simulation2/8_waypoint_navigation
[40.107s] -- Set runtime path of "/home/dan/Projects/Mobile-Robots/project3_path_planning/prj3_ws/install/wpr_simulation2/lib/wpr_simulation2/8_waypoint_navigation" to ""
[40.107s] -- Installing: /home/dan/Projects/Mobile-Robots/project3_path_planning/prj3_ws/install/wpr_simulation2/lib/wpr_simulation2/9_cv_image
[40.109s] -- Set runtime path of "/home/dan/Projects/Mobile-Robots/project3_path_planning/prj3_ws/install/wpr_simulation2/lib/wpr_simulation2/9_cv_image" to ""
[40.109s] -- Installing: /home/dan/Projects/Mobile-Robots/project3_path_planning/prj3_ws/install/wpr_simulation2/lib/wpr_simulation2/9_cv_hsv
[40.111s] -- Set runtime path of "/home/dan/Projects/Mobile-Robots/project3_path_planning/prj3_ws/install/wpr_simulation2/lib/wpr_simulation2/9_cv_hsv" to ""
[40.111s] -- Installing: /home/dan/Projects/Mobile-Robots/project3_path_planning/prj3_ws/install/wpr_simulation2/lib/wpr_simulation2/9_cv_follow
[40.113s] -- Set runtime path of "/home/dan/Projects/Mobile-Robots/project3_path_planning/prj3_ws/install/wpr_simulation2/lib/wpr_simulation2/9_cv_follow" to ""
[40.113s] -- Installing: /home/dan/Projects/Mobile-Robots/project3_path_planning/prj3_ws/install/wpr_simulation2/lib/wpr_simulation2/9_cv_face_detect
[40.115s] -- Set runtime path of "/home/dan/Projects/Mobile-Robots/project3_path_planning/prj3_ws/install/wpr_simulation2/lib/wpr_simulation2/9_cv_face_detect" to ""
[40.116s] -- Installing: /home/dan/Projects/Mobile-Robots/project3_path_planning/prj3_ws/install/wpr_simulation2/lib/wpr_simulation2/10_pc_data
[40.117s] -- Set runtime path of "/home/dan/Projects/Mobile-Robots/project3_path_planning/prj3_ws/install/wpr_simulation2/lib/wpr_simulation2/10_pc_data" to ""
[40.117s] -- Installing: /home/dan/Projects/Mobile-Robots/project3_path_planning/prj3_ws/install/wpr_simulation2/lib/wpr_simulation2/10_pc_objects
[40.119s] -- Set runtime path of "/home/dan/Projects/Mobile-Robots/project3_path_planning/prj3_ws/install/wpr_simulation2/lib/wpr_simulation2/10_pc_objects" to ""
[40.119s] -- Installing: /home/dan/Projects/Mobile-Robots/project3_path_planning/prj3_ws/install/wpr_simulation2/lib/wpr_simulation2/11_mani_ctrl
[40.120s] -- Set runtime path of "/home/dan/Projects/Mobile-Robots/project3_path_planning/prj3_ws/install/wpr_simulation2/lib/wpr_simulation2/11_mani_ctrl" to ""
[40.120s] -- Installing: /home/dan/Projects/Mobile-Robots/project3_path_planning/prj3_ws/install/wpr_simulation2/lib/wpr_simulation2/11_grab_object
[40.122s] -- Set runtime path of "/home/dan/Projects/Mobile-Robots/project3_path_planning/prj3_ws/install/wpr_simulation2/lib/wpr_simulation2/11_grab_object" to ""
[40.122s] -- Installing: /home/dan/Projects/Mobile-Robots/project3_path_planning/prj3_ws/install/wpr_simulation2/lib/wpr_simulation2/12_fetch
[40.124s] -- Set runtime path of "/home/dan/Projects/Mobile-Robots/project3_path_planning/prj3_ws/install/wpr_simulation2/lib/wpr_simulation2/12_fetch" to ""
[40.124s] -- Installing: /home/dan/Projects/Mobile-Robots/project3_path_planning/prj3_ws/install/wpr_simulation2/lib/wpr_simulation2/demo_nav2_client
[40.125s] -- Set runtime path of "/home/dan/Projects/Mobile-Robots/project3_path_planning/prj3_ws/install/wpr_simulation2/lib/wpr_simulation2/demo_nav2_client" to ""
[40.125s] -- Installing: /home/dan/Projects/Mobile-Robots/project3_path_planning/prj3_ws/install/wpr_simulation2/share/ament_index/resource_index/package_run_dependencies/wpr_simulation2
[40.125s] -- Installing: /home/dan/Projects/Mobile-Robots/project3_path_planning/prj3_ws/install/wpr_simulation2/share/ament_index/resource_index/parent_prefix_path/wpr_simulation2
[40.125s] -- Installing: /home/dan/Projects/Mobile-Robots/project3_path_planning/prj3_ws/install/wpr_simulation2/share/wpr_simulation2/environment/ament_prefix_path.sh
[40.125s] -- Installing: /home/dan/Projects/Mobile-Robots/project3_path_planning/prj3_ws/install/wpr_simulation2/share/wpr_simulation2/environment/ament_prefix_path.dsv
[40.125s] -- Installing: /home/dan/Projects/Mobile-Robots/project3_path_planning/prj3_ws/install/wpr_simulation2/share/wpr_simulation2/environment/path.sh
[40.125s] -- Installing: /home/dan/Projects/Mobile-Robots/project3_path_planning/prj3_ws/install/wpr_simulation2/share/wpr_simulation2/environment/path.dsv
[40.125s] -- Installing: /home/dan/Projects/Mobile-Robots/project3_path_planning/prj3_ws/install/wpr_simulation2/share/wpr_simulation2/local_setup.bash
[40.125s] -- Installing: /home/dan/Projects/Mobile-Robots/project3_path_planning/prj3_ws/install/wpr_simulation2/share/wpr_simulation2/local_setup.sh
[40.125s] -- Installing: /home/dan/Projects/Mobile-Robots/project3_path_planning/prj3_ws/install/wpr_simulation2/share/wpr_simulation2/local_setup.zsh
[40.125s] -- Installing: /home/dan/Projects/Mobile-Robots/project3_path_planning/prj3_ws/install/wpr_simulation2/share/wpr_simulation2/local_setup.dsv
[40.125s] -- Installing: /home/dan/Projects/Mobile-Robots/project3_path_planning/prj3_ws/install/wpr_simulation2/share/wpr_simulation2/package.dsv
[40.125s] -- Installing: /home/dan/Projects/Mobile-Robots/project3_path_planning/prj3_ws/install/wpr_simulation2/share/ament_index/resource_index/packages/wpr_simulation2
[40.125s] -- Installing: /home/dan/Projects/Mobile-Robots/project3_path_planning/prj3_ws/install/wpr_simulation2/share/wpr_simulation2/cmake/export_wpr_simulation2__rosidl_generator_cExport.cmake
[40.125s] -- Installing: /home/dan/Projects/Mobile-Robots/project3_path_planning/prj3_ws/install/wpr_simulation2/share/wpr_simulation2/cmake/export_wpr_simulation2__rosidl_generator_cExport-noconfig.cmake
[40.125s] -- Installing: /home/dan/Projects/Mobile-Robots/project3_path_planning/prj3_ws/install/wpr_simulation2/share/wpr_simulation2/cmake/export_wpr_simulation2__rosidl_typesupport_fastrtps_cExport.cmake
[40.125s] -- Installing: /home/dan/Projects/Mobile-Robots/project3_path_planning/prj3_ws/install/wpr_simulation2/share/wpr_simulation2/cmake/export_wpr_simulation2__rosidl_typesupport_fastrtps_cExport-noconfig.cmake
[40.126s] -- Installing: /home/dan/Projects/Mobile-Robots/project3_path_planning/prj3_ws/install/wpr_simulation2/share/wpr_simulation2/cmake/export_wpr_simulation2__rosidl_generator_cppExport.cmake
[40.126s] -- Installing: /home/dan/Projects/Mobile-Robots/project3_path_planning/prj3_ws/install/wpr_simulation2/share/wpr_simulation2/cmake/export_wpr_simulation2__rosidl_typesupport_fastrtps_cppExport.cmake
[40.126s] -- Installing: /home/dan/Projects/Mobile-Robots/project3_path_planning/prj3_ws/install/wpr_simulation2/share/wpr_simulation2/cmake/export_wpr_simulation2__rosidl_typesupport_fastrtps_cppExport-noconfig.cmake
[40.126s] -- Installing: /home/dan/Projects/Mobile-Robots/project3_path_planning/prj3_ws/install/wpr_simulation2/share/wpr_simulation2/cmake/wpr_simulation2__rosidl_typesupport_introspection_cExport.cmake
[40.126s] -- Installing: /home/dan/Projects/Mobile-Robots/project3_path_planning/prj3_ws/install/wpr_simulation2/share/wpr_simulation2/cmake/wpr_simulation2__rosidl_typesupport_introspection_cExport-noconfig.cmake
[40.126s] -- Installing: /home/dan/Projects/Mobile-Robots/project3_path_planning/prj3_ws/install/wpr_simulation2/share/wpr_simulation2/cmake/wpr_simulation2__rosidl_typesupport_cExport.cmake
[40.126s] -- Installing: /home/dan/Projects/Mobile-Robots/project3_path_planning/prj3_ws/install/wpr_simulation2/share/wpr_simulation2/cmake/wpr_simulation2__rosidl_typesupport_cExport-noconfig.cmake
[40.126s] -- Installing: /home/dan/Projects/Mobile-Robots/project3_path_planning/prj3_ws/install/wpr_simulation2/share/wpr_simulation2/cmake/wpr_simulation2__rosidl_typesupport_introspection_cppExport.cmake
[40.126s] -- Installing: /home/dan/Projects/Mobile-Robots/project3_path_planning/prj3_ws/install/wpr_simulation2/share/wpr_simulation2/cmake/wpr_simulation2__rosidl_typesupport_introspection_cppExport-noconfig.cmake
[40.126s] -- Installing: /home/dan/Projects/Mobile-Robots/project3_path_planning/prj3_ws/install/wpr_simulation2/share/wpr_simulation2/cmake/wpr_simulation2__rosidl_typesupport_cppExport.cmake
[40.126s] -- Installing: /home/dan/Projects/Mobile-Robots/project3_path_planning/prj3_ws/install/wpr_simulation2/share/wpr_simulation2/cmake/wpr_simulation2__rosidl_typesupport_cppExport-noconfig.cmake
[40.126s] -- Installing: /home/dan/Projects/Mobile-Robots/project3_path_planning/prj3_ws/install/wpr_simulation2/share/wpr_simulation2/cmake/export_wpr_simulation2__rosidl_generator_pyExport.cmake
[40.126s] -- Installing: /home/dan/Projects/Mobile-Robots/project3_path_planning/prj3_ws/install/wpr_simulation2/share/wpr_simulation2/cmake/export_wpr_simulation2__rosidl_generator_pyExport-noconfig.cmake
[40.126s] -- Installing: /home/dan/Projects/Mobile-Robots/project3_path_planning/prj3_ws/install/wpr_simulation2/share/wpr_simulation2/cmake/rosidl_cmake-extras.cmake
[40.126s] -- Installing: /home/dan/Projects/Mobile-Robots/project3_path_planning/prj3_ws/install/wpr_simulation2/share/wpr_simulation2/cmake/ament_cmake_export_dependencies-extras.cmake
[40.126s] -- Installing: /home/dan/Projects/Mobile-Robots/project3_path_planning/prj3_ws/install/wpr_simulation2/share/wpr_simulation2/cmake/ament_cmake_export_include_directories-extras.cmake
[40.126s] -- Installing: /home/dan/Projects/Mobile-Robots/project3_path_planning/prj3_ws/install/wpr_simulation2/share/wpr_simulation2/cmake/ament_cmake_export_libraries-extras.cmake
[40.126s] -- Installing: /home/dan/Projects/Mobile-Robots/project3_path_planning/prj3_ws/install/wpr_simulation2/share/wpr_simulation2/cmake/ament_cmake_export_targets-extras.cmake
[40.127s] -- Installing: /home/dan/Projects/Mobile-Robots/project3_path_planning/prj3_ws/install/wpr_simulation2/share/wpr_simulation2/cmake/rosidl_cmake_export_typesupport_targets-extras.cmake
[40.127s] -- Installing: /home/dan/Projects/Mobile-Robots/project3_path_planning/prj3_ws/install/wpr_simulation2/share/wpr_simulation2/cmake/rosidl_cmake_export_typesupport_libraries-extras.cmake
[40.127s] -- Installing: /home/dan/Projects/Mobile-Robots/project3_path_planning/prj3_ws/install/wpr_simulation2/share/wpr_simulation2/cmake/wpr_simulation2Config.cmake
[40.127s] -- Installing: /home/dan/Projects/Mobile-Robots/project3_path_planning/prj3_ws/install/wpr_simulation2/share/wpr_simulation2/cmake/wpr_simulation2Config-version.cmake
[40.127s] -- Installing: /home/dan/Projects/Mobile-Robots/project3_path_planning/prj3_ws/install/wpr_simulation2/share/wpr_simulation2/package.xml
[40.129s] Invoked command in '/home/dan/Projects/Mobile-Robots/project3_path_planning/prj3_ws/build/wpr_simulation2' returned '0': CMAKE_PREFIX_PATH=${CMAKE_PREFIX_PATH}:/opt/ros/humble /usr/bin/cmake --install /home/dan/Projects/Mobile-Robots/project3_path_planning/prj3_ws/build/wpr_simulation2
