[0.064s] DEBUG:colcon:Command line arguments: ['/usr/bin/colcon', 'build']
[0.064s] DEBUG:colcon:Parsed command line arguments: Namespace(log_base=None, log_level=None, verb_name='build', build_base='build', install_base='install', merge_install=False, symlink_install=False, test_result_base=None, continue_on_error=False, executor='parallel', parallel_workers=8, event_handlers=None, ignore_user_meta=False, metas=['./colcon.meta'], base_paths=['.'], packages_ignore=None, packages_ignore_regex=None, paths=None, packages_up_to=None, packages_up_to_regex=None, packages_above=None, packages_above_and_dependencies=None, packages_above_depth=None, packages_select_by_dep=None, packages_skip_by_dep=None, packages_skip_up_to=None, packages_select_build_failed=False, packages_skip_build_finished=False, packages_select_test_failures=False, packages_skip_test_passed=False, packages_select=None, packages_skip=None, packages_select_regex=None, packages_skip_regex=None, packages_start=None, packages_end=None, allow_overriding=[], cmake_args=None, cmake_target=None, cmake_target_skip_unavailable=False, cmake_clean_cache=False, cmake_clean_first=False, cmake_force_configure=False, ament_cmake_args=None, catkin_cmake_args=None, catkin_skip_building_tests=False, mixin_files=None, mixin=None, verb_parser=<colcon_mixin.mixin.mixin_argument.MixinArgumentDecorator object at 0x787b473f6500>, verb_extension=<colcon_core.verb.build.BuildVerb object at 0x787b473f5f00>, main=<bound method BuildVerb.main of <colcon_core.verb.build.BuildVerb object at 0x787b473f5f00>>, mixin_verb=('build',))
[0.162s] Level 1:colcon.colcon_core.package_discovery:discover_packages(colcon_meta) check parameters
[0.162s] Level 1:colcon.colcon_core.package_discovery:discover_packages(recursive) check parameters
[0.162s] Level 1:colcon.colcon_core.package_discovery:discover_packages(ignore) check parameters
[0.162s] Level 1:colcon.colcon_core.package_discovery:discover_packages(path) check parameters
[0.162s] Level 1:colcon.colcon_core.package_discovery:discover_packages(colcon_meta) discover
[0.162s] Level 1:colcon.colcon_core.package_discovery:discover_packages(recursive) discover
[0.162s] INFO:colcon.colcon_core.package_discovery:Crawling recursively for packages in '/home/dan/Projects/Mobile-Robots/project2_lidar_mapping/prj2_ws'
[0.162s] Level 1:colcon.colcon_core.package_identification:_identify(.) by extensions ['ignore', 'ignore_ament_install']
[0.162s] Level 1:colcon.colcon_core.package_identification:_identify(.) by extension 'ignore'
[0.162s] Level 1:colcon.colcon_core.package_identification:_identify(.) by extension 'ignore_ament_install'
[0.163s] Level 1:colcon.colcon_core.package_identification:_identify(.) by extensions ['colcon_pkg']
[0.163s] Level 1:colcon.colcon_core.package_identification:_identify(.) by extension 'colcon_pkg'
[0.163s] Level 1:colcon.colcon_core.package_identification:_identify(.) by extensions ['colcon_meta']
[0.163s] Level 1:colcon.colcon_core.package_identification:_identify(.) by extension 'colcon_meta'
[0.163s] Level 1:colcon.colcon_core.package_identification:_identify(.) by extensions ['ros']
[0.163s] Level 1:colcon.colcon_core.package_identification:_identify(.) by extension 'ros'
[0.176s] Level 1:colcon.colcon_core.package_identification:_identify(.) by extensions ['cmake', 'python']
[0.176s] Level 1:colcon.colcon_core.package_identification:_identify(.) by extension 'cmake'
[0.176s] Level 1:colcon.colcon_core.package_identification:_identify(.) by extension 'python'
[0.177s] Level 1:colcon.colcon_core.package_identification:_identify(.) by extensions ['python_setup_py']
[0.177s] Level 1:colcon.colcon_core.package_identification:_identify(.) by extension 'python_setup_py'
[0.177s] Level 1:colcon.colcon_core.package_identification:_identify(build) by extensions ['ignore', 'ignore_ament_install']
[0.177s] Level 1:colcon.colcon_core.package_identification:_identify(build) by extension 'ignore'
[0.177s] Level 1:colcon.colcon_core.package_identification:_identify(build) ignored
[0.177s] Level 1:colcon.colcon_core.package_identification:_identify(install) by extensions ['ignore', 'ignore_ament_install']
[0.177s] Level 1:colcon.colcon_core.package_identification:_identify(install) by extension 'ignore'
[0.177s] Level 1:colcon.colcon_core.package_identification:_identify(install) ignored
[0.177s] Level 1:colcon.colcon_core.package_identification:_identify(log) by extensions ['ignore', 'ignore_ament_install']
[0.177s] Level 1:colcon.colcon_core.package_identification:_identify(log) by extension 'ignore'
[0.177s] Level 1:colcon.colcon_core.package_identification:_identify(log) ignored
[0.177s] Level 1:colcon.colcon_core.package_identification:_identify(src) by extensions ['ignore', 'ignore_ament_install']
[0.177s] Level 1:colcon.colcon_core.package_identification:_identify(src) by extension 'ignore'
[0.177s] Level 1:colcon.colcon_core.package_identification:_identify(src) by extension 'ignore_ament_install'
[0.177s] Level 1:colcon.colcon_core.package_identification:_identify(src) by extensions ['colcon_pkg']
[0.177s] Level 1:colcon.colcon_core.package_identification:_identify(src) by extension 'colcon_pkg'
[0.177s] Level 1:colcon.colcon_core.package_identification:_identify(src) by extensions ['colcon_meta']
[0.177s] Level 1:colcon.colcon_core.package_identification:_identify(src) by extension 'colcon_meta'
[0.177s] Level 1:colcon.colcon_core.package_identification:_identify(src) by extensions ['ros']
[0.177s] Level 1:colcon.colcon_core.package_identification:_identify(src) by extension 'ros'
[0.177s] Level 1:colcon.colcon_core.package_identification:_identify(src) by extensions ['cmake', 'python']
[0.177s] Level 1:colcon.colcon_core.package_identification:_identify(src) by extension 'cmake'
[0.177s] Level 1:colcon.colcon_core.package_identification:_identify(src) by extension 'python'
[0.177s] Level 1:colcon.colcon_core.package_identification:_identify(src) by extensions ['python_setup_py']
[0.177s] Level 1:colcon.colcon_core.package_identification:_identify(src) by extension 'python_setup_py'
[0.177s] Level 1:colcon.colcon_core.package_identification:_identify(src/cv_pkg) by extensions ['ignore', 'ignore_ament_install']
[0.177s] Level 1:colcon.colcon_core.package_identification:_identify(src/cv_pkg) by extension 'ignore'
[0.177s] Level 1:colcon.colcon_core.package_identification:_identify(src/cv_pkg) by extension 'ignore_ament_install'
[0.177s] Level 1:colcon.colcon_core.package_identification:_identify(src/cv_pkg) by extensions ['colcon_pkg']
[0.177s] Level 1:colcon.colcon_core.package_identification:_identify(src/cv_pkg) by extension 'colcon_pkg'
[0.177s] Level 1:colcon.colcon_core.package_identification:_identify(src/cv_pkg) by extensions ['colcon_meta']
[0.178s] Level 1:colcon.colcon_core.package_identification:_identify(src/cv_pkg) by extension 'colcon_meta'
[0.178s] Level 1:colcon.colcon_core.package_identification:_identify(src/cv_pkg) by extensions ['ros']
[0.178s] Level 1:colcon.colcon_core.package_identification:_identify(src/cv_pkg) by extension 'ros'
[0.179s] DEBUG:colcon.colcon_core.package_identification:Package 'src/cv_pkg' with type 'ros.ament_cmake' and name 'cv_pkg'
[0.180s] Level 1:colcon.colcon_core.package_identification:_identify(src/pc_pkg) by extensions ['ignore', 'ignore_ament_install']
[0.180s] Level 1:colcon.colcon_core.package_identification:_identify(src/pc_pkg) by extension 'ignore'
[0.180s] Level 1:colcon.colcon_core.package_identification:_identify(src/pc_pkg) by extension 'ignore_ament_install'
[0.180s] Level 1:colcon.colcon_core.package_identification:_identify(src/pc_pkg) by extensions ['colcon_pkg']
[0.180s] Level 1:colcon.colcon_core.package_identification:_identify(src/pc_pkg) by extension 'colcon_pkg'
[0.180s] Level 1:colcon.colcon_core.package_identification:_identify(src/pc_pkg) by extensions ['colcon_meta']
[0.180s] Level 1:colcon.colcon_core.package_identification:_identify(src/pc_pkg) by extension 'colcon_meta'
[0.180s] Level 1:colcon.colcon_core.package_identification:_identify(src/pc_pkg) by extensions ['ros']
[0.180s] Level 1:colcon.colcon_core.package_identification:_identify(src/pc_pkg) by extension 'ros'
[0.180s] DEBUG:colcon.colcon_core.package_identification:Package 'src/pc_pkg' with type 'ros.ament_cmake' and name 'pc_pkg'
[0.180s] Level 1:colcon.colcon_core.package_identification:_identify(src/wpr_simulation2) by extensions ['ignore', 'ignore_ament_install']
[0.180s] Level 1:colcon.colcon_core.package_identification:_identify(src/wpr_simulation2) by extension 'ignore'
[0.180s] Level 1:colcon.colcon_core.package_identification:_identify(src/wpr_simulation2) by extension 'ignore_ament_install'
[0.180s] Level 1:colcon.colcon_core.package_identification:_identify(src/wpr_simulation2) by extensions ['colcon_pkg']
[0.181s] Level 1:colcon.colcon_core.package_identification:_identify(src/wpr_simulation2) by extension 'colcon_pkg'
[0.181s] Level 1:colcon.colcon_core.package_identification:_identify(src/wpr_simulation2) by extensions ['colcon_meta']
[0.181s] Level 1:colcon.colcon_core.package_identification:_identify(src/wpr_simulation2) by extension 'colcon_meta'
[0.181s] Level 1:colcon.colcon_core.package_identification:_identify(src/wpr_simulation2) by extensions ['ros']
[0.181s] Level 1:colcon.colcon_core.package_identification:_identify(src/wpr_simulation2) by extension 'ros'
[0.182s] DEBUG:colcon.colcon_core.package_identification:Package 'src/wpr_simulation2' with type 'ros.ament_cmake' and name 'wpr_simulation2'
[0.182s] Level 1:colcon.colcon_core.package_discovery:discover_packages(recursive) using defaults
[0.182s] Level 1:colcon.colcon_core.package_discovery:discover_packages(ignore) discover
[0.182s] Level 1:colcon.colcon_core.package_discovery:discover_packages(ignore) using defaults
[0.182s] Level 1:colcon.colcon_core.package_discovery:discover_packages(path) discover
[0.182s] Level 1:colcon.colcon_core.package_discovery:discover_packages(path) using defaults
[0.195s] Level 1:colcon.colcon_core.package_discovery:discover_packages(prefix_path) check parameters
[0.195s] Level 1:colcon.colcon_core.package_discovery:discover_packages(prefix_path) discover
[0.196s] DEBUG:colcon.colcon_installed_package_information.package_discovery:Found 2 installed packages in /home/dan/Projects/Mobile-Robots/project2_lidar_mapping/prj2_ws/install
[0.196s] DEBUG:colcon.colcon_installed_package_information.package_discovery:Found 3 installed packages in /home/dan/Projects/Mobile-Robots/project3_path_planning/prj3_ws/install
[0.197s] DEBUG:colcon.colcon_installed_package_information.package_discovery:Found 369 installed packages in /opt/ros/humble
[0.198s] Level 1:colcon.colcon_core.package_discovery:discover_packages(prefix_path) using defaults
[0.222s] Level 5:colcon.colcon_core.verb:set package 'cv_pkg' build argument 'cmake_args' from command line to 'None'
[0.222s] Level 5:colcon.colcon_core.verb:set package 'cv_pkg' build argument 'cmake_target' from command line to 'None'
[0.222s] Level 5:colcon.colcon_core.verb:set package 'cv_pkg' build argument 'cmake_target_skip_unavailable' from command line to 'False'
[0.222s] Level 5:colcon.colcon_core.verb:set package 'cv_pkg' build argument 'cmake_clean_cache' from command line to 'False'
[0.222s] Level 5:colcon.colcon_core.verb:set package 'cv_pkg' build argument 'cmake_clean_first' from command line to 'False'
[0.222s] Level 5:colcon.colcon_core.verb:set package 'cv_pkg' build argument 'cmake_force_configure' from command line to 'False'
[0.222s] Level 5:colcon.colcon_core.verb:set package 'cv_pkg' build argument 'ament_cmake_args' from command line to 'None'
[0.222s] Level 5:colcon.colcon_core.verb:set package 'cv_pkg' build argument 'catkin_cmake_args' from command line to 'None'
[0.222s] Level 5:colcon.colcon_core.verb:set package 'cv_pkg' build argument 'catkin_skip_building_tests' from command line to 'False'
[0.222s] DEBUG:colcon.colcon_core.verb:Building package 'cv_pkg' with the following arguments: {'ament_cmake_args': None, 'build_base': '/home/dan/Projects/Mobile-Robots/project2_lidar_mapping/prj2_ws/build/cv_pkg', 'catkin_cmake_args': None, 'catkin_skip_building_tests': False, 'cmake_args': None, 'cmake_clean_cache': False, 'cmake_clean_first': False, 'cmake_force_configure': False, 'cmake_target': None, 'cmake_target_skip_unavailable': False, 'install_base': '/home/dan/Projects/Mobile-Robots/project2_lidar_mapping/prj2_ws/install/cv_pkg', 'merge_install': False, 'path': '/home/dan/Projects/Mobile-Robots/project2_lidar_mapping/prj2_ws/src/cv_pkg', 'symlink_install': False, 'test_result_base': None}
[0.223s] Level 5:colcon.colcon_core.verb:set package 'pc_pkg' build argument 'cmake_args' from command line to 'None'
[0.223s] Level 5:colcon.colcon_core.verb:set package 'pc_pkg' build argument 'cmake_target' from command line to 'None'
[0.223s] Level 5:colcon.colcon_core.verb:set package 'pc_pkg' build argument 'cmake_target_skip_unavailable' from command line to 'False'
[0.223s] Level 5:colcon.colcon_core.verb:set package 'pc_pkg' build argument 'cmake_clean_cache' from command line to 'False'
[0.223s] Level 5:colcon.colcon_core.verb:set package 'pc_pkg' build argument 'cmake_clean_first' from command line to 'False'
[0.223s] Level 5:colcon.colcon_core.verb:set package 'pc_pkg' build argument 'cmake_force_configure' from command line to 'False'
[0.223s] Level 5:colcon.colcon_core.verb:set package 'pc_pkg' build argument 'ament_cmake_args' from command line to 'None'
[0.223s] Level 5:colcon.colcon_core.verb:set package 'pc_pkg' build argument 'catkin_cmake_args' from command line to 'None'
[0.223s] Level 5:colcon.colcon_core.verb:set package 'pc_pkg' build argument 'catkin_skip_building_tests' from command line to 'False'
[0.223s] DEBUG:colcon.colcon_core.verb:Building package 'pc_pkg' with the following arguments: {'ament_cmake_args': None, 'build_base': '/home/dan/Projects/Mobile-Robots/project2_lidar_mapping/prj2_ws/build/pc_pkg', 'catkin_cmake_args': None, 'catkin_skip_building_tests': False, 'cmake_args': None, 'cmake_clean_cache': False, 'cmake_clean_first': False, 'cmake_force_configure': False, 'cmake_target': None, 'cmake_target_skip_unavailable': False, 'install_base': '/home/dan/Projects/Mobile-Robots/project2_lidar_mapping/prj2_ws/install/pc_pkg', 'merge_install': False, 'path': '/home/dan/Projects/Mobile-Robots/project2_lidar_mapping/prj2_ws/src/pc_pkg', 'symlink_install': False, 'test_result_base': None}
[0.223s] Level 5:colcon.colcon_core.verb:set package 'wpr_simulation2' build argument 'cmake_args' from command line to 'None'
[0.223s] Level 5:colcon.colcon_core.verb:set package 'wpr_simulation2' build argument 'cmake_target' from command line to 'None'
[0.223s] Level 5:colcon.colcon_core.verb:set package 'wpr_simulation2' build argument 'cmake_target_skip_unavailable' from command line to 'False'
[0.223s] Level 5:colcon.colcon_core.verb:set package 'wpr_simulation2' build argument 'cmake_clean_cache' from command line to 'False'
[0.223s] Level 5:colcon.colcon_core.verb:set package 'wpr_simulation2' build argument 'cmake_clean_first' from command line to 'False'
[0.223s] Level 5:colcon.colcon_core.verb:set package 'wpr_simulation2' build argument 'cmake_force_configure' from command line to 'False'
[0.223s] Level 5:colcon.colcon_core.verb:set package 'wpr_simulation2' build argument 'ament_cmake_args' from command line to 'None'
[0.223s] Level 5:colcon.colcon_core.verb:set package 'wpr_simulation2' build argument 'catkin_cmake_args' from command line to 'None'
[0.223s] Level 5:colcon.colcon_core.verb:set package 'wpr_simulation2' build argument 'catkin_skip_building_tests' from command line to 'False'
[0.223s] DEBUG:colcon.colcon_core.verb:Building package 'wpr_simulation2' with the following arguments: {'ament_cmake_args': None, 'build_base': '/home/dan/Projects/Mobile-Robots/project2_lidar_mapping/prj2_ws/build/wpr_simulation2', 'catkin_cmake_args': None, 'catkin_skip_building_tests': False, 'cmake_args': None, 'cmake_clean_cache': False, 'cmake_clean_first': False, 'cmake_force_configure': False, 'cmake_target': None, 'cmake_target_skip_unavailable': False, 'install_base': '/home/dan/Projects/Mobile-Robots/project2_lidar_mapping/prj2_ws/install/wpr_simulation2', 'merge_install': False, 'path': '/home/dan/Projects/Mobile-Robots/project2_lidar_mapping/prj2_ws/src/wpr_simulation2', 'symlink_install': False, 'test_result_base': None}
[0.223s] INFO:colcon.colcon_core.executor:Executing jobs using 'parallel' executor
[0.224s] DEBUG:colcon.colcon_parallel_executor.executor.parallel:run_until_complete
[0.224s] INFO:colcon.colcon_ros.task.ament_cmake.build:Building ROS package in '/home/dan/Projects/Mobile-Robots/project2_lidar_mapping/prj2_ws/src/cv_pkg' with build type 'ament_cmake'
[0.224s] INFO:colcon.colcon_cmake.task.cmake.build:Building CMake package in '/home/dan/Projects/Mobile-Robots/project2_lidar_mapping/prj2_ws/src/cv_pkg'
[0.225s] INFO:colcon.colcon_core.plugin_system:Skipping extension 'colcon_core.shell.bat': Not used on non-Windows systems
[0.225s] INFO:colcon.colcon_core.shell:Skip shell extension 'powershell' for command environment: Not usable outside of PowerShell
[0.225s] DEBUG:colcon.colcon_core.shell:Skip shell extension 'dsv' for command environment
[0.228s] INFO:colcon.colcon_ros.task.ament_cmake.build:Building ROS package in '/home/dan/Projects/Mobile-Robots/project2_lidar_mapping/prj2_ws/src/pc_pkg' with build type 'ament_cmake'
[0.228s] INFO:colcon.colcon_cmake.task.cmake.build:Building CMake package in '/home/dan/Projects/Mobile-Robots/project2_lidar_mapping/prj2_ws/src/pc_pkg'
[0.228s] INFO:colcon.colcon_core.shell:Skip shell extension 'powershell' for command environment: Not usable outside of PowerShell
[0.228s] DEBUG:colcon.colcon_core.shell:Skip shell extension 'dsv' for command environment
[0.230s] INFO:colcon.colcon_ros.task.ament_cmake.build:Building ROS package in '/home/dan/Projects/Mobile-Robots/project2_lidar_mapping/prj2_ws/src/wpr_simulation2' with build type 'ament_cmake'
[0.230s] INFO:colcon.colcon_cmake.task.cmake.build:Building CMake package in '/home/dan/Projects/Mobile-Robots/project2_lidar_mapping/prj2_ws/src/wpr_simulation2'
[0.230s] INFO:colcon.colcon_core.shell:Skip shell extension 'powershell' for command environment: Not usable outside of PowerShell
[0.230s] DEBUG:colcon.colcon_core.shell:Skip shell extension 'dsv' for command environment
[0.237s] DEBUG:colcon.colcon_core.event_handler.log_command:Invoking command in '/home/dan/Projects/Mobile-Robots/project2_lidar_mapping/prj2_ws/build/cv_pkg': CMAKE_PREFIX_PATH=${CMAKE_PREFIX_PATH}:/opt/ros/humble /usr/bin/cmake --build /home/dan/Projects/Mobile-Robots/project2_lidar_mapping/prj2_ws/build/cv_pkg -- -j8 -l8
[0.240s] DEBUG:colcon.colcon_core.event_handler.log_command:Invoking command in '/home/dan/Projects/Mobile-Robots/project2_lidar_mapping/prj2_ws/build/pc_pkg': CMAKE_PREFIX_PATH=${CMAKE_PREFIX_PATH}:/opt/ros/humble /usr/bin/cmake --build /home/dan/Projects/Mobile-Robots/project2_lidar_mapping/prj2_ws/build/pc_pkg -- -j8 -l8
[0.242s] DEBUG:colcon.colcon_core.event_handler.log_command:Invoking command in '/home/dan/Projects/Mobile-Robots/project2_lidar_mapping/prj2_ws/build/wpr_simulation2': CMAKE_PREFIX_PATH=${CMAKE_PREFIX_PATH}:/opt/ros/humble /usr/bin/cmake /home/dan/Projects/Mobile-Robots/project2_lidar_mapping/prj2_ws/src/wpr_simulation2 -DCMAKE_INSTALL_PREFIX=/home/dan/Projects/Mobile-Robots/project2_lidar_mapping/prj2_ws/install/wpr_simulation2
[0.295s] DEBUG:colcon.colcon_core.event_handler.log_command:Invoked command in '/home/dan/Projects/Mobile-Robots/project2_lidar_mapping/prj2_ws/build/cv_pkg' returned '0': CMAKE_PREFIX_PATH=${CMAKE_PREFIX_PATH}:/opt/ros/humble /usr/bin/cmake --build /home/dan/Projects/Mobile-Robots/project2_lidar_mapping/prj2_ws/build/cv_pkg -- -j8 -l8
[0.303s] DEBUG:colcon.colcon_core.event_handler.log_command:Invoking command in '/home/dan/Projects/Mobile-Robots/project2_lidar_mapping/prj2_ws/build/cv_pkg': CMAKE_PREFIX_PATH=${CMAKE_PREFIX_PATH}:/opt/ros/humble /usr/bin/cmake --install /home/dan/Projects/Mobile-Robots/project2_lidar_mapping/prj2_ws/build/cv_pkg
[0.310s] DEBUG:colcon.colcon_core.event_handler.log_command:Invoked command in '/home/dan/Projects/Mobile-Robots/project2_lidar_mapping/prj2_ws/build/pc_pkg' returned '0': CMAKE_PREFIX_PATH=${CMAKE_PREFIX_PATH}:/opt/ros/humble /usr/bin/cmake --build /home/dan/Projects/Mobile-Robots/project2_lidar_mapping/prj2_ws/build/pc_pkg -- -j8 -l8
[0.311s] DEBUG:colcon.colcon_core.event_handler.log_command:Invoking command in '/home/dan/Projects/Mobile-Robots/project2_lidar_mapping/prj2_ws/build/pc_pkg': CMAKE_PREFIX_PATH=${CMAKE_PREFIX_PATH}:/opt/ros/humble /usr/bin/cmake --install /home/dan/Projects/Mobile-Robots/project2_lidar_mapping/prj2_ws/build/pc_pkg
[0.312s] Level 1:colcon.colcon_core.environment:create_environment_scripts_only(cv_pkg)
[0.313s] DEBUG:colcon.colcon_core.event_handler.log_command:Invoked command in '/home/dan/Projects/Mobile-Robots/project2_lidar_mapping/prj2_ws/build/cv_pkg' returned '0': CMAKE_PREFIX_PATH=${CMAKE_PREFIX_PATH}:/opt/ros/humble /usr/bin/cmake --install /home/dan/Projects/Mobile-Robots/project2_lidar_mapping/prj2_ws/build/cv_pkg
[0.314s] Level 1:colcon.colcon_core.environment:checking '/home/dan/Projects/Mobile-Robots/project2_lidar_mapping/prj2_ws/install/cv_pkg' for CMake module files
[0.314s] Level 1:colcon.colcon_core.environment:checking '/home/dan/Projects/Mobile-Robots/project2_lidar_mapping/prj2_ws/install/cv_pkg' for CMake config files
[0.314s] Level 1:colcon.colcon_core.shell:create_environment_hook('cv_pkg', 'cmake_prefix_path')
[0.314s] INFO:colcon.colcon_core.shell:Creating environment hook '/home/dan/Projects/Mobile-Robots/project2_lidar_mapping/prj2_ws/install/cv_pkg/share/cv_pkg/hook/cmake_prefix_path.ps1'
[0.315s] INFO:colcon.colcon_core.shell:Creating environment descriptor '/home/dan/Projects/Mobile-Robots/project2_lidar_mapping/prj2_ws/install/cv_pkg/share/cv_pkg/hook/cmake_prefix_path.dsv'
[0.316s] INFO:colcon.colcon_core.shell:Creating environment hook '/home/dan/Projects/Mobile-Robots/project2_lidar_mapping/prj2_ws/install/cv_pkg/share/cv_pkg/hook/cmake_prefix_path.sh'
[0.316s] Level 1:colcon.colcon_core.environment:checking '/home/dan/Projects/Mobile-Robots/project2_lidar_mapping/prj2_ws/install/cv_pkg/lib'
[0.316s] Level 1:colcon.colcon_core.environment:checking '/home/dan/Projects/Mobile-Robots/project2_lidar_mapping/prj2_ws/install/cv_pkg/bin'
[0.317s] Level 1:colcon.colcon_core.environment:checking '/home/dan/Projects/Mobile-Robots/project2_lidar_mapping/prj2_ws/install/cv_pkg/lib/pkgconfig/cv_pkg.pc'
[0.317s] Level 1:colcon.colcon_core.environment:checking '/home/dan/Projects/Mobile-Robots/project2_lidar_mapping/prj2_ws/install/cv_pkg/lib/python3.10/site-packages'
[0.317s] Level 1:colcon.colcon_core.environment:checking '/home/dan/Projects/Mobile-Robots/project2_lidar_mapping/prj2_ws/install/cv_pkg/bin'
[0.317s] INFO:colcon.colcon_core.shell:Creating package script '/home/dan/Projects/Mobile-Robots/project2_lidar_mapping/prj2_ws/install/cv_pkg/share/cv_pkg/package.ps1'
[0.318s] INFO:colcon.colcon_core.shell:Creating package descriptor '/home/dan/Projects/Mobile-Robots/project2_lidar_mapping/prj2_ws/install/cv_pkg/share/cv_pkg/package.dsv'
[0.319s] INFO:colcon.colcon_core.shell:Creating package script '/home/dan/Projects/Mobile-Robots/project2_lidar_mapping/prj2_ws/install/cv_pkg/share/cv_pkg/package.sh'
[0.319s] INFO:colcon.colcon_core.shell:Creating package script '/home/dan/Projects/Mobile-Robots/project2_lidar_mapping/prj2_ws/install/cv_pkg/share/cv_pkg/package.bash'
[0.319s] INFO:colcon.colcon_core.shell:Creating package script '/home/dan/Projects/Mobile-Robots/project2_lidar_mapping/prj2_ws/install/cv_pkg/share/cv_pkg/package.zsh'
[0.320s] Level 1:colcon.colcon_core.environment:create_file_with_runtime_dependencies(/home/dan/Projects/Mobile-Robots/project2_lidar_mapping/prj2_ws/install/cv_pkg/share/colcon-core/packages/cv_pkg)
[0.320s] Level 1:colcon.colcon_core.environment:create_environment_scripts_only(cv_pkg)
[0.320s] Level 1:colcon.colcon_core.environment:checking '/home/dan/Projects/Mobile-Robots/project2_lidar_mapping/prj2_ws/install/cv_pkg' for CMake module files
[0.321s] Level 1:colcon.colcon_core.environment:checking '/home/dan/Projects/Mobile-Robots/project2_lidar_mapping/prj2_ws/install/cv_pkg' for CMake config files
[0.321s] Level 1:colcon.colcon_core.shell:create_environment_hook('cv_pkg', 'cmake_prefix_path')
[0.321s] INFO:colcon.colcon_core.shell:Creating environment hook '/home/dan/Projects/Mobile-Robots/project2_lidar_mapping/prj2_ws/install/cv_pkg/share/cv_pkg/hook/cmake_prefix_path.ps1'
[0.321s] INFO:colcon.colcon_core.shell:Creating environment descriptor '/home/dan/Projects/Mobile-Robots/project2_lidar_mapping/prj2_ws/install/cv_pkg/share/cv_pkg/hook/cmake_prefix_path.dsv'
[0.321s] INFO:colcon.colcon_core.shell:Creating environment hook '/home/dan/Projects/Mobile-Robots/project2_lidar_mapping/prj2_ws/install/cv_pkg/share/cv_pkg/hook/cmake_prefix_path.sh'
[0.322s] Level 1:colcon.colcon_core.environment:checking '/home/dan/Projects/Mobile-Robots/project2_lidar_mapping/prj2_ws/install/cv_pkg/lib'
[0.322s] Level 1:colcon.colcon_core.environment:checking '/home/dan/Projects/Mobile-Robots/project2_lidar_mapping/prj2_ws/install/cv_pkg/bin'
[0.322s] Level 1:colcon.colcon_core.environment:checking '/home/dan/Projects/Mobile-Robots/project2_lidar_mapping/prj2_ws/install/cv_pkg/lib/pkgconfig/cv_pkg.pc'
[0.322s] Level 1:colcon.colcon_core.environment:checking '/home/dan/Projects/Mobile-Robots/project2_lidar_mapping/prj2_ws/install/cv_pkg/lib/python3.10/site-packages'
[0.322s] Level 1:colcon.colcon_core.environment:checking '/home/dan/Projects/Mobile-Robots/project2_lidar_mapping/prj2_ws/install/cv_pkg/bin'
[0.322s] INFO:colcon.colcon_core.shell:Creating package script '/home/dan/Projects/Mobile-Robots/project2_lidar_mapping/prj2_ws/install/cv_pkg/share/cv_pkg/package.ps1'
[0.323s] INFO:colcon.colcon_core.shell:Creating package descriptor '/home/dan/Projects/Mobile-Robots/project2_lidar_mapping/prj2_ws/install/cv_pkg/share/cv_pkg/package.dsv'
[0.323s] INFO:colcon.colcon_core.shell:Creating package script '/home/dan/Projects/Mobile-Robots/project2_lidar_mapping/prj2_ws/install/cv_pkg/share/cv_pkg/package.sh'
[0.323s] INFO:colcon.colcon_core.shell:Creating package script '/home/dan/Projects/Mobile-Robots/project2_lidar_mapping/prj2_ws/install/cv_pkg/share/cv_pkg/package.bash'
[0.324s] INFO:colcon.colcon_core.shell:Creating package script '/home/dan/Projects/Mobile-Robots/project2_lidar_mapping/prj2_ws/install/cv_pkg/share/cv_pkg/package.zsh'
[0.324s] Level 1:colcon.colcon_core.environment:create_file_with_runtime_dependencies(/home/dan/Projects/Mobile-Robots/project2_lidar_mapping/prj2_ws/install/cv_pkg/share/colcon-core/packages/cv_pkg)
[0.325s] Level 1:colcon.colcon_core.environment:create_environment_scripts_only(pc_pkg)
[0.325s] Level 1:colcon.colcon_core.environment:checking '/home/dan/Projects/Mobile-Robots/project2_lidar_mapping/prj2_ws/install/pc_pkg' for CMake module files
[0.325s] DEBUG:colcon.colcon_core.event_handler.log_command:Invoked command in '/home/dan/Projects/Mobile-Robots/project2_lidar_mapping/prj2_ws/build/pc_pkg' returned '0': CMAKE_PREFIX_PATH=${CMAKE_PREFIX_PATH}:/opt/ros/humble /usr/bin/cmake --install /home/dan/Projects/Mobile-Robots/project2_lidar_mapping/prj2_ws/build/pc_pkg
[0.325s] Level 1:colcon.colcon_core.environment:checking '/home/dan/Projects/Mobile-Robots/project2_lidar_mapping/prj2_ws/install/pc_pkg' for CMake config files
[0.325s] Level 1:colcon.colcon_core.shell:create_environment_hook('pc_pkg', 'cmake_prefix_path')
[0.326s] INFO:colcon.colcon_core.shell:Creating environment hook '/home/dan/Projects/Mobile-Robots/project2_lidar_mapping/prj2_ws/install/pc_pkg/share/pc_pkg/hook/cmake_prefix_path.ps1'
[0.326s] INFO:colcon.colcon_core.shell:Creating environment descriptor '/home/dan/Projects/Mobile-Robots/project2_lidar_mapping/prj2_ws/install/pc_pkg/share/pc_pkg/hook/cmake_prefix_path.dsv'
[0.326s] INFO:colcon.colcon_core.shell:Creating environment hook '/home/dan/Projects/Mobile-Robots/project2_lidar_mapping/prj2_ws/install/pc_pkg/share/pc_pkg/hook/cmake_prefix_path.sh'
[0.326s] Level 1:colcon.colcon_core.environment:checking '/home/dan/Projects/Mobile-Robots/project2_lidar_mapping/prj2_ws/install/pc_pkg/lib'
[0.326s] Level 1:colcon.colcon_core.environment:checking '/home/dan/Projects/Mobile-Robots/project2_lidar_mapping/prj2_ws/install/pc_pkg/bin'
[0.326s] Level 1:colcon.colcon_core.environment:checking '/home/dan/Projects/Mobile-Robots/project2_lidar_mapping/prj2_ws/install/pc_pkg/lib/pkgconfig/pc_pkg.pc'
[0.327s] Level 1:colcon.colcon_core.environment:checking '/home/dan/Projects/Mobile-Robots/project2_lidar_mapping/prj2_ws/install/pc_pkg/lib/python3.10/site-packages'
[0.327s] Level 1:colcon.colcon_core.environment:checking '/home/dan/Projects/Mobile-Robots/project2_lidar_mapping/prj2_ws/install/pc_pkg/bin'
[0.327s] INFO:colcon.colcon_core.shell:Creating package script '/home/dan/Projects/Mobile-Robots/project2_lidar_mapping/prj2_ws/install/pc_pkg/share/pc_pkg/package.ps1'
[0.327s] INFO:colcon.colcon_core.shell:Creating package descriptor '/home/dan/Projects/Mobile-Robots/project2_lidar_mapping/prj2_ws/install/pc_pkg/share/pc_pkg/package.dsv'
[0.327s] INFO:colcon.colcon_core.shell:Creating package script '/home/dan/Projects/Mobile-Robots/project2_lidar_mapping/prj2_ws/install/pc_pkg/share/pc_pkg/package.sh'
[0.328s] INFO:colcon.colcon_core.shell:Creating package script '/home/dan/Projects/Mobile-Robots/project2_lidar_mapping/prj2_ws/install/pc_pkg/share/pc_pkg/package.bash'
[0.328s] INFO:colcon.colcon_core.shell:Creating package script '/home/dan/Projects/Mobile-Robots/project2_lidar_mapping/prj2_ws/install/pc_pkg/share/pc_pkg/package.zsh'
[0.328s] Level 1:colcon.colcon_core.environment:create_file_with_runtime_dependencies(/home/dan/Projects/Mobile-Robots/project2_lidar_mapping/prj2_ws/install/pc_pkg/share/colcon-core/packages/pc_pkg)
[0.328s] Level 1:colcon.colcon_core.environment:create_environment_scripts_only(pc_pkg)
[0.329s] Level 1:colcon.colcon_core.environment:checking '/home/dan/Projects/Mobile-Robots/project2_lidar_mapping/prj2_ws/install/pc_pkg' for CMake module files
[0.329s] Level 1:colcon.colcon_core.environment:checking '/home/dan/Projects/Mobile-Robots/project2_lidar_mapping/prj2_ws/install/pc_pkg' for CMake config files
[0.329s] Level 1:colcon.colcon_core.shell:create_environment_hook('pc_pkg', 'cmake_prefix_path')
[0.329s] INFO:colcon.colcon_core.shell:Creating environment hook '/home/dan/Projects/Mobile-Robots/project2_lidar_mapping/prj2_ws/install/pc_pkg/share/pc_pkg/hook/cmake_prefix_path.ps1'
[0.330s] INFO:colcon.colcon_core.shell:Creating environment descriptor '/home/dan/Projects/Mobile-Robots/project2_lidar_mapping/prj2_ws/install/pc_pkg/share/pc_pkg/hook/cmake_prefix_path.dsv'
[0.330s] INFO:colcon.colcon_core.shell:Creating environment hook '/home/dan/Projects/Mobile-Robots/project2_lidar_mapping/prj2_ws/install/pc_pkg/share/pc_pkg/hook/cmake_prefix_path.sh'
[0.331s] Level 1:colcon.colcon_core.environment:checking '/home/dan/Projects/Mobile-Robots/project2_lidar_mapping/prj2_ws/install/pc_pkg/lib'
[0.331s] Level 1:colcon.colcon_core.environment:checking '/home/dan/Projects/Mobile-Robots/project2_lidar_mapping/prj2_ws/install/pc_pkg/bin'
[0.331s] Level 1:colcon.colcon_core.environment:checking '/home/dan/Projects/Mobile-Robots/project2_lidar_mapping/prj2_ws/install/pc_pkg/lib/pkgconfig/pc_pkg.pc'
[0.331s] Level 1:colcon.colcon_core.environment:checking '/home/dan/Projects/Mobile-Robots/project2_lidar_mapping/prj2_ws/install/pc_pkg/lib/python3.10/site-packages'
[0.331s] Level 1:colcon.colcon_core.environment:checking '/home/dan/Projects/Mobile-Robots/project2_lidar_mapping/prj2_ws/install/pc_pkg/bin'
[0.332s] INFO:colcon.colcon_core.shell:Creating package script '/home/dan/Projects/Mobile-Robots/project2_lidar_mapping/prj2_ws/install/pc_pkg/share/pc_pkg/package.ps1'
[0.332s] INFO:colcon.colcon_core.shell:Creating package descriptor '/home/dan/Projects/Mobile-Robots/project2_lidar_mapping/prj2_ws/install/pc_pkg/share/pc_pkg/package.dsv'
[0.333s] INFO:colcon.colcon_core.shell:Creating package script '/home/dan/Projects/Mobile-Robots/project2_lidar_mapping/prj2_ws/install/pc_pkg/share/pc_pkg/package.sh'
[0.333s] INFO:colcon.colcon_core.shell:Creating package script '/home/dan/Projects/Mobile-Robots/project2_lidar_mapping/prj2_ws/install/pc_pkg/share/pc_pkg/package.bash'
[0.333s] INFO:colcon.colcon_core.shell:Creating package script '/home/dan/Projects/Mobile-Robots/project2_lidar_mapping/prj2_ws/install/pc_pkg/share/pc_pkg/package.zsh'
[0.333s] Level 1:colcon.colcon_core.environment:create_file_with_runtime_dependencies(/home/dan/Projects/Mobile-Robots/project2_lidar_mapping/prj2_ws/install/pc_pkg/share/colcon-core/packages/pc_pkg)
[3.214s] DEBUG:colcon.colcon_core.event_handler.log_command:Invoked command in '/home/dan/Projects/Mobile-Robots/project2_lidar_mapping/prj2_ws/build/wpr_simulation2' returned '0': CMAKE_PREFIX_PATH=${CMAKE_PREFIX_PATH}:/opt/ros/humble /usr/bin/cmake /home/dan/Projects/Mobile-Robots/project2_lidar_mapping/prj2_ws/src/wpr_simulation2 -DCMAKE_INSTALL_PREFIX=/home/dan/Projects/Mobile-Robots/project2_lidar_mapping/prj2_ws/install/wpr_simulation2
[3.215s] DEBUG:colcon.colcon_core.event_handler.log_command:Invoking command in '/home/dan/Projects/Mobile-Robots/project2_lidar_mapping/prj2_ws/build/wpr_simulation2': CMAKE_PREFIX_PATH=${CMAKE_PREFIX_PATH}:/opt/ros/humble /usr/bin/cmake --build /home/dan/Projects/Mobile-Robots/project2_lidar_mapping/prj2_ws/build/wpr_simulation2 -- -j8 -l8
[39.892s] DEBUG:colcon.colcon_core.event_handler.log_command:Invoked command in '/home/dan/Projects/Mobile-Robots/project2_lidar_mapping/prj2_ws/build/wpr_simulation2' returned '0': CMAKE_PREFIX_PATH=${CMAKE_PREFIX_PATH}:/opt/ros/humble /usr/bin/cmake --build /home/dan/Projects/Mobile-Robots/project2_lidar_mapping/prj2_ws/build/wpr_simulation2 -- -j8 -l8
[39.894s] DEBUG:colcon.colcon_core.event_handler.log_command:Invoking command in '/home/dan/Projects/Mobile-Robots/project2_lidar_mapping/prj2_ws/build/wpr_simulation2': CMAKE_PREFIX_PATH=${CMAKE_PREFIX_PATH}:/opt/ros/humble /usr/bin/cmake --install /home/dan/Projects/Mobile-Robots/project2_lidar_mapping/prj2_ws/build/wpr_simulation2
[40.000s] Level 1:colcon.colcon_core.environment:create_environment_scripts_only(wpr_simulation2)
[40.000s] Level 1:colcon.colcon_core.environment:checking '/home/dan/Projects/Mobile-Robots/project2_lidar_mapping/prj2_ws/install/wpr_simulation2' for CMake module files
[40.001s] DEBUG:colcon.colcon_core.event_handler.log_command:Invoked command in '/home/dan/Projects/Mobile-Robots/project2_lidar_mapping/prj2_ws/build/wpr_simulation2' returned '0': CMAKE_PREFIX_PATH=${CMAKE_PREFIX_PATH}:/opt/ros/humble /usr/bin/cmake --install /home/dan/Projects/Mobile-Robots/project2_lidar_mapping/prj2_ws/build/wpr_simulation2
[40.001s] Level 1:colcon.colcon_core.environment:checking '/home/dan/Projects/Mobile-Robots/project2_lidar_mapping/prj2_ws/install/wpr_simulation2' for CMake config files
[40.001s] Level 1:colcon.colcon_core.shell:create_environment_hook('wpr_simulation2', 'cmake_prefix_path')
[40.002s] INFO:colcon.colcon_core.shell:Creating environment hook '/home/dan/Projects/Mobile-Robots/project2_lidar_mapping/prj2_ws/install/wpr_simulation2/share/wpr_simulation2/hook/cmake_prefix_path.ps1'
[40.002s] INFO:colcon.colcon_core.shell:Creating environment descriptor '/home/dan/Projects/Mobile-Robots/project2_lidar_mapping/prj2_ws/install/wpr_simulation2/share/wpr_simulation2/hook/cmake_prefix_path.dsv'
[40.002s] INFO:colcon.colcon_core.shell:Creating environment hook '/home/dan/Projects/Mobile-Robots/project2_lidar_mapping/prj2_ws/install/wpr_simulation2/share/wpr_simulation2/hook/cmake_prefix_path.sh'
[40.002s] Level 1:colcon.colcon_core.environment:checking '/home/dan/Projects/Mobile-Robots/project2_lidar_mapping/prj2_ws/install/wpr_simulation2/lib'
[40.002s] Level 1:colcon.colcon_core.shell:create_environment_hook('wpr_simulation2', 'ld_library_path_lib')
[40.003s] INFO:colcon.colcon_core.shell:Creating environment hook '/home/dan/Projects/Mobile-Robots/project2_lidar_mapping/prj2_ws/install/wpr_simulation2/share/wpr_simulation2/hook/ld_library_path_lib.ps1'
[40.003s] INFO:colcon.colcon_core.shell:Creating environment descriptor '/home/dan/Projects/Mobile-Robots/project2_lidar_mapping/prj2_ws/install/wpr_simulation2/share/wpr_simulation2/hook/ld_library_path_lib.dsv'
[40.003s] INFO:colcon.colcon_core.shell:Creating environment hook '/home/dan/Projects/Mobile-Robots/project2_lidar_mapping/prj2_ws/install/wpr_simulation2/share/wpr_simulation2/hook/ld_library_path_lib.sh'
[40.003s] Level 1:colcon.colcon_core.environment:checking '/home/dan/Projects/Mobile-Robots/project2_lidar_mapping/prj2_ws/install/wpr_simulation2/bin'
[40.003s] Level 1:colcon.colcon_core.environment:checking '/home/dan/Projects/Mobile-Robots/project2_lidar_mapping/prj2_ws/install/wpr_simulation2/lib/pkgconfig/wpr_simulation2.pc'
[40.003s] Level 1:colcon.colcon_core.environment:checking '/home/dan/Projects/Mobile-Robots/project2_lidar_mapping/prj2_ws/install/wpr_simulation2/lib/python3.10/site-packages'
[40.004s] Level 1:colcon.colcon_core.environment:checking '/home/dan/Projects/Mobile-Robots/project2_lidar_mapping/prj2_ws/install/wpr_simulation2/bin'
[40.004s] INFO:colcon.colcon_core.shell:Creating package script '/home/dan/Projects/Mobile-Robots/project2_lidar_mapping/prj2_ws/install/wpr_simulation2/share/wpr_simulation2/package.ps1'
[40.004s] INFO:colcon.colcon_core.shell:Creating package descriptor '/home/dan/Projects/Mobile-Robots/project2_lidar_mapping/prj2_ws/install/wpr_simulation2/share/wpr_simulation2/package.dsv'
[40.004s] INFO:colcon.colcon_core.shell:Creating package script '/home/dan/Projects/Mobile-Robots/project2_lidar_mapping/prj2_ws/install/wpr_simulation2/share/wpr_simulation2/package.sh'
[40.005s] INFO:colcon.colcon_core.shell:Creating package script '/home/dan/Projects/Mobile-Robots/project2_lidar_mapping/prj2_ws/install/wpr_simulation2/share/wpr_simulation2/package.bash'
[40.005s] INFO:colcon.colcon_core.shell:Creating package script '/home/dan/Projects/Mobile-Robots/project2_lidar_mapping/prj2_ws/install/wpr_simulation2/share/wpr_simulation2/package.zsh'
[40.005s] Level 1:colcon.colcon_core.environment:create_file_with_runtime_dependencies(/home/dan/Projects/Mobile-Robots/project2_lidar_mapping/prj2_ws/install/wpr_simulation2/share/colcon-core/packages/wpr_simulation2)
[40.005s] Level 1:colcon.colcon_core.environment:create_environment_scripts_only(wpr_simulation2)
[40.006s] Level 1:colcon.colcon_core.environment:checking '/home/dan/Projects/Mobile-Robots/project2_lidar_mapping/prj2_ws/install/wpr_simulation2' for CMake module files
[40.006s] Level 1:colcon.colcon_core.environment:checking '/home/dan/Projects/Mobile-Robots/project2_lidar_mapping/prj2_ws/install/wpr_simulation2' for CMake config files
[40.006s] Level 1:colcon.colcon_core.shell:create_environment_hook('wpr_simulation2', 'cmake_prefix_path')
[40.006s] INFO:colcon.colcon_core.shell:Creating environment hook '/home/dan/Projects/Mobile-Robots/project2_lidar_mapping/prj2_ws/install/wpr_simulation2/share/wpr_simulation2/hook/cmake_prefix_path.ps1'
[40.007s] INFO:colcon.colcon_core.shell:Creating environment descriptor '/home/dan/Projects/Mobile-Robots/project2_lidar_mapping/prj2_ws/install/wpr_simulation2/share/wpr_simulation2/hook/cmake_prefix_path.dsv'
[40.007s] INFO:colcon.colcon_core.shell:Creating environment hook '/home/dan/Projects/Mobile-Robots/project2_lidar_mapping/prj2_ws/install/wpr_simulation2/share/wpr_simulation2/hook/cmake_prefix_path.sh'
[40.007s] Level 1:colcon.colcon_core.environment:checking '/home/dan/Projects/Mobile-Robots/project2_lidar_mapping/prj2_ws/install/wpr_simulation2/lib'
[40.007s] Level 1:colcon.colcon_core.shell:create_environment_hook('wpr_simulation2', 'ld_library_path_lib')
[40.007s] INFO:colcon.colcon_core.shell:Creating environment hook '/home/dan/Projects/Mobile-Robots/project2_lidar_mapping/prj2_ws/install/wpr_simulation2/share/wpr_simulation2/hook/ld_library_path_lib.ps1'
[40.007s] INFO:colcon.colcon_core.shell:Creating environment descriptor '/home/dan/Projects/Mobile-Robots/project2_lidar_mapping/prj2_ws/install/wpr_simulation2/share/wpr_simulation2/hook/ld_library_path_lib.dsv'
[40.008s] INFO:colcon.colcon_core.shell:Creating environment hook '/home/dan/Projects/Mobile-Robots/project2_lidar_mapping/prj2_ws/install/wpr_simulation2/share/wpr_simulation2/hook/ld_library_path_lib.sh'
[40.008s] Level 1:colcon.colcon_core.environment:checking '/home/dan/Projects/Mobile-Robots/project2_lidar_mapping/prj2_ws/install/wpr_simulation2/bin'
[40.008s] Level 1:colcon.colcon_core.environment:checking '/home/dan/Projects/Mobile-Robots/project2_lidar_mapping/prj2_ws/install/wpr_simulation2/lib/pkgconfig/wpr_simulation2.pc'
[40.008s] Level 1:colcon.colcon_core.environment:checking '/home/dan/Projects/Mobile-Robots/project2_lidar_mapping/prj2_ws/install/wpr_simulation2/lib/python3.10/site-packages'
[40.008s] Level 1:colcon.colcon_core.environment:checking '/home/dan/Projects/Mobile-Robots/project2_lidar_mapping/prj2_ws/install/wpr_simulation2/bin'
[40.008s] INFO:colcon.colcon_core.shell:Creating package script '/home/dan/Projects/Mobile-Robots/project2_lidar_mapping/prj2_ws/install/wpr_simulation2/share/wpr_simulation2/package.ps1'
[40.009s] INFO:colcon.colcon_core.shell:Creating package descriptor '/home/dan/Projects/Mobile-Robots/project2_lidar_mapping/prj2_ws/install/wpr_simulation2/share/wpr_simulation2/package.dsv'
[40.009s] INFO:colcon.colcon_core.shell:Creating package script '/home/dan/Projects/Mobile-Robots/project2_lidar_mapping/prj2_ws/install/wpr_simulation2/share/wpr_simulation2/package.sh'
[40.009s] INFO:colcon.colcon_core.shell:Creating package script '/home/dan/Projects/Mobile-Robots/project2_lidar_mapping/prj2_ws/install/wpr_simulation2/share/wpr_simulation2/package.bash'
[40.009s] INFO:colcon.colcon_core.shell:Creating package script '/home/dan/Projects/Mobile-Robots/project2_lidar_mapping/prj2_ws/install/wpr_simulation2/share/wpr_simulation2/package.zsh'
[40.009s] Level 1:colcon.colcon_core.environment:create_file_with_runtime_dependencies(/home/dan/Projects/Mobile-Robots/project2_lidar_mapping/prj2_ws/install/wpr_simulation2/share/colcon-core/packages/wpr_simulation2)
[40.010s] DEBUG:colcon.colcon_parallel_executor.executor.parallel:closing loop
[40.010s] DEBUG:colcon.colcon_parallel_executor.executor.parallel:loop closed
[40.010s] DEBUG:colcon.colcon_parallel_executor.executor.parallel:run_until_complete finished with '0'
[40.010s] DEBUG:colcon.colcon_core.event_reactor:joining thread
[40.013s] INFO:colcon.colcon_core.plugin_system:Skipping extension 'colcon_notification.desktop_notification.terminal_notifier': Not used on non-Darwin systems
[40.013s] INFO:colcon.colcon_core.plugin_system:Skipping extension 'colcon_notification.desktop_notification.win32': Not used on non-Windows systems
[40.013s] INFO:colcon.colcon_notification.desktop_notification:Sending desktop notification using 'notify2'
[40.022s] DEBUG:colcon.colcon_core.event_reactor:joined thread
[40.022s] INFO:colcon.colcon_core.shell:Creating prefix script '/home/dan/Projects/Mobile-Robots/project2_lidar_mapping/prj2_ws/install/local_setup.ps1'
[40.024s] INFO:colcon.colcon_core.shell:Creating prefix util module '/home/dan/Projects/Mobile-Robots/project2_lidar_mapping/prj2_ws/install/_local_setup_util_ps1.py'
[40.026s] INFO:colcon.colcon_core.shell:Creating prefix chain script '/home/dan/Projects/Mobile-Robots/project2_lidar_mapping/prj2_ws/install/setup.ps1'
[40.027s] INFO:colcon.colcon_core.shell:Creating prefix script '/home/dan/Projects/Mobile-Robots/project2_lidar_mapping/prj2_ws/install/local_setup.sh'
[40.027s] INFO:colcon.colcon_core.shell:Creating prefix util module '/home/dan/Projects/Mobile-Robots/project2_lidar_mapping/prj2_ws/install/_local_setup_util_sh.py'
[40.028s] INFO:colcon.colcon_core.shell:Creating prefix chain script '/home/dan/Projects/Mobile-Robots/project2_lidar_mapping/prj2_ws/install/setup.sh'
[40.028s] INFO:colcon.colcon_core.shell:Creating prefix script '/home/dan/Projects/Mobile-Robots/project2_lidar_mapping/prj2_ws/install/local_setup.bash'
[40.029s] INFO:colcon.colcon_core.shell:Creating prefix chain script '/home/dan/Projects/Mobile-Robots/project2_lidar_mapping/prj2_ws/install/setup.bash'
[40.029s] INFO:colcon.colcon_core.shell:Creating prefix script '/home/dan/Projects/Mobile-Robots/project2_lidar_mapping/prj2_ws/install/local_setup.zsh'
[40.030s] INFO:colcon.colcon_core.shell:Creating prefix chain script '/home/dan/Projects/Mobile-Robots/project2_lidar_mapping/prj2_ws/install/setup.zsh'
