[0.009s] Invoking command in '/home/dan/Projects/Mobile-Robots/project3_path_planning/prj3_ws/build/imu_pkg': CMAKE_PREFIX_PATH=/opt/ros/humble /usr/bin/cmake /home/dan/Projects/Mobile-Robots/project3_path_planning/prj3_ws/src/imu_pkg -DCMAKE_INSTALL_PREFIX=/home/dan/Projects/Mobile-Robots/project3_path_planning/prj3_ws/install/imu_pkg
[0.048s] -- The C compiler identification is GNU 11.4.0
[0.083s] -- The CXX compiler identification is GNU 11.4.0
[0.088s] -- Detecting C compiler ABI info
[0.139s] -- Detecting C compiler ABI info - done
[0.147s] -- Check for working C compiler: /usr/bin/cc - skipped
[0.147s] -- Detecting C compile features
[0.148s] -- Detecting C compile features - done
[0.151s] -- Detecting CXX compiler ABI info
[0.204s] -- Detecting CXX compiler ABI info - done
[0.212s] -- Check for working CXX compiler: /usr/bin/c++ - skipped
[0.212s] -- Detecting CXX compile features
[0.213s] -- Detecting CXX compile features - done
[0.215s] -- Found ament_cmake: 1.3.11 (/opt/ros/humble/share/ament_cmake/cmake)
[0.313s] -- Found Python3: /usr/bin/python3 (found version "3.10.12") found components: Interpreter 
[0.372s] -- Found rclcpp: 16.0.12 (/opt/ros/humble/share/rclcpp/cmake)
[0.398s] -- Found rosidl_generator_c: 3.1.6 (/opt/ros/humble/share/rosidl_generator_c/cmake)
[0.400s] -- Found rosidl_adapter: 3.1.6 (/opt/ros/humble/share/rosidl_adapter/cmake)
[0.405s] -- Found rosidl_generator_cpp: 3.1.6 (/opt/ros/humble/share/rosidl_generator_cpp/cmake)
[0.413s] -- Using all available rosidl_typesupport_c: rosidl_typesupport_fastrtps_c;rosidl_typesupport_introspection_c
[0.424s] -- Using all available rosidl_typesupport_cpp: rosidl_typesupport_fastrtps_cpp;rosidl_typesupport_introspection_cpp
[0.464s] -- Found rmw_implementation_cmake: 6.1.2 (/opt/ros/humble/share/rmw_implementation_cmake/cmake)
[0.465s] -- Found rmw_fastrtps_cpp: 6.2.7 (/opt/ros/humble/share/rmw_fastrtps_cpp/cmake)
[0.518s] -- Found OpenSSL: /usr/lib/x86_64-linux-gnu/libcrypto.so (found version "3.0.2")  
[0.536s] -- Found FastRTPS: /opt/ros/humble/include  
[0.561s] -- Using RMW implementation 'rmw_fastrtps_cpp' as default
[0.567s] -- Looking for pthread.h
[0.616s] -- Looking for pthread.h - found
[0.616s] -- Performing Test CMAKE_HAVE_LIBC_PTHREAD
[0.663s] -- Performing Test CMAKE_HAVE_LIBC_PTHREAD - Success
[0.665s] -- Found Threads: TRUE  
[0.698s] -- Found sensor_msgs: 4.8.0 (/opt/ros/humble/share/sensor_msgs/cmake)
[0.718s] -- Found tf2: 0.25.12 (/opt/ros/humble/share/tf2/cmake)
[0.726s] -- Found ament_lint_auto: 0.12.12 (/opt/ros/humble/share/ament_lint_auto/cmake)
[0.773s] -- Added test 'cppcheck' to perform static code analysis on C / C++ code
[0.773s] -- Configured cppcheck include dirs: 
[0.773s] -- Configured cppcheck exclude dirs and/or files: 
[0.773s] -- Added test 'lint_cmake' to check CMake code style
[0.774s] -- Added test 'uncrustify' to check C / C++ code style
[0.774s] -- Configured uncrustify additional arguments: 
[0.774s] -- Added test 'xmllint' to check XML markup files
[0.775s] -- Configuring done
[0.782s] -- Generating done
[0.785s] -- Build files have been written to: /home/dan/Projects/Mobile-Robots/project3_path_planning/prj3_ws/build/imu_pkg
