-- Found ament_cmake: 1.3.11 (/opt/ros/humble/share/ament_cmake/cmake)
-- Found rclcpp: 16.0.12 (/opt/ros/humble/share/rclcpp/cmake)
-- Found rosidl_generator_c: 3.1.6 (/opt/ros/humble/share/rosidl_generator_c/cmake)
-- Found rosidl_adapter: 3.1.6 (/opt/ros/humble/share/rosidl_adapter/cmake)
-- Found rosidl_generator_cpp: 3.1.6 (/opt/ros/humble/share/rosidl_generator_cpp/cmake)
-- Using all available rosidl_typesupport_c: rosidl_typesupport_fastrtps_c;rosidl_typesupport_introspection_c
-- Using all available rosidl_typesupport_cpp: rosidl_typesupport_fastrtps_cpp;rosidl_typesupport_introspection_cpp
-- Found rmw_implementation_cmake: 6.1.2 (/opt/ros/humble/share/rmw_implementation_cmake/cmake)
-- Found rmw_fastrtps_cpp: 6.2.7 (/opt/ros/humble/share/rmw_fastrtps_cpp/cmake)
-- Using RMW implementation 'rmw_fastrtps_cpp' as default
-- Found sensor_msgs: 4.8.0 (/opt/ros/humble/share/sensor_msgs/cmake)
-- Found cv_bridge: 3.2.1 (/opt/ros/humble/share/cv_bridge/cmake)
-- Found ament_lint_auto: 0.12.12 (/opt/ros/humble/share/ament_lint_auto/cmake)
-- Added test 'cppcheck' to perform static code analysis on C / C++ code
-- Configured cppcheck include dirs: 
-- Configured cppcheck exclude dirs and/or files: 
-- Added test 'lint_cmake' to check CMake code style
-- Added test 'uncrustify' to check C / C++ code style
-- Configured uncrustify additional arguments: 
-- Added test 'xmllint' to check XML markup files
-- Configuring done
-- Generating done
-- Build files have been written to: /home/dan/Projects/Mobile-Robots/project2_lidar_mapping/prj2_ws/build/cv_pkg
[ 50%] [32mBuilding CXX object CMakeFiles/cv_image_node.dir/src/cv_image.cpp.o[0m
[100%] [32m[1mLinking CXX executable cv_image_node[0m
[100%] Built target cv_image_node
-- Install configuration: ""
-- Installing: /home/dan/Projects/Mobile-Robots/project2_lidar_mapping/prj2_ws/install/cv_pkg/lib/cv_pkg/cv_image_node
-- Set runtime path of "/home/dan/Projects/Mobile-Robots/project2_lidar_mapping/prj2_ws/install/cv_pkg/lib/cv_pkg/cv_image_node" to ""
-- Installing: /home/dan/Projects/Mobile-Robots/project2_lidar_mapping/prj2_ws/install/cv_pkg/share/ament_index/resource_index/package_run_dependencies/cv_pkg
-- Installing: /home/dan/Projects/Mobile-Robots/project2_lidar_mapping/prj2_ws/install/cv_pkg/share/ament_index/resource_index/parent_prefix_path/cv_pkg
-- Installing: /home/dan/Projects/Mobile-Robots/project2_lidar_mapping/prj2_ws/install/cv_pkg/share/cv_pkg/environment/ament_prefix_path.sh
-- Installing: /home/dan/Projects/Mobile-Robots/project2_lidar_mapping/prj2_ws/install/cv_pkg/share/cv_pkg/environment/ament_prefix_path.dsv
-- Installing: /home/dan/Projects/Mobile-Robots/project2_lidar_mapping/prj2_ws/install/cv_pkg/share/cv_pkg/environment/path.sh
-- Installing: /home/dan/Projects/Mobile-Robots/project2_lidar_mapping/prj2_ws/install/cv_pkg/share/cv_pkg/environment/path.dsv
-- Installing: /home/dan/Projects/Mobile-Robots/project2_lidar_mapping/prj2_ws/install/cv_pkg/share/cv_pkg/local_setup.bash
-- Installing: /home/dan/Projects/Mobile-Robots/project2_lidar_mapping/prj2_ws/install/cv_pkg/share/cv_pkg/local_setup.sh
-- Installing: /home/dan/Projects/Mobile-Robots/project2_lidar_mapping/prj2_ws/install/cv_pkg/share/cv_pkg/local_setup.zsh
-- Installing: /home/dan/Projects/Mobile-Robots/project2_lidar_mapping/prj2_ws/install/cv_pkg/share/cv_pkg/local_setup.dsv
-- Installing: /home/dan/Projects/Mobile-Robots/project2_lidar_mapping/prj2_ws/install/cv_pkg/share/cv_pkg/package.dsv
-- Installing: /home/dan/Projects/Mobile-Robots/project2_lidar_mapping/prj2_ws/install/cv_pkg/share/ament_index/resource_index/packages/cv_pkg
-- Installing: /home/dan/Projects/Mobile-Robots/project2_lidar_mapping/prj2_ws/install/cv_pkg/share/cv_pkg/cmake/cv_pkgConfig.cmake
-- Installing: /home/dan/Projects/Mobile-Robots/project2_lidar_mapping/prj2_ws/install/cv_pkg/share/cv_pkg/cmake/cv_pkgConfig-version.cmake
-- Installing: /home/dan/Projects/Mobile-Robots/project2_lidar_mapping/prj2_ws/install/cv_pkg/share/cv_pkg/package.xml
