[0.006s] Invoking command in '/home/dan/Projects/Mobile-Robots/project2_lidar_mapping/prj2_ws/build/cv_pkg': CMAKE_PREFIX_PATH=${CMAKE_PREFIX_PATH}:/opt/ros/humble /usr/bin/cmake /home/dan/Projects/Mobile-Robots/project2_lidar_mapping/prj2_ws/src/cv_pkg -DCMAKE_INSTALL_PREFIX=/home/dan/Projects/Mobile-Robots/project2_lidar_mapping/prj2_ws/install/cv_pkg
[0.014s] -- Found ament_cmake: 1.3.11 (/opt/ros/humble/share/ament_cmake/cmake)
[0.090s] -- Found rclcpp: 16.0.12 (/opt/ros/humble/share/rclcpp/cmake)
[0.107s] -- Found rosidl_generator_c: 3.1.6 (/opt/ros/humble/share/rosidl_generator_c/cmake)
[0.109s] -- Found rosidl_adapter: 3.1.6 (/opt/ros/humble/share/rosidl_adapter/cmake)
[0.113s] -- Found rosidl_generator_cpp: 3.1.6 (/opt/ros/humble/share/rosidl_generator_cpp/cmake)
[0.119s] -- Using all available rosidl_typesupport_c: rosidl_typesupport_fastrtps_c;rosidl_typesupport_introspection_c
[0.126s] -- Using all available rosidl_typesupport_cpp: rosidl_typesupport_fastrtps_cpp;rosidl_typesupport_introspection_cpp
[0.146s] -- Found rmw_implementation_cmake: 6.1.2 (/opt/ros/humble/share/rmw_implementation_cmake/cmake)
[0.146s] -- Found rmw_fastrtps_cpp: 6.2.7 (/opt/ros/humble/share/rmw_fastrtps_cpp/cmake)
[0.209s] -- Using RMW implementation 'rmw_fastrtps_cpp' as default
[0.238s] -- Found sensor_msgs: 4.8.0 (/opt/ros/humble/share/sensor_msgs/cmake)
[0.255s] -- Found cv_bridge: 3.2.1 (/opt/ros/humble/share/cv_bridge/cmake)
[0.263s] -- Found ament_lint_auto: 0.12.12 (/opt/ros/humble/share/ament_lint_auto/cmake)
[0.305s] -- Added test 'cppcheck' to perform static code analysis on C / C++ code
[0.306s] -- Configured cppcheck include dirs: 
[0.306s] -- Configured cppcheck exclude dirs and/or files: 
[0.306s] -- Added test 'lint_cmake' to check CMake code style
[0.307s] -- Added test 'uncrustify' to check C / C++ code style
[0.307s] -- Configured uncrustify additional arguments: 
[0.307s] -- Added test 'xmllint' to check XML markup files
[0.308s] -- Configuring done
[0.317s] -- Generating done
[0.321s] -- Build files have been written to: /home/dan/Projects/Mobile-Robots/project2_lidar_mapping/prj2_ws/build/cv_pkg
[0.327s] Invoked command in '/home/dan/Projects/Mobile-Robots/project2_lidar_mapping/prj2_ws/build/cv_pkg' returned '0': CMAKE_PREFIX_PATH=${CMAKE_PREFIX_PATH}:/opt/ros/humble /usr/bin/cmake /home/dan/Projects/Mobile-Robots/project2_lidar_mapping/prj2_ws/src/cv_pkg -DCMAKE_INSTALL_PREFIX=/home/dan/Projects/Mobile-Robots/project2_lidar_mapping/prj2_ws/install/cv_pkg
[0.328s] Invoking command in '/home/dan/Projects/Mobile-Robots/project2_lidar_mapping/prj2_ws/build/cv_pkg': CMAKE_PREFIX_PATH=${CMAKE_PREFIX_PATH}:/opt/ros/humble /usr/bin/cmake --build /home/dan/Projects/Mobile-Robots/project2_lidar_mapping/prj2_ws/build/cv_pkg -- -j8 -l8
[0.363s] [ 50%] [32mBuilding CXX object CMakeFiles/cv_image_node.dir/src/cv_image.cpp.o[0m
[5.447s] [100%] [32m[1mLinking CXX executable cv_image_node[0m
[5.905s] [100%] Built target cv_image_node
[5.911s] Invoked command in '/home/dan/Projects/Mobile-Robots/project2_lidar_mapping/prj2_ws/build/cv_pkg' returned '0': CMAKE_PREFIX_PATH=${CMAKE_PREFIX_PATH}:/opt/ros/humble /usr/bin/cmake --build /home/dan/Projects/Mobile-Robots/project2_lidar_mapping/prj2_ws/build/cv_pkg -- -j8 -l8
[5.917s] Invoking command in '/home/dan/Projects/Mobile-Robots/project2_lidar_mapping/prj2_ws/build/cv_pkg': CMAKE_PREFIX_PATH=${CMAKE_PREFIX_PATH}:/opt/ros/humble /usr/bin/cmake --install /home/dan/Projects/Mobile-Robots/project2_lidar_mapping/prj2_ws/build/cv_pkg
[5.921s] -- Install configuration: ""
[5.921s] -- Installing: /home/dan/Projects/Mobile-Robots/project2_lidar_mapping/prj2_ws/install/cv_pkg/lib/cv_pkg/cv_image_node
[5.924s] -- Set runtime path of "/home/dan/Projects/Mobile-Robots/project2_lidar_mapping/prj2_ws/install/cv_pkg/lib/cv_pkg/cv_image_node" to ""
[5.924s] -- Installing: /home/dan/Projects/Mobile-Robots/project2_lidar_mapping/prj2_ws/install/cv_pkg/share/ament_index/resource_index/package_run_dependencies/cv_pkg
[5.924s] -- Installing: /home/dan/Projects/Mobile-Robots/project2_lidar_mapping/prj2_ws/install/cv_pkg/share/ament_index/resource_index/parent_prefix_path/cv_pkg
[5.924s] -- Installing: /home/dan/Projects/Mobile-Robots/project2_lidar_mapping/prj2_ws/install/cv_pkg/share/cv_pkg/environment/ament_prefix_path.sh
[5.924s] -- Installing: /home/dan/Projects/Mobile-Robots/project2_lidar_mapping/prj2_ws/install/cv_pkg/share/cv_pkg/environment/ament_prefix_path.dsv
[5.924s] -- Installing: /home/dan/Projects/Mobile-Robots/project2_lidar_mapping/prj2_ws/install/cv_pkg/share/cv_pkg/environment/path.sh
[5.924s] -- Installing: /home/dan/Projects/Mobile-Robots/project2_lidar_mapping/prj2_ws/install/cv_pkg/share/cv_pkg/environment/path.dsv
[5.924s] -- Installing: /home/dan/Projects/Mobile-Robots/project2_lidar_mapping/prj2_ws/install/cv_pkg/share/cv_pkg/local_setup.bash
[5.925s] -- Installing: /home/dan/Projects/Mobile-Robots/project2_lidar_mapping/prj2_ws/install/cv_pkg/share/cv_pkg/local_setup.sh
[5.925s] -- Installing: /home/dan/Projects/Mobile-Robots/project2_lidar_mapping/prj2_ws/install/cv_pkg/share/cv_pkg/local_setup.zsh
[5.925s] -- Installing: /home/dan/Projects/Mobile-Robots/project2_lidar_mapping/prj2_ws/install/cv_pkg/share/cv_pkg/local_setup.dsv
[5.925s] -- Installing: /home/dan/Projects/Mobile-Robots/project2_lidar_mapping/prj2_ws/install/cv_pkg/share/cv_pkg/package.dsv
[5.925s] -- Installing: /home/dan/Projects/Mobile-Robots/project2_lidar_mapping/prj2_ws/install/cv_pkg/share/ament_index/resource_index/packages/cv_pkg
[5.925s] -- Installing: /home/dan/Projects/Mobile-Robots/project2_lidar_mapping/prj2_ws/install/cv_pkg/share/cv_pkg/cmake/cv_pkgConfig.cmake
[5.925s] -- Installing: /home/dan/Projects/Mobile-Robots/project2_lidar_mapping/prj2_ws/install/cv_pkg/share/cv_pkg/cmake/cv_pkgConfig-version.cmake
[5.926s] -- Installing: /home/dan/Projects/Mobile-Robots/project2_lidar_mapping/prj2_ws/install/cv_pkg/share/cv_pkg/package.xml
[5.929s] Invoked command in '/home/dan/Projects/Mobile-Robots/project2_lidar_mapping/prj2_ws/build/cv_pkg' returned '0': CMAKE_PREFIX_PATH=${CMAKE_PREFIX_PATH}:/opt/ros/humble /usr/bin/cmake --install /home/dan/Projects/Mobile-Robots/project2_lidar_mapping/prj2_ws/build/cv_pkg
