[0.008s] Invoking command in '/home/dan/Projects/Mobile-Robots/project2_lidar_mapping/prj2_ws/build/pc_pkg': CMAKE_PREFIX_PATH=${CMAKE_PREFIX_PATH}:/opt/ros/humble /usr/bin/cmake --build /home/dan/Projects/Mobile-Robots/project2_lidar_mapping/prj2_ws/build/pc_pkg -- -j8 -l8
[0.026s] -- Found ament_cmake: 1.3.11 (/opt/ros/humble/share/ament_cmake/cmake)
[0.124s] -- Found rclcpp: 16.0.12 (/opt/ros/humble/share/rclcpp/cmake)
[0.142s] -- Found rosidl_generator_c: 3.1.6 (/opt/ros/humble/share/rosidl_generator_c/cmake)
[0.143s] -- Found rosidl_adapter: 3.1.6 (/opt/ros/humble/share/rosidl_adapter/cmake)
[0.146s] -- Found rosidl_generator_cpp: 3.1.6 (/opt/ros/humble/share/rosidl_generator_cpp/cmake)
[0.152s] -- Using all available rosidl_typesupport_c: rosidl_typesupport_fastrtps_c;rosidl_typesupport_introspection_c
[0.160s] -- Using all available rosidl_typesupport_cpp: rosidl_typesupport_fastrtps_cpp;rosidl_typesupport_introspection_cpp
[0.179s] -- Found rmw_implementation_cmake: 6.1.2 (/opt/ros/humble/share/rmw_implementation_cmake/cmake)
[0.180s] -- Found rmw_fastrtps_cpp: 6.2.7 (/opt/ros/humble/share/rmw_fastrtps_cpp/cmake)
[0.245s] -- Using RMW implementation 'rmw_fastrtps_cpp' as default
[0.274s] -- Found sensor_msgs: 4.8.0 (/opt/ros/humble/share/sensor_msgs/cmake)
[0.291s] -- Found cv_bridge: 3.2.1 (/opt/ros/humble/share/cv_bridge/cmake)
[0.299s] -- Found pcl_conversions: 2.4.5 (/opt/ros/humble/share/pcl_conversions/cmake)
[0.322s] -- Eigen found (include: /usr/include/eigen3, version: 3.4.0)
[0.342s] -- FLANN found (include: /usr/include, lib: /usr/lib/x86_64-linux-gnu/libflann_cpp.so)
[0.542s] -- OpenNI found (version: 1.5.4.0, include: /usr/include/ni, lib: /usr/lib/libOpenNI.so;libusb::libusb)
[0.546s] -- OpenNI2 found (version: 2.2.0.33, include: /usr/include/openni2, lib: /usr/lib/x86_64-linux-gnu/libOpenNI2.so;libusb::libusb)
[0.648s] -- Eigen found (include: /usr/include/eigen3, version: 3.4.0)
[0.651s] -- OpenNI found (version: 1.5.4.0, include: /usr/include/ni, lib: /usr/lib/libOpenNI.so;libusb::libusb)
[0.655s] -- OpenNI2 found (version: 2.2.0.33, include: /usr/include/openni2, lib: /usr/lib/x86_64-linux-gnu/libOpenNI2.so;libusb::libusb)
[0.751s] -- Found Qhull version 8.0.2
[0.850s] -- OpenNI found (version: 1.5.4.0, include: /usr/include/ni, lib: /usr/lib/libOpenNI.so;libusb::libusb)
[0.954s] -- Found pcl_ros: 2.4.5 (/opt/ros/humble/share/pcl_ros/cmake)
[0.964s] -- Found eigen3_cmake_module: 0.1.1 (/opt/ros/humble/share/eigen3_cmake_module/cmake)
[0.965s] -- Ensuring Eigen3 include directory is part of orocos-kdl CMake target
[1.027s] -- Found ament_lint_auto: 0.12.12 (/opt/ros/humble/share/ament_lint_auto/cmake)
[1.072s] -- Added test 'cppcheck' to perform static code analysis on C / C++ code
[1.072s] -- Configured cppcheck include dirs: 
[1.072s] -- Configured cppcheck exclude dirs and/or files: 
[1.072s] -- Added test 'lint_cmake' to check CMake code style
[1.073s] -- Added test 'uncrustify' to check C / C++ code style
[1.073s] -- Configured uncrustify additional arguments: 
[1.073s] -- Added test 'xmllint' to check XML markup files
[1.074s] -- Configuring done
[1.116s] -- Generating done
[1.129s] -- Build files have been written to: /home/dan/Projects/Mobile-Robots/project2_lidar_mapping/prj2_ws/build/pc_pkg
[1.152s] [35m[1mConsolidate compiler generated dependencies of target pc_objects[0m
[1.152s] [35m[1mConsolidate compiler generated dependencies of target pc_data[0m
[1.170s] [ 50%] [32mBuilding CXX object CMakeFiles/pc_data.dir/src/pc_data.cpp.o[0m
[1.170s] [ 75%] Built target pc_objects
[9.053s] [100%] [32m[1mLinking CXX executable pc_data[0m
[10.088s] [100%] Built target pc_data
[10.095s] Invoked command in '/home/dan/Projects/Mobile-Robots/project2_lidar_mapping/prj2_ws/build/pc_pkg' returned '0': CMAKE_PREFIX_PATH=${CMAKE_PREFIX_PATH}:/opt/ros/humble /usr/bin/cmake --build /home/dan/Projects/Mobile-Robots/project2_lidar_mapping/prj2_ws/build/pc_pkg -- -j8 -l8
[10.096s] Invoking command in '/home/dan/Projects/Mobile-Robots/project2_lidar_mapping/prj2_ws/build/pc_pkg': CMAKE_PREFIX_PATH=${CMAKE_PREFIX_PATH}:/opt/ros/humble /usr/bin/cmake --install /home/dan/Projects/Mobile-Robots/project2_lidar_mapping/prj2_ws/build/pc_pkg
[10.101s] -- Install configuration: ""
[10.101s] -- Installing: /home/dan/Projects/Mobile-Robots/project2_lidar_mapping/prj2_ws/install/pc_pkg/lib/pc_pkg/pc_data
[10.103s] -- Set runtime path of "/home/dan/Projects/Mobile-Robots/project2_lidar_mapping/prj2_ws/install/pc_pkg/lib/pc_pkg/pc_data" to ""
[10.103s] -- Up-to-date: /home/dan/Projects/Mobile-Robots/project2_lidar_mapping/prj2_ws/install/pc_pkg/lib/pc_pkg/pc_objects
[10.104s] -- Up-to-date: /home/dan/Projects/Mobile-Robots/project2_lidar_mapping/prj2_ws/install/pc_pkg/share/ament_index/resource_index/package_run_dependencies/pc_pkg
[10.104s] -- Installing: /home/dan/Projects/Mobile-Robots/project2_lidar_mapping/prj2_ws/install/pc_pkg/share/ament_index/resource_index/parent_prefix_path/pc_pkg
[10.104s] -- Up-to-date: /home/dan/Projects/Mobile-Robots/project2_lidar_mapping/prj2_ws/install/pc_pkg/share/pc_pkg/environment/ament_prefix_path.sh
[10.104s] -- Installing: /home/dan/Projects/Mobile-Robots/project2_lidar_mapping/prj2_ws/install/pc_pkg/share/pc_pkg/environment/ament_prefix_path.dsv
[10.104s] -- Up-to-date: /home/dan/Projects/Mobile-Robots/project2_lidar_mapping/prj2_ws/install/pc_pkg/share/pc_pkg/environment/path.sh
[10.104s] -- Installing: /home/dan/Projects/Mobile-Robots/project2_lidar_mapping/prj2_ws/install/pc_pkg/share/pc_pkg/environment/path.dsv
[10.104s] -- Up-to-date: /home/dan/Projects/Mobile-Robots/project2_lidar_mapping/prj2_ws/install/pc_pkg/share/pc_pkg/local_setup.bash
[10.105s] -- Up-to-date: /home/dan/Projects/Mobile-Robots/project2_lidar_mapping/prj2_ws/install/pc_pkg/share/pc_pkg/local_setup.sh
[10.105s] -- Up-to-date: /home/dan/Projects/Mobile-Robots/project2_lidar_mapping/prj2_ws/install/pc_pkg/share/pc_pkg/local_setup.zsh
[10.105s] -- Installing: /home/dan/Projects/Mobile-Robots/project2_lidar_mapping/prj2_ws/install/pc_pkg/share/pc_pkg/local_setup.dsv
[10.105s] -- Installing: /home/dan/Projects/Mobile-Robots/project2_lidar_mapping/prj2_ws/install/pc_pkg/share/pc_pkg/package.dsv
[10.105s] -- Up-to-date: /home/dan/Projects/Mobile-Robots/project2_lidar_mapping/prj2_ws/install/pc_pkg/share/ament_index/resource_index/packages/pc_pkg
[10.105s] -- Up-to-date: /home/dan/Projects/Mobile-Robots/project2_lidar_mapping/prj2_ws/install/pc_pkg/share/pc_pkg/cmake/pc_pkgConfig.cmake
[10.106s] -- Up-to-date: /home/dan/Projects/Mobile-Robots/project2_lidar_mapping/prj2_ws/install/pc_pkg/share/pc_pkg/cmake/pc_pkgConfig-version.cmake
[10.106s] -- Up-to-date: /home/dan/Projects/Mobile-Robots/project2_lidar_mapping/prj2_ws/install/pc_pkg/share/pc_pkg/package.xml
[10.108s] Invoked command in '/home/dan/Projects/Mobile-Robots/project2_lidar_mapping/prj2_ws/build/pc_pkg' returned '0': CMAKE_PREFIX_PATH=${CMAKE_PREFIX_PATH}:/opt/ros/humble /usr/bin/cmake --install /home/dan/Projects/Mobile-Robots/project2_lidar_mapping/prj2_ws/build/pc_pkg
