[0.007s] Invoking command in '/home/dan/Projects/Mobile-Robots/project1_basic_move/ros2_ws/build/vel_pkg': CMAKE_PREFIX_PATH=${CMAKE_PREFIX_PATH}:/opt/ros/humble /usr/bin/cmake /home/dan/Projects/Mobile-Robots/project1_basic_move/ros2_ws/src/vel_pkg -DCMAKE_INSTALL_PREFIX=/home/dan/Projects/Mobile-Robots/project1_basic_move/ros2_ws/install/vel_pkg
[0.145s] -- The C compiler identification is GNU 11.4.0
[0.209s] -- The CXX compiler identification is GNU 11.4.0
[0.217s] -- Detecting C compiler ABI info
[0.263s] -- Detecting C compiler ABI info - done
[0.272s] -- Check for working C compiler: /usr/bin/cc - skipped
[0.272s] -- Detecting C compile features
[0.273s] -- Detecting C compile features - done
[0.276s] -- Detecting CXX compiler ABI info
[0.332s] -- Detecting CXX compiler ABI info - done
[0.338s] -- Check for working CXX compiler: /usr/bin/c++ - skipped
[0.338s] -- Detecting CXX compile features
[0.339s] -- Detecting CXX compile features - done
[0.341s] -- Found ament_cmake: 1.3.11 (/opt/ros/humble/share/ament_cmake/cmake)
[0.438s] -- Found Python3: /usr/bin/python3 (found version "3.10.12") found components: Interpreter 
[0.503s] -- Found rclcpp: 16.0.12 (/opt/ros/humble/share/rclcpp/cmake)
[0.533s] -- Found rosidl_generator_c: 3.1.6 (/opt/ros/humble/share/rosidl_generator_c/cmake)
[0.536s] -- Found rosidl_adapter: 3.1.6 (/opt/ros/humble/share/rosidl_adapter/cmake)
[0.542s] -- Found rosidl_generator_cpp: 3.1.6 (/opt/ros/humble/share/rosidl_generator_cpp/cmake)
[0.552s] -- Using all available rosidl_typesupport_c: rosidl_typesupport_fastrtps_c;rosidl_typesupport_introspection_c
[0.563s] -- Using all available rosidl_typesupport_cpp: rosidl_typesupport_fastrtps_cpp;rosidl_typesupport_introspection_cpp
[0.604s] -- Found rmw_implementation_cmake: 6.1.2 (/opt/ros/humble/share/rmw_implementation_cmake/cmake)
[0.606s] -- Found rmw_fastrtps_cpp: 6.2.7 (/opt/ros/humble/share/rmw_fastrtps_cpp/cmake)
[0.664s] -- Found OpenSSL: /usr/lib/x86_64-linux-gnu/libcrypto.so (found version "3.0.2")  
[0.681s] -- Found FastRTPS: /opt/ros/humble/include  
[0.707s] -- Using RMW implementation 'rmw_fastrtps_cpp' as default
[0.714s] -- Looking for pthread.h
[0.761s] -- Looking for pthread.h - found
[0.761s] -- Performing Test CMAKE_HAVE_LIBC_PTHREAD
[0.804s] -- Performing Test CMAKE_HAVE_LIBC_PTHREAD - Success
[0.805s] -- Found Threads: TRUE  
[0.846s] -- Found geometry_msgs: 4.8.0 (/opt/ros/humble/share/geometry_msgs/cmake)
[0.854s] -- Found ament_lint_auto: 0.12.12 (/opt/ros/humble/share/ament_lint_auto/cmake)
[0.909s] -- Added test 'cppcheck' to perform static code analysis on C / C++ code
[0.909s] -- Configured cppcheck include dirs: 
[0.909s] -- Configured cppcheck exclude dirs and/or files: 
[0.910s] -- Added test 'lint_cmake' to check CMake code style
[0.911s] -- Added test 'uncrustify' to check C / C++ code style
[0.911s] -- Configured uncrustify additional arguments: 
[0.911s] -- Added test 'xmllint' to check XML markup files
[0.913s] -- Configuring done
[0.917s] -- Generating done
[0.920s] -- Build files have been written to: /home/dan/Projects/Mobile-Robots/project1_basic_move/ros2_ws/build/vel_pkg
[0.926s] Invoked command in '/home/dan/Projects/Mobile-Robots/project1_basic_move/ros2_ws/build/vel_pkg' returned '0': CMAKE_PREFIX_PATH=${CMAKE_PREFIX_PATH}:/opt/ros/humble /usr/bin/cmake /home/dan/Projects/Mobile-Robots/project1_basic_move/ros2_ws/src/vel_pkg -DCMAKE_INSTALL_PREFIX=/home/dan/Projects/Mobile-Robots/project1_basic_move/ros2_ws/install/vel_pkg
[0.927s] Invoking command in '/home/dan/Projects/Mobile-Robots/project1_basic_move/ros2_ws/build/vel_pkg': CMAKE_PREFIX_PATH=${CMAKE_PREFIX_PATH}:/opt/ros/humble /usr/bin/cmake --build /home/dan/Projects/Mobile-Robots/project1_basic_move/ros2_ws/build/vel_pkg -- -j8 -l8
[0.957s] [ 50%] [32mBuilding CXX object CMakeFiles/vel_node.dir/src/vel_node.cpp.o[0m
[4.032s] [100%] [32m[1mLinking CXX executable vel_node[0m
[4.254s] [100%] Built target vel_node
[4.272s] Invoked command in '/home/dan/Projects/Mobile-Robots/project1_basic_move/ros2_ws/build/vel_pkg' returned '0': CMAKE_PREFIX_PATH=${CMAKE_PREFIX_PATH}:/opt/ros/humble /usr/bin/cmake --build /home/dan/Projects/Mobile-Robots/project1_basic_move/ros2_ws/build/vel_pkg -- -j8 -l8
[4.290s] Invoking command in '/home/dan/Projects/Mobile-Robots/project1_basic_move/ros2_ws/build/vel_pkg': CMAKE_PREFIX_PATH=${CMAKE_PREFIX_PATH}:/opt/ros/humble /usr/bin/cmake --install /home/dan/Projects/Mobile-Robots/project1_basic_move/ros2_ws/build/vel_pkg
[4.308s] -- Install configuration: ""
[4.308s] -- Installing: /home/dan/Projects/Mobile-Robots/project1_basic_move/ros2_ws/install/vel_pkg/lib/vel_pkg/vel_node
[4.309s] -- Set runtime path of "/home/dan/Projects/Mobile-Robots/project1_basic_move/ros2_ws/install/vel_pkg/lib/vel_pkg/vel_node" to ""
[4.309s] -- Installing: /home/dan/Projects/Mobile-Robots/project1_basic_move/ros2_ws/install/vel_pkg/share/ament_index/resource_index/package_run_dependencies/vel_pkg
[4.310s] -- Installing: /home/dan/Projects/Mobile-Robots/project1_basic_move/ros2_ws/install/vel_pkg/share/ament_index/resource_index/parent_prefix_path/vel_pkg
[4.310s] -- Installing: /home/dan/Projects/Mobile-Robots/project1_basic_move/ros2_ws/install/vel_pkg/share/vel_pkg/environment/ament_prefix_path.sh
[4.310s] -- Installing: /home/dan/Projects/Mobile-Robots/project1_basic_move/ros2_ws/install/vel_pkg/share/vel_pkg/environment/ament_prefix_path.dsv
[4.310s] -- Installing: /home/dan/Projects/Mobile-Robots/project1_basic_move/ros2_ws/install/vel_pkg/share/vel_pkg/environment/path.sh
[4.310s] -- Installing: /home/dan/Projects/Mobile-Robots/project1_basic_move/ros2_ws/install/vel_pkg/share/vel_pkg/environment/path.dsv
[4.310s] -- Installing: /home/dan/Projects/Mobile-Robots/project1_basic_move/ros2_ws/install/vel_pkg/share/vel_pkg/local_setup.bash
[4.310s] -- Installing: /home/dan/Projects/Mobile-Robots/project1_basic_move/ros2_ws/install/vel_pkg/share/vel_pkg/local_setup.sh
[4.310s] -- Installing: /home/dan/Projects/Mobile-Robots/project1_basic_move/ros2_ws/install/vel_pkg/share/vel_pkg/local_setup.zsh
[4.313s] -- Installing: /home/dan/Projects/Mobile-Robots/project1_basic_move/ros2_ws/install/vel_pkg/share/vel_pkg/local_setup.dsv
[4.313s] -- Installing: /home/dan/Projects/Mobile-Robots/project1_basic_move/ros2_ws/install/vel_pkg/share/vel_pkg/package.dsv
[4.314s] -- Installing: /home/dan/Projects/Mobile-Robots/project1_basic_move/ros2_ws/install/vel_pkg/share/ament_index/resource_index/packages/vel_pkg
[4.315s] -- Installing: /home/dan/Projects/Mobile-Robots/project1_basic_move/ros2_ws/install/vel_pkg/share/vel_pkg/cmake/vel_pkgConfig.cmake
[4.315s] -- Installing: /home/dan/Projects/Mobile-Robots/project1_basic_move/ros2_ws/install/vel_pkg/share/vel_pkg/cmake/vel_pkgConfig-version.cmake
[4.315s] -- Installing: /home/dan/Projects/Mobile-Robots/project1_basic_move/ros2_ws/install/vel_pkg/share/vel_pkg/package.xml
[4.320s] Invoked command in '/home/dan/Projects/Mobile-Robots/project1_basic_move/ros2_ws/build/vel_pkg' returned '0': CMAKE_PREFIX_PATH=${CMAKE_PREFIX_PATH}:/opt/ros/humble /usr/bin/cmake --install /home/dan/Projects/Mobile-Robots/project1_basic_move/ros2_ws/build/vel_pkg
