[0.011s] Invoking command in '/home/dan/Projects/Mobile-Robots/project3_path_planning/prj3_ws/build/lidar_pkg': CMAKE_PREFIX_PATH=${CMAKE_PREFIX_PATH}:/opt/ros/humble /usr/bin/cmake --build /home/dan/Projects/Mobile-Robots/project3_path_planning/prj3_ws/build/lidar_pkg -- -j8 -l8
[0.036s] [35m[1mConsolidate compiler generated dependencies of target lidar_behavior[0m
[0.037s] [35m[1mConsolidate compiler generated dependencies of target lidar_data[0m
[0.049s] [ 50%] Built target lidar_behavior
[0.050s] [100%] Built target lidar_data
[0.065s] Invoked command in '/home/dan/Projects/Mobile-Robots/project3_path_planning/prj3_ws/build/lidar_pkg' returned '0': CMAKE_PREFIX_PATH=${CMAKE_PREFIX_PATH}:/opt/ros/humble /usr/bin/cmake --build /home/dan/Projects/Mobile-Robots/project3_path_planning/prj3_ws/build/lidar_pkg -- -j8 -l8
[0.067s] Invoking command in '/home/dan/Projects/Mobile-Robots/project3_path_planning/prj3_ws/build/lidar_pkg': CMAKE_PREFIX_PATH=${CMAKE_PREFIX_PATH}:/opt/ros/humble /usr/bin/cmake --install /home/dan/Projects/Mobile-Robots/project3_path_planning/prj3_ws/build/lidar_pkg
[0.071s] -- Install configuration: ""
[0.071s] -- Up-to-date: /home/dan/Projects/Mobile-Robots/project3_path_planning/prj3_ws/install/lidar_pkg/lib/lidar_pkg/lidar_data
[0.072s] -- Up-to-date: /home/dan/Projects/Mobile-Robots/project3_path_planning/prj3_ws/install/lidar_pkg/lib/lidar_pkg/lidar_behavior
[0.073s] -- Up-to-date: /home/dan/Projects/Mobile-Robots/project3_path_planning/prj3_ws/install/lidar_pkg/share/lidar_pkg/launch
[0.073s] -- Up-to-date: /home/dan/Projects/Mobile-Robots/project3_path_planning/prj3_ws/install/lidar_pkg/share/lidar_pkg/launch/slam.launch.py
[0.073s] -- Up-to-date: /home/dan/Projects/Mobile-Robots/project3_path_planning/prj3_ws/install/lidar_pkg/share/ament_index/resource_index/package_run_dependencies/lidar_pkg
[0.073s] -- Up-to-date: /home/dan/Projects/Mobile-Robots/project3_path_planning/prj3_ws/install/lidar_pkg/share/ament_index/resource_index/parent_prefix_path/lidar_pkg
[0.073s] -- Up-to-date: /home/dan/Projects/Mobile-Robots/project3_path_planning/prj3_ws/install/lidar_pkg/share/lidar_pkg/environment/ament_prefix_path.sh
[0.073s] -- Up-to-date: /home/dan/Projects/Mobile-Robots/project3_path_planning/prj3_ws/install/lidar_pkg/share/lidar_pkg/environment/ament_prefix_path.dsv
[0.073s] -- Up-to-date: /home/dan/Projects/Mobile-Robots/project3_path_planning/prj3_ws/install/lidar_pkg/share/lidar_pkg/environment/path.sh
[0.073s] -- Up-to-date: /home/dan/Projects/Mobile-Robots/project3_path_planning/prj3_ws/install/lidar_pkg/share/lidar_pkg/environment/path.dsv
[0.073s] -- Up-to-date: /home/dan/Projects/Mobile-Robots/project3_path_planning/prj3_ws/install/lidar_pkg/share/lidar_pkg/local_setup.bash
[0.073s] -- Up-to-date: /home/dan/Projects/Mobile-Robots/project3_path_planning/prj3_ws/install/lidar_pkg/share/lidar_pkg/local_setup.sh
[0.073s] -- Up-to-date: /home/dan/Projects/Mobile-Robots/project3_path_planning/prj3_ws/install/lidar_pkg/share/lidar_pkg/local_setup.zsh
[0.073s] -- Up-to-date: /home/dan/Projects/Mobile-Robots/project3_path_planning/prj3_ws/install/lidar_pkg/share/lidar_pkg/local_setup.dsv
[0.073s] -- Installing: /home/dan/Projects/Mobile-Robots/project3_path_planning/prj3_ws/install/lidar_pkg/share/lidar_pkg/package.dsv
[0.073s] -- Up-to-date: /home/dan/Projects/Mobile-Robots/project3_path_planning/prj3_ws/install/lidar_pkg/share/ament_index/resource_index/packages/lidar_pkg
[0.073s] -- Up-to-date: /home/dan/Projects/Mobile-Robots/project3_path_planning/prj3_ws/install/lidar_pkg/share/lidar_pkg/cmake/lidar_pkgConfig.cmake
[0.073s] -- Up-to-date: /home/dan/Projects/Mobile-Robots/project3_path_planning/prj3_ws/install/lidar_pkg/share/lidar_pkg/cmake/lidar_pkgConfig-version.cmake
[0.073s] -- Up-to-date: /home/dan/Projects/Mobile-Robots/project3_path_planning/prj3_ws/install/lidar_pkg/share/lidar_pkg/package.xml
[0.083s] Invoked command in '/home/dan/Projects/Mobile-Robots/project3_path_planning/prj3_ws/build/lidar_pkg' returned '0': CMAKE_PREFIX_PATH=${CMAKE_PREFIX_PATH}:/opt/ros/humble /usr/bin/cmake --install /home/dan/Projects/Mobile-Robots/project3_path_planning/prj3_ws/build/lidar_pkg
