-- Found ament_cmake: 1.3.11 (/opt/ros/humble/share/ament_cmake/cmake)
-- Found rclcpp: 16.0.12 (/opt/ros/humble/share/rclcpp/cmake)
-- Found rosidl_generator_c: 3.1.6 (/opt/ros/humble/share/rosidl_generator_c/cmake)
-- Found rosidl_adapter: 3.1.6 (/opt/ros/humble/share/rosidl_adapter/cmake)
-- Found rosidl_generator_cpp: 3.1.6 (/opt/ros/humble/share/rosidl_generator_cpp/cmake)
-- Using all available rosidl_typesupport_c: rosidl_typesupport_fastrtps_c;rosidl_typesupport_introspection_c
-- Using all available rosidl_typesupport_cpp: rosidl_typesupport_fastrtps_cpp;rosidl_typesupport_introspection_cpp
-- Found rmw_implementation_cmake: 6.1.2 (/opt/ros/humble/share/rmw_implementation_cmake/cmake)
-- Found rmw_fastrtps_cpp: 6.2.7 (/opt/ros/humble/share/rmw_fastrtps_cpp/cmake)
-- Using RMW implementation 'rmw_fastrtps_cpp' as default
-- Found sensor_msgs: 4.8.0 (/opt/ros/humble/share/sensor_msgs/cmake)
-- Found cv_bridge: 3.2.1 (/opt/ros/humble/share/cv_bridge/cmake)
-- Found pcl_conversions: 2.4.5 (/opt/ros/humble/share/pcl_conversions/cmake)
-- Eigen found (include: /usr/include/eigen3, version: 3.4.0)
-- FLANN found (include: /usr/include, lib: /usr/lib/x86_64-linux-gnu/libflann_cpp.so)
-- OpenNI found (version: 1.5.4.0, include: /usr/include/ni, lib: /usr/lib/libOpenNI.so;libusb::libusb)
-- OpenNI2 found (version: 2.2.0.33, include: /usr/include/openni2, lib: /usr/lib/x86_64-linux-gnu/libOpenNI2.so;libusb::libusb)
-- Eigen found (include: /usr/include/eigen3, version: 3.4.0)
-- OpenNI found (version: 1.5.4.0, include: /usr/include/ni, lib: /usr/lib/libOpenNI.so;libusb::libusb)
-- OpenNI2 found (version: 2.2.0.33, include: /usr/include/openni2, lib: /usr/lib/x86_64-linux-gnu/libOpenNI2.so;libusb::libusb)
-- Found Qhull version 8.0.2
-- OpenNI found (version: 1.5.4.0, include: /usr/include/ni, lib: /usr/lib/libOpenNI.so;libusb::libusb)
-- Found pcl_ros: 2.4.5 (/opt/ros/humble/share/pcl_ros/cmake)
-- Found eigen3_cmake_module: 0.1.1 (/opt/ros/humble/share/eigen3_cmake_module/cmake)
-- Ensuring Eigen3 include directory is part of orocos-kdl CMake target
-- Found ament_lint_auto: 0.12.12 (/opt/ros/humble/share/ament_lint_auto/cmake)
-- Added test 'cppcheck' to perform static code analysis on C / C++ code
-- Configured cppcheck include dirs: 
-- Configured cppcheck exclude dirs and/or files: 
-- Added test 'lint_cmake' to check CMake code style
-- Added test 'uncrustify' to check C / C++ code style
-- Configured uncrustify additional arguments: 
-- Added test 'xmllint' to check XML markup files
-- Configuring done
-- Generating done
-- Build files have been written to: /home/dan/Projects/Mobile-Robots/project2_lidar_mapping/prj2_ws/build/cv_pkg
[35m[1mConsolidate compiler generated dependencies of target cv_hsv_node[0m
[35m[1mConsolidate compiler generated dependencies of target cv_image_node[0m
[35m[1mConsolidate compiler generated dependencies of target cv_follow_node[0m
[35m[1mConsolidate compiler generated dependencies of target cv_face_detect_node[0m
[ 25%] Built target cv_image_node
[ 50%] Built target cv_hsv_node
[ 75%] Built target cv_face_detect_node
[100%] Built target cv_follow_node
-- Install configuration: ""
-- Up-to-date: /home/dan/Projects/Mobile-Robots/project2_lidar_mapping/prj2_ws/install/cv_pkg/lib/cv_pkg/cv_image_node
-- Up-to-date: /home/dan/Projects/Mobile-Robots/project2_lidar_mapping/prj2_ws/install/cv_pkg/lib/cv_pkg/cv_hsv_node
-- Up-to-date: /home/dan/Projects/Mobile-Robots/project2_lidar_mapping/prj2_ws/install/cv_pkg/lib/cv_pkg/cv_follow_node
-- Up-to-date: /home/dan/Projects/Mobile-Robots/project2_lidar_mapping/prj2_ws/install/cv_pkg/lib/cv_pkg/cv_face_detect_node
-- Installing: /home/dan/Projects/Mobile-Robots/project2_lidar_mapping/prj2_ws/install/cv_pkg/share/ament_index/resource_index/package_run_dependencies/cv_pkg
-- Up-to-date: /home/dan/Projects/Mobile-Robots/project2_lidar_mapping/prj2_ws/install/cv_pkg/share/ament_index/resource_index/parent_prefix_path/cv_pkg
-- Up-to-date: /home/dan/Projects/Mobile-Robots/project2_lidar_mapping/prj2_ws/install/cv_pkg/share/cv_pkg/environment/ament_prefix_path.sh
-- Installing: /home/dan/Projects/Mobile-Robots/project2_lidar_mapping/prj2_ws/install/cv_pkg/share/cv_pkg/environment/ament_prefix_path.dsv
-- Up-to-date: /home/dan/Projects/Mobile-Robots/project2_lidar_mapping/prj2_ws/install/cv_pkg/share/cv_pkg/environment/path.sh
-- Installing: /home/dan/Projects/Mobile-Robots/project2_lidar_mapping/prj2_ws/install/cv_pkg/share/cv_pkg/environment/path.dsv
-- Up-to-date: /home/dan/Projects/Mobile-Robots/project2_lidar_mapping/prj2_ws/install/cv_pkg/share/cv_pkg/local_setup.bash
-- Up-to-date: /home/dan/Projects/Mobile-Robots/project2_lidar_mapping/prj2_ws/install/cv_pkg/share/cv_pkg/local_setup.sh
-- Up-to-date: /home/dan/Projects/Mobile-Robots/project2_lidar_mapping/prj2_ws/install/cv_pkg/share/cv_pkg/local_setup.zsh
-- Installing: /home/dan/Projects/Mobile-Robots/project2_lidar_mapping/prj2_ws/install/cv_pkg/share/cv_pkg/local_setup.dsv
-- Installing: /home/dan/Projects/Mobile-Robots/project2_lidar_mapping/prj2_ws/install/cv_pkg/share/cv_pkg/package.dsv
-- Up-to-date: /home/dan/Projects/Mobile-Robots/project2_lidar_mapping/prj2_ws/install/cv_pkg/share/ament_index/resource_index/packages/cv_pkg
-- Up-to-date: /home/dan/Projects/Mobile-Robots/project2_lidar_mapping/prj2_ws/install/cv_pkg/share/cv_pkg/cmake/cv_pkgConfig.cmake
-- Up-to-date: /home/dan/Projects/Mobile-Robots/project2_lidar_mapping/prj2_ws/install/cv_pkg/share/cv_pkg/cmake/cv_pkgConfig-version.cmake
-- Installing: /home/dan/Projects/Mobile-Robots/project2_lidar_mapping/prj2_ws/install/cv_pkg/share/cv_pkg/package.xml
