[0.012s] Invoking command in '/home/dan/Projects/Mobile-Robots/project2_lidar_mapping/prj2_ws/build/wpr_simulation2': CMAKE_PREFIX_PATH=${CMAKE_PREFIX_PATH}:/opt/ros/humble /usr/bin/cmake /home/dan/Projects/Mobile-Robots/project2_lidar_mapping/prj2_ws/src/wpr_simulation2 -DCMAKE_INSTALL_PREFIX=/home/dan/Projects/Mobile-Robots/project2_lidar_mapping/prj2_ws/install/wpr_simulation2
[0.054s] -- The C compiler identification is GNU 11.4.0
[0.096s] -- The CXX compiler identification is GNU 11.4.0
[0.101s] -- Detecting C compiler ABI info
[0.144s] -- Detecting C compiler ABI info - done
[0.152s] -- Check for working C compiler: /usr/bin/cc - skipped
[0.152s] -- Detecting C compile features
[0.152s] -- Detecting C compile features - done
[0.155s] -- Detecting CXX compiler ABI info
[0.210s] -- Detecting CXX compiler ABI info - done
[0.222s] -- Check for working CXX compiler: /usr/bin/c++ - skipped
[0.222s] -- Detecting CXX compile features
[0.223s] -- Detecting CXX compile features - done
[0.227s] -- Found ament_cmake: 1.3.11 (/opt/ros/humble/share/ament_cmake/cmake)
[0.328s] -- Found Python3: /usr/bin/python3 (found version "3.10.12") found components: Interpreter 
[0.389s] -- Found gazebo_ros_pkgs: 3.9.0 (/opt/ros/humble/share/gazebo_ros_pkgs/cmake)
[0.390s] -- Found geometry_msgs: 4.8.0 (/opt/ros/humble/share/geometry_msgs/cmake)
[0.416s] -- Found rosidl_generator_c: 3.1.6 (/opt/ros/humble/share/rosidl_generator_c/cmake)
[0.420s] -- Found rosidl_adapter: 3.1.6 (/opt/ros/humble/share/rosidl_adapter/cmake)
[0.426s] -- Found rosidl_generator_cpp: 3.1.6 (/opt/ros/humble/share/rosidl_generator_cpp/cmake)
[0.434s] -- Using all available rosidl_typesupport_c: rosidl_typesupport_fastrtps_c;rosidl_typesupport_introspection_c
[0.446s] -- Using all available rosidl_typesupport_cpp: rosidl_typesupport_fastrtps_cpp;rosidl_typesupport_introspection_cpp
[0.473s] -- Found nav_msgs: 4.8.0 (/opt/ros/humble/share/nav_msgs/cmake)
[0.484s] -- Found rclcpp: 16.0.12 (/opt/ros/humble/share/rclcpp/cmake)
[0.509s] -- Found rmw_implementation_cmake: 6.1.2 (/opt/ros/humble/share/rmw_implementation_cmake/cmake)
[0.511s] -- Found rmw_fastrtps_cpp: 6.2.7 (/opt/ros/humble/share/rmw_fastrtps_cpp/cmake)
[0.564s] -- Found OpenSSL: /usr/lib/x86_64-linux-gnu/libcrypto.so (found version "3.0.2")  
[0.582s] -- Found FastRTPS: /opt/ros/humble/include  
[0.609s] -- Using RMW implementation 'rmw_fastrtps_cpp' as default
[0.615s] -- Looking for pthread.h
[0.661s] -- Looking for pthread.h - found
[0.662s] -- Performing Test CMAKE_HAVE_LIBC_PTHREAD
[0.717s] -- Performing Test CMAKE_HAVE_LIBC_PTHREAD - Success
[0.719s] -- Found Threads: TRUE  
[0.748s] -- Found rclpy: 3.3.16 (/opt/ros/humble/share/rclpy/cmake)
[0.749s] -- Found rclcpp_action: 16.0.12 (/opt/ros/humble/share/rclcpp_action/cmake)
[0.770s] -- Found sensor_msgs: 4.8.0 (/opt/ros/humble/share/sensor_msgs/cmake)
[0.781s] -- Found tf2_geometry_msgs: 0.25.12 (/opt/ros/humble/share/tf2_geometry_msgs/cmake)
[0.790s] -- Found eigen3_cmake_module: 0.1.1 (/opt/ros/humble/share/eigen3_cmake_module/cmake)
[0.791s] -- Found Eigen3: TRUE (found version "3.4.0") 
[0.791s] -- Ensuring Eigen3 include directory is part of orocos-kdl CMake target
[0.836s] -- Found nav2_msgs: 1.1.18 (/opt/ros/humble/share/nav2_msgs/cmake)
[0.851s] -- Found cv_bridge: 3.2.1 (/opt/ros/humble/share/cv_bridge/cmake)
[0.858s] -- Found image_transport: 3.1.11 (/opt/ros/humble/share/image_transport/cmake)
[0.873s] -- Found OpenCV: /usr (found version "4.5.4") 
[0.874s] -- Found pcl_conversions: 2.4.5 (/opt/ros/humble/share/pcl_conversions/cmake)
[0.895s] -- Checking for module 'eigen3'
[0.902s] --   Found eigen3, version 3.4.0
[0.920s] -- Found Eigen: /usr/include/eigen3 (Required is at least version "3.1") 
[0.920s] -- Eigen found (include: /usr/include/eigen3, version: 3.4.0)
[0.942s] -- Checking for module 'flann'
[0.949s] --   Found flann, version 1.9.1
[0.970s] -- Found FLANN: /usr/lib/x86_64-linux-gnu/libflann_cpp.so  
[0.970s] -- FLANN found (include: /usr/include, lib: /usr/lib/x86_64-linux-gnu/libflann_cpp.so)
[1.579s] -- Checking for module 'libusb-1.0'
[1.586s] --   Found libusb-1.0, version 1.0.25
[1.609s] -- Found libusb: /usr/lib/x86_64-linux-gnu/libusb-1.0.so  
[1.609s] -- OpenNI found (version: 1.5.4.0, include: /usr/include/ni, lib: /usr/lib/libOpenNI.so;libusb::libusb)
[1.645s] -- OpenNI2 found (version: 2.2.0.33, include: /usr/include/openni2, lib: /usr/lib/x86_64-linux-gnu/libOpenNI2.so;libusb::libusb)
[1.749s] -- Eigen found (include: /usr/include/eigen3, version: 3.4.0)
[1.753s] -- OpenNI found (version: 1.5.4.0, include: /usr/include/ni, lib: /usr/lib/libOpenNI.so;libusb::libusb)
[1.756s] -- OpenNI2 found (version: 2.2.0.33, include: /usr/include/openni2, lib: /usr/lib/x86_64-linux-gnu/libOpenNI2.so;libusb::libusb)
[1.854s] -- Found Qhull version 8.0.2
[1.954s] -- OpenNI found (version: 1.5.4.0, include: /usr/include/ni, lib: /usr/lib/libOpenNI.so;libusb::libusb)
[2.052s] -- Found PCL_COMMON: /usr/lib/x86_64-linux-gnu/libpcl_common.so  
[2.052s] -- Found PCL_KDTREE: /usr/lib/x86_64-linux-gnu/libpcl_kdtree.so  
[2.053s] -- Found PCL_OCTREE: /usr/lib/x86_64-linux-gnu/libpcl_octree.so  
[2.054s] -- Found PCL_SEARCH: /usr/lib/x86_64-linux-gnu/libpcl_search.so  
[2.055s] -- Found PCL_SAMPLE_CONSENSUS: /usr/lib/x86_64-linux-gnu/libpcl_sample_consensus.so  
[2.055s] -- Found PCL_FILTERS: /usr/lib/x86_64-linux-gnu/libpcl_filters.so  
[2.056s] -- Found PCL_2D: /usr/include/pcl-1.12  
[2.056s] -- Found PCL_GEOMETRY: /usr/include/pcl-1.12  
[2.057s] -- Found PCL_IO: /usr/lib/x86_64-linux-gnu/libpcl_io.so  
[2.057s] -- Found PCL_FEATURES: /usr/lib/x86_64-linux-gnu/libpcl_features.so  
[2.058s] -- Found PCL_ML: /usr/lib/x86_64-linux-gnu/libpcl_ml.so  
[2.058s] -- Found PCL_SEGMENTATION: /usr/lib/x86_64-linux-gnu/libpcl_segmentation.so  
[2.059s] -- Found PCL_VISUALIZATION: /usr/lib/x86_64-linux-gnu/libpcl_visualization.so  
[2.060s] -- Found PCL_SURFACE: /usr/lib/x86_64-linux-gnu/libpcl_surface.so  
[2.060s] -- Found PCL_REGISTRATION: /usr/lib/x86_64-linux-gnu/libpcl_registration.so  
[2.061s] -- Found PCL_KEYPOINTS: /usr/lib/x86_64-linux-gnu/libpcl_keypoints.so  
[2.062s] -- Found PCL_TRACKING: /usr/lib/x86_64-linux-gnu/libpcl_tracking.so  
[2.062s] -- Found PCL_RECOGNITION: /usr/lib/x86_64-linux-gnu/libpcl_recognition.so  
[2.063s] -- Found PCL_STEREO: /usr/lib/x86_64-linux-gnu/libpcl_stereo.so  
[2.064s] -- Found PCL_APPS: /usr/lib/x86_64-linux-gnu/libpcl_apps.so  
[2.064s] -- Found PCL_IN_HAND_SCANNER: /usr/include/pcl-1.12  
[2.064s] -- Found PCL_MODELER: /usr/include/pcl-1.12  
[2.065s] -- Found PCL_POINT_CLOUD_EDITOR: /usr/include/pcl-1.12  
[2.065s] -- Found PCL_OUTOFCORE: /usr/lib/x86_64-linux-gnu/libpcl_outofcore.so  
[2.066s] -- Found PCL_PEOPLE: /usr/lib/x86_64-linux-gnu/libpcl_people.so  
[2.068s] -- Found pcl_ros: 2.4.5 (/opt/ros/humble/share/pcl_ros/cmake)
[2.076s] -- Found visualization_msgs: 4.8.0 (/opt/ros/humble/share/visualization_msgs/cmake)
[2.089s] -- Found rosidl_default_generators: 1.2.0 (/opt/ros/humble/share/rosidl_default_generators/cmake)
[2.268s] -- Found ament_cmake_ros: 0.10.0 (/opt/ros/humble/share/ament_cmake_ros/cmake)
[2.505s] -- Using all available rosidl_typesupport_c: rosidl_typesupport_fastrtps_c;rosidl_typesupport_introspection_c
[2.595s] -- Using all available rosidl_typesupport_cpp: rosidl_typesupport_fastrtps_cpp;rosidl_typesupport_introspection_cpp
[2.611s] -- Found PythonInterp: /usr/bin/python3 (found suitable version "3.10.12", minimum required is "3.6") 
[2.612s] -- Found python_cmake_module: 0.10.0 (/opt/ros/humble/share/python_cmake_module/cmake)
[2.630s] -- Found PythonLibs: /usr/lib/x86_64-linux-gnu/libpython3.10.so (found suitable version "3.10.12", minimum required is "3.5") 
[2.630s] -- Using PYTHON_EXECUTABLE: /usr/bin/python3
[2.630s] -- Using PYTHON_INCLUDE_DIRS: /usr/include/python3.10
[2.630s] -- Using PYTHON_LIBRARIES: /usr/lib/x86_64-linux-gnu/libpython3.10.so
[2.645s] -- Found PythonExtra: .so  
[2.721s] -- Found ament_lint_auto: 0.12.12 (/opt/ros/humble/share/ament_lint_auto/cmake)
[2.738s] -- Added test 'cppcheck' to perform static code analysis on C / C++ code
[2.740s] -- Configured cppcheck include dirs: /home/dan/Projects/Mobile-Robots/project2_lidar_mapping/prj2_ws/src/wpr_simulation2/include
[2.740s] -- Configured cppcheck exclude dirs and/or files: 
[2.741s] -- Added test 'flake8' to check Python code syntax and style conventions
[2.742s] -- Added test 'lint_cmake' to check CMake code style
[2.743s] -- Added test 'pep257' to check Python code against some of the docstring style conventions in PEP 257
[2.747s] -- Added test 'uncrustify' to check C / C++ code style
[2.748s] -- Configured uncrustify additional arguments: 
[2.748s] -- Added test 'xmllint' to check XML markup files
[2.750s] -- Configuring done
[2.919s] -- Generating done
[2.965s] -- Build files have been written to: /home/dan/Projects/Mobile-Robots/project2_lidar_mapping/prj2_ws/build/wpr_simulation2
[2.983s] Invoked command in '/home/dan/Projects/Mobile-Robots/project2_lidar_mapping/prj2_ws/build/wpr_simulation2' returned '0': CMAKE_PREFIX_PATH=${CMAKE_PREFIX_PATH}:/opt/ros/humble /usr/bin/cmake /home/dan/Projects/Mobile-Robots/project2_lidar_mapping/prj2_ws/src/wpr_simulation2 -DCMAKE_INSTALL_PREFIX=/home/dan/Projects/Mobile-Robots/project2_lidar_mapping/prj2_ws/install/wpr_simulation2
[2.984s] Invoking command in '/home/dan/Projects/Mobile-Robots/project2_lidar_mapping/prj2_ws/build/wpr_simulation2': CMAKE_PREFIX_PATH=${CMAKE_PREFIX_PATH}:/opt/ros/humble /usr/bin/cmake --build /home/dan/Projects/Mobile-Robots/project2_lidar_mapping/prj2_ws/build/wpr_simulation2 -- -j8 -l8
[3.040s] [  1%] [34m[1mGenerating C code for ROS interfaces[0m
[3.061s] [  2%] [34m[1mGenerating C++ code for ROS interfaces[0m
[3.062s] [  3%] [32mBuilding CXX object CMakeFiles/wpb_home_mani_sim.dir/src/wpb_home_mani_sim.cpp.o[0m
[3.062s] [  5%] [32mBuilding CXX object CMakeFiles/keyboard_vel_cmd.dir/src/keyboard_vel_cmd.cpp.o[0m
[3.063s] [  6%] [32mBuilding CXX object CMakeFiles/3_my_node.dir/demo_cpp/3_my_node.cpp.o[0m
[3.064s] [  7%] [32mBuilding CXX object CMakeFiles/3_publisher_node.dir/demo_cpp/3_publisher_node.cpp.o[0m
[3.065s] [  8%] [32mBuilding CXX object CMakeFiles/ball_random_move.dir/src/ball_random_move.cpp.o[0m
[3.065s] [  8%] Built target ament_cmake_python_copy_wpr_simulation2
[3.082s] [ 10%] [32mBuilding CXX object CMakeFiles/3_subscriber_node.dir/demo_cpp/3_subscriber_node.cpp.o[0m
[3.407s] [ 10%] Built target wpr_simulation2__cpp
[3.420s] [ 11%] [32mBuilding C object CMakeFiles/wpr_simulation2__rosidl_generator_c.dir/rosidl_generator_c/wpr_simulation2/msg/detail/object__functions.c.o[0m
[3.447s] [ 12%] [32mBuilding CXX object CMakeFiles/4_velocity_command.dir/demo_cpp/4_velocity_command.cpp.o[0m
[3.515s] [ 13%] [32m[1mLinking C shared library libwpr_simulation2__rosidl_generator_c.so[0m
[3.597s] [ 13%] Built target wpr_simulation2__rosidl_generator_c
[3.626s] [ 15%] [32mBuilding CXX object CMakeFiles/5_lidar_data.dir/demo_cpp/5_lidar_data.cpp.o[0m
[6.423s] [ 16%] [32m[1mLinking CXX executable 3_my_node[0m
[6.569s] [ 16%] Built target 3_my_node
[6.615s] [ 17%] [32mBuilding CXX object CMakeFiles/5_lidar_behavior.dir/demo_cpp/5_lidar_behavior.cpp.o[0m
[7.783s] [ 18%] [32m[1mLinking CXX executable ball_random_move[0m
[7.990s] [ 20%] [32m[1mLinking CXX executable 3_publisher_node[0m
[8.019s] [ 20%] Built target ball_random_move
[8.045s] [ 21%] [32mBuilding CXX object CMakeFiles/6_imu_data.dir/demo_cpp/6_imu_data.cpp.o[0m
[8.102s] [ 22%] [32m[1mLinking CXX executable keyboard_vel_cmd[0m
[8.152s] [ 24%] [32m[1mLinking CXX executable 4_velocity_command[0m
[8.229s] [ 24%] Built target 3_publisher_node
[8.289s] [ 25%] [32mBuilding CXX object CMakeFiles/6_imu_behavior.dir/demo_cpp/6_imu_behavior.cpp.o[0m
[8.401s] [ 25%] Built target keyboard_vel_cmd
[8.431s] [ 25%] Built target 4_velocity_command
[8.433s] [ 26%] [32mBuilding CXX object CMakeFiles/8_waypoint_navigation.dir/demo_cpp/8_waypoint_navigation.cpp.o[0m
[8.485s] [ 27%] [32mBuilding CXX object CMakeFiles/9_cv_image.dir/demo_cpp/9_cv_image.cpp.o[0m
[12.548s] [ 29%] [32m[1mLinking CXX executable 3_subscriber_node[0m
[12.997s] [ 29%] Built target 3_subscriber_node
[13.024s] [ 30%] [32mBuilding CXX object CMakeFiles/9_cv_hsv.dir/demo_cpp/9_cv_hsv.cpp.o[0m
[13.289s] [ 31%] [32m[1mLinking CXX executable 5_lidar_data[0m
[13.561s] [ 32%] [32m[1mLinking CXX executable wpb_home_mani_sim[0m
[13.770s] [ 32%] Built target 5_lidar_data
[13.792s] [ 34%] [32mBuilding CXX object CMakeFiles/9_cv_follow.dir/demo_cpp/9_cv_follow.cpp.o[0m
[14.069s] [ 34%] Built target wpb_home_mani_sim
[14.096s] [ 35%] [32mBuilding CXX object CMakeFiles/9_cv_face_detect.dir/demo_cpp/9_cv_face_detect.cpp.o[0m
[16.461s] [ 36%] [32m[1mLinking CXX executable 5_lidar_behavior[0m
[16.973s] [ 36%] Built target 5_lidar_behavior
[16.997s] [ 37%] [32mBuilding CXX object CMakeFiles/10_pc_data.dir/demo_cpp/10_pc_data.cpp.o[0m
[17.532s] [ 39%] [32m[1mLinking CXX executable 6_imu_data[0m
[18.011s] [ 39%] Built target 6_imu_data
[18.040s] [ 40%] [32mBuilding CXX object CMakeFiles/10_pc_objects.dir/demo_cpp/10_pc_objects.cpp.o[0m
[18.278s] [ 41%] [32m[1mLinking CXX executable 6_imu_behavior[0m
[18.527s] [ 43%] [32m[1mLinking CXX executable 8_waypoint_navigation[0m
[18.682s] [ 44%] [32m[1mLinking CXX executable 9_cv_image[0m
[18.827s] [ 44%] Built target 6_imu_behavior
[18.852s] [ 45%] [32mBuilding CXX object CMakeFiles/11_mani_ctrl.dir/demo_cpp/11_mani_ctrl.cpp.o[0m
[19.084s] [ 45%] Built target 8_waypoint_navigation
[19.106s] [ 46%] [32mBuilding CXX object CMakeFiles/12_fetch.dir/demo_cpp/12_fetch.cpp.o[0m
[19.603s] [ 46%] Built target 9_cv_image
[19.629s] [ 48%] [32mBuilding CXX object CMakeFiles/demo_nav2_client.dir/demo_cpp/demo_nav2_client.cpp.o[0m
[22.999s] [ 49%] [32m[1mLinking CXX executable 9_cv_hsv[0m
[23.742s] [ 50%] [32m[1mLinking CXX executable 11_mani_ctrl[0m
[23.888s] [ 51%] [32m[1mLinking CXX executable 9_cv_follow[0m
[23.976s] [ 51%] Built target 9_cv_hsv
[23.982s] [ 51%] Built target 11_mani_ctrl
[23.994s] [ 53%] [34m[1mGenerating C++ type support dispatch for ROS interfaces[0m
[24.010s] [ 54%] [34m[1mGenerating C type support for eProsima Fast-RTPS[0m
[24.091s] [ 55%] [32m[1mLinking CXX executable demo_nav2_client[0m
[24.272s] [ 56%] [32mBuilding CXX object CMakeFiles/wpr_simulation2__rosidl_typesupport_cpp.dir/rosidl_typesupport_cpp/wpr_simulation2/msg/object__type_support.cpp.o[0m
[24.372s] [ 56%] Built target demo_nav2_client
[24.392s] [ 58%] [34m[1mGenerating C++ type support for eProsima Fast-RTPS[0m
[24.394s] [ 59%] [32mBuilding CXX object CMakeFiles/wpr_simulation2__rosidl_typesupport_fastrtps_c.dir/rosidl_typesupport_fastrtps_c/wpr_simulation2/msg/detail/object__type_support_c.cpp.o[0m
[24.614s] [ 60%] [32m[1mLinking CXX shared library libwpr_simulation2__rosidl_typesupport_cpp.so[0m
[24.684s] [ 60%] Built target wpr_simulation2__rosidl_typesupport_cpp
[24.711s] [ 62%] [34m[1mGenerating C introspection for ROS interfaces[0m
[24.761s] [ 63%] [32mBuilding CXX object CMakeFiles/wpr_simulation2__rosidl_typesupport_fastrtps_cpp.dir/rosidl_typesupport_fastrtps_cpp/wpr_simulation2/msg/detail/dds_fastrtps/object__type_support.cpp.o[0m
[24.838s] [ 64%] [32m[1mLinking CXX shared library libwpr_simulation2__rosidl_typesupport_fastrtps_c.so[0m
[24.859s] [ 64%] Built target 9_cv_follow
[24.873s] [ 65%] [34m[1mGenerating C type support dispatch for ROS interfaces[0m
[24.958s] [ 65%] Built target wpr_simulation2__rosidl_typesupport_fastrtps_c
[24.970s] [ 67%] [34m[1mGenerating C++ introspection for ROS interfaces[0m
[25.024s] [ 68%] [32mBuilding C object CMakeFiles/wpr_simulation2__rosidl_typesupport_introspection_c.dir/rosidl_typesupport_introspection_c/wpr_simulation2/msg/detail/object__type_support.c.o[0m
[25.088s] [ 69%] [32m[1mLinking C shared library libwpr_simulation2__rosidl_typesupport_introspection_c.so[0m
[25.122s] [ 69%] Built target wpr_simulation2__rosidl_typesupport_introspection_c
[25.155s] [ 70%] [32mBuilding CXX object CMakeFiles/wpr_simulation2__rosidl_typesupport_c.dir/rosidl_typesupport_c/wpr_simulation2/msg/object__type_support.cpp.o[0m
[25.193s] [ 72%] [32m[1mLinking CXX shared library libwpr_simulation2__rosidl_typesupport_c.so[0m
[25.238s] [ 72%] Built target wpr_simulation2__rosidl_typesupport_c
[25.246s] [ 73%] [32mBuilding CXX object CMakeFiles/wpr_simulation2__rosidl_typesupport_introspection_cpp.dir/rosidl_typesupport_introspection_cpp/wpr_simulation2/msg/detail/object__type_support.cpp.o[0m
[25.263s] [ 74%] [32mBuilding CXX object CMakeFiles/objects_publisher.dir/src/objects_publisher.cpp.o[0m
[25.316s] [ 75%] [32m[1mLinking CXX shared library libwpr_simulation2__rosidl_typesupport_fastrtps_cpp.so[0m
[25.377s] running egg_info
[25.377s] creating wpr_simulation2.egg-info
[25.377s] writing wpr_simulation2.egg-info/PKG-INFO
[25.377s] writing dependency_links to wpr_simulation2.egg-info/dependency_links.txt
[25.378s] writing top-level names to wpr_simulation2.egg-info/top_level.txt
[25.378s] writing manifest file 'wpr_simulation2.egg-info/SOURCES.txt'
[25.384s] reading manifest file 'wpr_simulation2.egg-info/SOURCES.txt'
[25.384s] writing manifest file 'wpr_simulation2.egg-info/SOURCES.txt'
[25.418s] [ 75%] Built target wpr_simulation2__rosidl_typesupport_fastrtps_cpp
[25.427s] [ 75%] Built target ament_cmake_python_build_wpr_simulation2_egg
[25.439s] [ 77%] [32mBuilding CXX object CMakeFiles/grab_object_sim.dir/src/grab_object_sim.cpp.o[0m
[25.452s] [ 78%] [32mBuilding CXX object CMakeFiles/11_grab_object.dir/demo_cpp/11_grab_object.cpp.o[0m
[25.689s] [ 79%] [32m[1mLinking CXX shared library libwpr_simulation2__rosidl_typesupport_introspection_cpp.so[0m
[25.782s] [ 79%] Built target wpr_simulation2__rosidl_typesupport_introspection_cpp
[25.803s] [ 79%] Built target wpr_simulation2
[25.823s] [ 81%] [34m[1mGenerating Python code for ROS interfaces[0m
[26.283s] [ 81%] Built target wpr_simulation2__py
[26.309s] [ 82%] [32mBuilding C object CMakeFiles/wpr_simulation2__rosidl_generator_py.dir/rosidl_generator_py/wpr_simulation2/msg/_object_s.c.o[0m
[26.499s] [ 83%] [32m[1mLinking C shared library rosidl_generator_py/wpr_simulation2/libwpr_simulation2__rosidl_generator_py.so[0m
[26.548s] [ 83%] Built target wpr_simulation2__rosidl_generator_py
[26.569s] [ 84%] [32mBuilding C object CMakeFiles/wpr_simulation2__rosidl_typesupport_fastrtps_c__pyext.dir/rosidl_generator_py/wpr_simulation2/_wpr_simulation2_s.ep.rosidl_typesupport_fastrtps_c.c.o[0m
[26.671s] [ 86%] [32m[1mLinking C shared library rosidl_generator_py/wpr_simulation2/wpr_simulation2_s__rosidl_typesupport_fastrtps_c.cpython-310-x86_64-linux-gnu.so[0m
[26.714s] [ 86%] Built target wpr_simulation2__rosidl_typesupport_fastrtps_c__pyext
[26.743s] [ 87%] [32mBuilding C object CMakeFiles/wpr_simulation2__rosidl_typesupport_introspection_c__pyext.dir/rosidl_generator_py/wpr_simulation2/_wpr_simulation2_s.ep.rosidl_typesupport_introspection_c.c.o[0m
[26.833s] [ 88%] [32m[1mLinking C shared library rosidl_generator_py/wpr_simulation2/wpr_simulation2_s__rosidl_typesupport_introspection_c.cpython-310-x86_64-linux-gnu.so[0m
[26.870s] [ 88%] Built target wpr_simulation2__rosidl_typesupport_introspection_c__pyext
[26.891s] [ 89%] [32mBuilding C object CMakeFiles/wpr_simulation2__rosidl_typesupport_c__pyext.dir/rosidl_generator_py/wpr_simulation2/_wpr_simulation2_s.ep.rosidl_typesupport_c.c.o[0m
[26.987s] [ 91%] [32m[1mLinking C shared library rosidl_generator_py/wpr_simulation2/wpr_simulation2_s__rosidl_typesupport_c.cpython-310-x86_64-linux-gnu.so[0m
[27.027s] [ 91%] Built target wpr_simulation2__rosidl_typesupport_c__pyext
[27.552s] [ 92%] [32m[1mLinking CXX executable 9_cv_face_detect[0m
[28.605s] [ 93%] [32m[1mLinking CXX executable 12_fetch[0m
[28.655s] [ 93%] Built target 9_cv_face_detect
[29.034s] [ 93%] Built target 12_fetch
[30.463s] [ 94%] [32m[1mLinking CXX executable 10_pc_data[0m
[31.355s] [ 94%] Built target 10_pc_data
[31.507s] [ 96%] [32m[1mLinking CXX executable 10_pc_objects[0m
[32.764s] [ 96%] Built target 10_pc_objects
[33.409s] [ 97%] [32m[1mLinking CXX executable 11_grab_object[0m
[34.002s] [ 97%] Built target 11_grab_object
[35.666s] [ 98%] [32m[1mLinking CXX executable grab_object_sim[0m
[36.367s] [ 98%] Built target grab_object_sim
[38.406s] [100%] [32m[1mLinking CXX executable objects_publisher[0m
[39.653s] [100%] Built target objects_publisher
[39.662s] Invoked command in '/home/dan/Projects/Mobile-Robots/project2_lidar_mapping/prj2_ws/build/wpr_simulation2' returned '0': CMAKE_PREFIX_PATH=${CMAKE_PREFIX_PATH}:/opt/ros/humble /usr/bin/cmake --build /home/dan/Projects/Mobile-Robots/project2_lidar_mapping/prj2_ws/build/wpr_simulation2 -- -j8 -l8
[39.663s] Invoking command in '/home/dan/Projects/Mobile-Robots/project2_lidar_mapping/prj2_ws/build/wpr_simulation2': CMAKE_PREFIX_PATH=${CMAKE_PREFIX_PATH}:/opt/ros/humble /usr/bin/cmake --install /home/dan/Projects/Mobile-Robots/project2_lidar_mapping/prj2_ws/build/wpr_simulation2
[39.670s] -- Install configuration: ""
[39.670s] -- Installing: /home/dan/Projects/Mobile-Robots/project2_lidar_mapping/prj2_ws/install/wpr_simulation2/share/ament_index/resource_index/rosidl_interfaces/wpr_simulation2
[39.670s] -- Installing: /home/dan/Projects/Mobile-Robots/project2_lidar_mapping/prj2_ws/install/wpr_simulation2/include/wpr_simulation2/wpr_simulation2
[39.670s] -- Installing: /home/dan/Projects/Mobile-Robots/project2_lidar_mapping/prj2_ws/install/wpr_simulation2/include/wpr_simulation2/wpr_simulation2/msg
[39.670s] -- Installing: /home/dan/Projects/Mobile-Robots/project2_lidar_mapping/prj2_ws/install/wpr_simulation2/include/wpr_simulation2/wpr_simulation2/msg/detail
[39.670s] -- Installing: /home/dan/Projects/Mobile-Robots/project2_lidar_mapping/prj2_ws/install/wpr_simulation2/include/wpr_simulation2/wpr_simulation2/msg/detail/object__functions.h
[39.670s] -- Installing: /home/dan/Projects/Mobile-Robots/project2_lidar_mapping/prj2_ws/install/wpr_simulation2/include/wpr_simulation2/wpr_simulation2/msg/detail/object__struct.h
[39.670s] -- Installing: /home/dan/Projects/Mobile-Robots/project2_lidar_mapping/prj2_ws/install/wpr_simulation2/include/wpr_simulation2/wpr_simulation2/msg/detail/object__functions.c
[39.670s] -- Installing: /home/dan/Projects/Mobile-Robots/project2_lidar_mapping/prj2_ws/install/wpr_simulation2/include/wpr_simulation2/wpr_simulation2/msg/detail/object__type_support.h
[39.670s] -- Installing: /home/dan/Projects/Mobile-Robots/project2_lidar_mapping/prj2_ws/install/wpr_simulation2/include/wpr_simulation2/wpr_simulation2/msg/rosidl_generator_c__visibility_control.h
[39.670s] -- Installing: /home/dan/Projects/Mobile-Robots/project2_lidar_mapping/prj2_ws/install/wpr_simulation2/include/wpr_simulation2/wpr_simulation2/msg/object.h
[39.670s] -- Installing: /home/dan/Projects/Mobile-Robots/project2_lidar_mapping/prj2_ws/install/wpr_simulation2/share/wpr_simulation2/environment/library_path.sh
[39.670s] -- Installing: /home/dan/Projects/Mobile-Robots/project2_lidar_mapping/prj2_ws/install/wpr_simulation2/share/wpr_simulation2/environment/library_path.dsv
[39.671s] -- Installing: /home/dan/Projects/Mobile-Robots/project2_lidar_mapping/prj2_ws/install/wpr_simulation2/lib/libwpr_simulation2__rosidl_generator_c.so
[39.671s] -- Set runtime path of "/home/dan/Projects/Mobile-Robots/project2_lidar_mapping/prj2_ws/install/wpr_simulation2/lib/libwpr_simulation2__rosidl_generator_c.so" to ""
[39.671s] -- Up-to-date: /home/dan/Projects/Mobile-Robots/project2_lidar_mapping/prj2_ws/install/wpr_simulation2/include/wpr_simulation2/wpr_simulation2
[39.671s] -- Up-to-date: /home/dan/Projects/Mobile-Robots/project2_lidar_mapping/prj2_ws/install/wpr_simulation2/include/wpr_simulation2/wpr_simulation2/msg
[39.671s] -- Installing: /home/dan/Projects/Mobile-Robots/project2_lidar_mapping/prj2_ws/install/wpr_simulation2/include/wpr_simulation2/wpr_simulation2/msg/rosidl_typesupport_fastrtps_c__visibility_control.h
[39.671s] -- Up-to-date: /home/dan/Projects/Mobile-Robots/project2_lidar_mapping/prj2_ws/install/wpr_simulation2/include/wpr_simulation2/wpr_simulation2/msg/detail
[39.671s] -- Installing: /home/dan/Projects/Mobile-Robots/project2_lidar_mapping/prj2_ws/install/wpr_simulation2/include/wpr_simulation2/wpr_simulation2/msg/detail/object__rosidl_typesupport_fastrtps_c.h
[39.671s] -- Installing: /home/dan/Projects/Mobile-Robots/project2_lidar_mapping/prj2_ws/install/wpr_simulation2/lib/libwpr_simulation2__rosidl_typesupport_fastrtps_c.so
[39.672s] -- Set runtime path of "/home/dan/Projects/Mobile-Robots/project2_lidar_mapping/prj2_ws/install/wpr_simulation2/lib/libwpr_simulation2__rosidl_typesupport_fastrtps_c.so" to ""
[39.672s] -- Up-to-date: /home/dan/Projects/Mobile-Robots/project2_lidar_mapping/prj2_ws/install/wpr_simulation2/include/wpr_simulation2/wpr_simulation2
[39.672s] -- Up-to-date: /home/dan/Projects/Mobile-Robots/project2_lidar_mapping/prj2_ws/install/wpr_simulation2/include/wpr_simulation2/wpr_simulation2/msg
[39.672s] -- Installing: /home/dan/Projects/Mobile-Robots/project2_lidar_mapping/prj2_ws/install/wpr_simulation2/include/wpr_simulation2/wpr_simulation2/msg/object.hpp
[39.672s] -- Up-to-date: /home/dan/Projects/Mobile-Robots/project2_lidar_mapping/prj2_ws/install/wpr_simulation2/include/wpr_simulation2/wpr_simulation2/msg/detail
[39.672s] -- Installing: /home/dan/Projects/Mobile-Robots/project2_lidar_mapping/prj2_ws/install/wpr_simulation2/include/wpr_simulation2/wpr_simulation2/msg/detail/object__struct.hpp
[39.672s] -- Installing: /home/dan/Projects/Mobile-Robots/project2_lidar_mapping/prj2_ws/install/wpr_simulation2/include/wpr_simulation2/wpr_simulation2/msg/detail/object__builder.hpp
[39.672s] -- Installing: /home/dan/Projects/Mobile-Robots/project2_lidar_mapping/prj2_ws/install/wpr_simulation2/include/wpr_simulation2/wpr_simulation2/msg/detail/object__type_support.hpp
[39.673s] -- Installing: /home/dan/Projects/Mobile-Robots/project2_lidar_mapping/prj2_ws/install/wpr_simulation2/include/wpr_simulation2/wpr_simulation2/msg/detail/object__traits.hpp
[39.673s] -- Installing: /home/dan/Projects/Mobile-Robots/project2_lidar_mapping/prj2_ws/install/wpr_simulation2/include/wpr_simulation2/wpr_simulation2/msg/rosidl_generator_cpp__visibility_control.hpp
[39.673s] -- Up-to-date: /home/dan/Projects/Mobile-Robots/project2_lidar_mapping/prj2_ws/install/wpr_simulation2/include/wpr_simulation2/wpr_simulation2
[39.673s] -- Up-to-date: /home/dan/Projects/Mobile-Robots/project2_lidar_mapping/prj2_ws/install/wpr_simulation2/include/wpr_simulation2/wpr_simulation2/msg
[39.673s] -- Installing: /home/dan/Projects/Mobile-Robots/project2_lidar_mapping/prj2_ws/install/wpr_simulation2/include/wpr_simulation2/wpr_simulation2/msg/rosidl_typesupport_fastrtps_cpp__visibility_control.h
[39.673s] -- Up-to-date: /home/dan/Projects/Mobile-Robots/project2_lidar_mapping/prj2_ws/install/wpr_simulation2/include/wpr_simulation2/wpr_simulation2/msg/detail
[39.673s] -- Installing: /home/dan/Projects/Mobile-Robots/project2_lidar_mapping/prj2_ws/install/wpr_simulation2/include/wpr_simulation2/wpr_simulation2/msg/detail/dds_fastrtps
[39.674s] -- Installing: /home/dan/Projects/Mobile-Robots/project2_lidar_mapping/prj2_ws/install/wpr_simulation2/include/wpr_simulation2/wpr_simulation2/msg/detail/object__rosidl_typesupport_fastrtps_cpp.hpp
[39.674s] -- Installing: /home/dan/Projects/Mobile-Robots/project2_lidar_mapping/prj2_ws/install/wpr_simulation2/lib/libwpr_simulation2__rosidl_typesupport_fastrtps_cpp.so
[39.674s] -- Set runtime path of "/home/dan/Projects/Mobile-Robots/project2_lidar_mapping/prj2_ws/install/wpr_simulation2/lib/libwpr_simulation2__rosidl_typesupport_fastrtps_cpp.so" to ""
[39.674s] -- Up-to-date: /home/dan/Projects/Mobile-Robots/project2_lidar_mapping/prj2_ws/install/wpr_simulation2/include/wpr_simulation2/wpr_simulation2
[39.674s] -- Up-to-date: /home/dan/Projects/Mobile-Robots/project2_lidar_mapping/prj2_ws/install/wpr_simulation2/include/wpr_simulation2/wpr_simulation2/msg
[39.674s] -- Installing: /home/dan/Projects/Mobile-Robots/project2_lidar_mapping/prj2_ws/install/wpr_simulation2/include/wpr_simulation2/wpr_simulation2/msg/rosidl_typesupport_introspection_c__visibility_control.h
[39.674s] -- Up-to-date: /home/dan/Projects/Mobile-Robots/project2_lidar_mapping/prj2_ws/install/wpr_simulation2/include/wpr_simulation2/wpr_simulation2/msg/detail
[39.674s] -- Installing: /home/dan/Projects/Mobile-Robots/project2_lidar_mapping/prj2_ws/install/wpr_simulation2/include/wpr_simulation2/wpr_simulation2/msg/detail/object__rosidl_typesupport_introspection_c.h
[39.674s] -- Installing: /home/dan/Projects/Mobile-Robots/project2_lidar_mapping/prj2_ws/install/wpr_simulation2/include/wpr_simulation2/wpr_simulation2/msg/detail/object__type_support.c
[39.675s] -- Installing: /home/dan/Projects/Mobile-Robots/project2_lidar_mapping/prj2_ws/install/wpr_simulation2/lib/libwpr_simulation2__rosidl_typesupport_introspection_c.so
[39.675s] -- Set runtime path of "/home/dan/Projects/Mobile-Robots/project2_lidar_mapping/prj2_ws/install/wpr_simulation2/lib/libwpr_simulation2__rosidl_typesupport_introspection_c.so" to ""
[39.675s] -- Installing: /home/dan/Projects/Mobile-Robots/project2_lidar_mapping/prj2_ws/install/wpr_simulation2/lib/libwpr_simulation2__rosidl_typesupport_c.so
[39.675s] -- Set runtime path of "/home/dan/Projects/Mobile-Robots/project2_lidar_mapping/prj2_ws/install/wpr_simulation2/lib/libwpr_simulation2__rosidl_typesupport_c.so" to ""
[39.675s] -- Up-to-date: /home/dan/Projects/Mobile-Robots/project2_lidar_mapping/prj2_ws/install/wpr_simulation2/include/wpr_simulation2/wpr_simulation2
[39.675s] -- Up-to-date: /home/dan/Projects/Mobile-Robots/project2_lidar_mapping/prj2_ws/install/wpr_simulation2/include/wpr_simulation2/wpr_simulation2/msg
[39.675s] -- Up-to-date: /home/dan/Projects/Mobile-Robots/project2_lidar_mapping/prj2_ws/install/wpr_simulation2/include/wpr_simulation2/wpr_simulation2/msg/detail
[39.675s] -- Installing: /home/dan/Projects/Mobile-Robots/project2_lidar_mapping/prj2_ws/install/wpr_simulation2/include/wpr_simulation2/wpr_simulation2/msg/detail/object__type_support.cpp
[39.675s] -- Installing: /home/dan/Projects/Mobile-Robots/project2_lidar_mapping/prj2_ws/install/wpr_simulation2/include/wpr_simulation2/wpr_simulation2/msg/detail/object__rosidl_typesupport_introspection_cpp.hpp
[39.675s] -- Installing: /home/dan/Projects/Mobile-Robots/project2_lidar_mapping/prj2_ws/install/wpr_simulation2/lib/libwpr_simulation2__rosidl_typesupport_introspection_cpp.so
[39.675s] -- Set runtime path of "/home/dan/Projects/Mobile-Robots/project2_lidar_mapping/prj2_ws/install/wpr_simulation2/lib/libwpr_simulation2__rosidl_typesupport_introspection_cpp.so" to ""
[39.676s] -- Installing: /home/dan/Projects/Mobile-Robots/project2_lidar_mapping/prj2_ws/install/wpr_simulation2/lib/libwpr_simulation2__rosidl_typesupport_cpp.so
[39.676s] -- Set runtime path of "/home/dan/Projects/Mobile-Robots/project2_lidar_mapping/prj2_ws/install/wpr_simulation2/lib/libwpr_simulation2__rosidl_typesupport_cpp.so" to ""
[39.676s] -- Installing: /home/dan/Projects/Mobile-Robots/project2_lidar_mapping/prj2_ws/install/wpr_simulation2/share/wpr_simulation2/environment/pythonpath.sh
[39.676s] -- Installing: /home/dan/Projects/Mobile-Robots/project2_lidar_mapping/prj2_ws/install/wpr_simulation2/share/wpr_simulation2/environment/pythonpath.dsv
[39.676s] -- Installing: /home/dan/Projects/Mobile-Robots/project2_lidar_mapping/prj2_ws/install/wpr_simulation2/local/lib/python3.10/dist-packages/wpr_simulation2-1.0.0-py3.10.egg-info
[39.676s] -- Installing: /home/dan/Projects/Mobile-Robots/project2_lidar_mapping/prj2_ws/install/wpr_simulation2/local/lib/python3.10/dist-packages/wpr_simulation2-1.0.0-py3.10.egg-info/PKG-INFO
[39.676s] -- Installing: /home/dan/Projects/Mobile-Robots/project2_lidar_mapping/prj2_ws/install/wpr_simulation2/local/lib/python3.10/dist-packages/wpr_simulation2-1.0.0-py3.10.egg-info/top_level.txt
[39.676s] -- Installing: /home/dan/Projects/Mobile-Robots/project2_lidar_mapping/prj2_ws/install/wpr_simulation2/local/lib/python3.10/dist-packages/wpr_simulation2-1.0.0-py3.10.egg-info/SOURCES.txt
[39.676s] -- Installing: /home/dan/Projects/Mobile-Robots/project2_lidar_mapping/prj2_ws/install/wpr_simulation2/local/lib/python3.10/dist-packages/wpr_simulation2-1.0.0-py3.10.egg-info/dependency_links.txt
[39.677s] -- Installing: /home/dan/Projects/Mobile-Robots/project2_lidar_mapping/prj2_ws/install/wpr_simulation2/local/lib/python3.10/dist-packages/wpr_simulation2
[39.677s] -- Installing: /home/dan/Projects/Mobile-Robots/project2_lidar_mapping/prj2_ws/install/wpr_simulation2/local/lib/python3.10/dist-packages/wpr_simulation2/wpr_simulation2_s__rosidl_typesupport_introspection_c.cpython-310-x86_64-linux-gnu.so
[39.677s] -- Installing: /home/dan/Projects/Mobile-Robots/project2_lidar_mapping/prj2_ws/install/wpr_simulation2/local/lib/python3.10/dist-packages/wpr_simulation2/wpr_simulation2_s__rosidl_typesupport_c.cpython-310-x86_64-linux-gnu.so
[39.677s] -- Installing: /home/dan/Projects/Mobile-Robots/project2_lidar_mapping/prj2_ws/install/wpr_simulation2/local/lib/python3.10/dist-packages/wpr_simulation2/libwpr_simulation2__rosidl_generator_py.so
[39.677s] -- Installing: /home/dan/Projects/Mobile-Robots/project2_lidar_mapping/prj2_ws/install/wpr_simulation2/local/lib/python3.10/dist-packages/wpr_simulation2/__init__.py
[39.677s] -- Installing: /home/dan/Projects/Mobile-Robots/project2_lidar_mapping/prj2_ws/install/wpr_simulation2/local/lib/python3.10/dist-packages/wpr_simulation2/msg
[39.677s] -- Installing: /home/dan/Projects/Mobile-Robots/project2_lidar_mapping/prj2_ws/install/wpr_simulation2/local/lib/python3.10/dist-packages/wpr_simulation2/msg/__init__.py
[39.677s] -- Installing: /home/dan/Projects/Mobile-Robots/project2_lidar_mapping/prj2_ws/install/wpr_simulation2/local/lib/python3.10/dist-packages/wpr_simulation2/msg/_object_s.c
[39.677s] -- Installing: /home/dan/Projects/Mobile-Robots/project2_lidar_mapping/prj2_ws/install/wpr_simulation2/local/lib/python3.10/dist-packages/wpr_simulation2/msg/_object.py
[39.677s] -- Installing: /home/dan/Projects/Mobile-Robots/project2_lidar_mapping/prj2_ws/install/wpr_simulation2/local/lib/python3.10/dist-packages/wpr_simulation2/_wpr_simulation2_s.ep.rosidl_typesupport_c.c
[39.678s] -- Installing: /home/dan/Projects/Mobile-Robots/project2_lidar_mapping/prj2_ws/install/wpr_simulation2/local/lib/python3.10/dist-packages/wpr_simulation2/_wpr_simulation2_s.ep.rosidl_typesupport_introspection_c.c
[39.678s] -- Installing: /home/dan/Projects/Mobile-Robots/project2_lidar_mapping/prj2_ws/install/wpr_simulation2/local/lib/python3.10/dist-packages/wpr_simulation2/wpr_simulation2_s__rosidl_typesupport_fastrtps_c.cpython-310-x86_64-linux-gnu.so
[39.678s] -- Installing: /home/dan/Projects/Mobile-Robots/project2_lidar_mapping/prj2_ws/install/wpr_simulation2/local/lib/python3.10/dist-packages/wpr_simulation2/_wpr_simulation2_s.ep.rosidl_typesupport_fastrtps_c.c
[39.701s] Listing '/home/dan/Projects/Mobile-Robots/project2_lidar_mapping/prj2_ws/install/wpr_simulation2/local/lib/python3.10/dist-packages/wpr_simulation2'...
[39.701s] Compiling '/home/dan/Projects/Mobile-Robots/project2_lidar_mapping/prj2_ws/install/wpr_simulation2/local/lib/python3.10/dist-packages/wpr_simulation2/__init__.py'...
[39.701s] Listing '/home/dan/Projects/Mobile-Robots/project2_lidar_mapping/prj2_ws/install/wpr_simulation2/local/lib/python3.10/dist-packages/wpr_simulation2/msg'...
[39.701s] Compiling '/home/dan/Projects/Mobile-Robots/project2_lidar_mapping/prj2_ws/install/wpr_simulation2/local/lib/python3.10/dist-packages/wpr_simulation2/msg/__init__.py'...
[39.701s] Compiling '/home/dan/Projects/Mobile-Robots/project2_lidar_mapping/prj2_ws/install/wpr_simulation2/local/lib/python3.10/dist-packages/wpr_simulation2/msg/_object.py'...
[39.704s] -- Installing: /home/dan/Projects/Mobile-Robots/project2_lidar_mapping/prj2_ws/install/wpr_simulation2/local/lib/python3.10/dist-packages/wpr_simulation2/wpr_simulation2_s__rosidl_typesupport_fastrtps_c.cpython-310-x86_64-linux-gnu.so
[39.704s] -- Set runtime path of "/home/dan/Projects/Mobile-Robots/project2_lidar_mapping/prj2_ws/install/wpr_simulation2/local/lib/python3.10/dist-packages/wpr_simulation2/wpr_simulation2_s__rosidl_typesupport_fastrtps_c.cpython-310-x86_64-linux-gnu.so" to ""
[39.704s] -- Installing: /home/dan/Projects/Mobile-Robots/project2_lidar_mapping/prj2_ws/install/wpr_simulation2/local/lib/python3.10/dist-packages/wpr_simulation2/wpr_simulation2_s__rosidl_typesupport_introspection_c.cpython-310-x86_64-linux-gnu.so
[39.704s] -- Set runtime path of "/home/dan/Projects/Mobile-Robots/project2_lidar_mapping/prj2_ws/install/wpr_simulation2/local/lib/python3.10/dist-packages/wpr_simulation2/wpr_simulation2_s__rosidl_typesupport_introspection_c.cpython-310-x86_64-linux-gnu.so" to ""
[39.705s] -- Installing: /home/dan/Projects/Mobile-Robots/project2_lidar_mapping/prj2_ws/install/wpr_simulation2/local/lib/python3.10/dist-packages/wpr_simulation2/wpr_simulation2_s__rosidl_typesupport_c.cpython-310-x86_64-linux-gnu.so
[39.705s] -- Set runtime path of "/home/dan/Projects/Mobile-Robots/project2_lidar_mapping/prj2_ws/install/wpr_simulation2/local/lib/python3.10/dist-packages/wpr_simulation2/wpr_simulation2_s__rosidl_typesupport_c.cpython-310-x86_64-linux-gnu.so" to ""
[39.705s] -- Installing: /home/dan/Projects/Mobile-Robots/project2_lidar_mapping/prj2_ws/install/wpr_simulation2/lib/libwpr_simulation2__rosidl_generator_py.so
[39.705s] -- Set runtime path of "/home/dan/Projects/Mobile-Robots/project2_lidar_mapping/prj2_ws/install/wpr_simulation2/lib/libwpr_simulation2__rosidl_generator_py.so" to ""
[39.705s] -- Installing: /home/dan/Projects/Mobile-Robots/project2_lidar_mapping/prj2_ws/install/wpr_simulation2/share/wpr_simulation2/msg/Object.idl
[39.705s] -- Installing: /home/dan/Projects/Mobile-Robots/project2_lidar_mapping/prj2_ws/install/wpr_simulation2/share/wpr_simulation2/msg/Object.msg
[39.705s] -- Installing: /home/dan/Projects/Mobile-Robots/project2_lidar_mapping/prj2_ws/install/wpr_simulation2/share/wpr_simulation2/config
[39.705s] -- Installing: /home/dan/Projects/Mobile-Robots/project2_lidar_mapping/prj2_ws/install/wpr_simulation2/share/wpr_simulation2/config/nav2_params.yaml
[39.705s] -- Installing: /home/dan/Projects/Mobile-Robots/project2_lidar_mapping/prj2_ws/install/wpr_simulation2/share/wpr_simulation2/config/wpb_home_controller.yaml
[39.705s] -- Installing: /home/dan/Projects/Mobile-Robots/project2_lidar_mapping/prj2_ws/install/wpr_simulation2/share/wpr_simulation2/launch
[39.705s] -- Installing: /home/dan/Projects/Mobile-Robots/project2_lidar_mapping/prj2_ws/install/wpr_simulation2/share/wpr_simulation2/launch/spawn_persons.launch.py
[39.705s] -- Installing: /home/dan/Projects/Mobile-Robots/project2_lidar_mapping/prj2_ws/install/wpr_simulation2/share/wpr_simulation2/launch/spawn_wpb_lidar.launch.py
[39.705s] -- Installing: /home/dan/Projects/Mobile-Robots/project2_lidar_mapping/prj2_ws/install/wpr_simulation2/share/wpr_simulation2/launch/robocup_home.launch.py
[39.705s] -- Installing: /home/dan/Projects/Mobile-Robots/project2_lidar_mapping/prj2_ws/install/wpr_simulation2/share/wpr_simulation2/launch/map_tools.launch.py
[39.705s] -- Installing: /home/dan/Projects/Mobile-Robots/project2_lidar_mapping/prj2_ws/install/wpr_simulation2/share/wpr_simulation2/launch/demo_mani_ctrl.launch.py
[39.706s] -- Installing: /home/dan/Projects/Mobile-Robots/project2_lidar_mapping/prj2_ws/install/wpr_simulation2/share/wpr_simulation2/launch/wpb_balls.launch.py
[39.706s] -- Installing: /home/dan/Projects/Mobile-Robots/project2_lidar_mapping/prj2_ws/install/wpr_simulation2/share/wpr_simulation2/launch/spawn_wpb_head_up.launch.py
[39.706s] -- Installing: /home/dan/Projects/Mobile-Robots/project2_lidar_mapping/prj2_ws/install/wpr_simulation2/share/wpr_simulation2/launch/wpb_mani.launch.py
[39.706s] -- Installing: /home/dan/Projects/Mobile-Robots/project2_lidar_mapping/prj2_ws/install/wpr_simulation2/share/wpr_simulation2/launch/robocup_home_mani.launch.py
[39.706s] -- Installing: /home/dan/Projects/Mobile-Robots/project2_lidar_mapping/prj2_ws/install/wpr_simulation2/share/wpr_simulation2/launch/spawn_wpb.launch.py
[39.706s] -- Installing: /home/dan/Projects/Mobile-Robots/project2_lidar_mapping/prj2_ws/install/wpr_simulation2/share/wpr_simulation2/launch/wpb_face.launch.py
[39.706s] -- Installing: /home/dan/Projects/Mobile-Robots/project2_lidar_mapping/prj2_ws/install/wpr_simulation2/share/wpr_simulation2/launch/spawn_wpb_mani.launch.py
[39.706s] -- Installing: /home/dan/Projects/Mobile-Robots/project2_lidar_mapping/prj2_ws/install/wpr_simulation2/share/wpr_simulation2/launch/spawn_objects.launch.py
[39.706s] -- Installing: /home/dan/Projects/Mobile-Robots/project2_lidar_mapping/prj2_ws/install/wpr_simulation2/share/wpr_simulation2/launch/wpb_table.launch.py
[39.706s] -- Installing: /home/dan/Projects/Mobile-Robots/project2_lidar_mapping/prj2_ws/install/wpr_simulation2/share/wpr_simulation2/launch/world.launch.py
[39.706s] -- Installing: /home/dan/Projects/Mobile-Robots/project2_lidar_mapping/prj2_ws/install/wpr_simulation2/share/wpr_simulation2/launch/slam.launch.py
[39.706s] -- Installing: /home/dan/Projects/Mobile-Robots/project2_lidar_mapping/prj2_ws/install/wpr_simulation2/share/wpr_simulation2/launch/wpb_scene_1.launch.py
[39.706s] -- Installing: /home/dan/Projects/Mobile-Robots/project2_lidar_mapping/prj2_ws/install/wpr_simulation2/share/wpr_simulation2/launch/wpb_simple.launch.py
[39.706s] -- Installing: /home/dan/Projects/Mobile-Robots/project2_lidar_mapping/prj2_ws/install/wpr_simulation2/share/wpr_simulation2/launch/wpb_objects.launch.py
[39.706s] -- Installing: /home/dan/Projects/Mobile-Robots/project2_lidar_mapping/prj2_ws/install/wpr_simulation2/share/wpr_simulation2/launch/navigation.launch.py
[39.706s] -- Installing: /home/dan/Projects/Mobile-Robots/project2_lidar_mapping/prj2_ws/install/wpr_simulation2/share/wpr_simulation2/demo_launch
[39.706s] -- Installing: /home/dan/Projects/Mobile-Robots/project2_lidar_mapping/prj2_ws/install/wpr_simulation2/share/wpr_simulation2/demo_launch/8_nav.launch.py
[39.706s] -- Installing: /home/dan/Projects/Mobile-Robots/project2_lidar_mapping/prj2_ws/install/wpr_simulation2/share/wpr_simulation2/demo_launch/7_slam.launch.py
[39.706s] -- Installing: /home/dan/Projects/Mobile-Robots/project2_lidar_mapping/prj2_ws/install/wpr_simulation2/share/wpr_simulation2/demo_launch/3_pub_sub.launch.yaml
[39.707s] -- Installing: /home/dan/Projects/Mobile-Robots/project2_lidar_mapping/prj2_ws/install/wpr_simulation2/share/wpr_simulation2/demo_launch/3_pub_sub.launch.xml
[39.707s] -- Installing: /home/dan/Projects/Mobile-Robots/project2_lidar_mapping/prj2_ws/install/wpr_simulation2/share/wpr_simulation2/demo_launch/3_pub_sub.launch.py
[39.707s] -- Installing: /home/dan/Projects/Mobile-Robots/project2_lidar_mapping/prj2_ws/install/wpr_simulation2/share/wpr_simulation2/demo_launch/8_waypoint_nav.launch.py
[39.707s] -- Installing: /home/dan/Projects/Mobile-Robots/project2_lidar_mapping/prj2_ws/install/wpr_simulation2/share/wpr_simulation2/demo_launch/12_home.launch.py
[39.707s] -- Installing: /home/dan/Projects/Mobile-Robots/project2_lidar_mapping/prj2_ws/install/wpr_simulation2/share/wpr_simulation2/worlds
[39.707s] -- Installing: /home/dan/Projects/Mobile-Robots/project2_lidar_mapping/prj2_ws/install/wpr_simulation2/share/wpr_simulation2/worlds/simple.world
[39.707s] -- Installing: /home/dan/Projects/Mobile-Robots/project2_lidar_mapping/prj2_ws/install/wpr_simulation2/share/wpr_simulation2/worlds/table.world
[39.707s] -- Installing: /home/dan/Projects/Mobile-Robots/project2_lidar_mapping/prj2_ws/install/wpr_simulation2/share/wpr_simulation2/worlds/robocup_home.world
[39.707s] -- Installing: /home/dan/Projects/Mobile-Robots/project2_lidar_mapping/prj2_ws/install/wpr_simulation2/share/wpr_simulation2/worlds/wpb_simple.world
[39.707s] -- Installing: /home/dan/Projects/Mobile-Robots/project2_lidar_mapping/prj2_ws/install/wpr_simulation2/share/wpr_simulation2/worlds/wpb_pose.world
[39.707s] -- Installing: /home/dan/Projects/Mobile-Robots/project2_lidar_mapping/prj2_ws/install/wpr_simulation2/share/wpr_simulation2/worlds/light.world
[39.707s] -- Installing: /home/dan/Projects/Mobile-Robots/project2_lidar_mapping/prj2_ws/install/wpr_simulation2/share/wpr_simulation2/models
[39.707s] -- Installing: /home/dan/Projects/Mobile-Robots/project2_lidar_mapping/prj2_ws/install/wpr_simulation2/share/wpr_simulation2/models/kai_standing.model
[39.707s] -- Installing: /home/dan/Projects/Mobile-Robots/project2_lidar_mapping/prj2_ws/install/wpr_simulation2/share/wpr_simulation2/models/woman.model
[39.707s] -- Installing: /home/dan/Projects/Mobile-Robots/project2_lidar_mapping/prj2_ws/install/wpr_simulation2/share/wpr_simulation2/models/wpv3.model
[39.707s] -- Installing: /home/dan/Projects/Mobile-Robots/project2_lidar_mapping/prj2_ws/install/wpr_simulation2/share/wpr_simulation2/models/bed.model
[39.707s] -- Installing: /home/dan/Projects/Mobile-Robots/project2_lidar_mapping/prj2_ws/install/wpr_simulation2/share/wpr_simulation2/models/wpb_home_lidar.model
[39.707s] -- Installing: /home/dan/Projects/Mobile-Robots/project2_lidar_mapping/prj2_ws/install/wpr_simulation2/share/wpr_simulation2/models/cupboard.model
[39.707s] -- Installing: /home/dan/Projects/Mobile-Robots/project2_lidar_mapping/prj2_ws/install/wpr_simulation2/share/wpr_simulation2/models/bookshelft.model
[39.707s] -- Installing: /home/dan/Projects/Mobile-Robots/project2_lidar_mapping/prj2_ws/install/wpr_simulation2/share/wpr_simulation2/models/wpb_home.model
[39.708s] -- Installing: /home/dan/Projects/Mobile-Robots/project2_lidar_mapping/prj2_ws/install/wpr_simulation2/share/wpr_simulation2/models/wpr1.model
[39.708s] -- Installing: /home/dan/Projects/Mobile-Robots/project2_lidar_mapping/prj2_ws/install/wpr_simulation2/share/wpr_simulation2/models/wpb_home_mani.model
[39.708s] -- Installing: /home/dan/Projects/Mobile-Robots/project2_lidar_mapping/prj2_ws/install/wpr_simulation2/share/wpr_simulation2/models/man_1.model
[39.708s] -- Installing: /home/dan/Projects/Mobile-Robots/project2_lidar_mapping/prj2_ws/install/wpr_simulation2/share/wpr_simulation2/models/sofa.model
[39.708s] -- Installing: /home/dan/Projects/Mobile-Robots/project2_lidar_mapping/prj2_ws/install/wpr_simulation2/share/wpr_simulation2/models/balls
[39.708s] -- Installing: /home/dan/Projects/Mobile-Robots/project2_lidar_mapping/prj2_ws/install/wpr_simulation2/share/wpr_simulation2/models/balls/red_ball.model
[39.708s] -- Installing: /home/dan/Projects/Mobile-Robots/project2_lidar_mapping/prj2_ws/install/wpr_simulation2/share/wpr_simulation2/models/balls/orange_ball.model
[39.708s] -- Installing: /home/dan/Projects/Mobile-Robots/project2_lidar_mapping/prj2_ws/install/wpr_simulation2/share/wpr_simulation2/models/balls/green_ball.model
[39.708s] -- Installing: /home/dan/Projects/Mobile-Robots/project2_lidar_mapping/prj2_ws/install/wpr_simulation2/share/wpr_simulation2/models/balls/blue_ball.model
[39.708s] -- Installing: /home/dan/Projects/Mobile-Robots/project2_lidar_mapping/prj2_ws/install/wpr_simulation2/share/wpr_simulation2/models/wpb_home_head_up.model
[39.708s] -- Installing: /home/dan/Projects/Mobile-Robots/project2_lidar_mapping/prj2_ws/install/wpr_simulation2/share/wpr_simulation2/models/man_2.model
[39.708s] -- Installing: /home/dan/Projects/Mobile-Robots/project2_lidar_mapping/prj2_ws/install/wpr_simulation2/share/wpr_simulation2/models/tea_table.model
[39.708s] -- Installing: /home/dan/Projects/Mobile-Robots/project2_lidar_mapping/prj2_ws/install/wpr_simulation2/share/wpr_simulation2/models/table.model
[39.708s] -- Installing: /home/dan/Projects/Mobile-Robots/project2_lidar_mapping/prj2_ws/install/wpr_simulation2/share/wpr_simulation2/models/chair.model
[39.708s] -- Installing: /home/dan/Projects/Mobile-Robots/project2_lidar_mapping/prj2_ws/install/wpr_simulation2/share/wpr_simulation2/models/bottles
[39.708s] -- Installing: /home/dan/Projects/Mobile-Robots/project2_lidar_mapping/prj2_ws/install/wpr_simulation2/share/wpr_simulation2/models/bottles/green_bottle.model
[39.708s] -- Installing: /home/dan/Projects/Mobile-Robots/project2_lidar_mapping/prj2_ws/install/wpr_simulation2/share/wpr_simulation2/models/bottles/red_bottle.model
[39.708s] -- Installing: /home/dan/Projects/Mobile-Robots/project2_lidar_mapping/prj2_ws/install/wpr_simulation2/share/wpr_simulation2/meshes
[39.708s] -- Installing: /home/dan/Projects/Mobile-Robots/project2_lidar_mapping/prj2_ws/install/wpr_simulation2/share/wpr_simulation2/meshes/kai
[39.708s] -- Installing: /home/dan/Projects/Mobile-Robots/project2_lidar_mapping/prj2_ws/install/wpr_simulation2/share/wpr_simulation2/meshes/kai/kai_standing.dae
[39.709s] -- Installing: /home/dan/Projects/Mobile-Robots/project2_lidar_mapping/prj2_ws/install/wpr_simulation2/share/wpr_simulation2/meshes/kai/1931_LaFeiEr_D_512.png
[39.709s] -- Installing: /home/dan/Projects/Mobile-Robots/project2_lidar_mapping/prj2_ws/install/wpr_simulation2/share/wpr_simulation2/meshes/bottle.stl
[39.709s] -- Installing: /home/dan/Projects/Mobile-Robots/project2_lidar_mapping/prj2_ws/install/wpr_simulation2/share/wpr_simulation2/meshes/bed.dae
[39.710s] -- Installing: /home/dan/Projects/Mobile-Robots/project2_lidar_mapping/prj2_ws/install/wpr_simulation2/share/wpr_simulation2/meshes/man_2
[39.710s] -- Installing: /home/dan/Projects/Mobile-Robots/project2_lidar_mapping/prj2_ws/install/wpr_simulation2/share/wpr_simulation2/meshes/man_2/color.png
[39.710s] -- Installing: /home/dan/Projects/Mobile-Robots/project2_lidar_mapping/prj2_ws/install/wpr_simulation2/share/wpr_simulation2/meshes/man_2/man_2.dae
[39.710s] -- Installing: /home/dan/Projects/Mobile-Robots/project2_lidar_mapping/prj2_ws/install/wpr_simulation2/share/wpr_simulation2/meshes/chair
[39.710s] -- Installing: /home/dan/Projects/Mobile-Robots/project2_lidar_mapping/prj2_ws/install/wpr_simulation2/share/wpr_simulation2/meshes/chair/Wood_Cherry_Original.jpg
[39.710s] -- Installing: /home/dan/Projects/Mobile-Robots/project2_lidar_mapping/prj2_ws/install/wpr_simulation2/share/wpr_simulation2/meshes/table
[39.710s] -- Installing: /home/dan/Projects/Mobile-Robots/project2_lidar_mapping/prj2_ws/install/wpr_simulation2/share/wpr_simulation2/meshes/table/Wood_Cherry_Original.jpg
[39.710s] -- Installing: /home/dan/Projects/Mobile-Robots/project2_lidar_mapping/prj2_ws/install/wpr_simulation2/share/wpr_simulation2/meshes/bookshelft
[39.710s] -- Installing: /home/dan/Projects/Mobile-Robots/project2_lidar_mapping/prj2_ws/install/wpr_simulation2/share/wpr_simulation2/meshes/bookshelft/Wood_Veneer_02.jpg
[39.710s] -- Installing: /home/dan/Projects/Mobile-Robots/project2_lidar_mapping/prj2_ws/install/wpr_simulation2/share/wpr_simulation2/meshes/chair.dae
[39.710s] -- Installing: /home/dan/Projects/Mobile-Robots/project2_lidar_mapping/prj2_ws/install/wpr_simulation2/share/wpr_simulation2/meshes/table.dae
[39.710s] -- Installing: /home/dan/Projects/Mobile-Robots/project2_lidar_mapping/prj2_ws/install/wpr_simulation2/share/wpr_simulation2/meshes/tea_table.dae
[39.710s] -- Installing: /home/dan/Projects/Mobile-Robots/project2_lidar_mapping/prj2_ws/install/wpr_simulation2/share/wpr_simulation2/meshes/wpr1
[39.711s] -- Installing: /home/dan/Projects/Mobile-Robots/project2_lidar_mapping/prj2_ws/install/wpr_simulation2/share/wpr_simulation2/meshes/wpr1/fingertip.dae
[39.711s] -- Installing: /home/dan/Projects/Mobile-Robots/project2_lidar_mapping/prj2_ws/install/wpr_simulation2/share/wpr_simulation2/meshes/wpr1/upperarm.dae
[39.711s] -- Installing: /home/dan/Projects/Mobile-Robots/project2_lidar_mapping/prj2_ws/install/wpr_simulation2/share/wpr_simulation2/meshes/wpr1/palm.dae
[39.712s] -- Installing: /home/dan/Projects/Mobile-Robots/project2_lidar_mapping/prj2_ws/install/wpr_simulation2/share/wpr_simulation2/meshes/wpr1/finger.dae
[39.713s] -- Installing: /home/dan/Projects/Mobile-Robots/project2_lidar_mapping/prj2_ws/install/wpr_simulation2/share/wpr_simulation2/meshes/wpr1/forearm.dae
[39.713s] -- Installing: /home/dan/Projects/Mobile-Robots/project2_lidar_mapping/prj2_ws/install/wpr_simulation2/share/wpr_simulation2/meshes/wpr1/torso.dae
[39.715s] -- Installing: /home/dan/Projects/Mobile-Robots/project2_lidar_mapping/prj2_ws/install/wpr_simulation2/share/wpr_simulation2/meshes/wpr1/base.dae
[39.716s] -- Installing: /home/dan/Projects/Mobile-Robots/project2_lidar_mapping/prj2_ws/install/wpr_simulation2/share/wpr_simulation2/meshes/wpv3
[39.716s] -- Installing: /home/dan/Projects/Mobile-Robots/project2_lidar_mapping/prj2_ws/install/wpr_simulation2/share/wpr_simulation2/meshes/wpv3/wpv3.dae
[39.716s] -- Installing: /home/dan/Projects/Mobile-Robots/project2_lidar_mapping/prj2_ws/install/wpr_simulation2/share/wpr_simulation2/meshes/cupboard.dae
[39.717s] -- Installing: /home/dan/Projects/Mobile-Robots/project2_lidar_mapping/prj2_ws/install/wpr_simulation2/share/wpr_simulation2/meshes/tea_table
[39.717s] -- Installing: /home/dan/Projects/Mobile-Robots/project2_lidar_mapping/prj2_ws/install/wpr_simulation2/share/wpr_simulation2/meshes/tea_table/Wood_Cherry_Original.jpg
[39.717s] -- Installing: /home/dan/Projects/Mobile-Robots/project2_lidar_mapping/prj2_ws/install/wpr_simulation2/share/wpr_simulation2/meshes/man_1
[39.717s] -- Installing: /home/dan/Projects/Mobile-Robots/project2_lidar_mapping/prj2_ws/install/wpr_simulation2/share/wpr_simulation2/meshes/man_1/color.png
[39.717s] -- Installing: /home/dan/Projects/Mobile-Robots/project2_lidar_mapping/prj2_ws/install/wpr_simulation2/share/wpr_simulation2/meshes/man_1/man_1.dae
[39.717s] -- Installing: /home/dan/Projects/Mobile-Robots/project2_lidar_mapping/prj2_ws/install/wpr_simulation2/share/wpr_simulation2/meshes/woman
[39.717s] -- Installing: /home/dan/Projects/Mobile-Robots/project2_lidar_mapping/prj2_ws/install/wpr_simulation2/share/wpr_simulation2/meshes/woman/color.png
[39.717s] -- Installing: /home/dan/Projects/Mobile-Robots/project2_lidar_mapping/prj2_ws/install/wpr_simulation2/share/wpr_simulation2/meshes/woman/woman.dae
[39.717s] -- Installing: /home/dan/Projects/Mobile-Robots/project2_lidar_mapping/prj2_ws/install/wpr_simulation2/share/wpr_simulation2/meshes/cupboard
[39.717s] -- Installing: /home/dan/Projects/Mobile-Robots/project2_lidar_mapping/prj2_ws/install/wpr_simulation2/share/wpr_simulation2/meshes/cupboard/Wood_Veneer_02.jpg
[39.717s] -- Installing: /home/dan/Projects/Mobile-Robots/project2_lidar_mapping/prj2_ws/install/wpr_simulation2/share/wpr_simulation2/meshes/sofa
[39.717s] -- Installing: /home/dan/Projects/Mobile-Robots/project2_lidar_mapping/prj2_ws/install/wpr_simulation2/share/wpr_simulation2/meshes/sofa/Carpet_Loop_Pattern.jpg
[39.717s] -- Installing: /home/dan/Projects/Mobile-Robots/project2_lidar_mapping/prj2_ws/install/wpr_simulation2/share/wpr_simulation2/meshes/sofa.dae
[39.718s] -- Installing: /home/dan/Projects/Mobile-Robots/project2_lidar_mapping/prj2_ws/install/wpr_simulation2/share/wpr_simulation2/meshes/bed
[39.718s] -- Installing: /home/dan/Projects/Mobile-Robots/project2_lidar_mapping/prj2_ws/install/wpr_simulation2/share/wpr_simulation2/meshes/bed/Carpet_Pattern_Squares_Multi.jpg
[39.718s] -- Installing: /home/dan/Projects/Mobile-Robots/project2_lidar_mapping/prj2_ws/install/wpr_simulation2/share/wpr_simulation2/meshes/bed/Wood_Bamboo.jpg
[39.718s] -- Installing: /home/dan/Projects/Mobile-Robots/project2_lidar_mapping/prj2_ws/install/wpr_simulation2/share/wpr_simulation2/meshes/wpb_home
[39.718s] -- Installing: /home/dan/Projects/Mobile-Robots/project2_lidar_mapping/prj2_ws/install/wpr_simulation2/share/wpr_simulation2/meshes/wpb_home/wpb_home_std.dae
[39.721s] -- Installing: /home/dan/Projects/Mobile-Robots/project2_lidar_mapping/prj2_ws/install/wpr_simulation2/share/wpr_simulation2/meshes/wpb_home/wpb_home_mani.dae
[39.724s] -- Installing: /home/dan/Projects/Mobile-Robots/project2_lidar_mapping/prj2_ws/install/wpr_simulation2/share/wpr_simulation2/meshes/wpb_home/forearm.dae
[39.724s] -- Installing: /home/dan/Projects/Mobile-Robots/project2_lidar_mapping/prj2_ws/install/wpr_simulation2/share/wpr_simulation2/meshes/bookshelft.dae
[39.724s] -- Installing: /home/dan/Projects/Mobile-Robots/project2_lidar_mapping/prj2_ws/install/wpr_simulation2/share/wpr_simulation2/rviz
[39.724s] -- Installing: /home/dan/Projects/Mobile-Robots/project2_lidar_mapping/prj2_ws/install/wpr_simulation2/share/wpr_simulation2/rviz/navi.rviz
[39.724s] -- Installing: /home/dan/Projects/Mobile-Robots/project2_lidar_mapping/prj2_ws/install/wpr_simulation2/share/wpr_simulation2/rviz/objects.rviz
[39.724s] -- Installing: /home/dan/Projects/Mobile-Robots/project2_lidar_mapping/prj2_ws/install/wpr_simulation2/share/wpr_simulation2/rviz/slam.rviz
[39.724s] -- Installing: /home/dan/Projects/Mobile-Robots/project2_lidar_mapping/prj2_ws/install/wpr_simulation2/share/wpr_simulation2/rviz/pointcloud.rviz
[39.724s] -- Installing: /home/dan/Projects/Mobile-Robots/project2_lidar_mapping/prj2_ws/install/wpr_simulation2/share/wpr_simulation2/rviz/navi_3d.rviz
[39.724s] -- Installing: /home/dan/Projects/Mobile-Robots/project2_lidar_mapping/prj2_ws/install/wpr_simulation2/share/wpr_simulation2/rviz/sensor.rviz
[39.724s] -- Installing: /home/dan/Projects/Mobile-Robots/project2_lidar_mapping/prj2_ws/install/wpr_simulation2/share/wpr_simulation2/rviz/fetch.rviz
[39.724s] -- Installing: /home/dan/Projects/Mobile-Robots/project2_lidar_mapping/prj2_ws/install/wpr_simulation2/share/wpr_simulation2/src
[39.724s] -- Installing: /home/dan/Projects/Mobile-Robots/project2_lidar_mapping/prj2_ws/install/wpr_simulation2/share/wpr_simulation2/src/wpb_home_mani_sim.cpp
[39.724s] -- Installing: /home/dan/Projects/Mobile-Robots/project2_lidar_mapping/prj2_ws/install/wpr_simulation2/share/wpr_simulation2/src/objects_publisher.cpp
[39.724s] -- Installing: /home/dan/Projects/Mobile-Robots/project2_lidar_mapping/prj2_ws/install/wpr_simulation2/share/wpr_simulation2/src/grab_object_sim.cpp
[39.724s] -- Installing: /home/dan/Projects/Mobile-Robots/project2_lidar_mapping/prj2_ws/install/wpr_simulation2/share/wpr_simulation2/src/keyboard_vel_cmd.cpp
[39.724s] -- Installing: /home/dan/Projects/Mobile-Robots/project2_lidar_mapping/prj2_ws/install/wpr_simulation2/share/wpr_simulation2/src/face_detector.py
[39.724s] -- Installing: /home/dan/Projects/Mobile-Robots/project2_lidar_mapping/prj2_ws/install/wpr_simulation2/share/wpr_simulation2/src/ball_random_move.cpp
[39.724s] -- Up-to-date: /home/dan/Projects/Mobile-Robots/project2_lidar_mapping/prj2_ws/install/wpr_simulation2/share/wpr_simulation2/msg
[39.724s] -- Up-to-date: /home/dan/Projects/Mobile-Robots/project2_lidar_mapping/prj2_ws/install/wpr_simulation2/share/wpr_simulation2/msg/Object.msg
[39.725s] -- Installing: /home/dan/Projects/Mobile-Robots/project2_lidar_mapping/prj2_ws/install/wpr_simulation2/share/wpr_simulation2/maps
[39.725s] -- Installing: /home/dan/Projects/Mobile-Robots/project2_lidar_mapping/prj2_ws/install/wpr_simulation2/share/wpr_simulation2/maps/.gitignore
[39.725s] -- Installing: /home/dan/Projects/Mobile-Robots/project2_lidar_mapping/prj2_ws/install/wpr_simulation2/lib/wpr_simulation2/face_detector.py
[39.725s] -- Installing: /home/dan/Projects/Mobile-Robots/project2_lidar_mapping/prj2_ws/install/wpr_simulation2/lib/wpr_simulation2/wpb_home_mani_sim
[39.726s] -- Set runtime path of "/home/dan/Projects/Mobile-Robots/project2_lidar_mapping/prj2_ws/install/wpr_simulation2/lib/wpr_simulation2/wpb_home_mani_sim" to ""
[39.726s] -- Installing: /home/dan/Projects/Mobile-Robots/project2_lidar_mapping/prj2_ws/install/wpr_simulation2/lib/wpr_simulation2/keyboard_vel_cmd
[39.727s] -- Set runtime path of "/home/dan/Projects/Mobile-Robots/project2_lidar_mapping/prj2_ws/install/wpr_simulation2/lib/wpr_simulation2/keyboard_vel_cmd" to ""
[39.727s] -- Installing: /home/dan/Projects/Mobile-Robots/project2_lidar_mapping/prj2_ws/install/wpr_simulation2/lib/wpr_simulation2/ball_random_move
[39.728s] -- Set runtime path of "/home/dan/Projects/Mobile-Robots/project2_lidar_mapping/prj2_ws/install/wpr_simulation2/lib/wpr_simulation2/ball_random_move" to ""
[39.728s] -- Installing: /home/dan/Projects/Mobile-Robots/project2_lidar_mapping/prj2_ws/install/wpr_simulation2/lib/wpr_simulation2/objects_publisher
[39.731s] -- Set runtime path of "/home/dan/Projects/Mobile-Robots/project2_lidar_mapping/prj2_ws/install/wpr_simulation2/lib/wpr_simulation2/objects_publisher" to ""
[39.731s] -- Installing: /home/dan/Projects/Mobile-Robots/project2_lidar_mapping/prj2_ws/install/wpr_simulation2/lib/wpr_simulation2/grab_object_sim
[39.734s] -- Set runtime path of "/home/dan/Projects/Mobile-Robots/project2_lidar_mapping/prj2_ws/install/wpr_simulation2/lib/wpr_simulation2/grab_object_sim" to ""
[39.734s] -- Installing: /home/dan/Projects/Mobile-Robots/project2_lidar_mapping/prj2_ws/install/wpr_simulation2/lib/wpr_simulation2/3_publisher_node
[39.734s] -- Set runtime path of "/home/dan/Projects/Mobile-Robots/project2_lidar_mapping/prj2_ws/install/wpr_simulation2/lib/wpr_simulation2/3_publisher_node" to ""
[39.734s] -- Installing: /home/dan/Projects/Mobile-Robots/project2_lidar_mapping/prj2_ws/install/wpr_simulation2/lib/wpr_simulation2/3_subscriber_node
[39.736s] -- Set runtime path of "/home/dan/Projects/Mobile-Robots/project2_lidar_mapping/prj2_ws/install/wpr_simulation2/lib/wpr_simulation2/3_subscriber_node" to ""
[39.736s] -- Installing: /home/dan/Projects/Mobile-Robots/project2_lidar_mapping/prj2_ws/install/wpr_simulation2/lib/wpr_simulation2/4_velocity_command
[39.737s] -- Set runtime path of "/home/dan/Projects/Mobile-Robots/project2_lidar_mapping/prj2_ws/install/wpr_simulation2/lib/wpr_simulation2/4_velocity_command" to ""
[39.737s] -- Installing: /home/dan/Projects/Mobile-Robots/project2_lidar_mapping/prj2_ws/install/wpr_simulation2/lib/wpr_simulation2/5_lidar_data
[39.739s] -- Set runtime path of "/home/dan/Projects/Mobile-Robots/project2_lidar_mapping/prj2_ws/install/wpr_simulation2/lib/wpr_simulation2/5_lidar_data" to ""
[39.739s] -- Installing: /home/dan/Projects/Mobile-Robots/project2_lidar_mapping/prj2_ws/install/wpr_simulation2/lib/wpr_simulation2/5_lidar_behavior
[39.740s] -- Set runtime path of "/home/dan/Projects/Mobile-Robots/project2_lidar_mapping/prj2_ws/install/wpr_simulation2/lib/wpr_simulation2/5_lidar_behavior" to ""
[39.740s] -- Installing: /home/dan/Projects/Mobile-Robots/project2_lidar_mapping/prj2_ws/install/wpr_simulation2/lib/wpr_simulation2/6_imu_data
[39.742s] -- Set runtime path of "/home/dan/Projects/Mobile-Robots/project2_lidar_mapping/prj2_ws/install/wpr_simulation2/lib/wpr_simulation2/6_imu_data" to ""
[39.742s] -- Installing: /home/dan/Projects/Mobile-Robots/project2_lidar_mapping/prj2_ws/install/wpr_simulation2/lib/wpr_simulation2/6_imu_behavior
[39.744s] -- Set runtime path of "/home/dan/Projects/Mobile-Robots/project2_lidar_mapping/prj2_ws/install/wpr_simulation2/lib/wpr_simulation2/6_imu_behavior" to ""
[39.744s] -- Installing: /home/dan/Projects/Mobile-Robots/project2_lidar_mapping/prj2_ws/install/wpr_simulation2/lib/wpr_simulation2/8_waypoint_navigation
[39.746s] -- Set runtime path of "/home/dan/Projects/Mobile-Robots/project2_lidar_mapping/prj2_ws/install/wpr_simulation2/lib/wpr_simulation2/8_waypoint_navigation" to ""
[39.746s] -- Installing: /home/dan/Projects/Mobile-Robots/project2_lidar_mapping/prj2_ws/install/wpr_simulation2/lib/wpr_simulation2/9_cv_image
[39.748s] -- Set runtime path of "/home/dan/Projects/Mobile-Robots/project2_lidar_mapping/prj2_ws/install/wpr_simulation2/lib/wpr_simulation2/9_cv_image" to ""
[39.748s] -- Installing: /home/dan/Projects/Mobile-Robots/project2_lidar_mapping/prj2_ws/install/wpr_simulation2/lib/wpr_simulation2/9_cv_hsv
[39.750s] -- Set runtime path of "/home/dan/Projects/Mobile-Robots/project2_lidar_mapping/prj2_ws/install/wpr_simulation2/lib/wpr_simulation2/9_cv_hsv" to ""
[39.750s] -- Installing: /home/dan/Projects/Mobile-Robots/project2_lidar_mapping/prj2_ws/install/wpr_simulation2/lib/wpr_simulation2/9_cv_follow
[39.752s] -- Set runtime path of "/home/dan/Projects/Mobile-Robots/project2_lidar_mapping/prj2_ws/install/wpr_simulation2/lib/wpr_simulation2/9_cv_follow" to ""
[39.752s] -- Installing: /home/dan/Projects/Mobile-Robots/project2_lidar_mapping/prj2_ws/install/wpr_simulation2/lib/wpr_simulation2/9_cv_face_detect
[39.755s] -- Set runtime path of "/home/dan/Projects/Mobile-Robots/project2_lidar_mapping/prj2_ws/install/wpr_simulation2/lib/wpr_simulation2/9_cv_face_detect" to ""
[39.755s] -- Installing: /home/dan/Projects/Mobile-Robots/project2_lidar_mapping/prj2_ws/install/wpr_simulation2/lib/wpr_simulation2/10_pc_data
[39.758s] -- Set runtime path of "/home/dan/Projects/Mobile-Robots/project2_lidar_mapping/prj2_ws/install/wpr_simulation2/lib/wpr_simulation2/10_pc_data" to ""
[39.758s] -- Installing: /home/dan/Projects/Mobile-Robots/project2_lidar_mapping/prj2_ws/install/wpr_simulation2/lib/wpr_simulation2/10_pc_objects
[39.760s] -- Set runtime path of "/home/dan/Projects/Mobile-Robots/project2_lidar_mapping/prj2_ws/install/wpr_simulation2/lib/wpr_simulation2/10_pc_objects" to ""
[39.760s] -- Installing: /home/dan/Projects/Mobile-Robots/project2_lidar_mapping/prj2_ws/install/wpr_simulation2/lib/wpr_simulation2/11_mani_ctrl
[39.761s] -- Set runtime path of "/home/dan/Projects/Mobile-Robots/project2_lidar_mapping/prj2_ws/install/wpr_simulation2/lib/wpr_simulation2/11_mani_ctrl" to ""
[39.761s] -- Installing: /home/dan/Projects/Mobile-Robots/project2_lidar_mapping/prj2_ws/install/wpr_simulation2/lib/wpr_simulation2/11_grab_object
[39.763s] -- Set runtime path of "/home/dan/Projects/Mobile-Robots/project2_lidar_mapping/prj2_ws/install/wpr_simulation2/lib/wpr_simulation2/11_grab_object" to ""
[39.763s] -- Installing: /home/dan/Projects/Mobile-Robots/project2_lidar_mapping/prj2_ws/install/wpr_simulation2/lib/wpr_simulation2/12_fetch
[39.765s] -- Set runtime path of "/home/dan/Projects/Mobile-Robots/project2_lidar_mapping/prj2_ws/install/wpr_simulation2/lib/wpr_simulation2/12_fetch" to ""
[39.765s] -- Installing: /home/dan/Projects/Mobile-Robots/project2_lidar_mapping/prj2_ws/install/wpr_simulation2/lib/wpr_simulation2/demo_nav2_client
[39.766s] -- Set runtime path of "/home/dan/Projects/Mobile-Robots/project2_lidar_mapping/prj2_ws/install/wpr_simulation2/lib/wpr_simulation2/demo_nav2_client" to ""
[39.766s] -- Installing: /home/dan/Projects/Mobile-Robots/project2_lidar_mapping/prj2_ws/install/wpr_simulation2/share/ament_index/resource_index/package_run_dependencies/wpr_simulation2
[39.766s] -- Installing: /home/dan/Projects/Mobile-Robots/project2_lidar_mapping/prj2_ws/install/wpr_simulation2/share/ament_index/resource_index/parent_prefix_path/wpr_simulation2
[39.766s] -- Installing: /home/dan/Projects/Mobile-Robots/project2_lidar_mapping/prj2_ws/install/wpr_simulation2/share/wpr_simulation2/environment/ament_prefix_path.sh
[39.766s] -- Installing: /home/dan/Projects/Mobile-Robots/project2_lidar_mapping/prj2_ws/install/wpr_simulation2/share/wpr_simulation2/environment/ament_prefix_path.dsv
[39.766s] -- Installing: /home/dan/Projects/Mobile-Robots/project2_lidar_mapping/prj2_ws/install/wpr_simulation2/share/wpr_simulation2/environment/path.sh
[39.766s] -- Installing: /home/dan/Projects/Mobile-Robots/project2_lidar_mapping/prj2_ws/install/wpr_simulation2/share/wpr_simulation2/environment/path.dsv
[39.766s] -- Installing: /home/dan/Projects/Mobile-Robots/project2_lidar_mapping/prj2_ws/install/wpr_simulation2/share/wpr_simulation2/local_setup.bash
[39.766s] -- Installing: /home/dan/Projects/Mobile-Robots/project2_lidar_mapping/prj2_ws/install/wpr_simulation2/share/wpr_simulation2/local_setup.sh
[39.766s] -- Installing: /home/dan/Projects/Mobile-Robots/project2_lidar_mapping/prj2_ws/install/wpr_simulation2/share/wpr_simulation2/local_setup.zsh
[39.767s] -- Installing: /home/dan/Projects/Mobile-Robots/project2_lidar_mapping/prj2_ws/install/wpr_simulation2/share/wpr_simulation2/local_setup.dsv
[39.767s] -- Installing: /home/dan/Projects/Mobile-Robots/project2_lidar_mapping/prj2_ws/install/wpr_simulation2/share/wpr_simulation2/package.dsv
[39.767s] -- Installing: /home/dan/Projects/Mobile-Robots/project2_lidar_mapping/prj2_ws/install/wpr_simulation2/share/ament_index/resource_index/packages/wpr_simulation2
[39.767s] -- Installing: /home/dan/Projects/Mobile-Robots/project2_lidar_mapping/prj2_ws/install/wpr_simulation2/share/wpr_simulation2/cmake/export_wpr_simulation2__rosidl_generator_cExport.cmake
[39.767s] -- Installing: /home/dan/Projects/Mobile-Robots/project2_lidar_mapping/prj2_ws/install/wpr_simulation2/share/wpr_simulation2/cmake/export_wpr_simulation2__rosidl_generator_cExport-noconfig.cmake
[39.767s] -- Installing: /home/dan/Projects/Mobile-Robots/project2_lidar_mapping/prj2_ws/install/wpr_simulation2/share/wpr_simulation2/cmake/export_wpr_simulation2__rosidl_typesupport_fastrtps_cExport.cmake
[39.767s] -- Installing: /home/dan/Projects/Mobile-Robots/project2_lidar_mapping/prj2_ws/install/wpr_simulation2/share/wpr_simulation2/cmake/export_wpr_simulation2__rosidl_typesupport_fastrtps_cExport-noconfig.cmake
[39.767s] -- Installing: /home/dan/Projects/Mobile-Robots/project2_lidar_mapping/prj2_ws/install/wpr_simulation2/share/wpr_simulation2/cmake/export_wpr_simulation2__rosidl_generator_cppExport.cmake
[39.767s] -- Installing: /home/dan/Projects/Mobile-Robots/project2_lidar_mapping/prj2_ws/install/wpr_simulation2/share/wpr_simulation2/cmake/export_wpr_simulation2__rosidl_typesupport_fastrtps_cppExport.cmake
[39.767s] -- Installing: /home/dan/Projects/Mobile-Robots/project2_lidar_mapping/prj2_ws/install/wpr_simulation2/share/wpr_simulation2/cmake/export_wpr_simulation2__rosidl_typesupport_fastrtps_cppExport-noconfig.cmake
[39.767s] -- Installing: /home/dan/Projects/Mobile-Robots/project2_lidar_mapping/prj2_ws/install/wpr_simulation2/share/wpr_simulation2/cmake/wpr_simulation2__rosidl_typesupport_introspection_cExport.cmake
[39.767s] -- Installing: /home/dan/Projects/Mobile-Robots/project2_lidar_mapping/prj2_ws/install/wpr_simulation2/share/wpr_simulation2/cmake/wpr_simulation2__rosidl_typesupport_introspection_cExport-noconfig.cmake
[39.767s] -- Installing: /home/dan/Projects/Mobile-Robots/project2_lidar_mapping/prj2_ws/install/wpr_simulation2/share/wpr_simulation2/cmake/wpr_simulation2__rosidl_typesupport_cExport.cmake
[39.767s] -- Installing: /home/dan/Projects/Mobile-Robots/project2_lidar_mapping/prj2_ws/install/wpr_simulation2/share/wpr_simulation2/cmake/wpr_simulation2__rosidl_typesupport_cExport-noconfig.cmake
[39.767s] -- Installing: /home/dan/Projects/Mobile-Robots/project2_lidar_mapping/prj2_ws/install/wpr_simulation2/share/wpr_simulation2/cmake/wpr_simulation2__rosidl_typesupport_introspection_cppExport.cmake
[39.768s] -- Installing: /home/dan/Projects/Mobile-Robots/project2_lidar_mapping/prj2_ws/install/wpr_simulation2/share/wpr_simulation2/cmake/wpr_simulation2__rosidl_typesupport_introspection_cppExport-noconfig.cmake
[39.768s] -- Installing: /home/dan/Projects/Mobile-Robots/project2_lidar_mapping/prj2_ws/install/wpr_simulation2/share/wpr_simulation2/cmake/wpr_simulation2__rosidl_typesupport_cppExport.cmake
[39.768s] -- Installing: /home/dan/Projects/Mobile-Robots/project2_lidar_mapping/prj2_ws/install/wpr_simulation2/share/wpr_simulation2/cmake/wpr_simulation2__rosidl_typesupport_cppExport-noconfig.cmake
[39.768s] -- Installing: /home/dan/Projects/Mobile-Robots/project2_lidar_mapping/prj2_ws/install/wpr_simulation2/share/wpr_simulation2/cmake/export_wpr_simulation2__rosidl_generator_pyExport.cmake
[39.768s] -- Installing: /home/dan/Projects/Mobile-Robots/project2_lidar_mapping/prj2_ws/install/wpr_simulation2/share/wpr_simulation2/cmake/export_wpr_simulation2__rosidl_generator_pyExport-noconfig.cmake
[39.768s] -- Installing: /home/dan/Projects/Mobile-Robots/project2_lidar_mapping/prj2_ws/install/wpr_simulation2/share/wpr_simulation2/cmake/rosidl_cmake-extras.cmake
[39.768s] -- Installing: /home/dan/Projects/Mobile-Robots/project2_lidar_mapping/prj2_ws/install/wpr_simulation2/share/wpr_simulation2/cmake/ament_cmake_export_dependencies-extras.cmake
[39.768s] -- Installing: /home/dan/Projects/Mobile-Robots/project2_lidar_mapping/prj2_ws/install/wpr_simulation2/share/wpr_simulation2/cmake/ament_cmake_export_include_directories-extras.cmake
[39.768s] -- Installing: /home/dan/Projects/Mobile-Robots/project2_lidar_mapping/prj2_ws/install/wpr_simulation2/share/wpr_simulation2/cmake/ament_cmake_export_libraries-extras.cmake
[39.768s] -- Installing: /home/dan/Projects/Mobile-Robots/project2_lidar_mapping/prj2_ws/install/wpr_simulation2/share/wpr_simulation2/cmake/ament_cmake_export_targets-extras.cmake
[39.768s] -- Installing: /home/dan/Projects/Mobile-Robots/project2_lidar_mapping/prj2_ws/install/wpr_simulation2/share/wpr_simulation2/cmake/rosidl_cmake_export_typesupport_targets-extras.cmake
[39.768s] -- Installing: /home/dan/Projects/Mobile-Robots/project2_lidar_mapping/prj2_ws/install/wpr_simulation2/share/wpr_simulation2/cmake/rosidl_cmake_export_typesupport_libraries-extras.cmake
[39.768s] -- Installing: /home/dan/Projects/Mobile-Robots/project2_lidar_mapping/prj2_ws/install/wpr_simulation2/share/wpr_simulation2/cmake/wpr_simulation2Config.cmake
[39.768s] -- Installing: /home/dan/Projects/Mobile-Robots/project2_lidar_mapping/prj2_ws/install/wpr_simulation2/share/wpr_simulation2/cmake/wpr_simulation2Config-version.cmake
[39.768s] -- Installing: /home/dan/Projects/Mobile-Robots/project2_lidar_mapping/prj2_ws/install/wpr_simulation2/share/wpr_simulation2/package.xml
[39.770s] Invoked command in '/home/dan/Projects/Mobile-Robots/project2_lidar_mapping/prj2_ws/build/wpr_simulation2' returned '0': CMAKE_PREFIX_PATH=${CMAKE_PREFIX_PATH}:/opt/ros/humble /usr/bin/cmake --install /home/dan/Projects/Mobile-Robots/project2_lidar_mapping/prj2_ws/build/wpr_simulation2
