-- Found ament_cmake: 1.3.11 (/opt/ros/humble/share/ament_cmake/cmake)
-- Found rclcpp: 16.0.12 (/opt/ros/humble/share/rclcpp/cmake)
-- Found rosidl_generator_c: 3.1.6 (/opt/ros/humble/share/rosidl_generator_c/cmake)
-- Found rosidl_adapter: 3.1.6 (/opt/ros/humble/share/rosidl_adapter/cmake)
-- Found rosidl_generator_cpp: 3.1.6 (/opt/ros/humble/share/rosidl_generator_cpp/cmake)
-- Using all available rosidl_typesupport_c: rosidl_typesupport_fastrtps_c;rosidl_typesupport_introspection_c
-- Using all available rosidl_typesupport_cpp: rosidl_typesupport_fastrtps_cpp;rosidl_typesupport_introspection_cpp
-- Found rmw_implementation_cmake: 6.1.2 (/opt/ros/humble/share/rmw_implementation_cmake/cmake)
-- Found rmw_fastrtps_cpp: 6.2.7 (/opt/ros/humble/share/rmw_fastrtps_cpp/cmake)
-- Using RMW implementation 'rmw_fastrtps_cpp' as default
-- Found sensor_msgs: 4.8.0 (/opt/ros/humble/share/sensor_msgs/cmake)
-- Found ament_lint_auto: 0.12.12 (/opt/ros/humble/share/ament_lint_auto/cmake)
-- Added test 'cppcheck' to perform static code analysis on C / C++ code
-- Configured cppcheck include dirs: 
-- Configured cppcheck exclude dirs and/or files: 
-- Added test 'flake8' to check Python code syntax and style conventions
-- Added test 'lint_cmake' to check CMake code style
-- Added test 'pep257' to check Python code against some of the docstring style conventions in PEP 257
-- Added test 'uncrustify' to check C / C++ code style
-- Configured uncrustify additional arguments: 
-- Added test 'xmllint' to check XML markup files
-- Configuring done
-- Generating done
-- Build files have been written to: /home/dan/Projects/Mobile-Robots/project3_path_planning/prj3_ws/build/lidar_pkg
[ 50%] [32mBuilding CXX object CMakeFiles/lidar_data.dir/src/lidar_data.cpp.o[0m
[ 50%] [32mBuilding CXX object CMakeFiles/lidar_behavior.dir/src/lidar_behavior.cpp.o[0m
[ 75%] [32m[1mLinking CXX executable lidar_data[0m
[100%] [32m[1mLinking CXX executable lidar_behavior[0m
[100%] Built target lidar_data
[100%] Built target lidar_behavior
-- Install configuration: ""
-- Installing: /home/dan/Projects/Mobile-Robots/project3_path_planning/prj3_ws/install/lidar_pkg/lib/lidar_pkg/lidar_data
-- Set runtime path of "/home/dan/Projects/Mobile-Robots/project3_path_planning/prj3_ws/install/lidar_pkg/lib/lidar_pkg/lidar_data" to ""
-- Installing: /home/dan/Projects/Mobile-Robots/project3_path_planning/prj3_ws/install/lidar_pkg/lib/lidar_pkg/lidar_behavior
-- Set runtime path of "/home/dan/Projects/Mobile-Robots/project3_path_planning/prj3_ws/install/lidar_pkg/lib/lidar_pkg/lidar_behavior" to ""
-- Installing: /home/dan/Projects/Mobile-Robots/project3_path_planning/prj3_ws/install/lidar_pkg/share/lidar_pkg/launch
-- Installing: /home/dan/Projects/Mobile-Robots/project3_path_planning/prj3_ws/install/lidar_pkg/share/lidar_pkg/launch/slam.launch.py
-- Installing: /home/dan/Projects/Mobile-Robots/project3_path_planning/prj3_ws/install/lidar_pkg/share/ament_index/resource_index/package_run_dependencies/lidar_pkg
-- Installing: /home/dan/Projects/Mobile-Robots/project3_path_planning/prj3_ws/install/lidar_pkg/share/ament_index/resource_index/parent_prefix_path/lidar_pkg
-- Installing: /home/dan/Projects/Mobile-Robots/project3_path_planning/prj3_ws/install/lidar_pkg/share/lidar_pkg/environment/ament_prefix_path.sh
-- Installing: /home/dan/Projects/Mobile-Robots/project3_path_planning/prj3_ws/install/lidar_pkg/share/lidar_pkg/environment/ament_prefix_path.dsv
-- Installing: /home/dan/Projects/Mobile-Robots/project3_path_planning/prj3_ws/install/lidar_pkg/share/lidar_pkg/environment/path.sh
-- Installing: /home/dan/Projects/Mobile-Robots/project3_path_planning/prj3_ws/install/lidar_pkg/share/lidar_pkg/environment/path.dsv
-- Installing: /home/dan/Projects/Mobile-Robots/project3_path_planning/prj3_ws/install/lidar_pkg/share/lidar_pkg/local_setup.bash
-- Installing: /home/dan/Projects/Mobile-Robots/project3_path_planning/prj3_ws/install/lidar_pkg/share/lidar_pkg/local_setup.sh
-- Installing: /home/dan/Projects/Mobile-Robots/project3_path_planning/prj3_ws/install/lidar_pkg/share/lidar_pkg/local_setup.zsh
-- Installing: /home/dan/Projects/Mobile-Robots/project3_path_planning/prj3_ws/install/lidar_pkg/share/lidar_pkg/local_setup.dsv
-- Installing: /home/dan/Projects/Mobile-Robots/project3_path_planning/prj3_ws/install/lidar_pkg/share/lidar_pkg/package.dsv
-- Installing: /home/dan/Projects/Mobile-Robots/project3_path_planning/prj3_ws/install/lidar_pkg/share/ament_index/resource_index/packages/lidar_pkg
-- Installing: /home/dan/Projects/Mobile-Robots/project3_path_planning/prj3_ws/install/lidar_pkg/share/lidar_pkg/cmake/lidar_pkgConfig.cmake
-- Installing: /home/dan/Projects/Mobile-Robots/project3_path_planning/prj3_ws/install/lidar_pkg/share/lidar_pkg/cmake/lidar_pkgConfig-version.cmake
-- Installing: /home/dan/Projects/Mobile-Robots/project3_path_planning/prj3_ws/install/lidar_pkg/share/lidar_pkg/package.xml
