[0.009s] Invoking command in '/home/dan/Projects/Mobile-Robots/project2_lidar_mapping/prj2_ws/build/cv_pkg': CMAKE_PREFIX_PATH=${CMAKE_PREFIX_PATH}:/opt/ros/humble /usr/bin/cmake --build /home/dan/Projects/Mobile-Robots/project2_lidar_mapping/prj2_ws/build/cv_pkg -- -j8 -l8
[0.026s] -- Found ament_cmake: 1.3.11 (/opt/ros/humble/share/ament_cmake/cmake)
[0.104s] -- Found rclcpp: 16.0.12 (/opt/ros/humble/share/rclcpp/cmake)
[0.124s] -- Found rosidl_generator_c: 3.1.6 (/opt/ros/humble/share/rosidl_generator_c/cmake)
[0.125s] -- Found rosidl_adapter: 3.1.6 (/opt/ros/humble/share/rosidl_adapter/cmake)
[0.129s] -- Found rosidl_generator_cpp: 3.1.6 (/opt/ros/humble/share/rosidl_generator_cpp/cmake)
[0.134s] -- Using all available rosidl_typesupport_c: rosidl_typesupport_fastrtps_c;rosidl_typesupport_introspection_c
[0.141s] -- Using all available rosidl_typesupport_cpp: rosidl_typesupport_fastrtps_cpp;rosidl_typesupport_introspection_cpp
[0.161s] -- Found rmw_implementation_cmake: 6.1.2 (/opt/ros/humble/share/rmw_implementation_cmake/cmake)
[0.162s] -- Found rmw_fastrtps_cpp: 6.2.7 (/opt/ros/humble/share/rmw_fastrtps_cpp/cmake)
[0.225s] -- Using RMW implementation 'rmw_fastrtps_cpp' as default
[0.254s] -- Found sensor_msgs: 4.8.0 (/opt/ros/humble/share/sensor_msgs/cmake)
[0.271s] -- Found cv_bridge: 3.2.1 (/opt/ros/humble/share/cv_bridge/cmake)
[0.279s] -- Found pcl_conversions: 2.4.5 (/opt/ros/humble/share/pcl_conversions/cmake)
[0.300s] -- Eigen found (include: /usr/include/eigen3, version: 3.4.0)
[0.320s] -- FLANN found (include: /usr/include, lib: /usr/lib/x86_64-linux-gnu/libflann_cpp.so)
[0.515s] -- OpenNI found (version: 1.5.4.0, include: /usr/include/ni, lib: /usr/lib/libOpenNI.so;libusb::libusb)
[0.520s] -- OpenNI2 found (version: 2.2.0.33, include: /usr/include/openni2, lib: /usr/lib/x86_64-linux-gnu/libOpenNI2.so;libusb::libusb)
[0.622s] -- Eigen found (include: /usr/include/eigen3, version: 3.4.0)
[0.626s] -- OpenNI found (version: 1.5.4.0, include: /usr/include/ni, lib: /usr/lib/libOpenNI.so;libusb::libusb)
[0.629s] -- OpenNI2 found (version: 2.2.0.33, include: /usr/include/openni2, lib: /usr/lib/x86_64-linux-gnu/libOpenNI2.so;libusb::libusb)
[0.721s] -- Found Qhull version 8.0.2
[0.818s] -- OpenNI found (version: 1.5.4.0, include: /usr/include/ni, lib: /usr/lib/libOpenNI.so;libusb::libusb)
[0.917s] -- Found pcl_ros: 2.4.5 (/opt/ros/humble/share/pcl_ros/cmake)
[0.927s] -- Found eigen3_cmake_module: 0.1.1 (/opt/ros/humble/share/eigen3_cmake_module/cmake)
[0.927s] -- Ensuring Eigen3 include directory is part of orocos-kdl CMake target
[0.983s] -- Found ament_lint_auto: 0.12.12 (/opt/ros/humble/share/ament_lint_auto/cmake)
[1.027s] -- Added test 'cppcheck' to perform static code analysis on C / C++ code
[1.027s] -- Configured cppcheck include dirs: 
[1.027s] -- Configured cppcheck exclude dirs and/or files: 
[1.028s] -- Added test 'lint_cmake' to check CMake code style
[1.028s] -- Added test 'uncrustify' to check C / C++ code style
[1.028s] -- Configured uncrustify additional arguments: 
[1.029s] -- Added test 'xmllint' to check XML markup files
[1.029s] -- Configuring done
[1.067s] -- Generating done
[1.078s] -- Build files have been written to: /home/dan/Projects/Mobile-Robots/project2_lidar_mapping/prj2_ws/build/cv_pkg
[1.101s] [35m[1mConsolidate compiler generated dependencies of target cv_hsv_node[0m
[1.102s] [35m[1mConsolidate compiler generated dependencies of target pc_data_node[0m
[1.102s] [35m[1mConsolidate compiler generated dependencies of target cv_image_node[0m
[1.102s] [35m[1mConsolidate compiler generated dependencies of target cv_follow_node[0m
[1.108s] [ 10%] [32mBuilding CXX object CMakeFiles/cv_face_detect_node.dir/src/cv_face_detect.cpp.o[0m
[1.117s] [ 30%] Built target cv_hsv_node
[1.117s] [ 70%] Built target cv_image_node
[1.117s] [ 70%] Built target cv_follow_node
[1.123s] [ 80%] [32m[1mLinking CXX executable pc_data_node[0m
[2.182s] [ 90%] Built target pc_data_node
[8.161s] [100%] [32m[1mLinking CXX executable cv_face_detect_node[0m
[8.716s] [100%] Built target cv_face_detect_node
[8.723s] Invoked command in '/home/dan/Projects/Mobile-Robots/project2_lidar_mapping/prj2_ws/build/cv_pkg' returned '0': CMAKE_PREFIX_PATH=${CMAKE_PREFIX_PATH}:/opt/ros/humble /usr/bin/cmake --build /home/dan/Projects/Mobile-Robots/project2_lidar_mapping/prj2_ws/build/cv_pkg -- -j8 -l8
[8.730s] Invoking command in '/home/dan/Projects/Mobile-Robots/project2_lidar_mapping/prj2_ws/build/cv_pkg': CMAKE_PREFIX_PATH=${CMAKE_PREFIX_PATH}:/opt/ros/humble /usr/bin/cmake --install /home/dan/Projects/Mobile-Robots/project2_lidar_mapping/prj2_ws/build/cv_pkg
[8.735s] -- Install configuration: ""
[8.735s] -- Installing: /home/dan/Projects/Mobile-Robots/project2_lidar_mapping/prj2_ws/install/cv_pkg/lib/cv_pkg/cv_image_node
[8.737s] -- Set runtime path of "/home/dan/Projects/Mobile-Robots/project2_lidar_mapping/prj2_ws/install/cv_pkg/lib/cv_pkg/cv_image_node" to ""
[8.737s] -- Installing: /home/dan/Projects/Mobile-Robots/project2_lidar_mapping/prj2_ws/install/cv_pkg/lib/cv_pkg/cv_hsv_node
[8.739s] -- Set runtime path of "/home/dan/Projects/Mobile-Robots/project2_lidar_mapping/prj2_ws/install/cv_pkg/lib/cv_pkg/cv_hsv_node" to ""
[8.739s] -- Installing: /home/dan/Projects/Mobile-Robots/project2_lidar_mapping/prj2_ws/install/cv_pkg/lib/cv_pkg/cv_follow_node
[8.740s] -- Set runtime path of "/home/dan/Projects/Mobile-Robots/project2_lidar_mapping/prj2_ws/install/cv_pkg/lib/cv_pkg/cv_follow_node" to ""
[8.741s] -- Installing: /home/dan/Projects/Mobile-Robots/project2_lidar_mapping/prj2_ws/install/cv_pkg/lib/cv_pkg/cv_face_detect_node
[8.743s] -- Set runtime path of "/home/dan/Projects/Mobile-Robots/project2_lidar_mapping/prj2_ws/install/cv_pkg/lib/cv_pkg/cv_face_detect_node" to ""
[8.743s] -- Installing: /home/dan/Projects/Mobile-Robots/project2_lidar_mapping/prj2_ws/install/cv_pkg/lib/cv_pkg/pc_data_node
[8.745s] -- Set runtime path of "/home/dan/Projects/Mobile-Robots/project2_lidar_mapping/prj2_ws/install/cv_pkg/lib/cv_pkg/pc_data_node" to ""
[8.745s] -- Installing: /home/dan/Projects/Mobile-Robots/project2_lidar_mapping/prj2_ws/install/cv_pkg/share/ament_index/resource_index/package_run_dependencies/cv_pkg
[8.745s] -- Installing: /home/dan/Projects/Mobile-Robots/project2_lidar_mapping/prj2_ws/install/cv_pkg/share/ament_index/resource_index/parent_prefix_path/cv_pkg
[8.745s] -- Up-to-date: /home/dan/Projects/Mobile-Robots/project2_lidar_mapping/prj2_ws/install/cv_pkg/share/cv_pkg/environment/ament_prefix_path.sh
[8.745s] -- Installing: /home/dan/Projects/Mobile-Robots/project2_lidar_mapping/prj2_ws/install/cv_pkg/share/cv_pkg/environment/ament_prefix_path.dsv
[8.745s] -- Up-to-date: /home/dan/Projects/Mobile-Robots/project2_lidar_mapping/prj2_ws/install/cv_pkg/share/cv_pkg/environment/path.sh
[8.746s] -- Installing: /home/dan/Projects/Mobile-Robots/project2_lidar_mapping/prj2_ws/install/cv_pkg/share/cv_pkg/environment/path.dsv
[8.746s] -- Up-to-date: /home/dan/Projects/Mobile-Robots/project2_lidar_mapping/prj2_ws/install/cv_pkg/share/cv_pkg/local_setup.bash
[8.746s] -- Up-to-date: /home/dan/Projects/Mobile-Robots/project2_lidar_mapping/prj2_ws/install/cv_pkg/share/cv_pkg/local_setup.sh
[8.746s] -- Up-to-date: /home/dan/Projects/Mobile-Robots/project2_lidar_mapping/prj2_ws/install/cv_pkg/share/cv_pkg/local_setup.zsh
[8.746s] -- Installing: /home/dan/Projects/Mobile-Robots/project2_lidar_mapping/prj2_ws/install/cv_pkg/share/cv_pkg/local_setup.dsv
[8.746s] -- Installing: /home/dan/Projects/Mobile-Robots/project2_lidar_mapping/prj2_ws/install/cv_pkg/share/cv_pkg/package.dsv
[8.746s] -- Up-to-date: /home/dan/Projects/Mobile-Robots/project2_lidar_mapping/prj2_ws/install/cv_pkg/share/ament_index/resource_index/packages/cv_pkg
[8.746s] -- Up-to-date: /home/dan/Projects/Mobile-Robots/project2_lidar_mapping/prj2_ws/install/cv_pkg/share/cv_pkg/cmake/cv_pkgConfig.cmake
[8.746s] -- Up-to-date: /home/dan/Projects/Mobile-Robots/project2_lidar_mapping/prj2_ws/install/cv_pkg/share/cv_pkg/cmake/cv_pkgConfig-version.cmake
[8.746s] -- Installing: /home/dan/Projects/Mobile-Robots/project2_lidar_mapping/prj2_ws/install/cv_pkg/share/cv_pkg/package.xml
[8.747s] Invoked command in '/home/dan/Projects/Mobile-Robots/project2_lidar_mapping/prj2_ws/build/cv_pkg' returned '0': CMAKE_PREFIX_PATH=${CMAKE_PREFIX_PATH}:/opt/ros/humble /usr/bin/cmake --install /home/dan/Projects/Mobile-Robots/project2_lidar_mapping/prj2_ws/build/cv_pkg
