[0.007s] Invoking command in '/home/dan/Projects/Mobile-Robots/project1_basic_move/ros2_ws/build/wpr_simulation2': CMAKE_PREFIX_PATH=${CMAKE_PREFIX_PATH}:/opt/ros/humble /usr/bin/cmake /home/dan/Projects/Mobile-Robots/project1_basic_move/ros2_ws/src/wpr_simulation2 -DCMAKE_INSTALL_PREFIX=/home/dan/Projects/Mobile-Robots/project1_basic_move/ros2_ws/install/wpr_simulation2
[0.142s] -- The C compiler identification is GNU 11.4.0
[0.206s] -- The CXX compiler identification is GNU 11.4.0
[0.214s] -- Detecting C compiler ABI info
[0.260s] -- Detecting C compiler ABI info - done
[0.269s] -- Check for working C compiler: /usr/bin/cc - skipped
[0.269s] -- Detecting C compile features
[0.270s] -- Detecting C compile features - done
[0.273s] -- Detecting CXX compiler ABI info
[0.329s] -- Detecting CXX compiler ABI info - done
[0.335s] -- Check for working CXX compiler: /usr/bin/c++ - skipped
[0.335s] -- Detecting CXX compile features
[0.336s] -- Detecting CXX compile features - done
[0.338s] -- Found ament_cmake: 1.3.11 (/opt/ros/humble/share/ament_cmake/cmake)
[0.435s] -- Found Python3: /usr/bin/python3 (found version "3.10.12") found components: Interpreter 
[0.499s] -- Found gazebo_ros_pkgs: 3.9.0 (/opt/ros/humble/share/gazebo_ros_pkgs/cmake)
[0.500s] -- Found geometry_msgs: 4.8.0 (/opt/ros/humble/share/geometry_msgs/cmake)
[0.530s] -- Found rosidl_generator_c: 3.1.6 (/opt/ros/humble/share/rosidl_generator_c/cmake)
[0.533s] -- Found rosidl_adapter: 3.1.6 (/opt/ros/humble/share/rosidl_adapter/cmake)
[0.539s] -- Found rosidl_generator_cpp: 3.1.6 (/opt/ros/humble/share/rosidl_generator_cpp/cmake)
[0.549s] -- Using all available rosidl_typesupport_c: rosidl_typesupport_fastrtps_c;rosidl_typesupport_introspection_c
[0.560s] -- Using all available rosidl_typesupport_cpp: rosidl_typesupport_fastrtps_cpp;rosidl_typesupport_introspection_cpp
[0.596s] -- Found nav_msgs: 4.8.0 (/opt/ros/humble/share/nav_msgs/cmake)
[0.611s] -- Found rclcpp: 16.0.12 (/opt/ros/humble/share/rclcpp/cmake)
[0.634s] -- Found rmw_implementation_cmake: 6.1.2 (/opt/ros/humble/share/rmw_implementation_cmake/cmake)
[0.635s] -- Found rmw_fastrtps_cpp: 6.2.7 (/opt/ros/humble/share/rmw_fastrtps_cpp/cmake)
[0.681s] -- Found OpenSSL: /usr/lib/x86_64-linux-gnu/libcrypto.so (found version "3.0.2")  
[0.697s] -- Found FastRTPS: /opt/ros/humble/include  
[0.725s] -- Using RMW implementation 'rmw_fastrtps_cpp' as default
[0.730s] -- Looking for pthread.h
[0.773s] -- Looking for pthread.h - found
[0.773s] -- Performing Test CMAKE_HAVE_LIBC_PTHREAD
[0.820s] -- Performing Test CMAKE_HAVE_LIBC_PTHREAD - Success
[0.821s] -- Found Threads: TRUE  
[0.846s] -- Found rclpy: 3.3.16 (/opt/ros/humble/share/rclpy/cmake)
[0.847s] -- Found rclcpp_action: 16.0.12 (/opt/ros/humble/share/rclcpp_action/cmake)
[0.873s] -- Found sensor_msgs: 4.8.0 (/opt/ros/humble/share/sensor_msgs/cmake)
[0.885s] -- Found tf2_geometry_msgs: 0.25.12 (/opt/ros/humble/share/tf2_geometry_msgs/cmake)
[0.896s] -- Found eigen3_cmake_module: 0.1.1 (/opt/ros/humble/share/eigen3_cmake_module/cmake)
[0.897s] -- Found Eigen3: TRUE (found version "3.4.0") 
[0.897s] -- Ensuring Eigen3 include directory is part of orocos-kdl CMake target
[0.956s] -- Found nav2_msgs: 1.1.18 (/opt/ros/humble/share/nav2_msgs/cmake)
[0.972s] -- Found cv_bridge: 3.2.1 (/opt/ros/humble/share/cv_bridge/cmake)
[0.981s] -- Found image_transport: 3.1.11 (/opt/ros/humble/share/image_transport/cmake)
[1.000s] -- Found OpenCV: /usr (found version "4.5.4") 
[1.001s] -- Found pcl_conversions: 2.4.5 (/opt/ros/humble/share/pcl_conversions/cmake)
[1.028s] -- Checking for module 'eigen3'
[1.035s] --   Found eigen3, version 3.4.0
[1.053s] -- Found Eigen: /usr/include/eigen3 (Required is at least version "3.1") 
[1.053s] -- Eigen found (include: /usr/include/eigen3, version: 3.4.0)
[1.085s] -- Checking for module 'flann'
[1.092s] --   Found flann, version 1.9.1
[1.115s] -- Found FLANN: /usr/lib/x86_64-linux-gnu/libflann_cpp.so  
[1.115s] -- FLANN found (include: /usr/include, lib: /usr/lib/x86_64-linux-gnu/libflann_cpp.so)
[1.747s] -- Checking for module 'libusb-1.0'
[1.754s] --   Found libusb-1.0, version 1.0.25
[1.773s] -- Found libusb: /usr/lib/x86_64-linux-gnu/libusb-1.0.so  
[1.774s] -- OpenNI found (version: 1.5.4.0, include: /usr/include/ni, lib: /usr/lib/libOpenNI.so;libusb::libusb)
[1.803s] -- OpenNI2 found (version: 2.2.0.33, include: /usr/include/openni2, lib: /usr/lib/x86_64-linux-gnu/libOpenNI2.so;libusb::libusb)
[1.907s] -- Eigen found (include: /usr/include/eigen3, version: 3.4.0)
[1.912s] -- OpenNI found (version: 1.5.4.0, include: /usr/include/ni, lib: /usr/lib/libOpenNI.so;libusb::libusb)
[1.916s] -- OpenNI2 found (version: 2.2.0.33, include: /usr/include/openni2, lib: /usr/lib/x86_64-linux-gnu/libOpenNI2.so;libusb::libusb)
[2.017s] -- Found Qhull version 8.0.2
[2.117s] -- OpenNI found (version: 1.5.4.0, include: /usr/include/ni, lib: /usr/lib/libOpenNI.so;libusb::libusb)
[2.214s] -- Found PCL_COMMON: /usr/lib/x86_64-linux-gnu/libpcl_common.so  
[2.215s] -- Found PCL_KDTREE: /usr/lib/x86_64-linux-gnu/libpcl_kdtree.so  
[2.215s] -- Found PCL_OCTREE: /usr/lib/x86_64-linux-gnu/libpcl_octree.so  
[2.217s] -- Found PCL_SEARCH: /usr/lib/x86_64-linux-gnu/libpcl_search.so  
[2.218s] -- Found PCL_SAMPLE_CONSENSUS: /usr/lib/x86_64-linux-gnu/libpcl_sample_consensus.so  
[2.218s] -- Found PCL_FILTERS: /usr/lib/x86_64-linux-gnu/libpcl_filters.so  
[2.219s] -- Found PCL_2D: /usr/include/pcl-1.12  
[2.219s] -- Found PCL_GEOMETRY: /usr/include/pcl-1.12  
[2.219s] -- Found PCL_IO: /usr/lib/x86_64-linux-gnu/libpcl_io.so  
[2.220s] -- Found PCL_FEATURES: /usr/lib/x86_64-linux-gnu/libpcl_features.so  
[2.221s] -- Found PCL_ML: /usr/lib/x86_64-linux-gnu/libpcl_ml.so  
[2.222s] -- Found PCL_SEGMENTATION: /usr/lib/x86_64-linux-gnu/libpcl_segmentation.so  
[2.222s] -- Found PCL_VISUALIZATION: /usr/lib/x86_64-linux-gnu/libpcl_visualization.so  
[2.223s] -- Found PCL_SURFACE: /usr/lib/x86_64-linux-gnu/libpcl_surface.so  
[2.224s] -- Found PCL_REGISTRATION: /usr/lib/x86_64-linux-gnu/libpcl_registration.so  
[2.224s] -- Found PCL_KEYPOINTS: /usr/lib/x86_64-linux-gnu/libpcl_keypoints.so  
[2.225s] -- Found PCL_TRACKING: /usr/lib/x86_64-linux-gnu/libpcl_tracking.so  
[2.226s] -- Found PCL_RECOGNITION: /usr/lib/x86_64-linux-gnu/libpcl_recognition.so  
[2.226s] -- Found PCL_STEREO: /usr/lib/x86_64-linux-gnu/libpcl_stereo.so  
[2.227s] -- Found PCL_APPS: /usr/lib/x86_64-linux-gnu/libpcl_apps.so  
[2.228s] -- Found PCL_IN_HAND_SCANNER: /usr/include/pcl-1.12  
[2.228s] -- Found PCL_MODELER: /usr/include/pcl-1.12  
[2.228s] -- Found PCL_POINT_CLOUD_EDITOR: /usr/include/pcl-1.12  
[2.229s] -- Found PCL_OUTOFCORE: /usr/lib/x86_64-linux-gnu/libpcl_outofcore.so  
[2.230s] -- Found PCL_PEOPLE: /usr/lib/x86_64-linux-gnu/libpcl_people.so  
[2.232s] -- Found pcl_ros: 2.4.5 (/opt/ros/humble/share/pcl_ros/cmake)
[2.241s] -- Found visualization_msgs: 4.8.0 (/opt/ros/humble/share/visualization_msgs/cmake)
[2.255s] -- Found rosidl_default_generators: 1.2.0 (/opt/ros/humble/share/rosidl_default_generators/cmake)
[2.436s] -- Found ament_cmake_ros: 0.10.0 (/opt/ros/humble/share/ament_cmake_ros/cmake)
[2.671s] -- Using all available rosidl_typesupport_c: rosidl_typesupport_fastrtps_c;rosidl_typesupport_introspection_c
[2.763s] -- Using all available rosidl_typesupport_cpp: rosidl_typesupport_fastrtps_cpp;rosidl_typesupport_introspection_cpp
[2.778s] -- Found PythonInterp: /usr/bin/python3 (found suitable version "3.10.12", minimum required is "3.6") 
[2.779s] -- Found python_cmake_module: 0.10.0 (/opt/ros/humble/share/python_cmake_module/cmake)
[2.797s] -- Found PythonLibs: /usr/lib/x86_64-linux-gnu/libpython3.10.so (found suitable version "3.10.12", minimum required is "3.5") 
[2.797s] -- Using PYTHON_EXECUTABLE: /usr/bin/python3
[2.797s] -- Using PYTHON_INCLUDE_DIRS: /usr/include/python3.10
[2.797s] -- Using PYTHON_LIBRARIES: /usr/lib/x86_64-linux-gnu/libpython3.10.so
[2.812s] -- Found PythonExtra: .so  
[2.881s] -- Found ament_lint_auto: 0.12.12 (/opt/ros/humble/share/ament_lint_auto/cmake)
[2.899s] -- Added test 'cppcheck' to perform static code analysis on C / C++ code
[2.901s] -- Configured cppcheck include dirs: /home/dan/Projects/Mobile-Robots/project1_basic_move/ros2_ws/src/wpr_simulation2/include
[2.901s] -- Configured cppcheck exclude dirs and/or files: 
[2.902s] -- Added test 'flake8' to check Python code syntax and style conventions
[2.904s] -- Added test 'lint_cmake' to check CMake code style
[2.905s] -- Added test 'pep257' to check Python code against some of the docstring style conventions in PEP 257
[2.910s] -- Added test 'uncrustify' to check C / C++ code style
[2.910s] -- Configured uncrustify additional arguments: 
[2.911s] -- Added test 'xmllint' to check XML markup files
[2.912s] -- Configuring done
[3.079s] -- Generating done
[3.126s] -- Build files have been written to: /home/dan/Projects/Mobile-Robots/project1_basic_move/ros2_ws/build/wpr_simulation2
[3.145s] Invoked command in '/home/dan/Projects/Mobile-Robots/project1_basic_move/ros2_ws/build/wpr_simulation2' returned '0': CMAKE_PREFIX_PATH=${CMAKE_PREFIX_PATH}:/opt/ros/humble /usr/bin/cmake /home/dan/Projects/Mobile-Robots/project1_basic_move/ros2_ws/src/wpr_simulation2 -DCMAKE_INSTALL_PREFIX=/home/dan/Projects/Mobile-Robots/project1_basic_move/ros2_ws/install/wpr_simulation2
[3.146s] Invoking command in '/home/dan/Projects/Mobile-Robots/project1_basic_move/ros2_ws/build/wpr_simulation2': CMAKE_PREFIX_PATH=${CMAKE_PREFIX_PATH}:/opt/ros/humble /usr/bin/cmake --build /home/dan/Projects/Mobile-Robots/project1_basic_move/ros2_ws/build/wpr_simulation2 -- -j8 -l8
[3.179s] [  1%] [34m[1mGenerating C code for ROS interfaces[0m
[3.185s] [  3%] [32mBuilding CXX object CMakeFiles/3_my_node.dir/demo_cpp/3_my_node.cpp.o[0m
[3.186s] [  3%] [32mBuilding CXX object CMakeFiles/wpb_home_mani_sim.dir/src/wpb_home_mani_sim.cpp.o[0m
[3.186s] [  5%] [32mBuilding CXX object CMakeFiles/3_publisher_node.dir/demo_cpp/3_publisher_node.cpp.o[0m
[3.186s] [  7%] [32mBuilding CXX object CMakeFiles/ball_random_move.dir/src/ball_random_move.cpp.o[0m
[3.187s] [  6%] [32mBuilding CXX object CMakeFiles/keyboard_vel_cmd.dir/src/keyboard_vel_cmd.cpp.o[0m
[3.187s] [  8%] [34m[1mGenerating C++ code for ROS interfaces[0m
[3.202s] [  8%] Built target ament_cmake_python_copy_wpr_simulation2
[3.235s] [ 10%] [32mBuilding CXX object CMakeFiles/3_subscriber_node.dir/demo_cpp/3_subscriber_node.cpp.o[0m
[3.627s] [ 10%] Built target wpr_simulation2__cpp
[3.645s] [ 11%] [32mBuilding C object CMakeFiles/wpr_simulation2__rosidl_generator_c.dir/rosidl_generator_c/wpr_simulation2/msg/detail/object__functions.c.o[0m
[3.655s] [ 12%] [32mBuilding CXX object CMakeFiles/4_velocity_command.dir/demo_cpp/4_velocity_command.cpp.o[0m
[3.749s] [ 13%] [32m[1mLinking C shared library libwpr_simulation2__rosidl_generator_c.so[0m
[3.824s] [ 13%] Built target wpr_simulation2__rosidl_generator_c
[3.871s] [ 15%] [32mBuilding CXX object CMakeFiles/5_lidar_data.dir/demo_cpp/5_lidar_data.cpp.o[0m
[6.573s] [ 16%] [32m[1mLinking CXX executable 3_my_node[0m
[6.696s] [ 16%] Built target 3_my_node
[6.720s] [ 17%] [32mBuilding CXX object CMakeFiles/5_lidar_behavior.dir/demo_cpp/5_lidar_behavior.cpp.o[0m
[7.932s] [ 18%] [32m[1mLinking CXX executable ball_random_move[0m
[8.005s] [ 20%] [32m[1mLinking CXX executable 3_publisher_node[0m
[8.116s] [ 21%] [32m[1mLinking CXX executable keyboard_vel_cmd[0m
[8.210s] [ 21%] Built target ball_random_move
[8.218s] [ 21%] Built target 3_publisher_node
[8.230s] [ 22%] [32mBuilding CXX object CMakeFiles/6_imu_data.dir/demo_cpp/6_imu_data.cpp.o[0m
[8.239s] [ 24%] [32mBuilding CXX object CMakeFiles/6_imu_behavior.dir/demo_cpp/6_imu_behavior.cpp.o[0m
[8.348s] [ 24%] Built target keyboard_vel_cmd
[8.368s] [ 25%] [32mBuilding CXX object CMakeFiles/8_waypoint_navigation.dir/demo_cpp/8_waypoint_navigation.cpp.o[0m
[8.410s] [ 26%] [32m[1mLinking CXX executable 4_velocity_command[0m
[8.620s] [ 26%] Built target 4_velocity_command
[8.644s] [ 27%] [32mBuilding CXX object CMakeFiles/9_cv_image.dir/demo_cpp/9_cv_image.cpp.o[0m
[12.337s] [ 29%] [32m[1mLinking CXX executable 3_subscriber_node[0m
[12.781s] [ 30%] [32m[1mLinking CXX executable 5_lidar_data[0m
[12.783s] [ 30%] Built target 3_subscriber_node
[12.805s] [ 31%] [32mBuilding CXX object CMakeFiles/9_cv_hsv.dir/demo_cpp/9_cv_hsv.cpp.o[0m
[12.895s] [ 32%] [32m[1mLinking CXX executable wpb_home_mani_sim[0m
[13.315s] [ 32%] Built target 5_lidar_data
[13.337s] [ 34%] [32mBuilding CXX object CMakeFiles/9_cv_follow.dir/demo_cpp/9_cv_follow.cpp.o[0m
[13.396s] [ 34%] Built target wpb_home_mani_sim
[13.421s] [ 35%] [32mBuilding CXX object CMakeFiles/9_cv_face_detect.dir/demo_cpp/9_cv_face_detect.cpp.o[0m
[16.041s] [ 36%] [32m[1mLinking CXX executable 5_lidar_behavior[0m
[16.644s] [ 36%] Built target 5_lidar_behavior
[16.667s] [ 37%] [32mBuilding CXX object CMakeFiles/10_pc_data.dir/demo_cpp/10_pc_data.cpp.o[0m
[17.070s] [ 39%] [32m[1mLinking CXX executable 6_imu_data[0m
[17.538s] [ 39%] Built target 6_imu_data
[17.555s] [ 40%] [32m[1mLinking CXX executable 6_imu_behavior[0m
[17.561s] [ 41%] [32mBuilding CXX object CMakeFiles/10_pc_objects.dir/demo_cpp/10_pc_objects.cpp.o[0m
[17.695s] [ 43%] [32m[1mLinking CXX executable 8_waypoint_navigation[0m
[17.789s] [ 44%] [32m[1mLinking CXX executable 9_cv_image[0m
[18.066s] [ 44%] Built target 6_imu_behavior
[18.087s] [ 45%] [32mBuilding CXX object CMakeFiles/11_mani_ctrl.dir/demo_cpp/11_mani_ctrl.cpp.o[0m
[18.123s] [ 45%] Built target 8_waypoint_navigation
[18.143s] [ 46%] [32mBuilding CXX object CMakeFiles/12_fetch.dir/demo_cpp/12_fetch.cpp.o[0m
[18.756s] [ 46%] Built target 9_cv_image
[18.778s] [ 48%] [32mBuilding CXX object CMakeFiles/demo_nav2_client.dir/demo_cpp/demo_nav2_client.cpp.o[0m
[21.990s] [ 49%] [32m[1mLinking CXX executable 9_cv_hsv[0m
[22.554s] [ 50%] [32m[1mLinking CXX executable 11_mani_ctrl[0m
[22.836s] [ 50%] Built target 11_mani_ctrl
[22.837s] [ 50%] Built target 9_cv_hsv
[22.852s] [ 51%] [34m[1mGenerating C type support for eProsima Fast-RTPS[0m
[22.858s] [ 53%] [34m[1mGenerating C++ type support dispatch for ROS interfaces[0m
[23.027s] [ 54%] [32m[1mLinking CXX executable demo_nav2_client[0m
[23.082s] [ 55%] [32m[1mLinking CXX executable 9_cv_follow[0m
[23.135s] [ 56%] [32mBuilding CXX object CMakeFiles/wpr_simulation2__rosidl_typesupport_cpp.dir/rosidl_typesupport_cpp/wpr_simulation2/msg/object__type_support.cpp.o[0m
[23.140s] [ 58%] [32mBuilding CXX object CMakeFiles/wpr_simulation2__rosidl_typesupport_fastrtps_c.dir/rosidl_typesupport_fastrtps_c/wpr_simulation2/msg/detail/object__type_support_c.cpp.o[0m
[23.293s] [ 58%] Built target demo_nav2_client
[23.305s] [ 59%] [34m[1mGenerating C++ type support for eProsima Fast-RTPS[0m
[23.396s] [ 60%] [32m[1mLinking CXX shared library libwpr_simulation2__rosidl_typesupport_cpp.so[0m
[23.436s] [ 60%] Built target wpr_simulation2__rosidl_typesupport_cpp
[23.446s] [ 62%] [34m[1mGenerating C introspection for ROS interfaces[0m
[23.469s] [ 63%] [32m[1mLinking CXX shared library libwpr_simulation2__rosidl_typesupport_fastrtps_c.so[0m
[23.557s] [ 63%] Built target wpr_simulation2__rosidl_typesupport_fastrtps_c
[23.567s] [ 64%] [34m[1mGenerating C type support dispatch for ROS interfaces[0m
[23.594s] [ 65%] [32mBuilding CXX object CMakeFiles/wpr_simulation2__rosidl_typesupport_fastrtps_cpp.dir/rosidl_typesupport_fastrtps_cpp/wpr_simulation2/msg/detail/dds_fastrtps/object__type_support.cpp.o[0m
[23.723s] [ 67%] [32mBuilding C object CMakeFiles/wpr_simulation2__rosidl_typesupport_introspection_c.dir/rosidl_typesupport_introspection_c/wpr_simulation2/msg/detail/object__type_support.c.o[0m
[23.773s] [ 68%] [32m[1mLinking C shared library libwpr_simulation2__rosidl_typesupport_introspection_c.so[0m
[23.808s] [ 68%] Built target wpr_simulation2__rosidl_typesupport_introspection_c
[23.815s] [ 69%] [34m[1mGenerating C++ introspection for ROS interfaces[0m
[23.827s] [ 70%] [32mBuilding CXX object CMakeFiles/wpr_simulation2__rosidl_typesupport_c.dir/rosidl_typesupport_c/wpr_simulation2/msg/object__type_support.cpp.o[0m
[23.862s] [ 72%] [32m[1mLinking CXX shared library libwpr_simulation2__rosidl_typesupport_c.so[0m
[23.907s] [ 72%] Built target wpr_simulation2__rosidl_typesupport_c
[23.975s] [ 72%] Built target 9_cv_follow
[23.999s] [ 73%] [32mBuilding CXX object CMakeFiles/objects_publisher.dir/src/objects_publisher.cpp.o[0m
[24.062s] [ 74%] [32m[1mLinking CXX shared library libwpr_simulation2__rosidl_typesupport_fastrtps_cpp.so[0m
[24.078s] [ 75%] [32mBuilding CXX object CMakeFiles/wpr_simulation2__rosidl_typesupport_introspection_cpp.dir/rosidl_typesupport_introspection_cpp/wpr_simulation2/msg/detail/object__type_support.cpp.o[0m
[24.150s] running egg_info
[24.151s] creating wpr_simulation2.egg-info
[24.152s] writing wpr_simulation2.egg-info/PKG-INFO
[24.153s] writing dependency_links to wpr_simulation2.egg-info/dependency_links.txt
[24.153s] writing top-level names to wpr_simulation2.egg-info/top_level.txt
[24.153s] writing manifest file 'wpr_simulation2.egg-info/SOURCES.txt'
[24.156s] reading manifest file 'wpr_simulation2.egg-info/SOURCES.txt'
[24.156s] writing manifest file 'wpr_simulation2.egg-info/SOURCES.txt'
[24.161s] [ 75%] Built target wpr_simulation2__rosidl_typesupport_fastrtps_cpp
[24.183s] [ 77%] [32mBuilding CXX object CMakeFiles/grab_object_sim.dir/src/grab_object_sim.cpp.o[0m
[24.190s] [ 77%] Built target ament_cmake_python_build_wpr_simulation2_egg
[24.213s] [ 78%] [32mBuilding CXX object CMakeFiles/11_grab_object.dir/demo_cpp/11_grab_object.cpp.o[0m
[24.534s] [ 79%] [32m[1mLinking CXX shared library libwpr_simulation2__rosidl_typesupport_introspection_cpp.so[0m
[24.636s] [ 79%] Built target wpr_simulation2__rosidl_typesupport_introspection_cpp
[24.654s] [ 79%] Built target wpr_simulation2
[24.675s] [ 81%] [34m[1mGenerating Python code for ROS interfaces[0m
[25.041s] [ 81%] Built target wpr_simulation2__py
[25.066s] [ 82%] [32mBuilding C object CMakeFiles/wpr_simulation2__rosidl_generator_py.dir/rosidl_generator_py/wpr_simulation2/msg/_object_s.c.o[0m
[25.217s] [ 83%] [32m[1mLinking C shared library rosidl_generator_py/wpr_simulation2/libwpr_simulation2__rosidl_generator_py.so[0m
[25.257s] [ 83%] Built target wpr_simulation2__rosidl_generator_py
[25.277s] [ 84%] [32mBuilding C object CMakeFiles/wpr_simulation2__rosidl_typesupport_fastrtps_c__pyext.dir/rosidl_generator_py/wpr_simulation2/_wpr_simulation2_s.ep.rosidl_typesupport_fastrtps_c.c.o[0m
[25.373s] [ 86%] [32m[1mLinking C shared library rosidl_generator_py/wpr_simulation2/wpr_simulation2_s__rosidl_typesupport_fastrtps_c.cpython-310-x86_64-linux-gnu.so[0m
[25.411s] [ 86%] Built target wpr_simulation2__rosidl_typesupport_fastrtps_c__pyext
[25.434s] [ 87%] [32mBuilding C object CMakeFiles/wpr_simulation2__rosidl_typesupport_introspection_c__pyext.dir/rosidl_generator_py/wpr_simulation2/_wpr_simulation2_s.ep.rosidl_typesupport_introspection_c.c.o[0m
[25.528s] [ 88%] [32m[1mLinking C shared library rosidl_generator_py/wpr_simulation2/wpr_simulation2_s__rosidl_typesupport_introspection_c.cpython-310-x86_64-linux-gnu.so[0m
[25.566s] [ 88%] Built target wpr_simulation2__rosidl_typesupport_introspection_c__pyext
[25.586s] [ 89%] [32mBuilding C object CMakeFiles/wpr_simulation2__rosidl_typesupport_c__pyext.dir/rosidl_generator_py/wpr_simulation2/_wpr_simulation2_s.ep.rosidl_typesupport_c.c.o[0m
[25.682s] [ 91%] [32m[1mLinking C shared library rosidl_generator_py/wpr_simulation2/wpr_simulation2_s__rosidl_typesupport_c.cpython-310-x86_64-linux-gnu.so[0m
[25.720s] [ 91%] Built target wpr_simulation2__rosidl_typesupport_c__pyext
[25.966s] [ 92%] [32m[1mLinking CXX executable 9_cv_face_detect[0m
[26.942s] [ 92%] Built target 9_cv_face_detect
[27.129s] [ 93%] [32m[1mLinking CXX executable 12_fetch[0m
[27.411s] [ 93%] Built target 12_fetch
[28.761s] [ 94%] [32m[1mLinking CXX executable 10_pc_data[0m
[29.638s] [ 94%] Built target 10_pc_data
[30.870s] [ 96%] [32m[1mLinking CXX executable 10_pc_objects[0m
[32.038s] [ 96%] Built target 10_pc_objects
[32.192s] [ 97%] [32m[1mLinking CXX executable 11_grab_object[0m
[32.765s] [ 97%] Built target 11_grab_object
[33.558s] [ 98%] [32m[1mLinking CXX executable grab_object_sim[0m
[34.239s] [ 98%] Built target grab_object_sim
[36.573s] [100%] [32m[1mLinking CXX executable objects_publisher[0m
[37.779s] [100%] Built target objects_publisher
[37.787s] Invoked command in '/home/dan/Projects/Mobile-Robots/project1_basic_move/ros2_ws/build/wpr_simulation2' returned '0': CMAKE_PREFIX_PATH=${CMAKE_PREFIX_PATH}:/opt/ros/humble /usr/bin/cmake --build /home/dan/Projects/Mobile-Robots/project1_basic_move/ros2_ws/build/wpr_simulation2 -- -j8 -l8
[37.788s] Invoking command in '/home/dan/Projects/Mobile-Robots/project1_basic_move/ros2_ws/build/wpr_simulation2': CMAKE_PREFIX_PATH=${CMAKE_PREFIX_PATH}:/opt/ros/humble /usr/bin/cmake --install /home/dan/Projects/Mobile-Robots/project1_basic_move/ros2_ws/build/wpr_simulation2
[37.796s] -- Install configuration: ""
[37.796s] -- Installing: /home/dan/Projects/Mobile-Robots/project1_basic_move/ros2_ws/install/wpr_simulation2/share/ament_index/resource_index/rosidl_interfaces/wpr_simulation2
[37.796s] -- Installing: /home/dan/Projects/Mobile-Robots/project1_basic_move/ros2_ws/install/wpr_simulation2/include/wpr_simulation2/wpr_simulation2
[37.796s] -- Installing: /home/dan/Projects/Mobile-Robots/project1_basic_move/ros2_ws/install/wpr_simulation2/include/wpr_simulation2/wpr_simulation2/msg
[37.796s] -- Installing: /home/dan/Projects/Mobile-Robots/project1_basic_move/ros2_ws/install/wpr_simulation2/include/wpr_simulation2/wpr_simulation2/msg/detail
[37.796s] -- Installing: /home/dan/Projects/Mobile-Robots/project1_basic_move/ros2_ws/install/wpr_simulation2/include/wpr_simulation2/wpr_simulation2/msg/detail/object__functions.h
[37.797s] -- Installing: /home/dan/Projects/Mobile-Robots/project1_basic_move/ros2_ws/install/wpr_simulation2/include/wpr_simulation2/wpr_simulation2/msg/detail/object__struct.h
[37.797s] -- Installing: /home/dan/Projects/Mobile-Robots/project1_basic_move/ros2_ws/install/wpr_simulation2/include/wpr_simulation2/wpr_simulation2/msg/detail/object__functions.c
[37.797s] -- Installing: /home/dan/Projects/Mobile-Robots/project1_basic_move/ros2_ws/install/wpr_simulation2/include/wpr_simulation2/wpr_simulation2/msg/detail/object__type_support.h
[37.797s] -- Installing: /home/dan/Projects/Mobile-Robots/project1_basic_move/ros2_ws/install/wpr_simulation2/include/wpr_simulation2/wpr_simulation2/msg/rosidl_generator_c__visibility_control.h
[37.797s] -- Installing: /home/dan/Projects/Mobile-Robots/project1_basic_move/ros2_ws/install/wpr_simulation2/include/wpr_simulation2/wpr_simulation2/msg/object.h
[37.797s] -- Installing: /home/dan/Projects/Mobile-Robots/project1_basic_move/ros2_ws/install/wpr_simulation2/share/wpr_simulation2/environment/library_path.sh
[37.797s] -- Installing: /home/dan/Projects/Mobile-Robots/project1_basic_move/ros2_ws/install/wpr_simulation2/share/wpr_simulation2/environment/library_path.dsv
[37.797s] -- Installing: /home/dan/Projects/Mobile-Robots/project1_basic_move/ros2_ws/install/wpr_simulation2/lib/libwpr_simulation2__rosidl_generator_c.so
[37.798s] -- Set runtime path of "/home/dan/Projects/Mobile-Robots/project1_basic_move/ros2_ws/install/wpr_simulation2/lib/libwpr_simulation2__rosidl_generator_c.so" to ""
[37.798s] -- Up-to-date: /home/dan/Projects/Mobile-Robots/project1_basic_move/ros2_ws/install/wpr_simulation2/include/wpr_simulation2/wpr_simulation2
[37.798s] -- Up-to-date: /home/dan/Projects/Mobile-Robots/project1_basic_move/ros2_ws/install/wpr_simulation2/include/wpr_simulation2/wpr_simulation2/msg
[37.798s] -- Installing: /home/dan/Projects/Mobile-Robots/project1_basic_move/ros2_ws/install/wpr_simulation2/include/wpr_simulation2/wpr_simulation2/msg/rosidl_typesupport_fastrtps_c__visibility_control.h
[37.798s] -- Up-to-date: /home/dan/Projects/Mobile-Robots/project1_basic_move/ros2_ws/install/wpr_simulation2/include/wpr_simulation2/wpr_simulation2/msg/detail
[37.798s] -- Installing: /home/dan/Projects/Mobile-Robots/project1_basic_move/ros2_ws/install/wpr_simulation2/include/wpr_simulation2/wpr_simulation2/msg/detail/object__rosidl_typesupport_fastrtps_c.h
[37.798s] -- Installing: /home/dan/Projects/Mobile-Robots/project1_basic_move/ros2_ws/install/wpr_simulation2/lib/libwpr_simulation2__rosidl_typesupport_fastrtps_c.so
[37.798s] -- Set runtime path of "/home/dan/Projects/Mobile-Robots/project1_basic_move/ros2_ws/install/wpr_simulation2/lib/libwpr_simulation2__rosidl_typesupport_fastrtps_c.so" to ""
[37.798s] -- Up-to-date: /home/dan/Projects/Mobile-Robots/project1_basic_move/ros2_ws/install/wpr_simulation2/include/wpr_simulation2/wpr_simulation2
[37.798s] -- Up-to-date: /home/dan/Projects/Mobile-Robots/project1_basic_move/ros2_ws/install/wpr_simulation2/include/wpr_simulation2/wpr_simulation2/msg
[37.798s] -- Installing: /home/dan/Projects/Mobile-Robots/project1_basic_move/ros2_ws/install/wpr_simulation2/include/wpr_simulation2/wpr_simulation2/msg/object.hpp
[37.798s] -- Up-to-date: /home/dan/Projects/Mobile-Robots/project1_basic_move/ros2_ws/install/wpr_simulation2/include/wpr_simulation2/wpr_simulation2/msg/detail
[37.798s] -- Installing: /home/dan/Projects/Mobile-Robots/project1_basic_move/ros2_ws/install/wpr_simulation2/include/wpr_simulation2/wpr_simulation2/msg/detail/object__struct.hpp
[37.798s] -- Installing: /home/dan/Projects/Mobile-Robots/project1_basic_move/ros2_ws/install/wpr_simulation2/include/wpr_simulation2/wpr_simulation2/msg/detail/object__builder.hpp
[37.798s] -- Installing: /home/dan/Projects/Mobile-Robots/project1_basic_move/ros2_ws/install/wpr_simulation2/include/wpr_simulation2/wpr_simulation2/msg/detail/object__type_support.hpp
[37.798s] -- Installing: /home/dan/Projects/Mobile-Robots/project1_basic_move/ros2_ws/install/wpr_simulation2/include/wpr_simulation2/wpr_simulation2/msg/detail/object__traits.hpp
[37.799s] -- Installing: /home/dan/Projects/Mobile-Robots/project1_basic_move/ros2_ws/install/wpr_simulation2/include/wpr_simulation2/wpr_simulation2/msg/rosidl_generator_cpp__visibility_control.hpp
[37.799s] -- Up-to-date: /home/dan/Projects/Mobile-Robots/project1_basic_move/ros2_ws/install/wpr_simulation2/include/wpr_simulation2/wpr_simulation2
[37.799s] -- Up-to-date: /home/dan/Projects/Mobile-Robots/project1_basic_move/ros2_ws/install/wpr_simulation2/include/wpr_simulation2/wpr_simulation2/msg
[37.799s] -- Installing: /home/dan/Projects/Mobile-Robots/project1_basic_move/ros2_ws/install/wpr_simulation2/include/wpr_simulation2/wpr_simulation2/msg/rosidl_typesupport_fastrtps_cpp__visibility_control.h
[37.799s] -- Up-to-date: /home/dan/Projects/Mobile-Robots/project1_basic_move/ros2_ws/install/wpr_simulation2/include/wpr_simulation2/wpr_simulation2/msg/detail
[37.799s] -- Installing: /home/dan/Projects/Mobile-Robots/project1_basic_move/ros2_ws/install/wpr_simulation2/include/wpr_simulation2/wpr_simulation2/msg/detail/dds_fastrtps
[37.799s] -- Installing: /home/dan/Projects/Mobile-Robots/project1_basic_move/ros2_ws/install/wpr_simulation2/include/wpr_simulation2/wpr_simulation2/msg/detail/object__rosidl_typesupport_fastrtps_cpp.hpp
[37.799s] -- Installing: /home/dan/Projects/Mobile-Robots/project1_basic_move/ros2_ws/install/wpr_simulation2/lib/libwpr_simulation2__rosidl_typesupport_fastrtps_cpp.so
[37.799s] -- Set runtime path of "/home/dan/Projects/Mobile-Robots/project1_basic_move/ros2_ws/install/wpr_simulation2/lib/libwpr_simulation2__rosidl_typesupport_fastrtps_cpp.so" to ""
[37.799s] -- Up-to-date: /home/dan/Projects/Mobile-Robots/project1_basic_move/ros2_ws/install/wpr_simulation2/include/wpr_simulation2/wpr_simulation2
[37.799s] -- Up-to-date: /home/dan/Projects/Mobile-Robots/project1_basic_move/ros2_ws/install/wpr_simulation2/include/wpr_simulation2/wpr_simulation2/msg
[37.799s] -- Installing: /home/dan/Projects/Mobile-Robots/project1_basic_move/ros2_ws/install/wpr_simulation2/include/wpr_simulation2/wpr_simulation2/msg/rosidl_typesupport_introspection_c__visibility_control.h
[37.800s] -- Up-to-date: /home/dan/Projects/Mobile-Robots/project1_basic_move/ros2_ws/install/wpr_simulation2/include/wpr_simulation2/wpr_simulation2/msg/detail
[37.800s] -- Installing: /home/dan/Projects/Mobile-Robots/project1_basic_move/ros2_ws/install/wpr_simulation2/include/wpr_simulation2/wpr_simulation2/msg/detail/object__rosidl_typesupport_introspection_c.h
[37.800s] -- Installing: /home/dan/Projects/Mobile-Robots/project1_basic_move/ros2_ws/install/wpr_simulation2/include/wpr_simulation2/wpr_simulation2/msg/detail/object__type_support.c
[37.800s] -- Installing: /home/dan/Projects/Mobile-Robots/project1_basic_move/ros2_ws/install/wpr_simulation2/lib/libwpr_simulation2__rosidl_typesupport_introspection_c.so
[37.800s] -- Set runtime path of "/home/dan/Projects/Mobile-Robots/project1_basic_move/ros2_ws/install/wpr_simulation2/lib/libwpr_simulation2__rosidl_typesupport_introspection_c.so" to ""
[37.800s] -- Installing: /home/dan/Projects/Mobile-Robots/project1_basic_move/ros2_ws/install/wpr_simulation2/lib/libwpr_simulation2__rosidl_typesupport_c.so
[37.800s] -- Set runtime path of "/home/dan/Projects/Mobile-Robots/project1_basic_move/ros2_ws/install/wpr_simulation2/lib/libwpr_simulation2__rosidl_typesupport_c.so" to ""
[37.800s] -- Up-to-date: /home/dan/Projects/Mobile-Robots/project1_basic_move/ros2_ws/install/wpr_simulation2/include/wpr_simulation2/wpr_simulation2
[37.800s] -- Up-to-date: /home/dan/Projects/Mobile-Robots/project1_basic_move/ros2_ws/install/wpr_simulation2/include/wpr_simulation2/wpr_simulation2/msg
[37.800s] -- Up-to-date: /home/dan/Projects/Mobile-Robots/project1_basic_move/ros2_ws/install/wpr_simulation2/include/wpr_simulation2/wpr_simulation2/msg/detail
[37.800s] -- Installing: /home/dan/Projects/Mobile-Robots/project1_basic_move/ros2_ws/install/wpr_simulation2/include/wpr_simulation2/wpr_simulation2/msg/detail/object__type_support.cpp
[37.800s] -- Installing: /home/dan/Projects/Mobile-Robots/project1_basic_move/ros2_ws/install/wpr_simulation2/include/wpr_simulation2/wpr_simulation2/msg/detail/object__rosidl_typesupport_introspection_cpp.hpp
[37.801s] -- Installing: /home/dan/Projects/Mobile-Robots/project1_basic_move/ros2_ws/install/wpr_simulation2/lib/libwpr_simulation2__rosidl_typesupport_introspection_cpp.so
[37.801s] -- Set runtime path of "/home/dan/Projects/Mobile-Robots/project1_basic_move/ros2_ws/install/wpr_simulation2/lib/libwpr_simulation2__rosidl_typesupport_introspection_cpp.so" to ""
[37.801s] -- Installing: /home/dan/Projects/Mobile-Robots/project1_basic_move/ros2_ws/install/wpr_simulation2/lib/libwpr_simulation2__rosidl_typesupport_cpp.so
[37.801s] -- Set runtime path of "/home/dan/Projects/Mobile-Robots/project1_basic_move/ros2_ws/install/wpr_simulation2/lib/libwpr_simulation2__rosidl_typesupport_cpp.so" to ""
[37.801s] -- Installing: /home/dan/Projects/Mobile-Robots/project1_basic_move/ros2_ws/install/wpr_simulation2/share/wpr_simulation2/environment/pythonpath.sh
[37.801s] -- Installing: /home/dan/Projects/Mobile-Robots/project1_basic_move/ros2_ws/install/wpr_simulation2/share/wpr_simulation2/environment/pythonpath.dsv
[37.801s] -- Installing: /home/dan/Projects/Mobile-Robots/project1_basic_move/ros2_ws/install/wpr_simulation2/local/lib/python3.10/dist-packages/wpr_simulation2-1.0.0-py3.10.egg-info
[37.801s] -- Installing: /home/dan/Projects/Mobile-Robots/project1_basic_move/ros2_ws/install/wpr_simulation2/local/lib/python3.10/dist-packages/wpr_simulation2-1.0.0-py3.10.egg-info/PKG-INFO
[37.801s] -- Installing: /home/dan/Projects/Mobile-Robots/project1_basic_move/ros2_ws/install/wpr_simulation2/local/lib/python3.10/dist-packages/wpr_simulation2-1.0.0-py3.10.egg-info/top_level.txt
[37.801s] -- Installing: /home/dan/Projects/Mobile-Robots/project1_basic_move/ros2_ws/install/wpr_simulation2/local/lib/python3.10/dist-packages/wpr_simulation2-1.0.0-py3.10.egg-info/SOURCES.txt
[37.801s] -- Installing: /home/dan/Projects/Mobile-Robots/project1_basic_move/ros2_ws/install/wpr_simulation2/local/lib/python3.10/dist-packages/wpr_simulation2-1.0.0-py3.10.egg-info/dependency_links.txt
[37.802s] -- Installing: /home/dan/Projects/Mobile-Robots/project1_basic_move/ros2_ws/install/wpr_simulation2/local/lib/python3.10/dist-packages/wpr_simulation2
[37.802s] -- Installing: /home/dan/Projects/Mobile-Robots/project1_basic_move/ros2_ws/install/wpr_simulation2/local/lib/python3.10/dist-packages/wpr_simulation2/wpr_simulation2_s__rosidl_typesupport_introspection_c.cpython-310-x86_64-linux-gnu.so
[37.802s] -- Installing: /home/dan/Projects/Mobile-Robots/project1_basic_move/ros2_ws/install/wpr_simulation2/local/lib/python3.10/dist-packages/wpr_simulation2/wpr_simulation2_s__rosidl_typesupport_c.cpython-310-x86_64-linux-gnu.so
[37.802s] -- Installing: /home/dan/Projects/Mobile-Robots/project1_basic_move/ros2_ws/install/wpr_simulation2/local/lib/python3.10/dist-packages/wpr_simulation2/libwpr_simulation2__rosidl_generator_py.so
[37.802s] -- Installing: /home/dan/Projects/Mobile-Robots/project1_basic_move/ros2_ws/install/wpr_simulation2/local/lib/python3.10/dist-packages/wpr_simulation2/__init__.py
[37.802s] -- Installing: /home/dan/Projects/Mobile-Robots/project1_basic_move/ros2_ws/install/wpr_simulation2/local/lib/python3.10/dist-packages/wpr_simulation2/msg
[37.802s] -- Installing: /home/dan/Projects/Mobile-Robots/project1_basic_move/ros2_ws/install/wpr_simulation2/local/lib/python3.10/dist-packages/wpr_simulation2/msg/__init__.py
[37.802s] -- Installing: /home/dan/Projects/Mobile-Robots/project1_basic_move/ros2_ws/install/wpr_simulation2/local/lib/python3.10/dist-packages/wpr_simulation2/msg/_object_s.c
[37.802s] -- Installing: /home/dan/Projects/Mobile-Robots/project1_basic_move/ros2_ws/install/wpr_simulation2/local/lib/python3.10/dist-packages/wpr_simulation2/msg/_object.py
[37.802s] -- Installing: /home/dan/Projects/Mobile-Robots/project1_basic_move/ros2_ws/install/wpr_simulation2/local/lib/python3.10/dist-packages/wpr_simulation2/_wpr_simulation2_s.ep.rosidl_typesupport_c.c
[37.802s] -- Installing: /home/dan/Projects/Mobile-Robots/project1_basic_move/ros2_ws/install/wpr_simulation2/local/lib/python3.10/dist-packages/wpr_simulation2/_wpr_simulation2_s.ep.rosidl_typesupport_introspection_c.c
[37.802s] -- Installing: /home/dan/Projects/Mobile-Robots/project1_basic_move/ros2_ws/install/wpr_simulation2/local/lib/python3.10/dist-packages/wpr_simulation2/wpr_simulation2_s__rosidl_typesupport_fastrtps_c.cpython-310-x86_64-linux-gnu.so
[37.802s] -- Installing: /home/dan/Projects/Mobile-Robots/project1_basic_move/ros2_ws/install/wpr_simulation2/local/lib/python3.10/dist-packages/wpr_simulation2/_wpr_simulation2_s.ep.rosidl_typesupport_fastrtps_c.c
[37.825s] Listing '/home/dan/Projects/Mobile-Robots/project1_basic_move/ros2_ws/install/wpr_simulation2/local/lib/python3.10/dist-packages/wpr_simulation2'...
[37.825s] Compiling '/home/dan/Projects/Mobile-Robots/project1_basic_move/ros2_ws/install/wpr_simulation2/local/lib/python3.10/dist-packages/wpr_simulation2/__init__.py'...
[37.825s] Listing '/home/dan/Projects/Mobile-Robots/project1_basic_move/ros2_ws/install/wpr_simulation2/local/lib/python3.10/dist-packages/wpr_simulation2/msg'...
[37.825s] Compiling '/home/dan/Projects/Mobile-Robots/project1_basic_move/ros2_ws/install/wpr_simulation2/local/lib/python3.10/dist-packages/wpr_simulation2/msg/__init__.py'...
[37.825s] Compiling '/home/dan/Projects/Mobile-Robots/project1_basic_move/ros2_ws/install/wpr_simulation2/local/lib/python3.10/dist-packages/wpr_simulation2/msg/_object.py'...
[37.828s] -- Installing: /home/dan/Projects/Mobile-Robots/project1_basic_move/ros2_ws/install/wpr_simulation2/local/lib/python3.10/dist-packages/wpr_simulation2/wpr_simulation2_s__rosidl_typesupport_fastrtps_c.cpython-310-x86_64-linux-gnu.so
[37.828s] -- Set runtime path of "/home/dan/Projects/Mobile-Robots/project1_basic_move/ros2_ws/install/wpr_simulation2/local/lib/python3.10/dist-packages/wpr_simulation2/wpr_simulation2_s__rosidl_typesupport_fastrtps_c.cpython-310-x86_64-linux-gnu.so" to ""
[37.828s] -- Installing: /home/dan/Projects/Mobile-Robots/project1_basic_move/ros2_ws/install/wpr_simulation2/local/lib/python3.10/dist-packages/wpr_simulation2/wpr_simulation2_s__rosidl_typesupport_introspection_c.cpython-310-x86_64-linux-gnu.so
[37.828s] -- Set runtime path of "/home/dan/Projects/Mobile-Robots/project1_basic_move/ros2_ws/install/wpr_simulation2/local/lib/python3.10/dist-packages/wpr_simulation2/wpr_simulation2_s__rosidl_typesupport_introspection_c.cpython-310-x86_64-linux-gnu.so" to ""
[37.828s] -- Installing: /home/dan/Projects/Mobile-Robots/project1_basic_move/ros2_ws/install/wpr_simulation2/local/lib/python3.10/dist-packages/wpr_simulation2/wpr_simulation2_s__rosidl_typesupport_c.cpython-310-x86_64-linux-gnu.so
[37.829s] -- Set runtime path of "/home/dan/Projects/Mobile-Robots/project1_basic_move/ros2_ws/install/wpr_simulation2/local/lib/python3.10/dist-packages/wpr_simulation2/wpr_simulation2_s__rosidl_typesupport_c.cpython-310-x86_64-linux-gnu.so" to ""
[37.829s] -- Installing: /home/dan/Projects/Mobile-Robots/project1_basic_move/ros2_ws/install/wpr_simulation2/lib/libwpr_simulation2__rosidl_generator_py.so
[37.829s] -- Set runtime path of "/home/dan/Projects/Mobile-Robots/project1_basic_move/ros2_ws/install/wpr_simulation2/lib/libwpr_simulation2__rosidl_generator_py.so" to ""
[37.829s] -- Installing: /home/dan/Projects/Mobile-Robots/project1_basic_move/ros2_ws/install/wpr_simulation2/share/wpr_simulation2/msg/Object.idl
[37.829s] -- Installing: /home/dan/Projects/Mobile-Robots/project1_basic_move/ros2_ws/install/wpr_simulation2/share/wpr_simulation2/msg/Object.msg
[37.829s] -- Installing: /home/dan/Projects/Mobile-Robots/project1_basic_move/ros2_ws/install/wpr_simulation2/share/wpr_simulation2/config
[37.829s] -- Installing: /home/dan/Projects/Mobile-Robots/project1_basic_move/ros2_ws/install/wpr_simulation2/share/wpr_simulation2/config/nav2_params.yaml
[37.829s] -- Installing: /home/dan/Projects/Mobile-Robots/project1_basic_move/ros2_ws/install/wpr_simulation2/share/wpr_simulation2/config/wpb_home_controller.yaml
[37.829s] -- Installing: /home/dan/Projects/Mobile-Robots/project1_basic_move/ros2_ws/install/wpr_simulation2/share/wpr_simulation2/launch
[37.829s] -- Installing: /home/dan/Projects/Mobile-Robots/project1_basic_move/ros2_ws/install/wpr_simulation2/share/wpr_simulation2/launch/spawn_persons.launch.py
[37.829s] -- Installing: /home/dan/Projects/Mobile-Robots/project1_basic_move/ros2_ws/install/wpr_simulation2/share/wpr_simulation2/launch/spawn_wpb_lidar.launch.py
[37.829s] -- Installing: /home/dan/Projects/Mobile-Robots/project1_basic_move/ros2_ws/install/wpr_simulation2/share/wpr_simulation2/launch/robocup_home.launch.py
[37.829s] -- Installing: /home/dan/Projects/Mobile-Robots/project1_basic_move/ros2_ws/install/wpr_simulation2/share/wpr_simulation2/launch/map_tools.launch.py
[37.829s] -- Installing: /home/dan/Projects/Mobile-Robots/project1_basic_move/ros2_ws/install/wpr_simulation2/share/wpr_simulation2/launch/demo_mani_ctrl.launch.py
[37.829s] -- Installing: /home/dan/Projects/Mobile-Robots/project1_basic_move/ros2_ws/install/wpr_simulation2/share/wpr_simulation2/launch/wpb_balls.launch.py
[37.829s] -- Installing: /home/dan/Projects/Mobile-Robots/project1_basic_move/ros2_ws/install/wpr_simulation2/share/wpr_simulation2/launch/spawn_wpb_head_up.launch.py
[37.829s] -- Installing: /home/dan/Projects/Mobile-Robots/project1_basic_move/ros2_ws/install/wpr_simulation2/share/wpr_simulation2/launch/wpb_mani.launch.py
[37.829s] -- Installing: /home/dan/Projects/Mobile-Robots/project1_basic_move/ros2_ws/install/wpr_simulation2/share/wpr_simulation2/launch/robocup_home_mani.launch.py
[37.830s] -- Installing: /home/dan/Projects/Mobile-Robots/project1_basic_move/ros2_ws/install/wpr_simulation2/share/wpr_simulation2/launch/spawn_wpb.launch.py
[37.830s] -- Installing: /home/dan/Projects/Mobile-Robots/project1_basic_move/ros2_ws/install/wpr_simulation2/share/wpr_simulation2/launch/wpb_face.launch.py
[37.830s] -- Installing: /home/dan/Projects/Mobile-Robots/project1_basic_move/ros2_ws/install/wpr_simulation2/share/wpr_simulation2/launch/spawn_wpb_mani.launch.py
[37.830s] -- Installing: /home/dan/Projects/Mobile-Robots/project1_basic_move/ros2_ws/install/wpr_simulation2/share/wpr_simulation2/launch/spawn_objects.launch.py
[37.830s] -- Installing: /home/dan/Projects/Mobile-Robots/project1_basic_move/ros2_ws/install/wpr_simulation2/share/wpr_simulation2/launch/wpb_table.launch.py
[37.830s] -- Installing: /home/dan/Projects/Mobile-Robots/project1_basic_move/ros2_ws/install/wpr_simulation2/share/wpr_simulation2/launch/world.launch.py
[37.830s] -- Installing: /home/dan/Projects/Mobile-Robots/project1_basic_move/ros2_ws/install/wpr_simulation2/share/wpr_simulation2/launch/slam.launch.py
[37.830s] -- Installing: /home/dan/Projects/Mobile-Robots/project1_basic_move/ros2_ws/install/wpr_simulation2/share/wpr_simulation2/launch/wpb_scene_1.launch.py
[37.830s] -- Installing: /home/dan/Projects/Mobile-Robots/project1_basic_move/ros2_ws/install/wpr_simulation2/share/wpr_simulation2/launch/wpb_simple.launch.py
[37.830s] -- Installing: /home/dan/Projects/Mobile-Robots/project1_basic_move/ros2_ws/install/wpr_simulation2/share/wpr_simulation2/launch/wpb_objects.launch.py
[37.830s] -- Installing: /home/dan/Projects/Mobile-Robots/project1_basic_move/ros2_ws/install/wpr_simulation2/share/wpr_simulation2/launch/navigation.launch.py
[37.830s] -- Installing: /home/dan/Projects/Mobile-Robots/project1_basic_move/ros2_ws/install/wpr_simulation2/share/wpr_simulation2/demo_launch
[37.830s] -- Installing: /home/dan/Projects/Mobile-Robots/project1_basic_move/ros2_ws/install/wpr_simulation2/share/wpr_simulation2/demo_launch/8_nav.launch.py
[37.830s] -- Installing: /home/dan/Projects/Mobile-Robots/project1_basic_move/ros2_ws/install/wpr_simulation2/share/wpr_simulation2/demo_launch/7_slam.launch.py
[37.830s] -- Installing: /home/dan/Projects/Mobile-Robots/project1_basic_move/ros2_ws/install/wpr_simulation2/share/wpr_simulation2/demo_launch/3_pub_sub.launch.yaml
[37.830s] -- Installing: /home/dan/Projects/Mobile-Robots/project1_basic_move/ros2_ws/install/wpr_simulation2/share/wpr_simulation2/demo_launch/3_pub_sub.launch.xml
[37.830s] -- Installing: /home/dan/Projects/Mobile-Robots/project1_basic_move/ros2_ws/install/wpr_simulation2/share/wpr_simulation2/demo_launch/3_pub_sub.launch.py
[37.830s] -- Installing: /home/dan/Projects/Mobile-Robots/project1_basic_move/ros2_ws/install/wpr_simulation2/share/wpr_simulation2/demo_launch/8_waypoint_nav.launch.py
[37.830s] -- Installing: /home/dan/Projects/Mobile-Robots/project1_basic_move/ros2_ws/install/wpr_simulation2/share/wpr_simulation2/demo_launch/12_home.launch.py
[37.830s] -- Installing: /home/dan/Projects/Mobile-Robots/project1_basic_move/ros2_ws/install/wpr_simulation2/share/wpr_simulation2/worlds
[37.830s] -- Installing: /home/dan/Projects/Mobile-Robots/project1_basic_move/ros2_ws/install/wpr_simulation2/share/wpr_simulation2/worlds/simple.world
[37.830s] -- Installing: /home/dan/Projects/Mobile-Robots/project1_basic_move/ros2_ws/install/wpr_simulation2/share/wpr_simulation2/worlds/table.world
[37.830s] -- Installing: /home/dan/Projects/Mobile-Robots/project1_basic_move/ros2_ws/install/wpr_simulation2/share/wpr_simulation2/worlds/robocup_home.world
[37.830s] -- Installing: /home/dan/Projects/Mobile-Robots/project1_basic_move/ros2_ws/install/wpr_simulation2/share/wpr_simulation2/worlds/wpb_simple.world
[37.830s] -- Installing: /home/dan/Projects/Mobile-Robots/project1_basic_move/ros2_ws/install/wpr_simulation2/share/wpr_simulation2/worlds/wpb_pose.world
[37.831s] -- Installing: /home/dan/Projects/Mobile-Robots/project1_basic_move/ros2_ws/install/wpr_simulation2/share/wpr_simulation2/worlds/light.world
[37.831s] -- Installing: /home/dan/Projects/Mobile-Robots/project1_basic_move/ros2_ws/install/wpr_simulation2/share/wpr_simulation2/models
[37.831s] -- Installing: /home/dan/Projects/Mobile-Robots/project1_basic_move/ros2_ws/install/wpr_simulation2/share/wpr_simulation2/models/kai_standing.model
[37.831s] -- Installing: /home/dan/Projects/Mobile-Robots/project1_basic_move/ros2_ws/install/wpr_simulation2/share/wpr_simulation2/models/woman.model
[37.831s] -- Installing: /home/dan/Projects/Mobile-Robots/project1_basic_move/ros2_ws/install/wpr_simulation2/share/wpr_simulation2/models/wpv3.model
[37.831s] -- Installing: /home/dan/Projects/Mobile-Robots/project1_basic_move/ros2_ws/install/wpr_simulation2/share/wpr_simulation2/models/bed.model
[37.831s] -- Installing: /home/dan/Projects/Mobile-Robots/project1_basic_move/ros2_ws/install/wpr_simulation2/share/wpr_simulation2/models/wpb_home_lidar.model
[37.831s] -- Installing: /home/dan/Projects/Mobile-Robots/project1_basic_move/ros2_ws/install/wpr_simulation2/share/wpr_simulation2/models/cupboard.model
[37.831s] -- Installing: /home/dan/Projects/Mobile-Robots/project1_basic_move/ros2_ws/install/wpr_simulation2/share/wpr_simulation2/models/bookshelft.model
[37.831s] -- Installing: /home/dan/Projects/Mobile-Robots/project1_basic_move/ros2_ws/install/wpr_simulation2/share/wpr_simulation2/models/wpb_home.model
[37.831s] -- Installing: /home/dan/Projects/Mobile-Robots/project1_basic_move/ros2_ws/install/wpr_simulation2/share/wpr_simulation2/models/wpr1.model
[37.831s] -- Installing: /home/dan/Projects/Mobile-Robots/project1_basic_move/ros2_ws/install/wpr_simulation2/share/wpr_simulation2/models/wpb_home_mani.model
[37.831s] -- Installing: /home/dan/Projects/Mobile-Robots/project1_basic_move/ros2_ws/install/wpr_simulation2/share/wpr_simulation2/models/man_1.model
[37.831s] -- Installing: /home/dan/Projects/Mobile-Robots/project1_basic_move/ros2_ws/install/wpr_simulation2/share/wpr_simulation2/models/sofa.model
[37.831s] -- Installing: /home/dan/Projects/Mobile-Robots/project1_basic_move/ros2_ws/install/wpr_simulation2/share/wpr_simulation2/models/balls
[37.831s] -- Installing: /home/dan/Projects/Mobile-Robots/project1_basic_move/ros2_ws/install/wpr_simulation2/share/wpr_simulation2/models/balls/red_ball.model
[37.831s] -- Installing: /home/dan/Projects/Mobile-Robots/project1_basic_move/ros2_ws/install/wpr_simulation2/share/wpr_simulation2/models/balls/orange_ball.model
[37.831s] -- Installing: /home/dan/Projects/Mobile-Robots/project1_basic_move/ros2_ws/install/wpr_simulation2/share/wpr_simulation2/models/balls/green_ball.model
[37.831s] -- Installing: /home/dan/Projects/Mobile-Robots/project1_basic_move/ros2_ws/install/wpr_simulation2/share/wpr_simulation2/models/balls/blue_ball.model
[37.831s] -- Installing: /home/dan/Projects/Mobile-Robots/project1_basic_move/ros2_ws/install/wpr_simulation2/share/wpr_simulation2/models/wpb_home_head_up.model
[37.831s] -- Installing: /home/dan/Projects/Mobile-Robots/project1_basic_move/ros2_ws/install/wpr_simulation2/share/wpr_simulation2/models/man_2.model
[37.831s] -- Installing: /home/dan/Projects/Mobile-Robots/project1_basic_move/ros2_ws/install/wpr_simulation2/share/wpr_simulation2/models/tea_table.model
[37.831s] -- Installing: /home/dan/Projects/Mobile-Robots/project1_basic_move/ros2_ws/install/wpr_simulation2/share/wpr_simulation2/models/table.model
[37.832s] -- Installing: /home/dan/Projects/Mobile-Robots/project1_basic_move/ros2_ws/install/wpr_simulation2/share/wpr_simulation2/models/chair.model
[37.832s] -- Installing: /home/dan/Projects/Mobile-Robots/project1_basic_move/ros2_ws/install/wpr_simulation2/share/wpr_simulation2/models/bottles
[37.832s] -- Installing: /home/dan/Projects/Mobile-Robots/project1_basic_move/ros2_ws/install/wpr_simulation2/share/wpr_simulation2/models/bottles/green_bottle.model
[37.832s] -- Installing: /home/dan/Projects/Mobile-Robots/project1_basic_move/ros2_ws/install/wpr_simulation2/share/wpr_simulation2/models/bottles/red_bottle.model
[37.832s] -- Installing: /home/dan/Projects/Mobile-Robots/project1_basic_move/ros2_ws/install/wpr_simulation2/share/wpr_simulation2/meshes
[37.832s] -- Installing: /home/dan/Projects/Mobile-Robots/project1_basic_move/ros2_ws/install/wpr_simulation2/share/wpr_simulation2/meshes/kai
[37.832s] -- Installing: /home/dan/Projects/Mobile-Robots/project1_basic_move/ros2_ws/install/wpr_simulation2/share/wpr_simulation2/meshes/kai/kai_standing.dae
[37.833s] -- Installing: /home/dan/Projects/Mobile-Robots/project1_basic_move/ros2_ws/install/wpr_simulation2/share/wpr_simulation2/meshes/kai/1931_LaFeiEr_D_512.png
[37.833s] -- Installing: /home/dan/Projects/Mobile-Robots/project1_basic_move/ros2_ws/install/wpr_simulation2/share/wpr_simulation2/meshes/bottle.stl
[37.833s] -- Installing: /home/dan/Projects/Mobile-Robots/project1_basic_move/ros2_ws/install/wpr_simulation2/share/wpr_simulation2/meshes/bed.dae
[37.833s] -- Installing: /home/dan/Projects/Mobile-Robots/project1_basic_move/ros2_ws/install/wpr_simulation2/share/wpr_simulation2/meshes/man_2
[37.833s] -- Installing: /home/dan/Projects/Mobile-Robots/project1_basic_move/ros2_ws/install/wpr_simulation2/share/wpr_simulation2/meshes/man_2/color.png
[37.833s] -- Installing: /home/dan/Projects/Mobile-Robots/project1_basic_move/ros2_ws/install/wpr_simulation2/share/wpr_simulation2/meshes/man_2/man_2.dae
[37.833s] -- Installing: /home/dan/Projects/Mobile-Robots/project1_basic_move/ros2_ws/install/wpr_simulation2/share/wpr_simulation2/meshes/chair
[37.833s] -- Installing: /home/dan/Projects/Mobile-Robots/project1_basic_move/ros2_ws/install/wpr_simulation2/share/wpr_simulation2/meshes/chair/Wood_Cherry_Original.jpg
[37.834s] -- Installing: /home/dan/Projects/Mobile-Robots/project1_basic_move/ros2_ws/install/wpr_simulation2/share/wpr_simulation2/meshes/table
[37.834s] -- Installing: /home/dan/Projects/Mobile-Robots/project1_basic_move/ros2_ws/install/wpr_simulation2/share/wpr_simulation2/meshes/table/Wood_Cherry_Original.jpg
[37.834s] -- Installing: /home/dan/Projects/Mobile-Robots/project1_basic_move/ros2_ws/install/wpr_simulation2/share/wpr_simulation2/meshes/bookshelft
[37.834s] -- Installing: /home/dan/Projects/Mobile-Robots/project1_basic_move/ros2_ws/install/wpr_simulation2/share/wpr_simulation2/meshes/bookshelft/Wood_Veneer_02.jpg
[37.834s] -- Installing: /home/dan/Projects/Mobile-Robots/project1_basic_move/ros2_ws/install/wpr_simulation2/share/wpr_simulation2/meshes/chair.dae
[37.834s] -- Installing: /home/dan/Projects/Mobile-Robots/project1_basic_move/ros2_ws/install/wpr_simulation2/share/wpr_simulation2/meshes/table.dae
[37.834s] -- Installing: /home/dan/Projects/Mobile-Robots/project1_basic_move/ros2_ws/install/wpr_simulation2/share/wpr_simulation2/meshes/tea_table.dae
[37.834s] -- Installing: /home/dan/Projects/Mobile-Robots/project1_basic_move/ros2_ws/install/wpr_simulation2/share/wpr_simulation2/meshes/wpr1
[37.834s] -- Installing: /home/dan/Projects/Mobile-Robots/project1_basic_move/ros2_ws/install/wpr_simulation2/share/wpr_simulation2/meshes/wpr1/fingertip.dae
[37.834s] -- Installing: /home/dan/Projects/Mobile-Robots/project1_basic_move/ros2_ws/install/wpr_simulation2/share/wpr_simulation2/meshes/wpr1/upperarm.dae
[37.835s] -- Installing: /home/dan/Projects/Mobile-Robots/project1_basic_move/ros2_ws/install/wpr_simulation2/share/wpr_simulation2/meshes/wpr1/palm.dae
[37.835s] -- Installing: /home/dan/Projects/Mobile-Robots/project1_basic_move/ros2_ws/install/wpr_simulation2/share/wpr_simulation2/meshes/wpr1/finger.dae
[37.836s] -- Installing: /home/dan/Projects/Mobile-Robots/project1_basic_move/ros2_ws/install/wpr_simulation2/share/wpr_simulation2/meshes/wpr1/forearm.dae
[37.836s] -- Installing: /home/dan/Projects/Mobile-Robots/project1_basic_move/ros2_ws/install/wpr_simulation2/share/wpr_simulation2/meshes/wpr1/torso.dae
[37.838s] -- Installing: /home/dan/Projects/Mobile-Robots/project1_basic_move/ros2_ws/install/wpr_simulation2/share/wpr_simulation2/meshes/wpr1/base.dae
[37.839s] -- Installing: /home/dan/Projects/Mobile-Robots/project1_basic_move/ros2_ws/install/wpr_simulation2/share/wpr_simulation2/meshes/wpv3
[37.839s] -- Installing: /home/dan/Projects/Mobile-Robots/project1_basic_move/ros2_ws/install/wpr_simulation2/share/wpr_simulation2/meshes/wpv3/wpv3.dae
[37.840s] -- Installing: /home/dan/Projects/Mobile-Robots/project1_basic_move/ros2_ws/install/wpr_simulation2/share/wpr_simulation2/meshes/cupboard.dae
[37.840s] -- Installing: /home/dan/Projects/Mobile-Robots/project1_basic_move/ros2_ws/install/wpr_simulation2/share/wpr_simulation2/meshes/tea_table
[37.840s] -- Installing: /home/dan/Projects/Mobile-Robots/project1_basic_move/ros2_ws/install/wpr_simulation2/share/wpr_simulation2/meshes/tea_table/Wood_Cherry_Original.jpg
[37.840s] -- Installing: /home/dan/Projects/Mobile-Robots/project1_basic_move/ros2_ws/install/wpr_simulation2/share/wpr_simulation2/meshes/man_1
[37.840s] -- Installing: /home/dan/Projects/Mobile-Robots/project1_basic_move/ros2_ws/install/wpr_simulation2/share/wpr_simulation2/meshes/man_1/color.png
[37.840s] -- Installing: /home/dan/Projects/Mobile-Robots/project1_basic_move/ros2_ws/install/wpr_simulation2/share/wpr_simulation2/meshes/man_1/man_1.dae
[37.840s] -- Installing: /home/dan/Projects/Mobile-Robots/project1_basic_move/ros2_ws/install/wpr_simulation2/share/wpr_simulation2/meshes/woman
[37.840s] -- Installing: /home/dan/Projects/Mobile-Robots/project1_basic_move/ros2_ws/install/wpr_simulation2/share/wpr_simulation2/meshes/woman/color.png
[37.840s] -- Installing: /home/dan/Projects/Mobile-Robots/project1_basic_move/ros2_ws/install/wpr_simulation2/share/wpr_simulation2/meshes/woman/woman.dae
[37.840s] -- Installing: /home/dan/Projects/Mobile-Robots/project1_basic_move/ros2_ws/install/wpr_simulation2/share/wpr_simulation2/meshes/cupboard
[37.840s] -- Installing: /home/dan/Projects/Mobile-Robots/project1_basic_move/ros2_ws/install/wpr_simulation2/share/wpr_simulation2/meshes/cupboard/Wood_Veneer_02.jpg
[37.840s] -- Installing: /home/dan/Projects/Mobile-Robots/project1_basic_move/ros2_ws/install/wpr_simulation2/share/wpr_simulation2/meshes/sofa
[37.840s] -- Installing: /home/dan/Projects/Mobile-Robots/project1_basic_move/ros2_ws/install/wpr_simulation2/share/wpr_simulation2/meshes/sofa/Carpet_Loop_Pattern.jpg
[37.840s] -- Installing: /home/dan/Projects/Mobile-Robots/project1_basic_move/ros2_ws/install/wpr_simulation2/share/wpr_simulation2/meshes/sofa.dae
[37.840s] -- Installing: /home/dan/Projects/Mobile-Robots/project1_basic_move/ros2_ws/install/wpr_simulation2/share/wpr_simulation2/meshes/bed
[37.840s] -- Installing: /home/dan/Projects/Mobile-Robots/project1_basic_move/ros2_ws/install/wpr_simulation2/share/wpr_simulation2/meshes/bed/Carpet_Pattern_Squares_Multi.jpg
[37.840s] -- Installing: /home/dan/Projects/Mobile-Robots/project1_basic_move/ros2_ws/install/wpr_simulation2/share/wpr_simulation2/meshes/bed/Wood_Bamboo.jpg
[37.841s] -- Installing: /home/dan/Projects/Mobile-Robots/project1_basic_move/ros2_ws/install/wpr_simulation2/share/wpr_simulation2/meshes/wpb_home
[37.841s] -- Installing: /home/dan/Projects/Mobile-Robots/project1_basic_move/ros2_ws/install/wpr_simulation2/share/wpr_simulation2/meshes/wpb_home/wpb_home_std.dae
[37.844s] -- Installing: /home/dan/Projects/Mobile-Robots/project1_basic_move/ros2_ws/install/wpr_simulation2/share/wpr_simulation2/meshes/wpb_home/wpb_home_mani.dae
[37.846s] -- Installing: /home/dan/Projects/Mobile-Robots/project1_basic_move/ros2_ws/install/wpr_simulation2/share/wpr_simulation2/meshes/wpb_home/forearm.dae
[37.846s] -- Installing: /home/dan/Projects/Mobile-Robots/project1_basic_move/ros2_ws/install/wpr_simulation2/share/wpr_simulation2/meshes/bookshelft.dae
[37.846s] -- Installing: /home/dan/Projects/Mobile-Robots/project1_basic_move/ros2_ws/install/wpr_simulation2/share/wpr_simulation2/rviz
[37.846s] -- Installing: /home/dan/Projects/Mobile-Robots/project1_basic_move/ros2_ws/install/wpr_simulation2/share/wpr_simulation2/rviz/navi.rviz
[37.846s] -- Installing: /home/dan/Projects/Mobile-Robots/project1_basic_move/ros2_ws/install/wpr_simulation2/share/wpr_simulation2/rviz/objects.rviz
[37.846s] -- Installing: /home/dan/Projects/Mobile-Robots/project1_basic_move/ros2_ws/install/wpr_simulation2/share/wpr_simulation2/rviz/slam.rviz
[37.846s] -- Installing: /home/dan/Projects/Mobile-Robots/project1_basic_move/ros2_ws/install/wpr_simulation2/share/wpr_simulation2/rviz/pointcloud.rviz
[37.846s] -- Installing: /home/dan/Projects/Mobile-Robots/project1_basic_move/ros2_ws/install/wpr_simulation2/share/wpr_simulation2/rviz/navi_3d.rviz
[37.846s] -- Installing: /home/dan/Projects/Mobile-Robots/project1_basic_move/ros2_ws/install/wpr_simulation2/share/wpr_simulation2/rviz/sensor.rviz
[37.846s] -- Installing: /home/dan/Projects/Mobile-Robots/project1_basic_move/ros2_ws/install/wpr_simulation2/share/wpr_simulation2/rviz/fetch.rviz
[37.846s] -- Installing: /home/dan/Projects/Mobile-Robots/project1_basic_move/ros2_ws/install/wpr_simulation2/share/wpr_simulation2/src
[37.846s] -- Installing: /home/dan/Projects/Mobile-Robots/project1_basic_move/ros2_ws/install/wpr_simulation2/share/wpr_simulation2/src/wpb_home_mani_sim.cpp
[37.847s] -- Installing: /home/dan/Projects/Mobile-Robots/project1_basic_move/ros2_ws/install/wpr_simulation2/share/wpr_simulation2/src/objects_publisher.cpp
[37.847s] -- Installing: /home/dan/Projects/Mobile-Robots/project1_basic_move/ros2_ws/install/wpr_simulation2/share/wpr_simulation2/src/grab_object_sim.cpp
[37.847s] -- Installing: /home/dan/Projects/Mobile-Robots/project1_basic_move/ros2_ws/install/wpr_simulation2/share/wpr_simulation2/src/keyboard_vel_cmd.cpp
[37.847s] -- Installing: /home/dan/Projects/Mobile-Robots/project1_basic_move/ros2_ws/install/wpr_simulation2/share/wpr_simulation2/src/face_detector.py
[37.847s] -- Installing: /home/dan/Projects/Mobile-Robots/project1_basic_move/ros2_ws/install/wpr_simulation2/share/wpr_simulation2/src/ball_random_move.cpp
[37.847s] -- Up-to-date: /home/dan/Projects/Mobile-Robots/project1_basic_move/ros2_ws/install/wpr_simulation2/share/wpr_simulation2/msg
[37.847s] -- Up-to-date: /home/dan/Projects/Mobile-Robots/project1_basic_move/ros2_ws/install/wpr_simulation2/share/wpr_simulation2/msg/Object.msg
[37.847s] -- Installing: /home/dan/Projects/Mobile-Robots/project1_basic_move/ros2_ws/install/wpr_simulation2/share/wpr_simulation2/maps
[37.847s] -- Installing: /home/dan/Projects/Mobile-Robots/project1_basic_move/ros2_ws/install/wpr_simulation2/share/wpr_simulation2/maps/.gitignore
[37.847s] -- Installing: /home/dan/Projects/Mobile-Robots/project1_basic_move/ros2_ws/install/wpr_simulation2/lib/wpr_simulation2/face_detector.py
[37.847s] -- Installing: /home/dan/Projects/Mobile-Robots/project1_basic_move/ros2_ws/install/wpr_simulation2/lib/wpr_simulation2/wpb_home_mani_sim
[37.849s] -- Set runtime path of "/home/dan/Projects/Mobile-Robots/project1_basic_move/ros2_ws/install/wpr_simulation2/lib/wpr_simulation2/wpb_home_mani_sim" to ""
[37.849s] -- Installing: /home/dan/Projects/Mobile-Robots/project1_basic_move/ros2_ws/install/wpr_simulation2/lib/wpr_simulation2/keyboard_vel_cmd
[37.850s] -- Set runtime path of "/home/dan/Projects/Mobile-Robots/project1_basic_move/ros2_ws/install/wpr_simulation2/lib/wpr_simulation2/keyboard_vel_cmd" to ""
[37.850s] -- Installing: /home/dan/Projects/Mobile-Robots/project1_basic_move/ros2_ws/install/wpr_simulation2/lib/wpr_simulation2/ball_random_move
[37.850s] -- Set runtime path of "/home/dan/Projects/Mobile-Robots/project1_basic_move/ros2_ws/install/wpr_simulation2/lib/wpr_simulation2/ball_random_move" to ""
[37.850s] -- Installing: /home/dan/Projects/Mobile-Robots/project1_basic_move/ros2_ws/install/wpr_simulation2/lib/wpr_simulation2/objects_publisher
[37.853s] -- Set runtime path of "/home/dan/Projects/Mobile-Robots/project1_basic_move/ros2_ws/install/wpr_simulation2/lib/wpr_simulation2/objects_publisher" to ""
[37.853s] -- Installing: /home/dan/Projects/Mobile-Robots/project1_basic_move/ros2_ws/install/wpr_simulation2/lib/wpr_simulation2/grab_object_sim
[37.856s] -- Set runtime path of "/home/dan/Projects/Mobile-Robots/project1_basic_move/ros2_ws/install/wpr_simulation2/lib/wpr_simulation2/grab_object_sim" to ""
[37.856s] -- Installing: /home/dan/Projects/Mobile-Robots/project1_basic_move/ros2_ws/install/wpr_simulation2/lib/wpr_simulation2/3_publisher_node
[37.857s] -- Set runtime path of "/home/dan/Projects/Mobile-Robots/project1_basic_move/ros2_ws/install/wpr_simulation2/lib/wpr_simulation2/3_publisher_node" to ""
[37.857s] -- Installing: /home/dan/Projects/Mobile-Robots/project1_basic_move/ros2_ws/install/wpr_simulation2/lib/wpr_simulation2/3_subscriber_node
[37.858s] -- Set runtime path of "/home/dan/Projects/Mobile-Robots/project1_basic_move/ros2_ws/install/wpr_simulation2/lib/wpr_simulation2/3_subscriber_node" to ""
[37.858s] -- Installing: /home/dan/Projects/Mobile-Robots/project1_basic_move/ros2_ws/install/wpr_simulation2/lib/wpr_simulation2/4_velocity_command
[37.859s] -- Set runtime path of "/home/dan/Projects/Mobile-Robots/project1_basic_move/ros2_ws/install/wpr_simulation2/lib/wpr_simulation2/4_velocity_command" to ""
[37.859s] -- Installing: /home/dan/Projects/Mobile-Robots/project1_basic_move/ros2_ws/install/wpr_simulation2/lib/wpr_simulation2/5_lidar_data
[37.861s] -- Set runtime path of "/home/dan/Projects/Mobile-Robots/project1_basic_move/ros2_ws/install/wpr_simulation2/lib/wpr_simulation2/5_lidar_data" to ""
[37.861s] -- Installing: /home/dan/Projects/Mobile-Robots/project1_basic_move/ros2_ws/install/wpr_simulation2/lib/wpr_simulation2/5_lidar_behavior
[37.863s] -- Set runtime path of "/home/dan/Projects/Mobile-Robots/project1_basic_move/ros2_ws/install/wpr_simulation2/lib/wpr_simulation2/5_lidar_behavior" to ""
[37.863s] -- Installing: /home/dan/Projects/Mobile-Robots/project1_basic_move/ros2_ws/install/wpr_simulation2/lib/wpr_simulation2/6_imu_data
[37.864s] -- Set runtime path of "/home/dan/Projects/Mobile-Robots/project1_basic_move/ros2_ws/install/wpr_simulation2/lib/wpr_simulation2/6_imu_data" to ""
[37.864s] -- Installing: /home/dan/Projects/Mobile-Robots/project1_basic_move/ros2_ws/install/wpr_simulation2/lib/wpr_simulation2/6_imu_behavior
[37.866s] -- Set runtime path of "/home/dan/Projects/Mobile-Robots/project1_basic_move/ros2_ws/install/wpr_simulation2/lib/wpr_simulation2/6_imu_behavior" to ""
[37.866s] -- Installing: /home/dan/Projects/Mobile-Robots/project1_basic_move/ros2_ws/install/wpr_simulation2/lib/wpr_simulation2/8_waypoint_navigation
[37.868s] -- Set runtime path of "/home/dan/Projects/Mobile-Robots/project1_basic_move/ros2_ws/install/wpr_simulation2/lib/wpr_simulation2/8_waypoint_navigation" to ""
[37.868s] -- Installing: /home/dan/Projects/Mobile-Robots/project1_basic_move/ros2_ws/install/wpr_simulation2/lib/wpr_simulation2/9_cv_image
[37.869s] -- Set runtime path of "/home/dan/Projects/Mobile-Robots/project1_basic_move/ros2_ws/install/wpr_simulation2/lib/wpr_simulation2/9_cv_image" to ""
[37.870s] -- Installing: /home/dan/Projects/Mobile-Robots/project1_basic_move/ros2_ws/install/wpr_simulation2/lib/wpr_simulation2/9_cv_hsv
[37.871s] -- Set runtime path of "/home/dan/Projects/Mobile-Robots/project1_basic_move/ros2_ws/install/wpr_simulation2/lib/wpr_simulation2/9_cv_hsv" to ""
[37.871s] -- Installing: /home/dan/Projects/Mobile-Robots/project1_basic_move/ros2_ws/install/wpr_simulation2/lib/wpr_simulation2/9_cv_follow
[37.873s] -- Set runtime path of "/home/dan/Projects/Mobile-Robots/project1_basic_move/ros2_ws/install/wpr_simulation2/lib/wpr_simulation2/9_cv_follow" to ""
[37.873s] -- Installing: /home/dan/Projects/Mobile-Robots/project1_basic_move/ros2_ws/install/wpr_simulation2/lib/wpr_simulation2/9_cv_face_detect
[37.876s] -- Set runtime path of "/home/dan/Projects/Mobile-Robots/project1_basic_move/ros2_ws/install/wpr_simulation2/lib/wpr_simulation2/9_cv_face_detect" to ""
[37.876s] -- Installing: /home/dan/Projects/Mobile-Robots/project1_basic_move/ros2_ws/install/wpr_simulation2/lib/wpr_simulation2/10_pc_data
[37.878s] -- Set runtime path of "/home/dan/Projects/Mobile-Robots/project1_basic_move/ros2_ws/install/wpr_simulation2/lib/wpr_simulation2/10_pc_data" to ""
[37.878s] -- Installing: /home/dan/Projects/Mobile-Robots/project1_basic_move/ros2_ws/install/wpr_simulation2/lib/wpr_simulation2/10_pc_objects
[37.880s] -- Set runtime path of "/home/dan/Projects/Mobile-Robots/project1_basic_move/ros2_ws/install/wpr_simulation2/lib/wpr_simulation2/10_pc_objects" to ""
[37.880s] -- Installing: /home/dan/Projects/Mobile-Robots/project1_basic_move/ros2_ws/install/wpr_simulation2/lib/wpr_simulation2/11_mani_ctrl
[37.880s] -- Set runtime path of "/home/dan/Projects/Mobile-Robots/project1_basic_move/ros2_ws/install/wpr_simulation2/lib/wpr_simulation2/11_mani_ctrl" to ""
[37.880s] -- Installing: /home/dan/Projects/Mobile-Robots/project1_basic_move/ros2_ws/install/wpr_simulation2/lib/wpr_simulation2/11_grab_object
[37.882s] -- Set runtime path of "/home/dan/Projects/Mobile-Robots/project1_basic_move/ros2_ws/install/wpr_simulation2/lib/wpr_simulation2/11_grab_object" to ""
[37.882s] -- Installing: /home/dan/Projects/Mobile-Robots/project1_basic_move/ros2_ws/install/wpr_simulation2/lib/wpr_simulation2/12_fetch
[37.884s] -- Set runtime path of "/home/dan/Projects/Mobile-Robots/project1_basic_move/ros2_ws/install/wpr_simulation2/lib/wpr_simulation2/12_fetch" to ""
[37.884s] -- Installing: /home/dan/Projects/Mobile-Robots/project1_basic_move/ros2_ws/install/wpr_simulation2/lib/wpr_simulation2/demo_nav2_client
[37.884s] -- Set runtime path of "/home/dan/Projects/Mobile-Robots/project1_basic_move/ros2_ws/install/wpr_simulation2/lib/wpr_simulation2/demo_nav2_client" to ""
[37.885s] -- Installing: /home/dan/Projects/Mobile-Robots/project1_basic_move/ros2_ws/install/wpr_simulation2/share/ament_index/resource_index/package_run_dependencies/wpr_simulation2
[37.885s] -- Installing: /home/dan/Projects/Mobile-Robots/project1_basic_move/ros2_ws/install/wpr_simulation2/share/ament_index/resource_index/parent_prefix_path/wpr_simulation2
[37.885s] -- Installing: /home/dan/Projects/Mobile-Robots/project1_basic_move/ros2_ws/install/wpr_simulation2/share/wpr_simulation2/environment/ament_prefix_path.sh
[37.885s] -- Installing: /home/dan/Projects/Mobile-Robots/project1_basic_move/ros2_ws/install/wpr_simulation2/share/wpr_simulation2/environment/ament_prefix_path.dsv
[37.885s] -- Installing: /home/dan/Projects/Mobile-Robots/project1_basic_move/ros2_ws/install/wpr_simulation2/share/wpr_simulation2/environment/path.sh
[37.885s] -- Installing: /home/dan/Projects/Mobile-Robots/project1_basic_move/ros2_ws/install/wpr_simulation2/share/wpr_simulation2/environment/path.dsv
[37.885s] -- Installing: /home/dan/Projects/Mobile-Robots/project1_basic_move/ros2_ws/install/wpr_simulation2/share/wpr_simulation2/local_setup.bash
[37.885s] -- Installing: /home/dan/Projects/Mobile-Robots/project1_basic_move/ros2_ws/install/wpr_simulation2/share/wpr_simulation2/local_setup.sh
[37.885s] -- Installing: /home/dan/Projects/Mobile-Robots/project1_basic_move/ros2_ws/install/wpr_simulation2/share/wpr_simulation2/local_setup.zsh
[37.885s] -- Installing: /home/dan/Projects/Mobile-Robots/project1_basic_move/ros2_ws/install/wpr_simulation2/share/wpr_simulation2/local_setup.dsv
[37.885s] -- Installing: /home/dan/Projects/Mobile-Robots/project1_basic_move/ros2_ws/install/wpr_simulation2/share/wpr_simulation2/package.dsv
[37.885s] -- Installing: /home/dan/Projects/Mobile-Robots/project1_basic_move/ros2_ws/install/wpr_simulation2/share/ament_index/resource_index/packages/wpr_simulation2
[37.885s] -- Installing: /home/dan/Projects/Mobile-Robots/project1_basic_move/ros2_ws/install/wpr_simulation2/share/wpr_simulation2/cmake/export_wpr_simulation2__rosidl_generator_cExport.cmake
[37.885s] -- Installing: /home/dan/Projects/Mobile-Robots/project1_basic_move/ros2_ws/install/wpr_simulation2/share/wpr_simulation2/cmake/export_wpr_simulation2__rosidl_generator_cExport-noconfig.cmake
[37.885s] -- Installing: /home/dan/Projects/Mobile-Robots/project1_basic_move/ros2_ws/install/wpr_simulation2/share/wpr_simulation2/cmake/export_wpr_simulation2__rosidl_typesupport_fastrtps_cExport.cmake
[37.885s] -- Installing: /home/dan/Projects/Mobile-Robots/project1_basic_move/ros2_ws/install/wpr_simulation2/share/wpr_simulation2/cmake/export_wpr_simulation2__rosidl_typesupport_fastrtps_cExport-noconfig.cmake
[37.886s] -- Installing: /home/dan/Projects/Mobile-Robots/project1_basic_move/ros2_ws/install/wpr_simulation2/share/wpr_simulation2/cmake/export_wpr_simulation2__rosidl_generator_cppExport.cmake
[37.886s] -- Installing: /home/dan/Projects/Mobile-Robots/project1_basic_move/ros2_ws/install/wpr_simulation2/share/wpr_simulation2/cmake/export_wpr_simulation2__rosidl_typesupport_fastrtps_cppExport.cmake
[37.886s] -- Installing: /home/dan/Projects/Mobile-Robots/project1_basic_move/ros2_ws/install/wpr_simulation2/share/wpr_simulation2/cmake/export_wpr_simulation2__rosidl_typesupport_fastrtps_cppExport-noconfig.cmake
[37.886s] -- Installing: /home/dan/Projects/Mobile-Robots/project1_basic_move/ros2_ws/install/wpr_simulation2/share/wpr_simulation2/cmake/wpr_simulation2__rosidl_typesupport_introspection_cExport.cmake
[37.886s] -- Installing: /home/dan/Projects/Mobile-Robots/project1_basic_move/ros2_ws/install/wpr_simulation2/share/wpr_simulation2/cmake/wpr_simulation2__rosidl_typesupport_introspection_cExport-noconfig.cmake
[37.886s] -- Installing: /home/dan/Projects/Mobile-Robots/project1_basic_move/ros2_ws/install/wpr_simulation2/share/wpr_simulation2/cmake/wpr_simulation2__rosidl_typesupport_cExport.cmake
[37.886s] -- Installing: /home/dan/Projects/Mobile-Robots/project1_basic_move/ros2_ws/install/wpr_simulation2/share/wpr_simulation2/cmake/wpr_simulation2__rosidl_typesupport_cExport-noconfig.cmake
[37.886s] -- Installing: /home/dan/Projects/Mobile-Robots/project1_basic_move/ros2_ws/install/wpr_simulation2/share/wpr_simulation2/cmake/wpr_simulation2__rosidl_typesupport_introspection_cppExport.cmake
[37.886s] -- Installing: /home/dan/Projects/Mobile-Robots/project1_basic_move/ros2_ws/install/wpr_simulation2/share/wpr_simulation2/cmake/wpr_simulation2__rosidl_typesupport_introspection_cppExport-noconfig.cmake
[37.886s] -- Installing: /home/dan/Projects/Mobile-Robots/project1_basic_move/ros2_ws/install/wpr_simulation2/share/wpr_simulation2/cmake/wpr_simulation2__rosidl_typesupport_cppExport.cmake
[37.886s] -- Installing: /home/dan/Projects/Mobile-Robots/project1_basic_move/ros2_ws/install/wpr_simulation2/share/wpr_simulation2/cmake/wpr_simulation2__rosidl_typesupport_cppExport-noconfig.cmake
[37.886s] -- Installing: /home/dan/Projects/Mobile-Robots/project1_basic_move/ros2_ws/install/wpr_simulation2/share/wpr_simulation2/cmake/export_wpr_simulation2__rosidl_generator_pyExport.cmake
[37.886s] -- Installing: /home/dan/Projects/Mobile-Robots/project1_basic_move/ros2_ws/install/wpr_simulation2/share/wpr_simulation2/cmake/export_wpr_simulation2__rosidl_generator_pyExport-noconfig.cmake
[37.886s] -- Installing: /home/dan/Projects/Mobile-Robots/project1_basic_move/ros2_ws/install/wpr_simulation2/share/wpr_simulation2/cmake/rosidl_cmake-extras.cmake
[37.886s] -- Installing: /home/dan/Projects/Mobile-Robots/project1_basic_move/ros2_ws/install/wpr_simulation2/share/wpr_simulation2/cmake/ament_cmake_export_dependencies-extras.cmake
[37.886s] -- Installing: /home/dan/Projects/Mobile-Robots/project1_basic_move/ros2_ws/install/wpr_simulation2/share/wpr_simulation2/cmake/ament_cmake_export_include_directories-extras.cmake
[37.887s] -- Installing: /home/dan/Projects/Mobile-Robots/project1_basic_move/ros2_ws/install/wpr_simulation2/share/wpr_simulation2/cmake/ament_cmake_export_libraries-extras.cmake
[37.887s] -- Installing: /home/dan/Projects/Mobile-Robots/project1_basic_move/ros2_ws/install/wpr_simulation2/share/wpr_simulation2/cmake/ament_cmake_export_targets-extras.cmake
[37.887s] -- Installing: /home/dan/Projects/Mobile-Robots/project1_basic_move/ros2_ws/install/wpr_simulation2/share/wpr_simulation2/cmake/rosidl_cmake_export_typesupport_targets-extras.cmake
[37.887s] -- Installing: /home/dan/Projects/Mobile-Robots/project1_basic_move/ros2_ws/install/wpr_simulation2/share/wpr_simulation2/cmake/rosidl_cmake_export_typesupport_libraries-extras.cmake
[37.887s] -- Installing: /home/dan/Projects/Mobile-Robots/project1_basic_move/ros2_ws/install/wpr_simulation2/share/wpr_simulation2/cmake/wpr_simulation2Config.cmake
[37.887s] -- Installing: /home/dan/Projects/Mobile-Robots/project1_basic_move/ros2_ws/install/wpr_simulation2/share/wpr_simulation2/cmake/wpr_simulation2Config-version.cmake
[37.887s] -- Installing: /home/dan/Projects/Mobile-Robots/project1_basic_move/ros2_ws/install/wpr_simulation2/share/wpr_simulation2/package.xml
[37.889s] Invoked command in '/home/dan/Projects/Mobile-Robots/project1_basic_move/ros2_ws/build/wpr_simulation2' returned '0': CMAKE_PREFIX_PATH=${CMAKE_PREFIX_PATH}:/opt/ros/humble /usr/bin/cmake --install /home/dan/Projects/Mobile-Robots/project1_basic_move/ros2_ws/build/wpr_simulation2
