[0.064s] DEBUG:colcon:Command line arguments: ['/usr/bin/colcon', 'build']
[0.064s] DEBUG:colcon:Parsed command line arguments: Namespace(log_base=None, log_level=None, verb_name='build', build_base='build', install_base='install', merge_install=False, symlink_install=False, test_result_base=None, continue_on_error=False, executor='parallel', parallel_workers=8, event_handlers=None, ignore_user_meta=False, metas=['./colcon.meta'], base_paths=['.'], packages_ignore=None, packages_ignore_regex=None, paths=None, packages_up_to=None, packages_up_to_regex=None, packages_above=None, packages_above_and_dependencies=None, packages_above_depth=None, packages_select_by_dep=None, packages_skip_by_dep=None, packages_skip_up_to=None, packages_select_build_failed=False, packages_skip_build_finished=False, packages_select_test_failures=False, packages_skip_test_passed=False, packages_select=None, packages_skip=None, packages_select_regex=None, packages_skip_regex=None, packages_start=None, packages_end=None, allow_overriding=[], cmake_args=None, cmake_target=None, cmake_target_skip_unavailable=False, cmake_clean_cache=False, cmake_clean_first=False, cmake_force_configure=False, ament_cmake_args=None, catkin_cmake_args=None, catkin_skip_building_tests=False, mixin_files=None, mixin=None, verb_parser=<colcon_mixin.mixin.mixin_argument.MixinArgumentDecorator object at 0x72c4dfa56530>, verb_extension=<colcon_core.verb.build.BuildVerb object at 0x72c4dfa55f30>, main=<bound method BuildVerb.main of <colcon_core.verb.build.BuildVerb object at 0x72c4dfa55f30>>, mixin_verb=('build',))
[0.161s] Level 1:colcon.colcon_core.package_discovery:discover_packages(colcon_meta) check parameters
[0.162s] Level 1:colcon.colcon_core.package_discovery:discover_packages(recursive) check parameters
[0.162s] Level 1:colcon.colcon_core.package_discovery:discover_packages(ignore) check parameters
[0.162s] Level 1:colcon.colcon_core.package_discovery:discover_packages(path) check parameters
[0.162s] Level 1:colcon.colcon_core.package_discovery:discover_packages(colcon_meta) discover
[0.162s] Level 1:colcon.colcon_core.package_discovery:discover_packages(recursive) discover
[0.162s] INFO:colcon.colcon_core.package_discovery:Crawling recursively for packages in '/home/dan/Projects/Mobile-Robots/project3_path_planning/prj3_ws'
[0.162s] Level 1:colcon.colcon_core.package_identification:_identify(.) by extensions ['ignore', 'ignore_ament_install']
[0.162s] Level 1:colcon.colcon_core.package_identification:_identify(.) by extension 'ignore'
[0.162s] Level 1:colcon.colcon_core.package_identification:_identify(.) by extension 'ignore_ament_install'
[0.162s] Level 1:colcon.colcon_core.package_identification:_identify(.) by extensions ['colcon_pkg']
[0.162s] Level 1:colcon.colcon_core.package_identification:_identify(.) by extension 'colcon_pkg'
[0.162s] Level 1:colcon.colcon_core.package_identification:_identify(.) by extensions ['colcon_meta']
[0.162s] Level 1:colcon.colcon_core.package_identification:_identify(.) by extension 'colcon_meta'
[0.162s] Level 1:colcon.colcon_core.package_identification:_identify(.) by extensions ['ros']
[0.162s] Level 1:colcon.colcon_core.package_identification:_identify(.) by extension 'ros'
[0.175s] Level 1:colcon.colcon_core.package_identification:_identify(.) by extensions ['cmake', 'python']
[0.175s] Level 1:colcon.colcon_core.package_identification:_identify(.) by extension 'cmake'
[0.175s] Level 1:colcon.colcon_core.package_identification:_identify(.) by extension 'python'
[0.175s] Level 1:colcon.colcon_core.package_identification:_identify(.) by extensions ['python_setup_py']
[0.175s] Level 1:colcon.colcon_core.package_identification:_identify(.) by extension 'python_setup_py'
[0.175s] Level 1:colcon.colcon_core.package_identification:_identify(build) by extensions ['ignore', 'ignore_ament_install']
[0.175s] Level 1:colcon.colcon_core.package_identification:_identify(build) by extension 'ignore'
[0.175s] Level 1:colcon.colcon_core.package_identification:_identify(build) ignored
[0.176s] Level 1:colcon.colcon_core.package_identification:_identify(install) by extensions ['ignore', 'ignore_ament_install']
[0.176s] Level 1:colcon.colcon_core.package_identification:_identify(install) by extension 'ignore'
[0.176s] Level 1:colcon.colcon_core.package_identification:_identify(install) ignored
[0.176s] Level 1:colcon.colcon_core.package_identification:_identify(log) by extensions ['ignore', 'ignore_ament_install']
[0.176s] Level 1:colcon.colcon_core.package_identification:_identify(log) by extension 'ignore'
[0.176s] Level 1:colcon.colcon_core.package_identification:_identify(log) ignored
[0.176s] Level 1:colcon.colcon_core.package_identification:_identify(src) by extensions ['ignore', 'ignore_ament_install']
[0.176s] Level 1:colcon.colcon_core.package_identification:_identify(src) by extension 'ignore'
[0.176s] Level 1:colcon.colcon_core.package_identification:_identify(src) by extension 'ignore_ament_install'
[0.176s] Level 1:colcon.colcon_core.package_identification:_identify(src) by extensions ['colcon_pkg']
[0.176s] Level 1:colcon.colcon_core.package_identification:_identify(src) by extension 'colcon_pkg'
[0.176s] Level 1:colcon.colcon_core.package_identification:_identify(src) by extensions ['colcon_meta']
[0.176s] Level 1:colcon.colcon_core.package_identification:_identify(src) by extension 'colcon_meta'
[0.176s] Level 1:colcon.colcon_core.package_identification:_identify(src) by extensions ['ros']
[0.176s] Level 1:colcon.colcon_core.package_identification:_identify(src) by extension 'ros'
[0.176s] Level 1:colcon.colcon_core.package_identification:_identify(src) by extensions ['cmake', 'python']
[0.176s] Level 1:colcon.colcon_core.package_identification:_identify(src) by extension 'cmake'
[0.176s] Level 1:colcon.colcon_core.package_identification:_identify(src) by extension 'python'
[0.176s] Level 1:colcon.colcon_core.package_identification:_identify(src) by extensions ['python_setup_py']
[0.176s] Level 1:colcon.colcon_core.package_identification:_identify(src) by extension 'python_setup_py'
[0.176s] Level 1:colcon.colcon_core.package_identification:_identify(src/imu_pkg) by extensions ['ignore', 'ignore_ament_install']
[0.176s] Level 1:colcon.colcon_core.package_identification:_identify(src/imu_pkg) by extension 'ignore'
[0.176s] Level 1:colcon.colcon_core.package_identification:_identify(src/imu_pkg) by extension 'ignore_ament_install'
[0.176s] Level 1:colcon.colcon_core.package_identification:_identify(src/imu_pkg) by extensions ['colcon_pkg']
[0.176s] Level 1:colcon.colcon_core.package_identification:_identify(src/imu_pkg) by extension 'colcon_pkg'
[0.176s] Level 1:colcon.colcon_core.package_identification:_identify(src/imu_pkg) by extensions ['colcon_meta']
[0.176s] Level 1:colcon.colcon_core.package_identification:_identify(src/imu_pkg) by extension 'colcon_meta'
[0.176s] Level 1:colcon.colcon_core.package_identification:_identify(src/imu_pkg) by extensions ['ros']
[0.176s] Level 1:colcon.colcon_core.package_identification:_identify(src/imu_pkg) by extension 'ros'
[0.178s] DEBUG:colcon.colcon_core.package_identification:Package 'src/imu_pkg' with type 'ros.ament_cmake' and name 'imu_pkg'
[0.178s] Level 1:colcon.colcon_core.package_identification:_identify(src/lidar_pkg) by extensions ['ignore', 'ignore_ament_install']
[0.178s] Level 1:colcon.colcon_core.package_identification:_identify(src/lidar_pkg) by extension 'ignore'
[0.178s] Level 1:colcon.colcon_core.package_identification:_identify(src/lidar_pkg) by extension 'ignore_ament_install'
[0.178s] Level 1:colcon.colcon_core.package_identification:_identify(src/lidar_pkg) by extensions ['colcon_pkg']
[0.178s] Level 1:colcon.colcon_core.package_identification:_identify(src/lidar_pkg) by extension 'colcon_pkg'
[0.178s] Level 1:colcon.colcon_core.package_identification:_identify(src/lidar_pkg) by extensions ['colcon_meta']
[0.178s] Level 1:colcon.colcon_core.package_identification:_identify(src/lidar_pkg) by extension 'colcon_meta'
[0.178s] Level 1:colcon.colcon_core.package_identification:_identify(src/lidar_pkg) by extensions ['ros']
[0.179s] Level 1:colcon.colcon_core.package_identification:_identify(src/lidar_pkg) by extension 'ros'
[0.179s] DEBUG:colcon.colcon_core.package_identification:Package 'src/lidar_pkg' with type 'ros.ament_cmake' and name 'lidar_pkg'
[0.179s] Level 1:colcon.colcon_core.package_identification:_identify(src/slam_pkg) by extensions ['ignore', 'ignore_ament_install']
[0.179s] Level 1:colcon.colcon_core.package_identification:_identify(src/slam_pkg) by extension 'ignore'
[0.179s] Level 1:colcon.colcon_core.package_identification:_identify(src/slam_pkg) by extension 'ignore_ament_install'
[0.179s] Level 1:colcon.colcon_core.package_identification:_identify(src/slam_pkg) by extensions ['colcon_pkg']
[0.179s] Level 1:colcon.colcon_core.package_identification:_identify(src/slam_pkg) by extension 'colcon_pkg'
[0.179s] Level 1:colcon.colcon_core.package_identification:_identify(src/slam_pkg) by extensions ['colcon_meta']
[0.179s] Level 1:colcon.colcon_core.package_identification:_identify(src/slam_pkg) by extension 'colcon_meta'
[0.179s] Level 1:colcon.colcon_core.package_identification:_identify(src/slam_pkg) by extensions ['ros']
[0.179s] Level 1:colcon.colcon_core.package_identification:_identify(src/slam_pkg) by extension 'ros'
[0.180s] DEBUG:colcon.colcon_core.package_identification:Package 'src/slam_pkg' with type 'ros.ament_cmake' and name 'slam_pkg'
[0.180s] Level 1:colcon.colcon_core.package_discovery:discover_packages(recursive) using defaults
[0.180s] Level 1:colcon.colcon_core.package_discovery:discover_packages(ignore) discover
[0.180s] Level 1:colcon.colcon_core.package_discovery:discover_packages(ignore) using defaults
[0.180s] Level 1:colcon.colcon_core.package_discovery:discover_packages(path) discover
[0.180s] Level 1:colcon.colcon_core.package_discovery:discover_packages(path) using defaults
[0.192s] Level 1:colcon.colcon_core.package_discovery:discover_packages(prefix_path) check parameters
[0.192s] Level 1:colcon.colcon_core.package_discovery:discover_packages(prefix_path) discover
[0.194s] DEBUG:colcon.colcon_installed_package_information.package_discovery:Found 369 installed packages in /opt/ros/humble
[0.195s] Level 1:colcon.colcon_core.package_discovery:discover_packages(prefix_path) using defaults
[0.219s] Level 5:colcon.colcon_core.verb:set package 'imu_pkg' build argument 'cmake_args' from command line to 'None'
[0.219s] Level 5:colcon.colcon_core.verb:set package 'imu_pkg' build argument 'cmake_target' from command line to 'None'
[0.219s] Level 5:colcon.colcon_core.verb:set package 'imu_pkg' build argument 'cmake_target_skip_unavailable' from command line to 'False'
[0.219s] Level 5:colcon.colcon_core.verb:set package 'imu_pkg' build argument 'cmake_clean_cache' from command line to 'False'
[0.219s] Level 5:colcon.colcon_core.verb:set package 'imu_pkg' build argument 'cmake_clean_first' from command line to 'False'
[0.219s] Level 5:colcon.colcon_core.verb:set package 'imu_pkg' build argument 'cmake_force_configure' from command line to 'False'
[0.219s] Level 5:colcon.colcon_core.verb:set package 'imu_pkg' build argument 'ament_cmake_args' from command line to 'None'
[0.219s] Level 5:colcon.colcon_core.verb:set package 'imu_pkg' build argument 'catkin_cmake_args' from command line to 'None'
[0.219s] Level 5:colcon.colcon_core.verb:set package 'imu_pkg' build argument 'catkin_skip_building_tests' from command line to 'False'
[0.219s] DEBUG:colcon.colcon_core.verb:Building package 'imu_pkg' with the following arguments: {'ament_cmake_args': None, 'build_base': '/home/dan/Projects/Mobile-Robots/project3_path_planning/prj3_ws/build/imu_pkg', 'catkin_cmake_args': None, 'catkin_skip_building_tests': False, 'cmake_args': None, 'cmake_clean_cache': False, 'cmake_clean_first': False, 'cmake_force_configure': False, 'cmake_target': None, 'cmake_target_skip_unavailable': False, 'install_base': '/home/dan/Projects/Mobile-Robots/project3_path_planning/prj3_ws/install/imu_pkg', 'merge_install': False, 'path': '/home/dan/Projects/Mobile-Robots/project3_path_planning/prj3_ws/src/imu_pkg', 'symlink_install': False, 'test_result_base': None}
[0.220s] Level 5:colcon.colcon_core.verb:set package 'lidar_pkg' build argument 'cmake_args' from command line to 'None'
[0.220s] Level 5:colcon.colcon_core.verb:set package 'lidar_pkg' build argument 'cmake_target' from command line to 'None'
[0.220s] Level 5:colcon.colcon_core.verb:set package 'lidar_pkg' build argument 'cmake_target_skip_unavailable' from command line to 'False'
[0.220s] Level 5:colcon.colcon_core.verb:set package 'lidar_pkg' build argument 'cmake_clean_cache' from command line to 'False'
[0.220s] Level 5:colcon.colcon_core.verb:set package 'lidar_pkg' build argument 'cmake_clean_first' from command line to 'False'
[0.220s] Level 5:colcon.colcon_core.verb:set package 'lidar_pkg' build argument 'cmake_force_configure' from command line to 'False'
[0.220s] Level 5:colcon.colcon_core.verb:set package 'lidar_pkg' build argument 'ament_cmake_args' from command line to 'None'
[0.220s] Level 5:colcon.colcon_core.verb:set package 'lidar_pkg' build argument 'catkin_cmake_args' from command line to 'None'
[0.220s] Level 5:colcon.colcon_core.verb:set package 'lidar_pkg' build argument 'catkin_skip_building_tests' from command line to 'False'
[0.220s] DEBUG:colcon.colcon_core.verb:Building package 'lidar_pkg' with the following arguments: {'ament_cmake_args': None, 'build_base': '/home/dan/Projects/Mobile-Robots/project3_path_planning/prj3_ws/build/lidar_pkg', 'catkin_cmake_args': None, 'catkin_skip_building_tests': False, 'cmake_args': None, 'cmake_clean_cache': False, 'cmake_clean_first': False, 'cmake_force_configure': False, 'cmake_target': None, 'cmake_target_skip_unavailable': False, 'install_base': '/home/dan/Projects/Mobile-Robots/project3_path_planning/prj3_ws/install/lidar_pkg', 'merge_install': False, 'path': '/home/dan/Projects/Mobile-Robots/project3_path_planning/prj3_ws/src/lidar_pkg', 'symlink_install': False, 'test_result_base': None}
[0.220s] Level 5:colcon.colcon_core.verb:set package 'slam_pkg' build argument 'cmake_args' from command line to 'None'
[0.220s] Level 5:colcon.colcon_core.verb:set package 'slam_pkg' build argument 'cmake_target' from command line to 'None'
[0.220s] Level 5:colcon.colcon_core.verb:set package 'slam_pkg' build argument 'cmake_target_skip_unavailable' from command line to 'False'
[0.220s] Level 5:colcon.colcon_core.verb:set package 'slam_pkg' build argument 'cmake_clean_cache' from command line to 'False'
[0.220s] Level 5:colcon.colcon_core.verb:set package 'slam_pkg' build argument 'cmake_clean_first' from command line to 'False'
[0.220s] Level 5:colcon.colcon_core.verb:set package 'slam_pkg' build argument 'cmake_force_configure' from command line to 'False'
[0.220s] Level 5:colcon.colcon_core.verb:set package 'slam_pkg' build argument 'ament_cmake_args' from command line to 'None'
[0.220s] Level 5:colcon.colcon_core.verb:set package 'slam_pkg' build argument 'catkin_cmake_args' from command line to 'None'
[0.220s] Level 5:colcon.colcon_core.verb:set package 'slam_pkg' build argument 'catkin_skip_building_tests' from command line to 'False'
[0.220s] DEBUG:colcon.colcon_core.verb:Building package 'slam_pkg' with the following arguments: {'ament_cmake_args': None, 'build_base': '/home/dan/Projects/Mobile-Robots/project3_path_planning/prj3_ws/build/slam_pkg', 'catkin_cmake_args': None, 'catkin_skip_building_tests': False, 'cmake_args': None, 'cmake_clean_cache': False, 'cmake_clean_first': False, 'cmake_force_configure': False, 'cmake_target': None, 'cmake_target_skip_unavailable': False, 'install_base': '/home/dan/Projects/Mobile-Robots/project3_path_planning/prj3_ws/install/slam_pkg', 'merge_install': False, 'path': '/home/dan/Projects/Mobile-Robots/project3_path_planning/prj3_ws/src/slam_pkg', 'symlink_install': False, 'test_result_base': None}
[0.220s] INFO:colcon.colcon_core.executor:Executing jobs using 'parallel' executor
[0.221s] DEBUG:colcon.colcon_parallel_executor.executor.parallel:run_until_complete
[0.221s] INFO:colcon.colcon_ros.task.ament_cmake.build:Building ROS package in '/home/dan/Projects/Mobile-Robots/project3_path_planning/prj3_ws/src/imu_pkg' with build type 'ament_cmake'
[0.221s] INFO:colcon.colcon_cmake.task.cmake.build:Building CMake package in '/home/dan/Projects/Mobile-Robots/project3_path_planning/prj3_ws/src/imu_pkg'
[0.222s] INFO:colcon.colcon_core.plugin_system:Skipping extension 'colcon_core.shell.bat': Not used on non-Windows systems
[0.222s] INFO:colcon.colcon_core.shell:Skip shell extension 'powershell' for command environment: Not usable outside of PowerShell
[0.222s] DEBUG:colcon.colcon_core.shell:Skip shell extension 'dsv' for command environment
[0.224s] INFO:colcon.colcon_ros.task.ament_cmake.build:Building ROS package in '/home/dan/Projects/Mobile-Robots/project3_path_planning/prj3_ws/src/lidar_pkg' with build type 'ament_cmake'
[0.224s] INFO:colcon.colcon_cmake.task.cmake.build:Building CMake package in '/home/dan/Projects/Mobile-Robots/project3_path_planning/prj3_ws/src/lidar_pkg'
[0.224s] INFO:colcon.colcon_core.shell:Skip shell extension 'powershell' for command environment: Not usable outside of PowerShell
[0.224s] DEBUG:colcon.colcon_core.shell:Skip shell extension 'dsv' for command environment
[0.226s] INFO:colcon.colcon_ros.task.ament_cmake.build:Building ROS package in '/home/dan/Projects/Mobile-Robots/project3_path_planning/prj3_ws/src/slam_pkg' with build type 'ament_cmake'
[0.226s] INFO:colcon.colcon_cmake.task.cmake.build:Building CMake package in '/home/dan/Projects/Mobile-Robots/project3_path_planning/prj3_ws/src/slam_pkg'
[0.226s] INFO:colcon.colcon_core.shell:Skip shell extension 'powershell' for command environment: Not usable outside of PowerShell
[0.226s] DEBUG:colcon.colcon_core.shell:Skip shell extension 'dsv' for command environment
[0.232s] DEBUG:colcon.colcon_core.event_handler.log_command:Invoking command in '/home/dan/Projects/Mobile-Robots/project3_path_planning/prj3_ws/build/imu_pkg': CMAKE_PREFIX_PATH=/opt/ros/humble /usr/bin/cmake --build /home/dan/Projects/Mobile-Robots/project3_path_planning/prj3_ws/build/imu_pkg -- -j8 -l8
[0.234s] DEBUG:colcon.colcon_core.event_handler.log_command:Invoking command in '/home/dan/Projects/Mobile-Robots/project3_path_planning/prj3_ws/build/lidar_pkg': CMAKE_PREFIX_PATH=/opt/ros/humble /usr/bin/cmake /home/dan/Projects/Mobile-Robots/project3_path_planning/prj3_ws/src/lidar_pkg -DCMAKE_INSTALL_PREFIX=/home/dan/Projects/Mobile-Robots/project3_path_planning/prj3_ws/install/lidar_pkg
[0.236s] DEBUG:colcon.colcon_core.event_handler.log_command:Invoking command in '/home/dan/Projects/Mobile-Robots/project3_path_planning/prj3_ws/build/slam_pkg': CMAKE_PREFIX_PATH=/opt/ros/humble /usr/bin/cmake --build /home/dan/Projects/Mobile-Robots/project3_path_planning/prj3_ws/build/slam_pkg -- -j8 -l8
[0.275s] DEBUG:colcon.colcon_core.event_handler.log_command:Invoked command in '/home/dan/Projects/Mobile-Robots/project3_path_planning/prj3_ws/build/imu_pkg' returned '0': CMAKE_PREFIX_PATH=/opt/ros/humble /usr/bin/cmake --build /home/dan/Projects/Mobile-Robots/project3_path_planning/prj3_ws/build/imu_pkg -- -j8 -l8
[0.282s] DEBUG:colcon.colcon_core.event_handler.log_command:Invoking command in '/home/dan/Projects/Mobile-Robots/project3_path_planning/prj3_ws/build/imu_pkg': CMAKE_PREFIX_PATH=/opt/ros/humble /usr/bin/cmake --install /home/dan/Projects/Mobile-Robots/project3_path_planning/prj3_ws/build/imu_pkg
[0.288s] Level 1:colcon.colcon_core.environment:create_environment_scripts_only(imu_pkg)
[0.289s] DEBUG:colcon.colcon_core.event_handler.log_command:Invoked command in '/home/dan/Projects/Mobile-Robots/project3_path_planning/prj3_ws/build/imu_pkg' returned '0': CMAKE_PREFIX_PATH=/opt/ros/humble /usr/bin/cmake --install /home/dan/Projects/Mobile-Robots/project3_path_planning/prj3_ws/build/imu_pkg
[0.290s] Level 1:colcon.colcon_core.environment:checking '/home/dan/Projects/Mobile-Robots/project3_path_planning/prj3_ws/install/imu_pkg' for CMake module files
[0.290s] Level 1:colcon.colcon_core.environment:checking '/home/dan/Projects/Mobile-Robots/project3_path_planning/prj3_ws/install/imu_pkg' for CMake config files
[0.290s] Level 1:colcon.colcon_core.shell:create_environment_hook('imu_pkg', 'cmake_prefix_path')
[0.290s] INFO:colcon.colcon_core.shell:Creating environment hook '/home/dan/Projects/Mobile-Robots/project3_path_planning/prj3_ws/install/imu_pkg/share/imu_pkg/hook/cmake_prefix_path.ps1'
[0.291s] INFO:colcon.colcon_core.shell:Creating environment descriptor '/home/dan/Projects/Mobile-Robots/project3_path_planning/prj3_ws/install/imu_pkg/share/imu_pkg/hook/cmake_prefix_path.dsv'
[0.291s] INFO:colcon.colcon_core.shell:Creating environment hook '/home/dan/Projects/Mobile-Robots/project3_path_planning/prj3_ws/install/imu_pkg/share/imu_pkg/hook/cmake_prefix_path.sh'
[0.292s] Level 1:colcon.colcon_core.environment:checking '/home/dan/Projects/Mobile-Robots/project3_path_planning/prj3_ws/install/imu_pkg/lib'
[0.292s] Level 1:colcon.colcon_core.environment:checking '/home/dan/Projects/Mobile-Robots/project3_path_planning/prj3_ws/install/imu_pkg/bin'
[0.292s] Level 1:colcon.colcon_core.environment:checking '/home/dan/Projects/Mobile-Robots/project3_path_planning/prj3_ws/install/imu_pkg/lib/pkgconfig/imu_pkg.pc'
[0.292s] Level 1:colcon.colcon_core.environment:checking '/home/dan/Projects/Mobile-Robots/project3_path_planning/prj3_ws/install/imu_pkg/lib/python3.10/site-packages'
[0.292s] Level 1:colcon.colcon_core.environment:checking '/home/dan/Projects/Mobile-Robots/project3_path_planning/prj3_ws/install/imu_pkg/bin'
[0.292s] INFO:colcon.colcon_core.shell:Creating package script '/home/dan/Projects/Mobile-Robots/project3_path_planning/prj3_ws/install/imu_pkg/share/imu_pkg/package.ps1'
[0.293s] INFO:colcon.colcon_core.shell:Creating package descriptor '/home/dan/Projects/Mobile-Robots/project3_path_planning/prj3_ws/install/imu_pkg/share/imu_pkg/package.dsv'
[0.293s] INFO:colcon.colcon_core.shell:Creating package script '/home/dan/Projects/Mobile-Robots/project3_path_planning/prj3_ws/install/imu_pkg/share/imu_pkg/package.sh'
[0.293s] INFO:colcon.colcon_core.shell:Creating package script '/home/dan/Projects/Mobile-Robots/project3_path_planning/prj3_ws/install/imu_pkg/share/imu_pkg/package.bash'
[0.294s] INFO:colcon.colcon_core.shell:Creating package script '/home/dan/Projects/Mobile-Robots/project3_path_planning/prj3_ws/install/imu_pkg/share/imu_pkg/package.zsh'
[0.294s] Level 1:colcon.colcon_core.environment:create_file_with_runtime_dependencies(/home/dan/Projects/Mobile-Robots/project3_path_planning/prj3_ws/install/imu_pkg/share/colcon-core/packages/imu_pkg)
[0.295s] Level 1:colcon.colcon_core.environment:create_environment_scripts_only(imu_pkg)
[0.295s] Level 1:colcon.colcon_core.environment:checking '/home/dan/Projects/Mobile-Robots/project3_path_planning/prj3_ws/install/imu_pkg' for CMake module files
[0.295s] Level 1:colcon.colcon_core.environment:checking '/home/dan/Projects/Mobile-Robots/project3_path_planning/prj3_ws/install/imu_pkg' for CMake config files
[0.295s] Level 1:colcon.colcon_core.shell:create_environment_hook('imu_pkg', 'cmake_prefix_path')
[0.295s] INFO:colcon.colcon_core.shell:Creating environment hook '/home/dan/Projects/Mobile-Robots/project3_path_planning/prj3_ws/install/imu_pkg/share/imu_pkg/hook/cmake_prefix_path.ps1'
[0.295s] INFO:colcon.colcon_core.shell:Creating environment descriptor '/home/dan/Projects/Mobile-Robots/project3_path_planning/prj3_ws/install/imu_pkg/share/imu_pkg/hook/cmake_prefix_path.dsv'
[0.295s] INFO:colcon.colcon_core.shell:Creating environment hook '/home/dan/Projects/Mobile-Robots/project3_path_planning/prj3_ws/install/imu_pkg/share/imu_pkg/hook/cmake_prefix_path.sh'
[0.296s] Level 1:colcon.colcon_core.environment:checking '/home/dan/Projects/Mobile-Robots/project3_path_planning/prj3_ws/install/imu_pkg/lib'
[0.296s] Level 1:colcon.colcon_core.environment:checking '/home/dan/Projects/Mobile-Robots/project3_path_planning/prj3_ws/install/imu_pkg/bin'
[0.296s] Level 1:colcon.colcon_core.environment:checking '/home/dan/Projects/Mobile-Robots/project3_path_planning/prj3_ws/install/imu_pkg/lib/pkgconfig/imu_pkg.pc'
[0.296s] Level 1:colcon.colcon_core.environment:checking '/home/dan/Projects/Mobile-Robots/project3_path_planning/prj3_ws/install/imu_pkg/lib/python3.10/site-packages'
[0.296s] Level 1:colcon.colcon_core.environment:checking '/home/dan/Projects/Mobile-Robots/project3_path_planning/prj3_ws/install/imu_pkg/bin'
[0.296s] INFO:colcon.colcon_core.shell:Creating package script '/home/dan/Projects/Mobile-Robots/project3_path_planning/prj3_ws/install/imu_pkg/share/imu_pkg/package.ps1'
[0.297s] INFO:colcon.colcon_core.shell:Creating package descriptor '/home/dan/Projects/Mobile-Robots/project3_path_planning/prj3_ws/install/imu_pkg/share/imu_pkg/package.dsv'
[0.297s] INFO:colcon.colcon_core.shell:Creating package script '/home/dan/Projects/Mobile-Robots/project3_path_planning/prj3_ws/install/imu_pkg/share/imu_pkg/package.sh'
[0.297s] INFO:colcon.colcon_core.shell:Creating package script '/home/dan/Projects/Mobile-Robots/project3_path_planning/prj3_ws/install/imu_pkg/share/imu_pkg/package.bash'
[0.297s] INFO:colcon.colcon_core.shell:Creating package script '/home/dan/Projects/Mobile-Robots/project3_path_planning/prj3_ws/install/imu_pkg/share/imu_pkg/package.zsh'
[0.298s] Level 1:colcon.colcon_core.environment:create_file_with_runtime_dependencies(/home/dan/Projects/Mobile-Robots/project3_path_planning/prj3_ws/install/imu_pkg/share/colcon-core/packages/imu_pkg)
[0.403s] DEBUG:colcon.colcon_core.event_handler.log_command:Invoked command in '/home/dan/Projects/Mobile-Robots/project3_path_planning/prj3_ws/build/slam_pkg' returned '0': CMAKE_PREFIX_PATH=/opt/ros/humble /usr/bin/cmake --build /home/dan/Projects/Mobile-Robots/project3_path_planning/prj3_ws/build/slam_pkg -- -j8 -l8
[0.404s] DEBUG:colcon.colcon_core.event_handler.log_command:Invoking command in '/home/dan/Projects/Mobile-Robots/project3_path_planning/prj3_ws/build/slam_pkg': CMAKE_PREFIX_PATH=/opt/ros/humble /usr/bin/cmake --install /home/dan/Projects/Mobile-Robots/project3_path_planning/prj3_ws/build/slam_pkg
[0.410s] Level 1:colcon.colcon_core.environment:create_environment_scripts_only(slam_pkg)
[0.411s] Level 1:colcon.colcon_core.environment:checking '/home/dan/Projects/Mobile-Robots/project3_path_planning/prj3_ws/install/slam_pkg' for CMake module files
[0.411s] DEBUG:colcon.colcon_core.event_handler.log_command:Invoked command in '/home/dan/Projects/Mobile-Robots/project3_path_planning/prj3_ws/build/slam_pkg' returned '0': CMAKE_PREFIX_PATH=/opt/ros/humble /usr/bin/cmake --install /home/dan/Projects/Mobile-Robots/project3_path_planning/prj3_ws/build/slam_pkg
[0.411s] Level 1:colcon.colcon_core.environment:checking '/home/dan/Projects/Mobile-Robots/project3_path_planning/prj3_ws/install/slam_pkg' for CMake config files
[0.411s] Level 1:colcon.colcon_core.shell:create_environment_hook('slam_pkg', 'cmake_prefix_path')
[0.411s] INFO:colcon.colcon_core.shell:Creating environment hook '/home/dan/Projects/Mobile-Robots/project3_path_planning/prj3_ws/install/slam_pkg/share/slam_pkg/hook/cmake_prefix_path.ps1'
[0.412s] INFO:colcon.colcon_core.shell:Creating environment descriptor '/home/dan/Projects/Mobile-Robots/project3_path_planning/prj3_ws/install/slam_pkg/share/slam_pkg/hook/cmake_prefix_path.dsv'
[0.412s] INFO:colcon.colcon_core.shell:Creating environment hook '/home/dan/Projects/Mobile-Robots/project3_path_planning/prj3_ws/install/slam_pkg/share/slam_pkg/hook/cmake_prefix_path.sh'
[0.412s] Level 1:colcon.colcon_core.environment:checking '/home/dan/Projects/Mobile-Robots/project3_path_planning/prj3_ws/install/slam_pkg/bin'
[0.412s] Level 1:colcon.colcon_core.environment:checking '/home/dan/Projects/Mobile-Robots/project3_path_planning/prj3_ws/install/slam_pkg/lib/pkgconfig/slam_pkg.pc'
[0.412s] Level 1:colcon.colcon_core.environment:checking '/home/dan/Projects/Mobile-Robots/project3_path_planning/prj3_ws/install/slam_pkg/lib/python3.10/site-packages'
[0.412s] Level 1:colcon.colcon_core.environment:checking '/home/dan/Projects/Mobile-Robots/project3_path_planning/prj3_ws/install/slam_pkg/bin'
[0.412s] INFO:colcon.colcon_core.shell:Creating package script '/home/dan/Projects/Mobile-Robots/project3_path_planning/prj3_ws/install/slam_pkg/share/slam_pkg/package.ps1'
[0.413s] INFO:colcon.colcon_core.shell:Creating package descriptor '/home/dan/Projects/Mobile-Robots/project3_path_planning/prj3_ws/install/slam_pkg/share/slam_pkg/package.dsv'
[0.413s] INFO:colcon.colcon_core.shell:Creating package script '/home/dan/Projects/Mobile-Robots/project3_path_planning/prj3_ws/install/slam_pkg/share/slam_pkg/package.sh'
[0.413s] INFO:colcon.colcon_core.shell:Creating package script '/home/dan/Projects/Mobile-Robots/project3_path_planning/prj3_ws/install/slam_pkg/share/slam_pkg/package.bash'
[0.413s] INFO:colcon.colcon_core.shell:Creating package script '/home/dan/Projects/Mobile-Robots/project3_path_planning/prj3_ws/install/slam_pkg/share/slam_pkg/package.zsh'
[0.413s] Level 1:colcon.colcon_core.environment:create_file_with_runtime_dependencies(/home/dan/Projects/Mobile-Robots/project3_path_planning/prj3_ws/install/slam_pkg/share/colcon-core/packages/slam_pkg)
[0.414s] Level 1:colcon.colcon_core.environment:create_environment_scripts_only(slam_pkg)
[0.414s] Level 1:colcon.colcon_core.environment:checking '/home/dan/Projects/Mobile-Robots/project3_path_planning/prj3_ws/install/slam_pkg' for CMake module files
[0.414s] Level 1:colcon.colcon_core.environment:checking '/home/dan/Projects/Mobile-Robots/project3_path_planning/prj3_ws/install/slam_pkg' for CMake config files
[0.414s] Level 1:colcon.colcon_core.shell:create_environment_hook('slam_pkg', 'cmake_prefix_path')
[0.414s] INFO:colcon.colcon_core.shell:Creating environment hook '/home/dan/Projects/Mobile-Robots/project3_path_planning/prj3_ws/install/slam_pkg/share/slam_pkg/hook/cmake_prefix_path.ps1'
[0.415s] INFO:colcon.colcon_core.shell:Creating environment descriptor '/home/dan/Projects/Mobile-Robots/project3_path_planning/prj3_ws/install/slam_pkg/share/slam_pkg/hook/cmake_prefix_path.dsv'
[0.415s] INFO:colcon.colcon_core.shell:Creating environment hook '/home/dan/Projects/Mobile-Robots/project3_path_planning/prj3_ws/install/slam_pkg/share/slam_pkg/hook/cmake_prefix_path.sh'
[0.415s] Level 1:colcon.colcon_core.environment:checking '/home/dan/Projects/Mobile-Robots/project3_path_planning/prj3_ws/install/slam_pkg/bin'
[0.415s] Level 1:colcon.colcon_core.environment:checking '/home/dan/Projects/Mobile-Robots/project3_path_planning/prj3_ws/install/slam_pkg/lib/pkgconfig/slam_pkg.pc'
[0.416s] Level 1:colcon.colcon_core.environment:checking '/home/dan/Projects/Mobile-Robots/project3_path_planning/prj3_ws/install/slam_pkg/lib/python3.10/site-packages'
[0.416s] Level 1:colcon.colcon_core.environment:checking '/home/dan/Projects/Mobile-Robots/project3_path_planning/prj3_ws/install/slam_pkg/bin'
[0.416s] INFO:colcon.colcon_core.shell:Creating package script '/home/dan/Projects/Mobile-Robots/project3_path_planning/prj3_ws/install/slam_pkg/share/slam_pkg/package.ps1'
[0.416s] INFO:colcon.colcon_core.shell:Creating package descriptor '/home/dan/Projects/Mobile-Robots/project3_path_planning/prj3_ws/install/slam_pkg/share/slam_pkg/package.dsv'
[0.416s] INFO:colcon.colcon_core.shell:Creating package script '/home/dan/Projects/Mobile-Robots/project3_path_planning/prj3_ws/install/slam_pkg/share/slam_pkg/package.sh'
[0.417s] INFO:colcon.colcon_core.shell:Creating package script '/home/dan/Projects/Mobile-Robots/project3_path_planning/prj3_ws/install/slam_pkg/share/slam_pkg/package.bash'
[0.417s] INFO:colcon.colcon_core.shell:Creating package script '/home/dan/Projects/Mobile-Robots/project3_path_planning/prj3_ws/install/slam_pkg/share/slam_pkg/package.zsh'
[0.417s] Level 1:colcon.colcon_core.environment:create_file_with_runtime_dependencies(/home/dan/Projects/Mobile-Robots/project3_path_planning/prj3_ws/install/slam_pkg/share/colcon-core/packages/slam_pkg)
[0.573s] DEBUG:colcon.colcon_core.event_handler.log_command:Invoked command in '/home/dan/Projects/Mobile-Robots/project3_path_planning/prj3_ws/build/lidar_pkg' returned '0': CMAKE_PREFIX_PATH=/opt/ros/humble /usr/bin/cmake /home/dan/Projects/Mobile-Robots/project3_path_planning/prj3_ws/src/lidar_pkg -DCMAKE_INSTALL_PREFIX=/home/dan/Projects/Mobile-Robots/project3_path_planning/prj3_ws/install/lidar_pkg
[0.574s] DEBUG:colcon.colcon_core.event_handler.log_command:Invoking command in '/home/dan/Projects/Mobile-Robots/project3_path_planning/prj3_ws/build/lidar_pkg': CMAKE_PREFIX_PATH=/opt/ros/humble /usr/bin/cmake --build /home/dan/Projects/Mobile-Robots/project3_path_planning/prj3_ws/build/lidar_pkg -- -j8 -l8
[6.317s] DEBUG:colcon.colcon_core.event_handler.log_command:Invoked command in '/home/dan/Projects/Mobile-Robots/project3_path_planning/prj3_ws/build/lidar_pkg' returned '0': CMAKE_PREFIX_PATH=/opt/ros/humble /usr/bin/cmake --build /home/dan/Projects/Mobile-Robots/project3_path_planning/prj3_ws/build/lidar_pkg -- -j8 -l8
[6.318s] DEBUG:colcon.colcon_core.event_handler.log_command:Invoking command in '/home/dan/Projects/Mobile-Robots/project3_path_planning/prj3_ws/build/lidar_pkg': CMAKE_PREFIX_PATH=/opt/ros/humble /usr/bin/cmake --install /home/dan/Projects/Mobile-Robots/project3_path_planning/prj3_ws/build/lidar_pkg
[6.329s] Level 1:colcon.colcon_core.environment:create_environment_scripts_only(lidar_pkg)
[6.329s] Level 1:colcon.colcon_core.environment:checking '/home/dan/Projects/Mobile-Robots/project3_path_planning/prj3_ws/install/lidar_pkg' for CMake module files
[6.329s] DEBUG:colcon.colcon_core.event_handler.log_command:Invoked command in '/home/dan/Projects/Mobile-Robots/project3_path_planning/prj3_ws/build/lidar_pkg' returned '0': CMAKE_PREFIX_PATH=/opt/ros/humble /usr/bin/cmake --install /home/dan/Projects/Mobile-Robots/project3_path_planning/prj3_ws/build/lidar_pkg
[6.329s] Level 1:colcon.colcon_core.environment:checking '/home/dan/Projects/Mobile-Robots/project3_path_planning/prj3_ws/install/lidar_pkg' for CMake config files
[6.329s] Level 1:colcon.colcon_core.shell:create_environment_hook('lidar_pkg', 'cmake_prefix_path')
[6.330s] INFO:colcon.colcon_core.shell:Creating environment hook '/home/dan/Projects/Mobile-Robots/project3_path_planning/prj3_ws/install/lidar_pkg/share/lidar_pkg/hook/cmake_prefix_path.ps1'
[6.330s] INFO:colcon.colcon_core.shell:Creating environment descriptor '/home/dan/Projects/Mobile-Robots/project3_path_planning/prj3_ws/install/lidar_pkg/share/lidar_pkg/hook/cmake_prefix_path.dsv'
[6.330s] INFO:colcon.colcon_core.shell:Creating environment hook '/home/dan/Projects/Mobile-Robots/project3_path_planning/prj3_ws/install/lidar_pkg/share/lidar_pkg/hook/cmake_prefix_path.sh'
[6.331s] Level 1:colcon.colcon_core.environment:checking '/home/dan/Projects/Mobile-Robots/project3_path_planning/prj3_ws/install/lidar_pkg/lib'
[6.331s] Level 1:colcon.colcon_core.environment:checking '/home/dan/Projects/Mobile-Robots/project3_path_planning/prj3_ws/install/lidar_pkg/bin'
[6.331s] Level 1:colcon.colcon_core.environment:checking '/home/dan/Projects/Mobile-Robots/project3_path_planning/prj3_ws/install/lidar_pkg/lib/pkgconfig/lidar_pkg.pc'
[6.331s] Level 1:colcon.colcon_core.environment:checking '/home/dan/Projects/Mobile-Robots/project3_path_planning/prj3_ws/install/lidar_pkg/lib/python3.10/site-packages'
[6.331s] Level 1:colcon.colcon_core.environment:checking '/home/dan/Projects/Mobile-Robots/project3_path_planning/prj3_ws/install/lidar_pkg/bin'
[6.332s] INFO:colcon.colcon_core.shell:Creating package script '/home/dan/Projects/Mobile-Robots/project3_path_planning/prj3_ws/install/lidar_pkg/share/lidar_pkg/package.ps1'
[6.332s] INFO:colcon.colcon_core.shell:Creating package descriptor '/home/dan/Projects/Mobile-Robots/project3_path_planning/prj3_ws/install/lidar_pkg/share/lidar_pkg/package.dsv'
[6.332s] INFO:colcon.colcon_core.shell:Creating package script '/home/dan/Projects/Mobile-Robots/project3_path_planning/prj3_ws/install/lidar_pkg/share/lidar_pkg/package.sh'
[6.333s] INFO:colcon.colcon_core.shell:Creating package script '/home/dan/Projects/Mobile-Robots/project3_path_planning/prj3_ws/install/lidar_pkg/share/lidar_pkg/package.bash'
[6.333s] INFO:colcon.colcon_core.shell:Creating package script '/home/dan/Projects/Mobile-Robots/project3_path_planning/prj3_ws/install/lidar_pkg/share/lidar_pkg/package.zsh'
[6.333s] Level 1:colcon.colcon_core.environment:create_file_with_runtime_dependencies(/home/dan/Projects/Mobile-Robots/project3_path_planning/prj3_ws/install/lidar_pkg/share/colcon-core/packages/lidar_pkg)
[6.333s] Level 1:colcon.colcon_core.environment:create_environment_scripts_only(lidar_pkg)
[6.333s] Level 1:colcon.colcon_core.environment:checking '/home/dan/Projects/Mobile-Robots/project3_path_planning/prj3_ws/install/lidar_pkg' for CMake module files
[6.334s] Level 1:colcon.colcon_core.environment:checking '/home/dan/Projects/Mobile-Robots/project3_path_planning/prj3_ws/install/lidar_pkg' for CMake config files
[6.334s] Level 1:colcon.colcon_core.shell:create_environment_hook('lidar_pkg', 'cmake_prefix_path')
[6.334s] INFO:colcon.colcon_core.shell:Creating environment hook '/home/dan/Projects/Mobile-Robots/project3_path_planning/prj3_ws/install/lidar_pkg/share/lidar_pkg/hook/cmake_prefix_path.ps1'
[6.334s] INFO:colcon.colcon_core.shell:Creating environment descriptor '/home/dan/Projects/Mobile-Robots/project3_path_planning/prj3_ws/install/lidar_pkg/share/lidar_pkg/hook/cmake_prefix_path.dsv'
[6.334s] INFO:colcon.colcon_core.shell:Creating environment hook '/home/dan/Projects/Mobile-Robots/project3_path_planning/prj3_ws/install/lidar_pkg/share/lidar_pkg/hook/cmake_prefix_path.sh'
[6.334s] Level 1:colcon.colcon_core.environment:checking '/home/dan/Projects/Mobile-Robots/project3_path_planning/prj3_ws/install/lidar_pkg/lib'
[6.334s] Level 1:colcon.colcon_core.environment:checking '/home/dan/Projects/Mobile-Robots/project3_path_planning/prj3_ws/install/lidar_pkg/bin'
[6.334s] Level 1:colcon.colcon_core.environment:checking '/home/dan/Projects/Mobile-Robots/project3_path_planning/prj3_ws/install/lidar_pkg/lib/pkgconfig/lidar_pkg.pc'
[6.335s] Level 1:colcon.colcon_core.environment:checking '/home/dan/Projects/Mobile-Robots/project3_path_planning/prj3_ws/install/lidar_pkg/lib/python3.10/site-packages'
[6.335s] Level 1:colcon.colcon_core.environment:checking '/home/dan/Projects/Mobile-Robots/project3_path_planning/prj3_ws/install/lidar_pkg/bin'
[6.335s] INFO:colcon.colcon_core.shell:Creating package script '/home/dan/Projects/Mobile-Robots/project3_path_planning/prj3_ws/install/lidar_pkg/share/lidar_pkg/package.ps1'
[6.335s] INFO:colcon.colcon_core.shell:Creating package descriptor '/home/dan/Projects/Mobile-Robots/project3_path_planning/prj3_ws/install/lidar_pkg/share/lidar_pkg/package.dsv'
[6.335s] INFO:colcon.colcon_core.shell:Creating package script '/home/dan/Projects/Mobile-Robots/project3_path_planning/prj3_ws/install/lidar_pkg/share/lidar_pkg/package.sh'
[6.336s] INFO:colcon.colcon_core.shell:Creating package script '/home/dan/Projects/Mobile-Robots/project3_path_planning/prj3_ws/install/lidar_pkg/share/lidar_pkg/package.bash'
[6.336s] INFO:colcon.colcon_core.shell:Creating package script '/home/dan/Projects/Mobile-Robots/project3_path_planning/prj3_ws/install/lidar_pkg/share/lidar_pkg/package.zsh'
[6.336s] Level 1:colcon.colcon_core.environment:create_file_with_runtime_dependencies(/home/dan/Projects/Mobile-Robots/project3_path_planning/prj3_ws/install/lidar_pkg/share/colcon-core/packages/lidar_pkg)
[6.336s] DEBUG:colcon.colcon_parallel_executor.executor.parallel:closing loop
[6.336s] DEBUG:colcon.colcon_parallel_executor.executor.parallel:loop closed
[6.336s] DEBUG:colcon.colcon_parallel_executor.executor.parallel:run_until_complete finished with '0'
[6.336s] DEBUG:colcon.colcon_core.event_reactor:joining thread
[6.340s] INFO:colcon.colcon_core.plugin_system:Skipping extension 'colcon_notification.desktop_notification.terminal_notifier': Not used on non-Darwin systems
[6.340s] INFO:colcon.colcon_core.plugin_system:Skipping extension 'colcon_notification.desktop_notification.win32': Not used on non-Windows systems
[6.340s] INFO:colcon.colcon_notification.desktop_notification:Sending desktop notification using 'notify2'
[6.350s] DEBUG:colcon.colcon_core.event_reactor:joined thread
[6.350s] INFO:colcon.colcon_core.shell:Creating prefix script '/home/dan/Projects/Mobile-Robots/project3_path_planning/prj3_ws/install/local_setup.ps1'
[6.352s] INFO:colcon.colcon_core.shell:Creating prefix util module '/home/dan/Projects/Mobile-Robots/project3_path_planning/prj3_ws/install/_local_setup_util_ps1.py'
[6.354s] INFO:colcon.colcon_core.shell:Creating prefix chain script '/home/dan/Projects/Mobile-Robots/project3_path_planning/prj3_ws/install/setup.ps1'
[6.355s] INFO:colcon.colcon_core.shell:Creating prefix script '/home/dan/Projects/Mobile-Robots/project3_path_planning/prj3_ws/install/local_setup.sh'
[6.355s] INFO:colcon.colcon_core.shell:Creating prefix util module '/home/dan/Projects/Mobile-Robots/project3_path_planning/prj3_ws/install/_local_setup_util_sh.py'
[6.356s] INFO:colcon.colcon_core.shell:Creating prefix chain script '/home/dan/Projects/Mobile-Robots/project3_path_planning/prj3_ws/install/setup.sh'
[6.357s] INFO:colcon.colcon_core.shell:Creating prefix script '/home/dan/Projects/Mobile-Robots/project3_path_planning/prj3_ws/install/local_setup.bash'
[6.357s] INFO:colcon.colcon_core.shell:Creating prefix chain script '/home/dan/Projects/Mobile-Robots/project3_path_planning/prj3_ws/install/setup.bash'
[6.358s] INFO:colcon.colcon_core.shell:Creating prefix script '/home/dan/Projects/Mobile-Robots/project3_path_planning/prj3_ws/install/local_setup.zsh'
[6.358s] INFO:colcon.colcon_core.shell:Creating prefix chain script '/home/dan/Projects/Mobile-Robots/project3_path_planning/prj3_ws/install/setup.zsh'
